

================================================================
== Vitis HLS Report for 'insertion_sort_axis_Pipeline_VITIS_LOOP_53_4'
================================================================
* Date:           Thu Mar 19 00:55:55 2026

* Version:        2023.1 (Build 3854077 on May  4 2023)
* Project:        Insert_sort
* Solution:       solution1 (Vivado IP Flow Target)
* Product family: zynq
* Target device:  xc7z020-clg484-1


================================================================
== Performance Estimates
================================================================
+ Timing: 
    * Summary: 
    +--------+----------+----------+------------+
    |  Clock |  Target  | Estimated| Uncertainty|
    +--------+----------+----------+------------+
    |ap_clk  |  10.00 ns|  4.149 ns|     2.70 ns|
    +--------+----------+----------+------------+

+ Latency: 
    * Summary: 
    +---------+---------+-----------+----------+-----+-----+---------+
    |  Latency (cycles) |  Latency (absolute)  |  Interval | Pipeline|
    |   min   |   max   |    min    |    max   | min | max |   Type  |
    +---------+---------+-----------+----------+-----+-----+---------+
    |        3|      102|  30.000 ns|  1.020 us|    3|  102|       no|
    +---------+---------+-----------+----------+-----+-----+---------+

    + Detail: 
        * Instance: 
        N/A

        * Loop: 
        +-------------------+---------+---------+----------+-----------+-----------+---------+----------+
        |                   |  Latency (cycles) | Iteration|  Initiation Interval  |   Trip  |          |
        |     Loop Name     |   min   |   max   |  Latency |  achieved |   target  |  Count  | Pipelined|
        +-------------------+---------+---------+----------+-----------+-----------+---------+----------+
        |- VITIS_LOOP_53_4  |        1|      100|         2|          1|          1|  1 ~ 100|       yes|
        +-------------------+---------+---------+----------+-----------+-----------+---------+----------+



================================================================
== Utilization Estimates
================================================================
* Summary: 
+-----------------+---------+-----+--------+-------+-----+
|       Name      | BRAM_18K| DSP |   FF   |  LUT  | URAM|
+-----------------+---------+-----+--------+-------+-----+
|DSP              |        -|    -|       -|      -|    -|
|Expression       |        -|    -|       0|     46|    -|
|FIFO             |        -|    -|       -|      -|    -|
|Instance         |        -|    -|       0|     20|    -|
|Memory           |        -|    -|       -|      -|    -|
|Multiplexer      |        -|    -|       -|     45|    -|
|Register         |        -|    -|      13|      -|    -|
+-----------------+---------+-----+--------+-------+-----+
|Total            |        0|    0|      13|    111|    0|
+-----------------+---------+-----+--------+-------+-----+
|Available        |      280|  220|  106400|  53200|    0|
+-----------------+---------+-----+--------+-------+-----+
|Utilization (%)  |        0|    0|      ~0|     ~0|    0|
+-----------------+---------+-----+--------+-------+-----+

+ Detail: 
    * Instance: 
    +--------------------+----------------+---------+----+---+----+-----+
    |      Instance      |     Module     | BRAM_18K| DSP| FF| LUT| URAM|
    +--------------------+----------------+---------+----+---+----+-----+
    |mux_4_2_32_1_1_U20  |mux_4_2_32_1_1  |        0|   0|  0|  20|    0|
    +--------------------+----------------+---------+----+---+----+-----+
    |Total               |                |        0|   0|  0|  20|    0|
    +--------------------+----------------+---------+----+---+----+-----+

    * DSP: 
    N/A

    * Memory: 
    N/A

    * FIFO: 
    N/A

    * Expression: 
    +---------------------------+----------+----+---+----+------------+------------+
    |       Variable Name       | Operation| DSP| FF| LUT| Bitwidth P0| Bitwidth P1|
    +---------------------------+----------+----+---+----+------------+------------+
    |add_ln53_fu_174_p2         |         +|   0|  0|  14|           7|           1|
    |ap_block_pp0_stage0_01001  |       and|   0|  0|   2|           1|           1|
    |icmp_ln53_fu_168_p2        |      icmp|   0|  0|  14|           7|           7|
    |out_pkt_last_fu_202_p2     |      icmp|   0|  0|  14|           7|           7|
    |ap_enable_pp0              |       xor|   0|  0|   2|           1|           2|
    +---------------------------+----------+----+---+----+------------+------------+
    |Total                      |          |   0|  0|  46|          23|          18|
    +---------------------------+----------+----+---+----+------------+------------+

    * Multiplexer: 
    +-------------------------+----+-----------+-----+-----------+
    |           Name          | LUT| Input Size| Bits| Total Bits|
    +-------------------------+----+-----------+-----+-----------+
    |ap_done_int              |   9|          2|    1|          2|
    |ap_enable_reg_pp0_iter1  |   9|          2|    1|          2|
    |ap_sig_allocacmp_i_1     |   9|          2|    7|         14|
    |i_fu_74                  |   9|          2|    7|         14|
    |out_stream_TDATA_blk_n   |   9|          2|    1|          2|
    +-------------------------+----+-----------+-----+-----------+
    |Total                    |  45|         10|   17|         34|
    +-------------------------+----+-----------+-----+-----------+

    * Register: 
    +-------------------------+---+----+-----+-----------+
    |           Name          | FF| LUT| Bits| Const Bits|
    +-------------------------+---+----+-----+-----------+
    |ap_CS_fsm                |  1|   0|    1|          0|
    |ap_done_reg              |  1|   0|    1|          0|
    |ap_enable_reg_pp0_iter1  |  1|   0|    1|          0|
    |empty_18_reg_237         |  2|   0|    2|          0|
    |i_fu_74                  |  7|   0|    7|          0|
    |out_pkt_last_reg_262     |  1|   0|    1|          0|
    +-------------------------+---+----+-----+-----------+
    |Total                    | 13|   0|   13|          0|
    +-------------------------+---+----+-----+-----------+



================================================================
== Interface
================================================================
* Summary: 
+--------------------+-----+-----+------------+----------------------------------------------+--------------+
|      RTL Ports     | Dir | Bits|  Protocol  |                 Source Object                |    C Type    |
+--------------------+-----+-----+------------+----------------------------------------------+--------------+
|ap_clk              |   in|    1|  ap_ctrl_hs|  insertion_sort_axis_Pipeline_VITIS_LOOP_53_4|  return value|
|ap_rst              |   in|    1|  ap_ctrl_hs|  insertion_sort_axis_Pipeline_VITIS_LOOP_53_4|  return value|
|ap_start            |   in|    1|  ap_ctrl_hs|  insertion_sort_axis_Pipeline_VITIS_LOOP_53_4|  return value|
|ap_done             |  out|    1|  ap_ctrl_hs|  insertion_sort_axis_Pipeline_VITIS_LOOP_53_4|  return value|
|ap_idle             |  out|    1|  ap_ctrl_hs|  insertion_sort_axis_Pipeline_VITIS_LOOP_53_4|  return value|
|ap_ready            |  out|    1|  ap_ctrl_hs|  insertion_sort_axis_Pipeline_VITIS_LOOP_53_4|  return value|
|out_stream_TREADY   |   in|    1|        axis|                           out_stream_V_data_V|       pointer|
|out_stream_TDATA    |  out|   32|        axis|                           out_stream_V_data_V|       pointer|
|indvars_iv1_reload  |   in|    7|     ap_none|                            indvars_iv1_reload|        scalar|
|arr_address0        |  out|    5|   ap_memory|                                           arr|         array|
|arr_ce0             |  out|    1|   ap_memory|                                           arr|         array|
|arr_q0              |   in|   32|   ap_memory|                                           arr|         array|
|arr_1_address0      |  out|    5|   ap_memory|                                         arr_1|         array|
|arr_1_ce0           |  out|    1|   ap_memory|                                         arr_1|         array|
|arr_1_q0            |   in|   32|   ap_memory|                                         arr_1|         array|
|arr_2_address0      |  out|    5|   ap_memory|                                         arr_2|         array|
|arr_2_ce0           |  out|    1|   ap_memory|                                         arr_2|         array|
|arr_2_q0            |   in|   32|   ap_memory|                                         arr_2|         array|
|arr_3_address0      |  out|    5|   ap_memory|                                         arr_3|         array|
|arr_3_ce0           |  out|    1|   ap_memory|                                         arr_3|         array|
|arr_3_q0            |   in|   32|   ap_memory|                                         arr_3|         array|
|n_reload            |   in|    7|     ap_none|                                      n_reload|        scalar|
|out_stream_TVALID   |  out|    1|        axis|                           out_stream_V_last_V|       pointer|
|out_stream_TLAST    |  out|    1|        axis|                           out_stream_V_last_V|       pointer|
|out_stream_TKEEP    |  out|    4|        axis|                           out_stream_V_keep_V|       pointer|
|out_stream_TSTRB    |  out|    4|        axis|                           out_stream_V_strb_V|       pointer|
+--------------------+-----+-----+------------+----------------------------------------------+--------------+

============================================================
+ Verbose Summary: Synthesis Manager
============================================================
InlineROM: 1
ExposeGlobal: 0
============================================================
+ Verbose Summary: CDFG Model
============================================================
IsTopModel: 0
ResetActiveHigh: 1
IsCombinational: 2
IsDatapathOnly: 2
HasWiredReturn: 1
HasMFsm: 2
HasVarLatency: 1
IsPipeline: 0
IsRtlPipelined: 0
IsInstanceOverlapped: 0
IsDontTouch: 0
HasImplIP: 0
IsGatedGlobalClock: 0

+ Individual pipeline summary: 
  * Pipeline-0: initiation interval (II) = 1, depth = 2


============================================================
+ Verbose Summary: Schedule
============================================================
* Number of FSM states : 2
* Pipeline : 1
  Pipeline-0 : II = 1, D = 2, States = { 1 2 }
* Dataflow Pipeline: 0

* FSM state transitions: 
1 --> 2 
2 --> 

* FSM state operations: 

State 1 <SV = 0> <Delay = 3.45>
ST_1 : Operation 5 [1/1] (0.00ns)   --->   "%i = alloca i32 1"   --->   Operation 5 'alloca' 'i' <Predicate = true> <Delay = 0.00>
ST_1 : Operation 6 [1/1] (0.00ns)   --->   "%specaxissidechannel_ln0 = specaxissidechannel void @_ssdm_op_SpecAXISSideChannel, i32 %out_stream_V_data_V, i4 %out_stream_V_keep_V, i4 %out_stream_V_strb_V, i1 0, i1 %out_stream_V_last_V, i1 0, i1 0, void @empty_4"   --->   Operation 6 'specaxissidechannel' 'specaxissidechannel_ln0' <Predicate = true> <Delay = 0.00>
ST_1 : Operation 7 [1/1] (0.00ns)   --->   "%specinterface_ln0 = specinterface void @_ssdm_op_SpecInterface, i1 %out_stream_V_last_V, i4 %out_stream_V_strb_V, i4 %out_stream_V_keep_V, i32 %out_stream_V_data_V, void @empty, i32 0, i32 0, void @empty_0, i32 0, i32 0, void @empty_1, void @empty_1, void @empty_1, i32 0, i32 0, i32 0, i32 0, void @empty_1, void @empty_1, i32 4294967295, i32 0"   --->   Operation 7 'specinterface' 'specinterface_ln0' <Predicate = true> <Delay = 0.00>
ST_1 : Operation 8 [1/1] (0.00ns)   --->   "%n_reload_read = read i7 @_ssdm_op_Read.ap_auto.i7, i7 %n_reload"   --->   Operation 8 'read' 'n_reload_read' <Predicate = true> <Delay = 0.00>
ST_1 : Operation 9 [1/1] (0.00ns)   --->   "%indvars_iv1_reload_read = read i7 @_ssdm_op_Read.ap_auto.i7, i7 %indvars_iv1_reload"   --->   Operation 9 'read' 'indvars_iv1_reload_read' <Predicate = true> <Delay = 0.00>
ST_1 : Operation 10 [1/1] (1.58ns)   --->   "%store_ln0 = store i7 0, i7 %i"   --->   Operation 10 'store' 'store_ln0' <Predicate = true> <Delay = 1.58>
ST_1 : Operation 11 [1/1] (0.00ns)   --->   "%br_ln0 = br void %for.inc34"   --->   Operation 11 'br' 'br_ln0' <Predicate = true> <Delay = 0.00>
ST_1 : Operation 12 [1/1] (0.00ns)   --->   "%i_1 = load i7 %i"   --->   Operation 12 'load' 'i_1' <Predicate = true> <Delay = 0.00>
ST_1 : Operation 13 [1/1] (0.00ns)   --->   "%specpipeline_ln0 = specpipeline void @_ssdm_op_SpecPipeline, i32 4294967295, i32 0, i32 1, i32 0, void @p_str"   --->   Operation 13 'specpipeline' 'specpipeline_ln0' <Predicate = true> <Delay = 0.00>
ST_1 : Operation 14 [1/1] (1.87ns)   --->   "%icmp_ln53 = icmp_eq  i7 %i_1, i7 %indvars_iv1_reload_read" [Insert_sort/insertSort.cpp:53]   --->   Operation 14 'icmp' 'icmp_ln53' <Predicate = true> <Delay = 1.87> <CoreInst = "Cmp">   --->   Core 9 'Cmp' <Latency = 0> <II = 1> <Delay = 1.87> <FuncUnit> <Opcode : 'icmp'> <InPorts = 2> <OutPorts = 1>
ST_1 : Operation 15 [1/1] (0.00ns)   --->   "%empty = speclooptripcount i32 @_ssdm_op_SpecLoopTripCount, i64 1, i64 100, i64 0"   --->   Operation 15 'speclooptripcount' 'empty' <Predicate = true> <Delay = 0.00>
ST_1 : Operation 16 [1/1] (1.87ns)   --->   "%add_ln53 = add i7 %i_1, i7 1" [Insert_sort/insertSort.cpp:53]   --->   Operation 16 'add' 'add_ln53' <Predicate = true> <Delay = 1.87> <CoreInst = "Adder">   --->   Core 1 'Adder' <Latency = 0> <II = 1> <Delay = 1.87> <FuncUnit> <Opcode : 'add' 'sub'> <InPorts = 2> <OutPorts = 1>
ST_1 : Operation 17 [1/1] (0.00ns)   --->   "%br_ln53 = br i1 %icmp_ln53, void %for.inc34.split, void %for.end36.exitStub" [Insert_sort/insertSort.cpp:53]   --->   Operation 17 'br' 'br_ln53' <Predicate = true> <Delay = 0.00>
ST_1 : Operation 18 [1/1] (0.00ns)   --->   "%empty_18 = trunc i7 %i_1"   --->   Operation 18 'trunc' 'empty_18' <Predicate = (!icmp_ln53)> <Delay = 0.00>
ST_1 : Operation 19 [1/1] (0.00ns)   --->   "%lshr_ln4 = partselect i5 @_ssdm_op_PartSelect.i5.i7.i32.i32, i7 %i_1, i32 2, i32 6" [Insert_sort/insertSort.cpp:53]   --->   Operation 19 'partselect' 'lshr_ln4' <Predicate = (!icmp_ln53)> <Delay = 0.00>
ST_1 : Operation 20 [1/1] (0.00ns)   --->   "%zext_ln53 = zext i5 %lshr_ln4" [Insert_sort/insertSort.cpp:53]   --->   Operation 20 'zext' 'zext_ln53' <Predicate = (!icmp_ln53)> <Delay = 0.00>
ST_1 : Operation 21 [1/1] (0.00ns)   --->   "%arr_addr = getelementptr i32 %arr, i64 0, i64 %zext_ln53" [Insert_sort/insertSort.cpp:56]   --->   Operation 21 'getelementptr' 'arr_addr' <Predicate = (!icmp_ln53)> <Delay = 0.00>
ST_1 : Operation 22 [1/1] (0.00ns)   --->   "%arr_1_addr = getelementptr i32 %arr_1, i64 0, i64 %zext_ln53" [Insert_sort/insertSort.cpp:56]   --->   Operation 22 'getelementptr' 'arr_1_addr' <Predicate = (!icmp_ln53)> <Delay = 0.00>
ST_1 : Operation 23 [1/1] (0.00ns)   --->   "%arr_2_addr = getelementptr i32 %arr_2, i64 0, i64 %zext_ln53" [Insert_sort/insertSort.cpp:56]   --->   Operation 23 'getelementptr' 'arr_2_addr' <Predicate = (!icmp_ln53)> <Delay = 0.00>
ST_1 : Operation 24 [1/1] (0.00ns)   --->   "%arr_3_addr = getelementptr i32 %arr_3, i64 0, i64 %zext_ln53" [Insert_sort/insertSort.cpp:56]   --->   Operation 24 'getelementptr' 'arr_3_addr' <Predicate = (!icmp_ln53)> <Delay = 0.00>
ST_1 : Operation 25 [2/2] (2.32ns)   --->   "%arr_load = load i5 %arr_addr" [Insert_sort/insertSort.cpp:56]   --->   Operation 25 'load' 'arr_load' <Predicate = (!icmp_ln53)> <Delay = 2.32> <CoreInst = "RAM">   --->   Core 82 'RAM' <Latency = 1> <II = 1> <Delay = 2.32> <Storage> <Opcode : 'load' 'store'> <Ports = 2> <Width = 32> <Depth = 25> <RAM>
ST_1 : Operation 26 [2/2] (2.32ns)   --->   "%arr_1_load = load i5 %arr_1_addr" [Insert_sort/insertSort.cpp:56]   --->   Operation 26 'load' 'arr_1_load' <Predicate = (!icmp_ln53)> <Delay = 2.32> <CoreInst = "RAM">   --->   Core 82 'RAM' <Latency = 1> <II = 1> <Delay = 2.32> <Storage> <Opcode : 'load' 'store'> <Ports = 2> <Width = 32> <Depth = 25> <RAM>
ST_1 : Operation 27 [2/2] (2.32ns)   --->   "%arr_2_load = load i5 %arr_2_addr" [Insert_sort/insertSort.cpp:56]   --->   Operation 27 'load' 'arr_2_load' <Predicate = (!icmp_ln53)> <Delay = 2.32> <CoreInst = "RAM">   --->   Core 82 'RAM' <Latency = 1> <II = 1> <Delay = 2.32> <Storage> <Opcode : 'load' 'store'> <Ports = 2> <Width = 32> <Depth = 25> <RAM>
ST_1 : Operation 28 [2/2] (2.32ns)   --->   "%arr_3_load = load i5 %arr_3_addr" [Insert_sort/insertSort.cpp:56]   --->   Operation 28 'load' 'arr_3_load' <Predicate = (!icmp_ln53)> <Delay = 2.32> <CoreInst = "RAM">   --->   Core 82 'RAM' <Latency = 1> <II = 1> <Delay = 2.32> <Storage> <Opcode : 'load' 'store'> <Ports = 2> <Width = 32> <Depth = 25> <RAM>
ST_1 : Operation 29 [1/1] (1.87ns)   --->   "%out_pkt_last = icmp_eq  i7 %i_1, i7 %n_reload_read" [Insert_sort/insertSort.cpp:57]   --->   Operation 29 'icmp' 'out_pkt_last' <Predicate = (!icmp_ln53)> <Delay = 1.87> <CoreInst = "Cmp">   --->   Core 9 'Cmp' <Latency = 0> <II = 1> <Delay = 1.87> <FuncUnit> <Opcode : 'icmp'> <InPorts = 2> <OutPorts = 1>
ST_1 : Operation 30 [1/1] (1.58ns)   --->   "%store_ln53 = store i7 %add_ln53, i7 %i" [Insert_sort/insertSort.cpp:53]   --->   Operation 30 'store' 'store_ln53' <Predicate = (!icmp_ln53)> <Delay = 1.58>
ST_1 : Operation 39 [1/1] (0.00ns)   --->   "%ret_ln0 = ret"   --->   Operation 39 'ret' 'ret_ln0' <Predicate = (icmp_ln53)> <Delay = 0.00>

State 2 <SV = 1> <Delay = 4.14>
ST_2 : Operation 31 [1/1] (0.00ns)   --->   "%specloopname_ln53 = specloopname void @_ssdm_op_SpecLoopName, void @empty_7" [Insert_sort/insertSort.cpp:53]   --->   Operation 31 'specloopname' 'specloopname_ln53' <Predicate = true> <Delay = 0.00>
ST_2 : Operation 32 [1/2] (2.32ns)   --->   "%arr_load = load i5 %arr_addr" [Insert_sort/insertSort.cpp:56]   --->   Operation 32 'load' 'arr_load' <Predicate = true> <Delay = 2.32> <CoreInst = "RAM">   --->   Core 82 'RAM' <Latency = 1> <II = 1> <Delay = 2.32> <Storage> <Opcode : 'load' 'store'> <Ports = 2> <Width = 32> <Depth = 25> <RAM>
ST_2 : Operation 33 [1/2] (2.32ns)   --->   "%arr_1_load = load i5 %arr_1_addr" [Insert_sort/insertSort.cpp:56]   --->   Operation 33 'load' 'arr_1_load' <Predicate = true> <Delay = 2.32> <CoreInst = "RAM">   --->   Core 82 'RAM' <Latency = 1> <II = 1> <Delay = 2.32> <Storage> <Opcode : 'load' 'store'> <Ports = 2> <Width = 32> <Depth = 25> <RAM>
ST_2 : Operation 34 [1/2] (2.32ns)   --->   "%arr_2_load = load i5 %arr_2_addr" [Insert_sort/insertSort.cpp:56]   --->   Operation 34 'load' 'arr_2_load' <Predicate = true> <Delay = 2.32> <CoreInst = "RAM">   --->   Core 82 'RAM' <Latency = 1> <II = 1> <Delay = 2.32> <Storage> <Opcode : 'load' 'store'> <Ports = 2> <Width = 32> <Depth = 25> <RAM>
ST_2 : Operation 35 [1/2] (2.32ns)   --->   "%arr_3_load = load i5 %arr_3_addr" [Insert_sort/insertSort.cpp:56]   --->   Operation 35 'load' 'arr_3_load' <Predicate = true> <Delay = 2.32> <CoreInst = "RAM">   --->   Core 82 'RAM' <Latency = 1> <II = 1> <Delay = 2.32> <Storage> <Opcode : 'load' 'store'> <Ports = 2> <Width = 32> <Depth = 25> <RAM>
ST_2 : Operation 36 [1/1] (1.82ns)   --->   "%out_pkt_data = mux i32 @_ssdm_op_Mux.ap_auto.4i32.i2, i32 %arr_load, i32 %arr_1_load, i32 %arr_2_load, i32 %arr_3_load, i2 %empty_18" [Insert_sort/insertSort.cpp:56]   --->   Operation 36 'mux' 'out_pkt_data' <Predicate = true> <Delay = 1.82> <CoreInst = "Multiplexer">   --->   Core 76 'Multiplexer' <Latency = 0> <II = 1> <Delay = 1.82> <FuncUnit> <Opcode : 'mux'> <InPorts = 2> <OutPorts = 1>
ST_2 : Operation 37 [1/1] (0.00ns)   --->   "%write_ln61 = write void @_ssdm_op_Write.axis.volatile.i32P0A.i4P0A.i4P0A.i1P0A, i32 %out_stream_V_data_V, i4 %out_stream_V_keep_V, i4 %out_stream_V_strb_V, i1 %out_stream_V_last_V, i32 %out_pkt_data, i4 15, i4 15, i1 %out_pkt_last" [Insert_sort/insertSort.cpp:61]   --->   Operation 37 'write' 'write_ln61' <Predicate = true> <Delay = 0.00> <CoreInst = "axis">   --->   Core 115 'axis' <Latency = 0> <II = 1> <Delay = 1.00> <Adapter> <Opcode : >
ST_2 : Operation 38 [1/1] (0.00ns)   --->   "%br_ln53 = br void %for.inc34" [Insert_sort/insertSort.cpp:53]   --->   Operation 38 'br' 'br_ln53' <Predicate = true> <Delay = 0.00>


============================================================
+ Verbose Summary: Binding
============================================================
STG Binding: 
---------------- STG Properties BEGIN ----------------
- Is combinational: 0
- Is one-state seq: 0
- Is datapath-only: 0
- Is pipelined: 0
- Is top level: 0
Port [ Return ] is wired: 1; IO mode=ap_ctrl_hs:ce=0
Port [ indvars_iv1_reload]:  wired=1; compound=0; hidden=0; nouse=0; global=0; static=0; extern=0; dir=0; type=0; pingpong=0; private_global=0; IO mode=ap_none:ce=0
Port [ arr]:  wired=1; compound=1; hidden=0; nouse=0; global=0; static=0; extern=0; dir=0; type=1; pingpong=0; private_global=0; MemPort=[13]; IO mode=ap_memory:ce=0
Port [ arr_1]:  wired=1; compound=1; hidden=0; nouse=0; global=0; static=0; extern=0; dir=0; type=1; pingpong=0; private_global=0; MemPort=[13]; IO mode=ap_memory:ce=0
Port [ arr_2]:  wired=1; compound=1; hidden=0; nouse=0; global=0; static=0; extern=0; dir=0; type=1; pingpong=0; private_global=0; MemPort=[13]; IO mode=ap_memory:ce=0
Port [ arr_3]:  wired=1; compound=1; hidden=0; nouse=0; global=0; static=0; extern=0; dir=0; type=1; pingpong=0; private_global=0; MemPort=[13]; IO mode=ap_memory:ce=0
Port [ n_reload]:  wired=1; compound=0; hidden=0; nouse=0; global=0; static=0; extern=0; dir=0; type=0; pingpong=0; private_global=0; IO mode=ap_none:ce=0
Port [ out_stream_V_data_V]:  wired=1; compound=1; hidden=0; nouse=0; global=0; static=0; extern=0; dir=1; type=0; pingpong=0; private_global=0; IO mode=axis:ce=0
Port [ out_stream_V_keep_V]:  wired=1; compound=1; hidden=0; nouse=0; global=0; static=0; extern=0; dir=1; type=0; pingpong=0; private_global=0; IO mode=axis:ce=0
Port [ out_stream_V_strb_V]:  wired=1; compound=1; hidden=0; nouse=0; global=0; static=0; extern=0; dir=1; type=0; pingpong=0; private_global=0; IO mode=axis:ce=0
Port [ out_stream_V_last_V]:  wired=1; compound=1; hidden=0; nouse=0; global=0; static=0; extern=0; dir=1; type=0; pingpong=0; private_global=0; IO mode=axis:ce=0
---------------- STG Properties END ------------------

---------------- Datapath Model BEGIN ----------------

<LifeTime>
<method=bitvector/>
i                       (alloca             ) [ 010]
specaxissidechannel_ln0 (specaxissidechannel) [ 000]
specinterface_ln0       (specinterface      ) [ 000]
n_reload_read           (read               ) [ 000]
indvars_iv1_reload_read (read               ) [ 000]
store_ln0               (store              ) [ 000]
br_ln0                  (br                 ) [ 000]
i_1                     (load               ) [ 000]
specpipeline_ln0        (specpipeline       ) [ 000]
icmp_ln53               (icmp               ) [ 010]
empty                   (speclooptripcount  ) [ 000]
add_ln53                (add                ) [ 000]
br_ln53                 (br                 ) [ 000]
empty_18                (trunc              ) [ 011]
lshr_ln4                (partselect         ) [ 000]
zext_ln53               (zext               ) [ 000]
arr_addr                (getelementptr      ) [ 011]
arr_1_addr              (getelementptr      ) [ 011]
arr_2_addr              (getelementptr      ) [ 011]
arr_3_addr              (getelementptr      ) [ 011]
out_pkt_last            (icmp               ) [ 011]
store_ln53              (store              ) [ 000]
specloopname_ln53       (specloopname       ) [ 000]
arr_load                (load               ) [ 000]
arr_1_load              (load               ) [ 000]
arr_2_load              (load               ) [ 000]
arr_3_load              (load               ) [ 000]
out_pkt_data            (mux                ) [ 000]
write_ln61              (write              ) [ 000]
br_ln53                 (br                 ) [ 000]
ret_ln0                 (ret                ) [ 000]
</LifeTime>

<model>

<comp_list>
<comp id="0" class="1000" name="indvars_iv1_reload">
<pin_list>
<pin id="1" dir="1" index="0" bw="1" slack="0"/>
</pin_list>
<bind>
<StgValue><ssdm name="indvars_iv1_reload"/></StgValue>
</bind>
</comp>

<comp id="2" class="1000" name="arr">
<pin_list>
<pin id="3" dir="1" index="0" bw="1" slack="0"/>
</pin_list>
<bind>
<StgValue><ssdm name="arr"/><MemPortTyVec>1 3 </MemPortTyVec>
</StgValue>
</bind>
</comp>

<comp id="4" class="1000" name="arr_1">
<pin_list>
<pin id="5" dir="1" index="0" bw="1" slack="0"/>
</pin_list>
<bind>
<StgValue><ssdm name="arr_1"/><MemPortTyVec>1 3 </MemPortTyVec>
</StgValue>
</bind>
</comp>

<comp id="6" class="1000" name="arr_2">
<pin_list>
<pin id="7" dir="1" index="0" bw="1" slack="0"/>
</pin_list>
<bind>
<StgValue><ssdm name="arr_2"/><MemPortTyVec>1 3 </MemPortTyVec>
</StgValue>
</bind>
</comp>

<comp id="8" class="1000" name="arr_3">
<pin_list>
<pin id="9" dir="1" index="0" bw="1" slack="0"/>
</pin_list>
<bind>
<StgValue><ssdm name="arr_3"/><MemPortTyVec>1 3 </MemPortTyVec>
</StgValue>
</bind>
</comp>

<comp id="10" class="1000" name="n_reload">
<pin_list>
<pin id="11" dir="1" index="0" bw="1" slack="0"/>
</pin_list>
<bind>
<StgValue><ssdm name="n_reload"/></StgValue>
</bind>
</comp>

<comp id="12" class="1000" name="out_stream_V_data_V">
<pin_list>
<pin id="13" dir="1" index="0" bw="1" slack="0"/>
</pin_list>
<bind>
<StgValue><ssdm name="out_stream_V_data_V"/></StgValue>
</bind>
</comp>

<comp id="14" class="1000" name="out_stream_V_keep_V">
<pin_list>
<pin id="15" dir="1" index="0" bw="1" slack="0"/>
</pin_list>
<bind>
<StgValue><ssdm name="out_stream_V_keep_V"/></StgValue>
</bind>
</comp>

<comp id="16" class="1000" name="out_stream_V_strb_V">
<pin_list>
<pin id="17" dir="1" index="0" bw="1" slack="0"/>
</pin_list>
<bind>
<StgValue><ssdm name="out_stream_V_strb_V"/></StgValue>
</bind>
</comp>

<comp id="18" class="1000" name="out_stream_V_last_V">
<pin_list>
<pin id="19" dir="1" index="0" bw="1" slack="0"/>
</pin_list>
<bind>
<StgValue><ssdm name="out_stream_V_last_V"/></StgValue>
</bind>
</comp>

<comp id="20" class="1001" name="const_20">
<pin_list>
<pin id="21" dir="1" index="0" bw="1" slack="0"/>
</pin_list>
<bind>
<StgValue><ssdm name=""/></StgValue>
</bind>
</comp>

<comp id="22" class="1001" name="const_22">
<pin_list>
<pin id="23" dir="1" index="0" bw="1" slack="2147483647"/>
</pin_list>
<bind>
<StgValue><ssdm name="_ssdm_op_SpecAXISSideChannel"/></StgValue>
</bind>
</comp>

<comp id="24" class="1001" name="const_24">
<pin_list>
<pin id="25" dir="1" index="0" bw="1" slack="2147483647"/>
</pin_list>
<bind>
<StgValue><ssdm name=""/></StgValue>
</bind>
</comp>

<comp id="26" class="1001" name="const_26">
<pin_list>
<pin id="27" dir="1" index="0" bw="1" slack="2147483647"/>
</pin_list>
<bind>
<StgValue><ssdm name="empty_4"/></StgValue>
</bind>
</comp>

<comp id="28" class="1001" name="const_28">
<pin_list>
<pin id="29" dir="1" index="0" bw="1" slack="2147483647"/>
</pin_list>
<bind>
<StgValue><ssdm name="_ssdm_op_SpecInterface"/></StgValue>
</bind>
</comp>

<comp id="30" class="1001" name="const_30">
<pin_list>
<pin id="31" dir="1" index="0" bw="1" slack="2147483647"/>
</pin_list>
<bind>
<StgValue><ssdm name="empty"/></StgValue>
</bind>
</comp>

<comp id="32" class="1001" name="const_32">
<pin_list>
<pin id="33" dir="1" index="0" bw="1" slack="2147483647"/>
</pin_list>
<bind>
<StgValue><ssdm name=""/></StgValue>
</bind>
</comp>

<comp id="34" class="1001" name="const_34">
<pin_list>
<pin id="35" dir="1" index="0" bw="1" slack="2147483647"/>
</pin_list>
<bind>
<StgValue><ssdm name="empty_0"/></StgValue>
</bind>
</comp>

<comp id="36" class="1001" name="const_36">
<pin_list>
<pin id="37" dir="1" index="0" bw="1" slack="2147483647"/>
</pin_list>
<bind>
<StgValue><ssdm name="empty_1"/></StgValue>
</bind>
</comp>

<comp id="38" class="1001" name="const_38">
<pin_list>
<pin id="39" dir="1" index="0" bw="1" slack="2147483647"/>
</pin_list>
<bind>
<StgValue><ssdm name=""/></StgValue>
</bind>
</comp>

<comp id="40" class="1001" name="const_40">
<pin_list>
<pin id="41" dir="1" index="0" bw="1" slack="0"/>
</pin_list>
<bind>
<StgValue><ssdm name="_ssdm_op_Read.ap_auto.i7"/></StgValue>
</bind>
</comp>

<comp id="42" class="1001" name="const_42">
<pin_list>
<pin id="43" dir="1" index="0" bw="1" slack="0"/>
</pin_list>
<bind>
<StgValue><ssdm name=""/></StgValue>
</bind>
</comp>

<comp id="44" class="1001" name="const_44">
<pin_list>
<pin id="45" dir="1" index="0" bw="1" slack="2147483647"/>
</pin_list>
<bind>
<StgValue><ssdm name="_ssdm_op_SpecPipeline"/></StgValue>
</bind>
</comp>

<comp id="46" class="1001" name="const_46">
<pin_list>
<pin id="47" dir="1" index="0" bw="1" slack="2147483647"/>
</pin_list>
<bind>
<StgValue><ssdm name="p_str"/></StgValue>
</bind>
</comp>

<comp id="48" class="1001" name="const_48">
<pin_list>
<pin id="49" dir="1" index="0" bw="1" slack="2147483647"/>
</pin_list>
<bind>
<StgValue><ssdm name="_ssdm_op_SpecLoopTripCount"/></StgValue>
</bind>
</comp>

<comp id="50" class="1001" name="const_50">
<pin_list>
<pin id="51" dir="1" index="0" bw="1" slack="2147483647"/>
</pin_list>
<bind>
<StgValue><ssdm name=""/></StgValue>
</bind>
</comp>

<comp id="52" class="1001" name="const_52">
<pin_list>
<pin id="53" dir="1" index="0" bw="1" slack="2147483647"/>
</pin_list>
<bind>
<StgValue><ssdm name=""/></StgValue>
</bind>
</comp>

<comp id="54" class="1001" name="const_54">
<pin_list>
<pin id="55" dir="1" index="0" bw="1" slack="0"/>
</pin_list>
<bind>
<StgValue><ssdm name=""/></StgValue>
</bind>
</comp>

<comp id="56" class="1001" name="const_56">
<pin_list>
<pin id="57" dir="1" index="0" bw="1" slack="0"/>
</pin_list>
<bind>
<StgValue><ssdm name=""/></StgValue>
</bind>
</comp>

<comp id="58" class="1001" name="const_58">
<pin_list>
<pin id="59" dir="1" index="0" bw="1" slack="0"/>
</pin_list>
<bind>
<StgValue><ssdm name="_ssdm_op_PartSelect.i5.i7.i32.i32"/></StgValue>
</bind>
</comp>

<comp id="60" class="1001" name="const_60">
<pin_list>
<pin id="61" dir="1" index="0" bw="1" slack="0"/>
</pin_list>
<bind>
<StgValue><ssdm name=""/></StgValue>
</bind>
</comp>

<comp id="62" class="1001" name="const_62">
<pin_list>
<pin id="63" dir="1" index="0" bw="1" slack="0"/>
</pin_list>
<bind>
<StgValue><ssdm name=""/></StgValue>
</bind>
</comp>

<comp id="64" class="1001" name="const_64">
<pin_list>
<pin id="65" dir="1" index="0" bw="1" slack="2147483647"/>
</pin_list>
<bind>
<StgValue><ssdm name="_ssdm_op_SpecLoopName"/></StgValue>
</bind>
</comp>

<comp id="66" class="1001" name="const_66">
<pin_list>
<pin id="67" dir="1" index="0" bw="1" slack="2147483647"/>
</pin_list>
<bind>
<StgValue><ssdm name="empty_7"/></StgValue>
</bind>
</comp>

<comp id="68" class="1001" name="const_68">
<pin_list>
<pin id="69" dir="1" index="0" bw="1" slack="0"/>
</pin_list>
<bind>
<StgValue><ssdm name="_ssdm_op_Mux.ap_auto.4i32.i2"/></StgValue>
</bind>
</comp>

<comp id="70" class="1001" name="const_70">
<pin_list>
<pin id="71" dir="1" index="0" bw="1" slack="0"/>
</pin_list>
<bind>
<StgValue><ssdm name="_ssdm_op_Write.axis.volatile.i32P0A.i4P0A.i4P0A.i1P0A"/></StgValue>
</bind>
</comp>

<comp id="72" class="1001" name="const_72">
<pin_list>
<pin id="73" dir="1" index="0" bw="1" slack="0"/>
</pin_list>
<bind>
<StgValue><ssdm name=""/></StgValue>
</bind>
</comp>

<comp id="74" class="1004" name="i_fu_74">
<pin_list>
<pin id="75" dir="0" index="0" bw="1" slack="0"/>
<pin id="76" dir="1" index="1" bw="7" slack="0"/>
</pin_list>
<bind>
<opcode="alloca(26) " fcode="alloca"/>
<opset="i/1 "/>
</bind>
</comp>

<comp id="78" class="1004" name="n_reload_read_read_fu_78">
<pin_list>
<pin id="79" dir="0" index="0" bw="7" slack="0"/>
<pin id="80" dir="0" index="1" bw="7" slack="0"/>
<pin id="81" dir="1" index="2" bw="7" slack="0"/>
</pin_list>
<bind>
<opcode="read(1150) " fcode="read"/>
<opset="n_reload_read/1 "/>
</bind>
</comp>

<comp id="84" class="1004" name="indvars_iv1_reload_read_read_fu_84">
<pin_list>
<pin id="85" dir="0" index="0" bw="7" slack="0"/>
<pin id="86" dir="0" index="1" bw="7" slack="0"/>
<pin id="87" dir="1" index="2" bw="7" slack="0"/>
</pin_list>
<bind>
<opcode="read(1150) " fcode="read"/>
<opset="indvars_iv1_reload_read/1 "/>
</bind>
</comp>

<comp id="90" class="1004" name="write_ln61_write_fu_90">
<pin_list>
<pin id="91" dir="0" index="0" bw="0" slack="0"/>
<pin id="92" dir="0" index="1" bw="32" slack="0"/>
<pin id="93" dir="0" index="2" bw="4" slack="0"/>
<pin id="94" dir="0" index="3" bw="4" slack="0"/>
<pin id="95" dir="0" index="4" bw="1" slack="0"/>
<pin id="96" dir="0" index="5" bw="32" slack="0"/>
<pin id="97" dir="0" index="6" bw="1" slack="0"/>
<pin id="98" dir="0" index="7" bw="1" slack="0"/>
<pin id="99" dir="0" index="8" bw="1" slack="1"/>
<pin id="100" dir="1" index="9" bw="0" slack="2147483647"/>
</pin_list>
<bind>
<opcode="write(1151) " fcode="write"/>
<opset="write_ln61/2 "/>
</bind>
</comp>

<comp id="108" class="1004" name="arr_addr_gep_fu_108">
<pin_list>
<pin id="109" dir="0" index="0" bw="32" slack="0"/>
<pin id="110" dir="0" index="1" bw="1" slack="0"/>
<pin id="111" dir="0" index="2" bw="5" slack="0"/>
<pin id="112" dir="1" index="3" bw="5" slack="0"/>
</pin_list>
<bind>
<opcode="getelementptr(29) " fcode="getelementptr"/>
<opset="arr_addr/1 "/>
</bind>
</comp>

<comp id="115" class="1004" name="arr_1_addr_gep_fu_115">
<pin_list>
<pin id="116" dir="0" index="0" bw="32" slack="0"/>
<pin id="117" dir="0" index="1" bw="1" slack="0"/>
<pin id="118" dir="0" index="2" bw="5" slack="0"/>
<pin id="119" dir="1" index="3" bw="5" slack="0"/>
</pin_list>
<bind>
<opcode="getelementptr(29) " fcode="getelementptr"/>
<opset="arr_1_addr/1 "/>
</bind>
</comp>

<comp id="122" class="1004" name="arr_2_addr_gep_fu_122">
<pin_list>
<pin id="123" dir="0" index="0" bw="32" slack="0"/>
<pin id="124" dir="0" index="1" bw="1" slack="0"/>
<pin id="125" dir="0" index="2" bw="5" slack="0"/>
<pin id="126" dir="1" index="3" bw="5" slack="0"/>
</pin_list>
<bind>
<opcode="getelementptr(29) " fcode="getelementptr"/>
<opset="arr_2_addr/1 "/>
</bind>
</comp>

<comp id="129" class="1004" name="arr_3_addr_gep_fu_129">
<pin_list>
<pin id="130" dir="0" index="0" bw="32" slack="0"/>
<pin id="131" dir="0" index="1" bw="1" slack="0"/>
<pin id="132" dir="0" index="2" bw="5" slack="0"/>
<pin id="133" dir="1" index="3" bw="5" slack="0"/>
</pin_list>
<bind>
<opcode="getelementptr(29) " fcode="getelementptr"/>
<opset="arr_3_addr/1 "/>
</bind>
</comp>

<comp id="136" class="1004" name="grp_access_fu_136">
<pin_list>
<pin id="137" dir="0" index="0" bw="5" slack="0"/>
<pin id="138" dir="0" index="1" bw="32" slack="2147483647"/>
<pin id="139" dir="0" index="2" bw="0" slack="2147483647"/>
<pin id="140" dir="1" index="3" bw="32" slack="0"/>
</pin_list>
<bind>
<opcode="load(27) " fcode="load"/>
<opset="arr_load/1 "/>
</bind>
</comp>

<comp id="142" class="1004" name="grp_access_fu_142">
<pin_list>
<pin id="143" dir="0" index="0" bw="5" slack="0"/>
<pin id="144" dir="0" index="1" bw="32" slack="2147483647"/>
<pin id="145" dir="0" index="2" bw="0" slack="2147483647"/>
<pin id="146" dir="1" index="3" bw="32" slack="0"/>
</pin_list>
<bind>
<opcode="load(27) " fcode="load"/>
<opset="arr_1_load/1 "/>
</bind>
</comp>

<comp id="148" class="1004" name="grp_access_fu_148">
<pin_list>
<pin id="149" dir="0" index="0" bw="5" slack="0"/>
<pin id="150" dir="0" index="1" bw="32" slack="2147483647"/>
<pin id="151" dir="0" index="2" bw="0" slack="2147483647"/>
<pin id="152" dir="1" index="3" bw="32" slack="0"/>
</pin_list>
<bind>
<opcode="load(27) " fcode="load"/>
<opset="arr_2_load/1 "/>
</bind>
</comp>

<comp id="154" class="1004" name="grp_access_fu_154">
<pin_list>
<pin id="155" dir="0" index="0" bw="5" slack="0"/>
<pin id="156" dir="0" index="1" bw="32" slack="2147483647"/>
<pin id="157" dir="0" index="2" bw="0" slack="2147483647"/>
<pin id="158" dir="1" index="3" bw="32" slack="0"/>
</pin_list>
<bind>
<opcode="load(27) " fcode="load"/>
<opset="arr_3_load/1 "/>
</bind>
</comp>

<comp id="160" class="1004" name="store_ln0_store_fu_160">
<pin_list>
<pin id="161" dir="0" index="0" bw="1" slack="0"/>
<pin id="162" dir="0" index="1" bw="7" slack="0"/>
<pin id="163" dir="1" index="2" bw="0" slack="2147483647"/>
</pin_list>
<bind>
<opcode="store(28) " fcode="store"/>
<opset="store_ln0/1 "/>
</bind>
</comp>

<comp id="165" class="1004" name="i_1_load_fu_165">
<pin_list>
<pin id="166" dir="0" index="0" bw="7" slack="0"/>
<pin id="167" dir="1" index="1" bw="7" slack="0"/>
</pin_list>
<bind>
<opcode="load(27) " fcode="load"/>
<opset="i_1/1 "/>
</bind>
</comp>

<comp id="168" class="1004" name="icmp_ln53_fu_168">
<pin_list>
<pin id="169" dir="0" index="0" bw="7" slack="0"/>
<pin id="170" dir="0" index="1" bw="7" slack="0"/>
<pin id="171" dir="1" index="2" bw="1" slack="2147483647"/>
</pin_list>
<bind>
<opcode="icmp(45) " fcode="icmp"/>
<opset="icmp_ln53/1 "/>
</bind>
</comp>

<comp id="174" class="1004" name="add_ln53_fu_174">
<pin_list>
<pin id="175" dir="0" index="0" bw="7" slack="0"/>
<pin id="176" dir="0" index="1" bw="1" slack="0"/>
<pin id="177" dir="1" index="2" bw="7" slack="0"/>
</pin_list>
<bind>
<opcode="add(8) " fcode="add"/>
<opset="add_ln53/1 "/>
</bind>
</comp>

<comp id="180" class="1004" name="empty_18_fu_180">
<pin_list>
<pin id="181" dir="0" index="0" bw="7" slack="0"/>
<pin id="182" dir="1" index="1" bw="2" slack="1"/>
</pin_list>
<bind>
<opcode="trunc(33) " fcode="trunc"/>
<opset="empty_18/1 "/>
</bind>
</comp>

<comp id="184" class="1004" name="lshr_ln4_fu_184">
<pin_list>
<pin id="185" dir="0" index="0" bw="5" slack="0"/>
<pin id="186" dir="0" index="1" bw="7" slack="0"/>
<pin id="187" dir="0" index="2" bw="3" slack="0"/>
<pin id="188" dir="0" index="3" bw="4" slack="0"/>
<pin id="189" dir="1" index="4" bw="5" slack="0"/>
</pin_list>
<bind>
<opcode="partselect(1002) " fcode="partselect"/>
<opset="lshr_ln4/1 "/>
</bind>
</comp>

<comp id="194" class="1004" name="zext_ln53_fu_194">
<pin_list>
<pin id="195" dir="0" index="0" bw="5" slack="0"/>
<pin id="196" dir="1" index="1" bw="64" slack="0"/>
</pin_list>
<bind>
<opcode="zext(34) " fcode="zext"/>
<opset="zext_ln53/1 "/>
</bind>
</comp>

<comp id="202" class="1004" name="out_pkt_last_fu_202">
<pin_list>
<pin id="203" dir="0" index="0" bw="7" slack="0"/>
<pin id="204" dir="0" index="1" bw="7" slack="0"/>
<pin id="205" dir="1" index="2" bw="1" slack="1"/>
</pin_list>
<bind>
<opcode="icmp(45) " fcode="icmp"/>
<opset="out_pkt_last/1 "/>
</bind>
</comp>

<comp id="208" class="1004" name="store_ln53_store_fu_208">
<pin_list>
<pin id="209" dir="0" index="0" bw="7" slack="0"/>
<pin id="210" dir="0" index="1" bw="7" slack="0"/>
<pin id="211" dir="1" index="2" bw="0" slack="2147483647"/>
</pin_list>
<bind>
<opcode="store(28) " fcode="store"/>
<opset="store_ln53/1 "/>
</bind>
</comp>

<comp id="213" class="1004" name="out_pkt_data_fu_213">
<pin_list>
<pin id="214" dir="0" index="0" bw="32" slack="0"/>
<pin id="215" dir="0" index="1" bw="32" slack="0"/>
<pin id="216" dir="0" index="2" bw="32" slack="0"/>
<pin id="217" dir="0" index="3" bw="32" slack="0"/>
<pin id="218" dir="0" index="4" bw="32" slack="0"/>
<pin id="219" dir="0" index="5" bw="2" slack="1"/>
<pin id="220" dir="1" index="6" bw="32" slack="0"/>
</pin_list>
<bind>
<opcode="mux(1196) " fcode="mux"/>
<opset="out_pkt_data/2 "/>
</bind>
</comp>

<comp id="227" class="1005" name="i_reg_227">
<pin_list>
<pin id="228" dir="0" index="0" bw="7" slack="0"/>
<pin id="229" dir="1" index="1" bw="7" slack="0"/>
</pin_list>
<bind>
<opset="i "/>
</bind>
</comp>

<comp id="237" class="1005" name="empty_18_reg_237">
<pin_list>
<pin id="238" dir="0" index="0" bw="2" slack="1"/>
<pin id="239" dir="1" index="1" bw="2" slack="1"/>
</pin_list>
<bind>
<opset="empty_18 "/>
</bind>
</comp>

<comp id="242" class="1005" name="arr_addr_reg_242">
<pin_list>
<pin id="243" dir="0" index="0" bw="5" slack="1"/>
<pin id="244" dir="1" index="1" bw="5" slack="1"/>
</pin_list>
<bind>
<opset="arr_addr "/>
</bind>
</comp>

<comp id="247" class="1005" name="arr_1_addr_reg_247">
<pin_list>
<pin id="248" dir="0" index="0" bw="5" slack="1"/>
<pin id="249" dir="1" index="1" bw="5" slack="1"/>
</pin_list>
<bind>
<opset="arr_1_addr "/>
</bind>
</comp>

<comp id="252" class="1005" name="arr_2_addr_reg_252">
<pin_list>
<pin id="253" dir="0" index="0" bw="5" slack="1"/>
<pin id="254" dir="1" index="1" bw="5" slack="1"/>
</pin_list>
<bind>
<opset="arr_2_addr "/>
</bind>
</comp>

<comp id="257" class="1005" name="arr_3_addr_reg_257">
<pin_list>
<pin id="258" dir="0" index="0" bw="5" slack="1"/>
<pin id="259" dir="1" index="1" bw="5" slack="1"/>
</pin_list>
<bind>
<opset="arr_3_addr "/>
</bind>
</comp>

<comp id="262" class="1005" name="out_pkt_last_reg_262">
<pin_list>
<pin id="263" dir="0" index="0" bw="1" slack="1"/>
<pin id="264" dir="1" index="1" bw="1" slack="1"/>
</pin_list>
<bind>
<opset="out_pkt_last "/>
</bind>
</comp>

</comp_list>

<net_list>
<net id="77"><net_src comp="20" pin="0"/><net_sink comp="74" pin=0"/></net>

<net id="82"><net_src comp="40" pin="0"/><net_sink comp="78" pin=0"/></net>

<net id="83"><net_src comp="10" pin="0"/><net_sink comp="78" pin=1"/></net>

<net id="88"><net_src comp="40" pin="0"/><net_sink comp="84" pin=0"/></net>

<net id="89"><net_src comp="0" pin="0"/><net_sink comp="84" pin=1"/></net>

<net id="101"><net_src comp="70" pin="0"/><net_sink comp="90" pin=0"/></net>

<net id="102"><net_src comp="12" pin="0"/><net_sink comp="90" pin=1"/></net>

<net id="103"><net_src comp="14" pin="0"/><net_sink comp="90" pin=2"/></net>

<net id="104"><net_src comp="16" pin="0"/><net_sink comp="90" pin=3"/></net>

<net id="105"><net_src comp="18" pin="0"/><net_sink comp="90" pin=4"/></net>

<net id="106"><net_src comp="72" pin="0"/><net_sink comp="90" pin=6"/></net>

<net id="107"><net_src comp="72" pin="0"/><net_sink comp="90" pin=7"/></net>

<net id="113"><net_src comp="2" pin="0"/><net_sink comp="108" pin=0"/></net>

<net id="114"><net_src comp="54" pin="0"/><net_sink comp="108" pin=1"/></net>

<net id="120"><net_src comp="4" pin="0"/><net_sink comp="115" pin=0"/></net>

<net id="121"><net_src comp="54" pin="0"/><net_sink comp="115" pin=1"/></net>

<net id="127"><net_src comp="6" pin="0"/><net_sink comp="122" pin=0"/></net>

<net id="128"><net_src comp="54" pin="0"/><net_sink comp="122" pin=1"/></net>

<net id="134"><net_src comp="8" pin="0"/><net_sink comp="129" pin=0"/></net>

<net id="135"><net_src comp="54" pin="0"/><net_sink comp="129" pin=1"/></net>

<net id="141"><net_src comp="108" pin="3"/><net_sink comp="136" pin=0"/></net>

<net id="147"><net_src comp="115" pin="3"/><net_sink comp="142" pin=0"/></net>

<net id="153"><net_src comp="122" pin="3"/><net_sink comp="148" pin=0"/></net>

<net id="159"><net_src comp="129" pin="3"/><net_sink comp="154" pin=0"/></net>

<net id="164"><net_src comp="42" pin="0"/><net_sink comp="160" pin=0"/></net>

<net id="172"><net_src comp="165" pin="1"/><net_sink comp="168" pin=0"/></net>

<net id="173"><net_src comp="84" pin="2"/><net_sink comp="168" pin=1"/></net>

<net id="178"><net_src comp="165" pin="1"/><net_sink comp="174" pin=0"/></net>

<net id="179"><net_src comp="56" pin="0"/><net_sink comp="174" pin=1"/></net>

<net id="183"><net_src comp="165" pin="1"/><net_sink comp="180" pin=0"/></net>

<net id="190"><net_src comp="58" pin="0"/><net_sink comp="184" pin=0"/></net>

<net id="191"><net_src comp="165" pin="1"/><net_sink comp="184" pin=1"/></net>

<net id="192"><net_src comp="60" pin="0"/><net_sink comp="184" pin=2"/></net>

<net id="193"><net_src comp="62" pin="0"/><net_sink comp="184" pin=3"/></net>

<net id="197"><net_src comp="184" pin="4"/><net_sink comp="194" pin=0"/></net>

<net id="198"><net_src comp="194" pin="1"/><net_sink comp="108" pin=2"/></net>

<net id="199"><net_src comp="194" pin="1"/><net_sink comp="115" pin=2"/></net>

<net id="200"><net_src comp="194" pin="1"/><net_sink comp="122" pin=2"/></net>

<net id="201"><net_src comp="194" pin="1"/><net_sink comp="129" pin=2"/></net>

<net id="206"><net_src comp="165" pin="1"/><net_sink comp="202" pin=0"/></net>

<net id="207"><net_src comp="78" pin="2"/><net_sink comp="202" pin=1"/></net>

<net id="212"><net_src comp="174" pin="2"/><net_sink comp="208" pin=0"/></net>

<net id="221"><net_src comp="68" pin="0"/><net_sink comp="213" pin=0"/></net>

<net id="222"><net_src comp="136" pin="3"/><net_sink comp="213" pin=1"/></net>

<net id="223"><net_src comp="142" pin="3"/><net_sink comp="213" pin=2"/></net>

<net id="224"><net_src comp="148" pin="3"/><net_sink comp="213" pin=3"/></net>

<net id="225"><net_src comp="154" pin="3"/><net_sink comp="213" pin=4"/></net>

<net id="226"><net_src comp="213" pin="6"/><net_sink comp="90" pin=5"/></net>

<net id="230"><net_src comp="74" pin="1"/><net_sink comp="227" pin=0"/></net>

<net id="231"><net_src comp="227" pin="1"/><net_sink comp="160" pin=1"/></net>

<net id="232"><net_src comp="227" pin="1"/><net_sink comp="165" pin=0"/></net>

<net id="233"><net_src comp="227" pin="1"/><net_sink comp="208" pin=1"/></net>

<net id="240"><net_src comp="180" pin="1"/><net_sink comp="237" pin=0"/></net>

<net id="241"><net_src comp="237" pin="1"/><net_sink comp="213" pin=5"/></net>

<net id="245"><net_src comp="108" pin="3"/><net_sink comp="242" pin=0"/></net>

<net id="246"><net_src comp="242" pin="1"/><net_sink comp="136" pin=0"/></net>

<net id="250"><net_src comp="115" pin="3"/><net_sink comp="247" pin=0"/></net>

<net id="251"><net_src comp="247" pin="1"/><net_sink comp="142" pin=0"/></net>

<net id="255"><net_src comp="122" pin="3"/><net_sink comp="252" pin=0"/></net>

<net id="256"><net_src comp="252" pin="1"/><net_sink comp="148" pin=0"/></net>

<net id="260"><net_src comp="129" pin="3"/><net_sink comp="257" pin=0"/></net>

<net id="261"><net_src comp="257" pin="1"/><net_sink comp="154" pin=0"/></net>

<net id="265"><net_src comp="202" pin="2"/><net_sink comp="262" pin=0"/></net>

<net id="266"><net_src comp="262" pin="1"/><net_sink comp="90" pin=8"/></net>

</net_list>

</model> 
---------------- Datapath Model END ------------------

* FSMD analyzer results:
  - Output states:
	Port: out_stream_V_data_V | {2 }
	Port: out_stream_V_keep_V | {2 }
	Port: out_stream_V_strb_V | {2 }
	Port: out_stream_V_last_V | {2 }
 - Input state : 
	Port: insertion_sort_axis_Pipeline_VITIS_LOOP_53_4 : indvars_iv1_reload | {1 }
	Port: insertion_sort_axis_Pipeline_VITIS_LOOP_53_4 : arr | {1 2 }
	Port: insertion_sort_axis_Pipeline_VITIS_LOOP_53_4 : arr_1 | {1 2 }
	Port: insertion_sort_axis_Pipeline_VITIS_LOOP_53_4 : arr_2 | {1 2 }
	Port: insertion_sort_axis_Pipeline_VITIS_LOOP_53_4 : arr_3 | {1 2 }
	Port: insertion_sort_axis_Pipeline_VITIS_LOOP_53_4 : n_reload | {1 }
	Port: insertion_sort_axis_Pipeline_VITIS_LOOP_53_4 : out_stream_V_data_V | {}
	Port: insertion_sort_axis_Pipeline_VITIS_LOOP_53_4 : out_stream_V_keep_V | {}
	Port: insertion_sort_axis_Pipeline_VITIS_LOOP_53_4 : out_stream_V_strb_V | {}
	Port: insertion_sort_axis_Pipeline_VITIS_LOOP_53_4 : out_stream_V_last_V | {}
  - Chain level:
	State 1
		store_ln0 : 1
		i_1 : 1
		icmp_ln53 : 2
		add_ln53 : 2
		br_ln53 : 3
		empty_18 : 2
		lshr_ln4 : 2
		zext_ln53 : 3
		arr_addr : 4
		arr_1_addr : 4
		arr_2_addr : 4
		arr_3_addr : 4
		arr_load : 5
		arr_1_load : 5
		arr_2_load : 5
		arr_3_load : 5
		out_pkt_last : 2
		store_ln53 : 3
	State 2
		out_pkt_data : 1
		write_ln61 : 2


============================================================
+ Verbose Summary: Datapath Resource usage 
============================================================

* Functional unit list:
|----------|------------------------------------|---------|---------|
| Operation|           Functional Unit          |    FF   |   LUT   |
|----------|------------------------------------|---------|---------|
|   icmp   |          icmp_ln53_fu_168          |    0    |    14   |
|          |         out_pkt_last_fu_202        |    0    |    14   |
|----------|------------------------------------|---------|---------|
|    mux   |         out_pkt_data_fu_213        |    0    |    20   |
|----------|------------------------------------|---------|---------|
|    add   |           add_ln53_fu_174          |    0    |    14   |
|----------|------------------------------------|---------|---------|
|   read   |      n_reload_read_read_fu_78      |    0    |    0    |
|          | indvars_iv1_reload_read_read_fu_84 |    0    |    0    |
|----------|------------------------------------|---------|---------|
|   write  |       write_ln61_write_fu_90       |    0    |    0    |
|----------|------------------------------------|---------|---------|
|   trunc  |           empty_18_fu_180          |    0    |    0    |
|----------|------------------------------------|---------|---------|
|partselect|           lshr_ln4_fu_184          |    0    |    0    |
|----------|------------------------------------|---------|---------|
|   zext   |          zext_ln53_fu_194          |    0    |    0    |
|----------|------------------------------------|---------|---------|
|   Total  |                                    |    0    |    62   |
|----------|------------------------------------|---------|---------|

Memories:
N/A

* Register list:
+--------------------+--------+
|                    |   FF   |
+--------------------+--------+
| arr_1_addr_reg_247 |    5   |
| arr_2_addr_reg_252 |    5   |
| arr_3_addr_reg_257 |    5   |
|  arr_addr_reg_242  |    5   |
|  empty_18_reg_237  |    2   |
|      i_reg_227     |    7   |
|out_pkt_last_reg_262|    1   |
+--------------------+--------+
|        Total       |   30   |
+--------------------+--------+

* Multiplexer (MUX) list: 
|-------------------|------|------|------|--------||---------||---------|
|        Comp       |  Pin | Size |  BW  | S x BW ||  Delay  ||   LUT   |
|-------------------|------|------|------|--------||---------||---------|
| grp_access_fu_136 |  p0  |   2  |   5  |   10   ||    9    |
| grp_access_fu_142 |  p0  |   2  |   5  |   10   ||    9    |
| grp_access_fu_148 |  p0  |   2  |   5  |   10   ||    9    |
| grp_access_fu_154 |  p0  |   2  |   5  |   10   ||    9    |
|-------------------|------|------|------|--------||---------||---------|
|       Total       |      |      |      |   40   ||  6.352  ||    36   |
|-------------------|------|------|------|--------||---------||---------|



* Summary:
+-----------+--------+--------+--------+
|           |  Delay |   FF   |   LUT  |
+-----------+--------+--------+--------+
|  Function |    -   |    0   |   62   |
|   Memory  |    -   |    -   |    -   |
|Multiplexer|    6   |    -   |   36   |
|  Register |    -   |   30   |    -   |
+-----------+--------+--------+--------+
|   Total   |    6   |   30   |   98   |
+-----------+--------+--------+--------+
