

================================================================
== Vitis HLS Report for 'insertion_sort_axis_Pipeline_VITIS_LOOP_43_3'
================================================================
* Date:           Thu Mar 19 00:55:55 2026

* Version:        2023.1 (Build 3854077 on May  4 2023)
* Project:        Insert_sort
* Solution:       solution1 (Vivado IP Flow Target)
* Product family: zynq
* Target device:  xc7z020-clg484-1


================================================================
== Performance Estimates
================================================================
+ Timing: 
    * Summary: 
    +--------+----------+----------+------------+
    |  Clock |  Target  | Estimated| Uncertainty|
    +--------+----------+----------+------------+
    |ap_clk  |  10.00 ns|  6.701 ns|     2.70 ns|
    +--------+----------+----------+------------+

+ Latency: 
    * Summary: 
    +---------+---------+----------+----------+-----+-----+---------+
    |  Latency (cycles) |  Latency (absolute) |  Interval | Pipeline|
    |   min   |   max   |    min   |    max   | min | max |   Type  |
    +---------+---------+----------+----------+-----+-----+---------+
    |        ?|        ?|         ?|         ?|    ?|    ?|       no|
    +---------+---------+----------+----------+-----+-----+---------+

    + Detail: 
        * Instance: 
        N/A

        * Loop: 
        +-------------------+---------+---------+----------+-----------+-----------+------+----------+
        |                   |  Latency (cycles) | Iteration|  Initiation Interval  | Trip |          |
        |     Loop Name     |   min   |   max   |  Latency |  achieved |   target  | Count| Pipelined|
        +-------------------+---------+---------+----------+-----------+-----------+------+----------+
        |- VITIS_LOOP_43_3  |        ?|        ?|         3|          3|          1|     ?|       yes|
        +-------------------+---------+---------+----------+-----------+-----------+------+----------+

============================================================
+ Verbose Summary: Synthesis Manager
============================================================
InlineROM: 1
ExposeGlobal: 0
============================================================
+ Verbose Summary: CDFG Model
============================================================
IsTopModel: 0
ResetActiveHigh: 1
IsCombinational: 0
IsDatapathOnly: 0
HasWiredReturn: 1
HasMFsm: 2
HasVarLatency: 1
IsPipeline: 0
IsRtlPipelined: 0
IsInstanceOverlapped: 0
IsDontTouch: 0
HasImplIP: 0
IsGatedGlobalClock: 0

+ Individual pipeline summary: 
  * Pipeline-0: initiation interval (II) = 3, depth = 3


============================================================
+ Verbose Summary: Schedule
============================================================
* Number of FSM states : 6
* Pipeline : 1
  Pipeline-0 : II = 3, D = 3, States = { 2 3 4 }
* Dataflow Pipeline: 0

* FSM state transitions: 
1 --> 2 
2 --> 3 
3 --> 5 6 4 
4 --> 2 
5 --> 
6 --> 5 

* FSM state operations: 

State 1 <SV = 0> <Delay = 1.58>
ST_1 : Operation 7 [1/1] (0.00ns)   --->   "%j = alloca i32 1"   --->   Operation 7 'alloca' 'j' <Predicate = true> <Delay = 0.00>
ST_1 : Operation 8 [1/1] (0.00ns)   --->   "%key_read = read i32 @_ssdm_op_Read.ap_auto.i32, i32 %key"   --->   Operation 8 'read' 'key_read' <Predicate = true> <Delay = 0.00>
ST_1 : Operation 9 [1/1] (0.00ns)   --->   "%zext_ln39_read = read i7 @_ssdm_op_Read.ap_auto.i7, i7 %zext_ln39"   --->   Operation 9 'read' 'zext_ln39_read' <Predicate = true> <Delay = 0.00>
ST_1 : Operation 10 [1/1] (0.00ns)   --->   "%zext_ln39_cast = zext i7 %zext_ln39_read"   --->   Operation 10 'zext' 'zext_ln39_cast' <Predicate = true> <Delay = 0.00>
ST_1 : Operation 11 [1/1] (1.58ns)   --->   "%store_ln0 = store i8 %zext_ln39_cast, i8 %j"   --->   Operation 11 'store' 'store_ln0' <Predicate = true> <Delay = 1.58>
ST_1 : Operation 12 [1/1] (0.00ns)   --->   "%br_ln0 = br void %while.cond"   --->   Operation 12 'br' 'br_ln0' <Predicate = true> <Delay = 0.00>

State 2 <SV = 1> <Delay = 2.32>
ST_2 : Operation 13 [1/1] (0.00ns)   --->   "%j_1 = load i8 %j"   --->   Operation 13 'load' 'j_1' <Predicate = true> <Delay = 0.00>
ST_2 : Operation 14 [1/1] (0.00ns)   --->   "%empty = trunc i8 %j_1"   --->   Operation 14 'trunc' 'empty' <Predicate = true> <Delay = 0.00>
ST_2 : Operation 15 [1/1] (0.00ns)   --->   "%specpipeline_ln0 = specpipeline void @_ssdm_op_SpecPipeline, i32 4294967295, i32 0, i32 1, i32 0, void @p_str"   --->   Operation 15 'specpipeline' 'specpipeline_ln0' <Predicate = true> <Delay = 0.00>
ST_2 : Operation 16 [1/1] (0.00ns)   --->   "%tmp_1 = bitselect i1 @_ssdm_op_BitSelect.i1.i8.i32, i8 %j_1, i32 7" [Insert_sort/insertSort.cpp:43]   --->   Operation 16 'bitselect' 'tmp_1' <Predicate = true> <Delay = 0.00>
ST_2 : Operation 17 [1/1] (0.00ns)   --->   "%br_ln43 = br i1 %tmp_1, void %land.rhs6, void %while.cond.for.inc_crit_edge.exitStub" [Insert_sort/insertSort.cpp:43]   --->   Operation 17 'br' 'br_ln43' <Predicate = true> <Delay = 0.00>
ST_2 : Operation 18 [1/1] (0.00ns)   --->   "%lshr_ln2 = partselect i5 @_ssdm_op_PartSelect.i5.i8.i32.i32, i8 %j_1, i32 2, i32 6" [Insert_sort/insertSort.cpp:41]   --->   Operation 18 'partselect' 'lshr_ln2' <Predicate = (!tmp_1)> <Delay = 0.00>
ST_2 : Operation 19 [1/1] (0.00ns)   --->   "%zext_ln41 = zext i5 %lshr_ln2" [Insert_sort/insertSort.cpp:41]   --->   Operation 19 'zext' 'zext_ln41' <Predicate = (!tmp_1)> <Delay = 0.00>
ST_2 : Operation 20 [1/1] (0.00ns)   --->   "%arr_addr = getelementptr i32 %arr, i64 0, i64 %zext_ln41" [Insert_sort/insertSort.cpp:43]   --->   Operation 20 'getelementptr' 'arr_addr' <Predicate = (!tmp_1)> <Delay = 0.00>
ST_2 : Operation 21 [1/1] (0.00ns)   --->   "%arr_1_addr = getelementptr i32 %arr_1, i64 0, i64 %zext_ln41" [Insert_sort/insertSort.cpp:43]   --->   Operation 21 'getelementptr' 'arr_1_addr' <Predicate = (!tmp_1)> <Delay = 0.00>
ST_2 : Operation 22 [1/1] (0.00ns)   --->   "%arr_2_addr = getelementptr i32 %arr_2, i64 0, i64 %zext_ln41" [Insert_sort/insertSort.cpp:43]   --->   Operation 22 'getelementptr' 'arr_2_addr' <Predicate = (!tmp_1)> <Delay = 0.00>
ST_2 : Operation 23 [1/1] (0.00ns)   --->   "%arr_3_addr = getelementptr i32 %arr_3, i64 0, i64 %zext_ln41" [Insert_sort/insertSort.cpp:43]   --->   Operation 23 'getelementptr' 'arr_3_addr' <Predicate = (!tmp_1)> <Delay = 0.00>
ST_2 : Operation 24 [2/2] (2.32ns)   --->   "%arr_load = load i5 %arr_addr" [Insert_sort/insertSort.cpp:43]   --->   Operation 24 'load' 'arr_load' <Predicate = (!tmp_1)> <Delay = 2.32> <CoreInst = "RAM">   --->   Core 82 'RAM' <Latency = 1> <II = 1> <Delay = 2.32> <Storage> <Opcode : 'load' 'store'> <Ports = 2> <Width = 32> <Depth = 25> <RAM>
ST_2 : Operation 25 [2/2] (2.32ns)   --->   "%arr_1_load = load i5 %arr_1_addr" [Insert_sort/insertSort.cpp:43]   --->   Operation 25 'load' 'arr_1_load' <Predicate = (!tmp_1)> <Delay = 2.32> <CoreInst = "RAM">   --->   Core 82 'RAM' <Latency = 1> <II = 1> <Delay = 2.32> <Storage> <Opcode : 'load' 'store'> <Ports = 2> <Width = 32> <Depth = 25> <RAM>
ST_2 : Operation 26 [2/2] (2.32ns)   --->   "%arr_2_load = load i5 %arr_2_addr" [Insert_sort/insertSort.cpp:43]   --->   Operation 26 'load' 'arr_2_load' <Predicate = (!tmp_1)> <Delay = 2.32> <CoreInst = "RAM">   --->   Core 82 'RAM' <Latency = 1> <II = 1> <Delay = 2.32> <Storage> <Opcode : 'load' 'store'> <Ports = 2> <Width = 32> <Depth = 25> <RAM>
ST_2 : Operation 27 [2/2] (2.32ns)   --->   "%arr_3_load = load i5 %arr_3_addr" [Insert_sort/insertSort.cpp:43]   --->   Operation 27 'load' 'arr_3_load' <Predicate = (!tmp_1)> <Delay = 2.32> <CoreInst = "RAM">   --->   Core 82 'RAM' <Latency = 1> <II = 1> <Delay = 2.32> <Storage> <Opcode : 'load' 'store'> <Ports = 2> <Width = 32> <Depth = 25> <RAM>

State 3 <SV = 2> <Delay = 6.70>
ST_3 : Operation 28 [1/1] (0.00ns)   --->   "%empty_19 = trunc i8 %j_1"   --->   Operation 28 'trunc' 'empty_19' <Predicate = (!tmp_1)> <Delay = 0.00>
ST_3 : Operation 29 [1/1] (0.00ns)   --->   "%specloopname_ln43 = specloopname void @_ssdm_op_SpecLoopName, void @empty_8" [Insert_sort/insertSort.cpp:43]   --->   Operation 29 'specloopname' 'specloopname_ln43' <Predicate = (!tmp_1)> <Delay = 0.00>
ST_3 : Operation 30 [1/2] (2.32ns)   --->   "%arr_load = load i5 %arr_addr" [Insert_sort/insertSort.cpp:43]   --->   Operation 30 'load' 'arr_load' <Predicate = (!tmp_1)> <Delay = 2.32> <CoreInst = "RAM">   --->   Core 82 'RAM' <Latency = 1> <II = 1> <Delay = 2.32> <Storage> <Opcode : 'load' 'store'> <Ports = 2> <Width = 32> <Depth = 25> <RAM>
ST_3 : Operation 31 [1/2] (2.32ns)   --->   "%arr_1_load = load i5 %arr_1_addr" [Insert_sort/insertSort.cpp:43]   --->   Operation 31 'load' 'arr_1_load' <Predicate = (!tmp_1)> <Delay = 2.32> <CoreInst = "RAM">   --->   Core 82 'RAM' <Latency = 1> <II = 1> <Delay = 2.32> <Storage> <Opcode : 'load' 'store'> <Ports = 2> <Width = 32> <Depth = 25> <RAM>
ST_3 : Operation 32 [1/2] (2.32ns)   --->   "%arr_2_load = load i5 %arr_2_addr" [Insert_sort/insertSort.cpp:43]   --->   Operation 32 'load' 'arr_2_load' <Predicate = (!tmp_1)> <Delay = 2.32> <CoreInst = "RAM">   --->   Core 82 'RAM' <Latency = 1> <II = 1> <Delay = 2.32> <Storage> <Opcode : 'load' 'store'> <Ports = 2> <Width = 32> <Depth = 25> <RAM>
ST_3 : Operation 33 [1/2] (2.32ns)   --->   "%arr_3_load = load i5 %arr_3_addr" [Insert_sort/insertSort.cpp:43]   --->   Operation 33 'load' 'arr_3_load' <Predicate = (!tmp_1)> <Delay = 2.32> <CoreInst = "RAM">   --->   Core 82 'RAM' <Latency = 1> <II = 1> <Delay = 2.32> <Storage> <Opcode : 'load' 'store'> <Ports = 2> <Width = 32> <Depth = 25> <RAM>
ST_3 : Operation 34 [1/1] (1.82ns)   --->   "%tmp = mux i32 @_ssdm_op_Mux.ap_auto.4i32.i2, i32 %arr_load, i32 %arr_1_load, i32 %arr_2_load, i32 %arr_3_load, i2 %empty_19" [Insert_sort/insertSort.cpp:43]   --->   Operation 34 'mux' 'tmp' <Predicate = (!tmp_1)> <Delay = 1.82> <CoreInst = "Multiplexer">   --->   Core 76 'Multiplexer' <Latency = 0> <II = 1> <Delay = 1.82> <FuncUnit> <Opcode : 'mux'> <InPorts = 2> <OutPorts = 1>
ST_3 : Operation 35 [1/1] (2.55ns)   --->   "%icmp_ln43 = icmp_sgt  i32 %tmp, i32 %key_read" [Insert_sort/insertSort.cpp:43]   --->   Operation 35 'icmp' 'icmp_ln43' <Predicate = (!tmp_1)> <Delay = 2.55> <CoreInst = "Cmp">   --->   Core 9 'Cmp' <Latency = 0> <II = 1> <Delay = 2.55> <FuncUnit> <Opcode : 'icmp'> <InPorts = 2> <OutPorts = 1>
ST_3 : Operation 36 [1/1] (0.00ns)   --->   "%br_ln43 = br i1 %icmp_ln43, void %land.rhs6.for.inc_crit_edge.exitStub, void %while.body" [Insert_sort/insertSort.cpp:43]   --->   Operation 36 'br' 'br_ln43' <Predicate = (!tmp_1)> <Delay = 0.00>

State 4 <SV = 3> <Delay = 4.19>
ST_4 : Operation 37 [1/1] (1.87ns)   --->   "%add_ln44 = add i7 %empty, i7 1" [Insert_sort/insertSort.cpp:44]   --->   Operation 37 'add' 'add_ln44' <Predicate = (!tmp_1 & icmp_ln43)> <Delay = 1.87> <CoreInst = "Adder">   --->   Core 1 'Adder' <Latency = 0> <II = 1> <Delay = 1.87> <FuncUnit> <Opcode : 'add' 'sub'> <InPorts = 2> <OutPorts = 1>
ST_4 : Operation 38 [1/1] (0.00ns)   --->   "%lshr_ln5 = partselect i5 @_ssdm_op_PartSelect.i5.i7.i32.i32, i7 %add_ln44, i32 2, i32 6" [Insert_sort/insertSort.cpp:44]   --->   Operation 38 'partselect' 'lshr_ln5' <Predicate = (!tmp_1 & icmp_ln43)> <Delay = 0.00>
ST_4 : Operation 39 [1/1] (0.00ns)   --->   "%zext_ln44 = zext i5 %lshr_ln5" [Insert_sort/insertSort.cpp:44]   --->   Operation 39 'zext' 'zext_ln44' <Predicate = (!tmp_1 & icmp_ln43)> <Delay = 0.00>
ST_4 : Operation 40 [1/1] (0.00ns)   --->   "%arr_addr_1 = getelementptr i32 %arr, i64 0, i64 %zext_ln44" [Insert_sort/insertSort.cpp:44]   --->   Operation 40 'getelementptr' 'arr_addr_1' <Predicate = (!tmp_1 & icmp_ln43)> <Delay = 0.00>
ST_4 : Operation 41 [1/1] (0.00ns)   --->   "%arr_1_addr_1 = getelementptr i32 %arr_1, i64 0, i64 %zext_ln44" [Insert_sort/insertSort.cpp:44]   --->   Operation 41 'getelementptr' 'arr_1_addr_1' <Predicate = (!tmp_1 & icmp_ln43)> <Delay = 0.00>
ST_4 : Operation 42 [1/1] (0.00ns)   --->   "%arr_2_addr_1 = getelementptr i32 %arr_2, i64 0, i64 %zext_ln44" [Insert_sort/insertSort.cpp:44]   --->   Operation 42 'getelementptr' 'arr_2_addr_1' <Predicate = (!tmp_1 & icmp_ln43)> <Delay = 0.00>
ST_4 : Operation 43 [1/1] (0.00ns)   --->   "%arr_3_addr_1 = getelementptr i32 %arr_3, i64 0, i64 %zext_ln44" [Insert_sort/insertSort.cpp:44]   --->   Operation 43 'getelementptr' 'arr_3_addr_1' <Predicate = (!tmp_1 & icmp_ln43)> <Delay = 0.00>
ST_4 : Operation 44 [1/1] (1.86ns)   --->   "%switch_ln44 = switch i2 %empty_19, void %arrayidx14.case.0, i2 2, void %arrayidx14.case.3, i2 0, void %arrayidx14.case.1, i2 1, void %arrayidx14.case.2" [Insert_sort/insertSort.cpp:44]   --->   Operation 44 'switch' 'switch_ln44' <Predicate = (!tmp_1 & icmp_ln43)> <Delay = 1.86>
ST_4 : Operation 45 [1/1] (2.32ns)   --->   "%store_ln44 = store i32 %tmp, i5 %arr_2_addr_1" [Insert_sort/insertSort.cpp:44]   --->   Operation 45 'store' 'store_ln44' <Predicate = (!tmp_1 & icmp_ln43 & empty_19 == 1)> <Delay = 2.32> <CoreInst = "RAM">   --->   Core 82 'RAM' <Latency = 1> <II = 1> <Delay = 2.32> <Storage> <Opcode : 'load' 'store'> <Ports = 2> <Width = 32> <Depth = 25> <RAM>
ST_4 : Operation 46 [1/1] (0.00ns)   --->   "%br_ln44 = br void %arrayidx14.exit" [Insert_sort/insertSort.cpp:44]   --->   Operation 46 'br' 'br_ln44' <Predicate = (!tmp_1 & icmp_ln43 & empty_19 == 1)> <Delay = 0.00>
ST_4 : Operation 47 [1/1] (2.32ns)   --->   "%store_ln44 = store i32 %tmp, i5 %arr_1_addr_1" [Insert_sort/insertSort.cpp:44]   --->   Operation 47 'store' 'store_ln44' <Predicate = (!tmp_1 & icmp_ln43 & empty_19 == 0)> <Delay = 2.32> <CoreInst = "RAM">   --->   Core 82 'RAM' <Latency = 1> <II = 1> <Delay = 2.32> <Storage> <Opcode : 'load' 'store'> <Ports = 2> <Width = 32> <Depth = 25> <RAM>
ST_4 : Operation 48 [1/1] (0.00ns)   --->   "%br_ln44 = br void %arrayidx14.exit" [Insert_sort/insertSort.cpp:44]   --->   Operation 48 'br' 'br_ln44' <Predicate = (!tmp_1 & icmp_ln43 & empty_19 == 0)> <Delay = 0.00>
ST_4 : Operation 49 [1/1] (2.32ns)   --->   "%store_ln44 = store i32 %tmp, i5 %arr_3_addr_1" [Insert_sort/insertSort.cpp:44]   --->   Operation 49 'store' 'store_ln44' <Predicate = (!tmp_1 & icmp_ln43 & empty_19 == 2)> <Delay = 2.32> <CoreInst = "RAM">   --->   Core 82 'RAM' <Latency = 1> <II = 1> <Delay = 2.32> <Storage> <Opcode : 'load' 'store'> <Ports = 2> <Width = 32> <Depth = 25> <RAM>
ST_4 : Operation 50 [1/1] (0.00ns)   --->   "%br_ln44 = br void %arrayidx14.exit" [Insert_sort/insertSort.cpp:44]   --->   Operation 50 'br' 'br_ln44' <Predicate = (!tmp_1 & icmp_ln43 & empty_19 == 2)> <Delay = 0.00>
ST_4 : Operation 51 [1/1] (2.32ns)   --->   "%store_ln44 = store i32 %tmp, i5 %arr_addr_1" [Insert_sort/insertSort.cpp:44]   --->   Operation 51 'store' 'store_ln44' <Predicate = (!tmp_1 & icmp_ln43 & empty_19 == 3)> <Delay = 2.32> <CoreInst = "RAM">   --->   Core 82 'RAM' <Latency = 1> <II = 1> <Delay = 2.32> <Storage> <Opcode : 'load' 'store'> <Ports = 2> <Width = 32> <Depth = 25> <RAM>
ST_4 : Operation 52 [1/1] (0.00ns)   --->   "%br_ln44 = br void %arrayidx14.exit" [Insert_sort/insertSort.cpp:44]   --->   Operation 52 'br' 'br_ln44' <Predicate = (!tmp_1 & icmp_ln43 & empty_19 == 3)> <Delay = 0.00>
ST_4 : Operation 53 [1/1] (1.91ns)   --->   "%add_ln45 = add i8 %j_1, i8 255" [Insert_sort/insertSort.cpp:45]   --->   Operation 53 'add' 'add_ln45' <Predicate = (!tmp_1 & icmp_ln43)> <Delay = 1.91> <CoreInst = "Adder">   --->   Core 1 'Adder' <Latency = 0> <II = 1> <Delay = 1.91> <FuncUnit> <Opcode : 'add' 'sub'> <InPorts = 2> <OutPorts = 1>
ST_4 : Operation 54 [1/1] (1.58ns)   --->   "%store_ln43 = store i8 %add_ln45, i8 %j" [Insert_sort/insertSort.cpp:43]   --->   Operation 54 'store' 'store_ln43' <Predicate = (!tmp_1 & icmp_ln43)> <Delay = 1.58>
ST_4 : Operation 55 [1/1] (0.00ns)   --->   "%br_ln43 = br void %while.cond" [Insert_sort/insertSort.cpp:43]   --->   Operation 55 'br' 'br_ln43' <Predicate = (!tmp_1 & icmp_ln43)> <Delay = 0.00>

State 5 <SV = 3> <Delay = 0.00>
ST_5 : Operation 56 [1/1] (0.00ns)   --->   "%write_ln0 = write void @_ssdm_op_Write.ap_auto.i7P0A, i7 %j_out, i7 %empty"   --->   Operation 56 'write' 'write_ln0' <Predicate = (!tmp_1)> <Delay = 0.00>
ST_5 : Operation 57 [1/1] (0.00ns)   --->   "%br_ln0 = br void %UnifiedReturnBlock"   --->   Operation 57 'br' 'br_ln0' <Predicate = (!tmp_1)> <Delay = 0.00>
ST_5 : Operation 58 [1/1] (0.00ns)   --->   "%ret_ln0 = ret"   --->   Operation 58 'ret' 'ret_ln0' <Predicate = true> <Delay = 0.00>

State 6 <SV = 2> <Delay = 0.00>
ST_6 : Operation 59 [1/1] (0.00ns)   --->   "%write_ln0 = write void @_ssdm_op_Write.ap_auto.i7P0A, i7 %j_out, i7 %empty"   --->   Operation 59 'write' 'write_ln0' <Predicate = true> <Delay = 0.00>
ST_6 : Operation 60 [1/1] (0.00ns)   --->   "%br_ln0 = br void %UnifiedReturnBlock"   --->   Operation 60 'br' 'br_ln0' <Predicate = true> <Delay = 0.00>


============================================================
+ Verbose Summary: Timing violations
============================================================
Target clock period: 10.000ns, clock uncertainty: 2.700ns.

 <State 1>: 1.588ns
The critical path consists of the following:
	'alloca' operation ('j') [8]  (0.000 ns)
	'store' operation ('store_ln0') of variable 'zext_ln39_cast' on local variable 'j' [12]  (1.588 ns)

 <State 2>: 2.322ns
The critical path consists of the following:
	'load' operation ('j') on local variable 'j' [15]  (0.000 ns)
	'getelementptr' operation ('arr_addr', Insert_sort/insertSort.cpp:43) [25]  (0.000 ns)
	'load' operation ('arr_load', Insert_sort/insertSort.cpp:43) on array 'arr' [29]  (2.322 ns)

 <State 3>: 6.701ns
The critical path consists of the following:
	'load' operation ('arr_load', Insert_sort/insertSort.cpp:43) on array 'arr' [29]  (2.322 ns)
	'mux' operation ('tmp', Insert_sort/insertSort.cpp:43) [33]  (1.827 ns)
	'icmp' operation ('icmp_ln43', Insert_sort/insertSort.cpp:43) [34]  (2.552 ns)

 <State 4>: 4.192ns
The critical path consists of the following:
	'add' operation ('add_ln44', Insert_sort/insertSort.cpp:44) [37]  (1.870 ns)
	'getelementptr' operation ('arr_2_addr_1', Insert_sort/insertSort.cpp:44) [42]  (0.000 ns)
	'store' operation ('store_ln44', Insert_sort/insertSort.cpp:44) of variable 'tmp', Insert_sort/insertSort.cpp:43 on array 'arr_2' [46]  (2.322 ns)

 <State 5>: 0.000ns
The critical path consists of the following:

 <State 6>: 0.000ns
The critical path consists of the following:


============================================================
+ Verbose Summary: Binding
============================================================
N/A
* FSMD analyzer results:
  - Output states:
 - Input state : 
  - Chain level:
	State 1
	State 2
	State 3
	State 4
	State 5
	State 6


============================================================
+ Verbose Summary: Datapath Resource usage 
============================================================
N/A
