

================================================================
== Vitis HLS Report for 'insertion_sort_axis'
================================================================
* Date:           Thu Mar 19 00:55:55 2026

* Version:        2023.1 (Build 3854077 on May  4 2023)
* Project:        Insert_sort
* Solution:       solution1 (Vivado IP Flow Target)
* Product family: zynq
* Target device:  xc7z020-clg484-1


================================================================
== Performance Estimates
================================================================
+ Timing: 
    * Summary: 
    +--------+----------+----------+------------+
    |  Clock |  Target  | Estimated| Uncertainty|
    +--------+----------+----------+------------+
    |ap_clk  |  10.00 ns|  6.701 ns|     2.70 ns|
    +--------+----------+----------+------------+

+ Latency: 
    * Summary: 
    +---------+---------+----------+----------+-----+-----+---------+
    |  Latency (cycles) |  Latency (absolute) |  Interval | Pipeline|
    |   min   |   max   |    min   |    max   | min | max |   Type  |
    +---------+---------+----------+----------+-----+-----+---------+
    |        ?|        ?|         ?|         ?|    ?|    ?|       no|
    +---------+---------+----------+----------+-----+-----+---------+

    + Detail: 
        * Instance: 
        +---------------------------------------------------------+----------------------------------------------+---------+---------+-----------+----------+-----+-----+---------+
        |                                                         |                                              |  Latency (cycles) |  Latency (absolute)  |  Interval | Pipeline|
        |                         Instance                        |                    Module                    |   min   |   max   |    min    |    max   | min | max |   Type  |
        +---------------------------------------------------------+----------------------------------------------+---------+---------+-----------+----------+-----+-----+---------+
        |grp_insertion_sort_axis_Pipeline_VITIS_LOOP_31_1_fu_198  |insertion_sort_axis_Pipeline_VITIS_LOOP_31_1  |        ?|        ?|          ?|         ?|    ?|    ?|       no|
        |grp_insertion_sort_axis_Pipeline_VITIS_LOOP_53_4_fu_216  |insertion_sort_axis_Pipeline_VITIS_LOOP_53_4  |        3|      102|  30.000 ns|  1.020 us|    3|  102|       no|
        |grp_insertion_sort_axis_Pipeline_VITIS_LOOP_43_3_fu_234  |insertion_sort_axis_Pipeline_VITIS_LOOP_43_3  |        ?|        ?|          ?|         ?|    ?|    ?|       no|
        +---------------------------------------------------------+----------------------------------------------+---------+---------+-----------+----------+-----+-----+---------+

        * Loop: 
        +-------------------+---------+---------+----------+-----------+-----------+--------+----------+
        |                   |  Latency (cycles) | Iteration|  Initiation Interval  |  Trip  |          |
        |     Loop Name     |   min   |   max   |  Latency |  achieved |   target  |  Count | Pipelined|
        +-------------------+---------+---------+----------+-----------+-----------+--------+----------+
        |- VITIS_LOOP_39_2  |        ?|        ?|         ?|          -|          -|  0 ~ 99|        no|
        +-------------------+---------+---------+----------+-----------+-----------+--------+----------+

============================================================
+ Verbose Summary: Synthesis Manager
============================================================
InlineROM: 1
ExposeGlobal: 0
============================================================
+ Verbose Summary: CDFG Model
============================================================
IsTopModel: 1
ResetActiveHigh: 1
IsCombinational: 0
IsDatapathOnly: 0
HasWiredReturn: 1
HasMFsm: 0
HasVarLatency: 1
IsPipeline: 0
IsRtlPipelined: 0
IsInstanceOverlapped: 0
IsDontTouch: 0
HasImplIP: 0
IsGatedGlobalClock: 0


============================================================
+ Verbose Summary: Schedule
============================================================
* Number of FSM states : 11
* Pipeline : 0
* Dataflow Pipeline: 0

* FSM state transitions: 
1 --> 2 
2 --> 3 
3 --> 4 
4 --> 5 
5 --> 6 10 
6 --> 7 
7 --> 8 
8 --> 9 
9 --> 5 
10 --> 11 
11 --> 

* FSM state operations: 

State 1 <SV = 0> <Delay = 2.32>
ST_1 : Operation 12 [1/1] (0.00ns)   --->   "%j_loc = alloca i64 1"   --->   Operation 12 'alloca' 'j_loc' <Predicate = true> <Delay = 0.00>
ST_1 : Operation 13 [1/1] (0.00ns)   --->   "%n_loc = alloca i64 1"   --->   Operation 13 'alloca' 'n_loc' <Predicate = true> <Delay = 0.00>
ST_1 : Operation 14 [1/1] (0.00ns)   --->   "%indvars_iv1_loc = alloca i64 1"   --->   Operation 14 'alloca' 'indvars_iv1_loc' <Predicate = true> <Delay = 0.00>
ST_1 : Operation 15 [1/1] (2.32ns)   --->   "%arr = alloca i64 1" [Insert_sort/insertSort.cpp:21]   --->   Operation 15 'alloca' 'arr' <Predicate = true> <Delay = 2.32> <CoreInst = "RAM">   --->   Core 82 'RAM' <Latency = 1> <II = 1> <Delay = 2.32> <Storage> <Opcode : 'load' 'store'> <Ports = 2> <Width = 32> <Depth = 25> <RAM>
ST_1 : Operation 16 [1/1] (2.32ns)   --->   "%arr_1 = alloca i64 1" [Insert_sort/insertSort.cpp:21]   --->   Operation 16 'alloca' 'arr_1' <Predicate = true> <Delay = 2.32> <CoreInst = "RAM">   --->   Core 82 'RAM' <Latency = 1> <II = 1> <Delay = 2.32> <Storage> <Opcode : 'load' 'store'> <Ports = 2> <Width = 32> <Depth = 25> <RAM>
ST_1 : Operation 17 [1/1] (2.32ns)   --->   "%arr_2 = alloca i64 1" [Insert_sort/insertSort.cpp:21]   --->   Operation 17 'alloca' 'arr_2' <Predicate = true> <Delay = 2.32> <CoreInst = "RAM">   --->   Core 82 'RAM' <Latency = 1> <II = 1> <Delay = 2.32> <Storage> <Opcode : 'load' 'store'> <Ports = 2> <Width = 32> <Depth = 25> <RAM>
ST_1 : Operation 18 [1/1] (2.32ns)   --->   "%arr_3 = alloca i64 1" [Insert_sort/insertSort.cpp:21]   --->   Operation 18 'alloca' 'arr_3' <Predicate = true> <Delay = 2.32> <CoreInst = "RAM">   --->   Core 82 'RAM' <Latency = 1> <II = 1> <Delay = 2.32> <Storage> <Opcode : 'load' 'store'> <Ports = 2> <Width = 32> <Depth = 25> <RAM>
ST_1 : Operation 19 [1/1] (0.00ns)   --->   "%empty = wait i32 @_ssdm_op_Wait"   --->   Operation 19 'wait' 'empty' <Predicate = true> <Delay = 0.00>

State 2 <SV = 1> <Delay = 2.32>
ST_2 : Operation 20 [2/2] (2.32ns)   --->   "%call_ln0 = call void @insertion_sort_axis_Pipeline_VITIS_LOOP_31_1, i32 %in_stream_V_data_V, i4 %in_stream_V_keep_V, i4 %in_stream_V_strb_V, i1 %in_stream_V_last_V, i32 %arr, i32 %arr_1, i32 %arr_2, i32 %arr_3, i7 %indvars_iv1_loc, i7 %n_loc"   --->   Operation 20 'call' 'call_ln0' <Predicate = true> <Delay = 2.32> <CoreType = "Generic">   --->   Core 0 '' <Latency = 0> <II = 1> <Delay = 1.00> <Generic> <Opcode : >

State 3 <SV = 2> <Delay = 6.30>
ST_3 : Operation 21 [1/2] (6.30ns)   --->   "%call_ln0 = call void @insertion_sort_axis_Pipeline_VITIS_LOOP_31_1, i32 %in_stream_V_data_V, i4 %in_stream_V_keep_V, i4 %in_stream_V_strb_V, i1 %in_stream_V_last_V, i32 %arr, i32 %arr_1, i32 %arr_2, i32 %arr_3, i7 %indvars_iv1_loc, i7 %n_loc"   --->   Operation 21 'call' 'call_ln0' <Predicate = true> <Delay = 6.30> <CoreType = "Generic">   --->   Core 0 '' <Latency = 0> <II = 1> <Delay = 1.00> <Generic> <Opcode : >

State 4 <SV = 3> <Delay = 3.45>
ST_4 : Operation 22 [1/1] (0.00ns)   --->   "%spectopmodule_ln14 = spectopmodule void @_ssdm_op_SpecTopModule, void @empty_6" [Insert_sort/insertSort.cpp:14]   --->   Operation 22 'spectopmodule' 'spectopmodule_ln14' <Predicate = true> <Delay = 0.00>
ST_4 : Operation 23 [1/1] (0.00ns)   --->   "%specinterface_ln0 = specinterface void @_ssdm_op_SpecInterface, i32 %in_stream_V_data_V, i4 %in_stream_V_keep_V, i4 %in_stream_V_strb_V, i1 %in_stream_V_last_V, void @empty, i32 1, i32 1, void @empty_0, i32 0, i32 0, void @empty_1, void @empty_1, void @empty_1, i32 0, i32 0, i32 0, i32 0, void @empty_1, void @empty_1, i32 4294967295, i32 0"   --->   Operation 23 'specinterface' 'specinterface_ln0' <Predicate = true> <Delay = 0.00>
ST_4 : Operation 24 [1/1] (0.00ns)   --->   "%specbitsmap_ln0 = specbitsmap void @_ssdm_op_SpecBitsMap, i32 %in_stream_V_data_V"   --->   Operation 24 'specbitsmap' 'specbitsmap_ln0' <Predicate = true> <Delay = 0.00>
ST_4 : Operation 25 [1/1] (0.00ns)   --->   "%specbitsmap_ln0 = specbitsmap void @_ssdm_op_SpecBitsMap, i4 %in_stream_V_keep_V"   --->   Operation 25 'specbitsmap' 'specbitsmap_ln0' <Predicate = true> <Delay = 0.00>
ST_4 : Operation 26 [1/1] (0.00ns)   --->   "%specbitsmap_ln0 = specbitsmap void @_ssdm_op_SpecBitsMap, i4 %in_stream_V_strb_V"   --->   Operation 26 'specbitsmap' 'specbitsmap_ln0' <Predicate = true> <Delay = 0.00>
ST_4 : Operation 27 [1/1] (0.00ns)   --->   "%specbitsmap_ln0 = specbitsmap void @_ssdm_op_SpecBitsMap, i1 %in_stream_V_last_V"   --->   Operation 27 'specbitsmap' 'specbitsmap_ln0' <Predicate = true> <Delay = 0.00>
ST_4 : Operation 28 [1/1] (0.00ns)   --->   "%specinterface_ln0 = specinterface void @_ssdm_op_SpecInterface, i32 %out_stream_V_data_V, i4 %out_stream_V_keep_V, i4 %out_stream_V_strb_V, i1 %out_stream_V_last_V, void @empty, i32 1, i32 1, void @empty_0, i32 0, i32 0, void @empty_1, void @empty_1, void @empty_1, i32 0, i32 0, i32 0, i32 0, void @empty_1, void @empty_1, i32 4294967295, i32 0"   --->   Operation 28 'specinterface' 'specinterface_ln0' <Predicate = true> <Delay = 0.00>
ST_4 : Operation 29 [1/1] (0.00ns)   --->   "%specbitsmap_ln0 = specbitsmap void @_ssdm_op_SpecBitsMap, i32 %out_stream_V_data_V"   --->   Operation 29 'specbitsmap' 'specbitsmap_ln0' <Predicate = true> <Delay = 0.00>
ST_4 : Operation 30 [1/1] (0.00ns)   --->   "%specbitsmap_ln0 = specbitsmap void @_ssdm_op_SpecBitsMap, i4 %out_stream_V_keep_V"   --->   Operation 30 'specbitsmap' 'specbitsmap_ln0' <Predicate = true> <Delay = 0.00>
ST_4 : Operation 31 [1/1] (0.00ns)   --->   "%specbitsmap_ln0 = specbitsmap void @_ssdm_op_SpecBitsMap, i4 %out_stream_V_strb_V"   --->   Operation 31 'specbitsmap' 'specbitsmap_ln0' <Predicate = true> <Delay = 0.00>
ST_4 : Operation 32 [1/1] (0.00ns)   --->   "%specbitsmap_ln0 = specbitsmap void @_ssdm_op_SpecBitsMap, i1 %out_stream_V_last_V"   --->   Operation 32 'specbitsmap' 'specbitsmap_ln0' <Predicate = true> <Delay = 0.00>
ST_4 : Operation 33 [1/1] (0.00ns)   --->   "%specinterface_ln0 = specinterface void @_ssdm_op_SpecInterface, i32 0, void @empty_2, i32 0, i32 0, void @empty_1, i32 0, i32 0, void @empty_3, void @empty_1, void @empty_1, i32 0, i32 0, i32 0, i32 0, void @empty_1, void @empty_1, i32 4294967295, i32 0"   --->   Operation 33 'specinterface' 'specinterface_ln0' <Predicate = true> <Delay = 0.00>
ST_4 : Operation 34 [1/1] (0.00ns)   --->   "%specaxissidechannel_ln31 = specaxissidechannel void @_ssdm_op_SpecAXISSideChannel, i32 %out_stream_V_data_V, i4 %out_stream_V_keep_V, i4 %out_stream_V_strb_V, i1 0, i1 %out_stream_V_last_V, i1 0, i1 0, void @empty_4" [Insert_sort/insertSort.cpp:31]   --->   Operation 34 'specaxissidechannel' 'specaxissidechannel_ln31' <Predicate = true> <Delay = 0.00>
ST_4 : Operation 35 [1/1] (0.00ns)   --->   "%specaxissidechannel_ln31 = specaxissidechannel void @_ssdm_op_SpecAXISSideChannel, i32 %in_stream_V_data_V, i4 %in_stream_V_keep_V, i4 %in_stream_V_strb_V, i1 0, i1 %in_stream_V_last_V, i1 0, i1 0, void @empty_5" [Insert_sort/insertSort.cpp:31]   --->   Operation 35 'specaxissidechannel' 'specaxissidechannel_ln31' <Predicate = true> <Delay = 0.00>
ST_4 : Operation 36 [1/1] (0.00ns)   --->   "%indvars_iv1_loc_load = load i7 %indvars_iv1_loc"   --->   Operation 36 'load' 'indvars_iv1_loc_load' <Predicate = true> <Delay = 0.00>
ST_4 : Operation 37 [1/1] (0.00ns)   --->   "%n_loc_load = load i7 %n_loc"   --->   Operation 37 'load' 'n_loc_load' <Predicate = true> <Delay = 0.00>
ST_4 : Operation 38 [1/1] (0.00ns)   --->   "%empty_21 = wait i32 @_ssdm_op_Wait"   --->   Operation 38 'wait' 'empty_21' <Predicate = true> <Delay = 0.00>
ST_4 : Operation 39 [1/1] (1.87ns)   --->   "%icmp_ln39 = icmp_eq  i7 %n_loc_load, i7 0" [Insert_sort/insertSort.cpp:39]   --->   Operation 39 'icmp' 'icmp_ln39' <Predicate = true> <Delay = 1.87> <CoreInst = "Cmp">   --->   Core 9 'Cmp' <Latency = 0> <II = 1> <Delay = 1.87> <FuncUnit> <Opcode : 'icmp'> <InPorts = 2> <OutPorts = 1>
ST_4 : Operation 40 [1/1] (0.00ns)   --->   "%br_ln39 = br i1 %icmp_ln39, void %VITIS_LOOP_43_3.preheader, void %VITIS_LOOP_53_4" [Insert_sort/insertSort.cpp:39]   --->   Operation 40 'br' 'br_ln39' <Predicate = true> <Delay = 0.00>
ST_4 : Operation 41 [1/1] (0.00ns)   --->   "%indvars_iv82 = alloca i32 1"   --->   Operation 41 'alloca' 'indvars_iv82' <Predicate = (!icmp_ln39)> <Delay = 0.00>
ST_4 : Operation 42 [1/1] (0.00ns)   --->   "%i = alloca i32 1"   --->   Operation 42 'alloca' 'i' <Predicate = (!icmp_ln39)> <Delay = 0.00>
ST_4 : Operation 43 [1/1] (1.58ns)   --->   "%store_ln39 = store i7 1, i7 %i" [Insert_sort/insertSort.cpp:39]   --->   Operation 43 'store' 'store_ln39' <Predicate = (!icmp_ln39)> <Delay = 1.58>
ST_4 : Operation 44 [1/1] (1.58ns)   --->   "%store_ln39 = store i7 0, i7 %indvars_iv82" [Insert_sort/insertSort.cpp:39]   --->   Operation 44 'store' 'store_ln39' <Predicate = (!icmp_ln39)> <Delay = 1.58>
ST_4 : Operation 45 [1/1] (0.00ns)   --->   "%br_ln39 = br void %VITIS_LOOP_43_3" [Insert_sort/insertSort.cpp:39]   --->   Operation 45 'br' 'br_ln39' <Predicate = (!icmp_ln39)> <Delay = 0.00>

State 5 <SV = 4> <Delay = 5.32>
ST_5 : Operation 46 [1/1] (0.00ns)   --->   "%indvars_iv82_load = load i7 %indvars_iv82"   --->   Operation 46 'load' 'indvars_iv82_load' <Predicate = (!icmp_ln39)> <Delay = 0.00>
ST_5 : Operation 47 [1/1] (1.87ns)   --->   "%icmp_ln39_1 = icmp_eq  i7 %indvars_iv82_load, i7 %n_loc_load" [Insert_sort/insertSort.cpp:39]   --->   Operation 47 'icmp' 'icmp_ln39_1' <Predicate = (!icmp_ln39)> <Delay = 1.87> <CoreInst = "Cmp">   --->   Core 9 'Cmp' <Latency = 0> <II = 1> <Delay = 1.87> <FuncUnit> <Opcode : 'icmp'> <InPorts = 2> <OutPorts = 1>
ST_5 : Operation 48 [1/1] (0.00ns)   --->   "%empty_22 = speclooptripcount i32 @_ssdm_op_SpecLoopTripCount, i64 0, i64 99, i64 0"   --->   Operation 48 'speclooptripcount' 'empty_22' <Predicate = (!icmp_ln39)> <Delay = 0.00>
ST_5 : Operation 49 [1/1] (1.87ns)   --->   "%add_ln39_1 = add i7 %indvars_iv82_load, i7 1" [Insert_sort/insertSort.cpp:39]   --->   Operation 49 'add' 'add_ln39_1' <Predicate = (!icmp_ln39)> <Delay = 1.87> <CoreInst = "Adder">   --->   Core 1 'Adder' <Latency = 0> <II = 1> <Delay = 1.87> <FuncUnit> <Opcode : 'add' 'sub'> <InPorts = 2> <OutPorts = 1>
ST_5 : Operation 50 [1/1] (0.00ns)   --->   "%br_ln39 = br i1 %icmp_ln39_1, void %VITIS_LOOP_43_3.split, void %VITIS_LOOP_53_4.loopexit" [Insert_sort/insertSort.cpp:39]   --->   Operation 50 'br' 'br_ln39' <Predicate = (!icmp_ln39)> <Delay = 0.00>
ST_5 : Operation 51 [1/1] (0.00ns)   --->   "%i_load = load i7 %i" [Insert_sort/insertSort.cpp:39]   --->   Operation 51 'load' 'i_load' <Predicate = (!icmp_ln39 & !icmp_ln39_1)> <Delay = 0.00>
ST_5 : Operation 52 [1/1] (0.00ns)   --->   "%trunc_ln39 = trunc i7 %i_load" [Insert_sort/insertSort.cpp:39]   --->   Operation 52 'trunc' 'trunc_ln39' <Predicate = (!icmp_ln39 & !icmp_ln39_1)> <Delay = 0.00>
ST_5 : Operation 53 [1/1] (0.00ns)   --->   "%lshr_ln1 = partselect i5 @_ssdm_op_PartSelect.i5.i7.i32.i32, i7 %i_load, i32 2, i32 6" [Insert_sort/insertSort.cpp:39]   --->   Operation 53 'partselect' 'lshr_ln1' <Predicate = (!icmp_ln39 & !icmp_ln39_1)> <Delay = 0.00>
ST_5 : Operation 54 [1/1] (0.00ns)   --->   "%zext_ln39 = zext i5 %lshr_ln1" [Insert_sort/insertSort.cpp:39]   --->   Operation 54 'zext' 'zext_ln39' <Predicate = (!icmp_ln39 & !icmp_ln39_1)> <Delay = 0.00>
ST_5 : Operation 55 [1/1] (0.00ns)   --->   "%arr_addr_1 = getelementptr i32 %arr, i64 0, i64 %zext_ln39" [Insert_sort/insertSort.cpp:40]   --->   Operation 55 'getelementptr' 'arr_addr_1' <Predicate = (!icmp_ln39 & !icmp_ln39_1)> <Delay = 0.00>
ST_5 : Operation 56 [1/1] (0.00ns)   --->   "%arr_1_addr_1 = getelementptr i32 %arr_1, i64 0, i64 %zext_ln39" [Insert_sort/insertSort.cpp:40]   --->   Operation 56 'getelementptr' 'arr_1_addr_1' <Predicate = (!icmp_ln39 & !icmp_ln39_1)> <Delay = 0.00>
ST_5 : Operation 57 [1/1] (0.00ns)   --->   "%arr_2_addr_1 = getelementptr i32 %arr_2, i64 0, i64 %zext_ln39" [Insert_sort/insertSort.cpp:40]   --->   Operation 57 'getelementptr' 'arr_2_addr_1' <Predicate = (!icmp_ln39 & !icmp_ln39_1)> <Delay = 0.00>
ST_5 : Operation 58 [1/1] (0.00ns)   --->   "%arr_3_addr_1 = getelementptr i32 %arr_3, i64 0, i64 %zext_ln39" [Insert_sort/insertSort.cpp:40]   --->   Operation 58 'getelementptr' 'arr_3_addr_1' <Predicate = (!icmp_ln39 & !icmp_ln39_1)> <Delay = 0.00>
ST_5 : Operation 59 [2/2] (2.32ns)   --->   "%arr_load = load i5 %arr_addr_1" [Insert_sort/insertSort.cpp:40]   --->   Operation 59 'load' 'arr_load' <Predicate = (!icmp_ln39 & !icmp_ln39_1)> <Delay = 2.32> <CoreInst = "RAM">   --->   Core 82 'RAM' <Latency = 1> <II = 1> <Delay = 2.32> <Storage> <Opcode : 'load' 'store'> <Ports = 2> <Width = 32> <Depth = 25> <RAM>
ST_5 : Operation 60 [2/2] (2.32ns)   --->   "%arr_1_load = load i5 %arr_1_addr_1" [Insert_sort/insertSort.cpp:40]   --->   Operation 60 'load' 'arr_1_load' <Predicate = (!icmp_ln39 & !icmp_ln39_1)> <Delay = 2.32> <CoreInst = "RAM">   --->   Core 82 'RAM' <Latency = 1> <II = 1> <Delay = 2.32> <Storage> <Opcode : 'load' 'store'> <Ports = 2> <Width = 32> <Depth = 25> <RAM>
ST_5 : Operation 61 [2/2] (2.32ns)   --->   "%arr_2_load = load i5 %arr_2_addr_1" [Insert_sort/insertSort.cpp:40]   --->   Operation 61 'load' 'arr_2_load' <Predicate = (!icmp_ln39 & !icmp_ln39_1)> <Delay = 2.32> <CoreInst = "RAM">   --->   Core 82 'RAM' <Latency = 1> <II = 1> <Delay = 2.32> <Storage> <Opcode : 'load' 'store'> <Ports = 2> <Width = 32> <Depth = 25> <RAM>
ST_5 : Operation 62 [2/2] (2.32ns)   --->   "%arr_3_load = load i5 %arr_3_addr_1" [Insert_sort/insertSort.cpp:40]   --->   Operation 62 'load' 'arr_3_load' <Predicate = (!icmp_ln39 & !icmp_ln39_1)> <Delay = 2.32> <CoreInst = "RAM">   --->   Core 82 'RAM' <Latency = 1> <II = 1> <Delay = 2.32> <Storage> <Opcode : 'load' 'store'> <Ports = 2> <Width = 32> <Depth = 25> <RAM>
ST_5 : Operation 63 [1/1] (0.00ns)   --->   "%br_ln0 = br void %VITIS_LOOP_53_4"   --->   Operation 63 'br' 'br_ln0' <Predicate = (!icmp_ln39 & icmp_ln39_1)> <Delay = 0.00>
ST_5 : Operation 64 [1/1] (0.00ns)   --->   "%empty_23 = wait i32 @_ssdm_op_Wait"   --->   Operation 64 'wait' 'empty_23' <Predicate = (icmp_ln39_1) | (icmp_ln39)> <Delay = 0.00>
ST_5 : Operation 65 [2/2] (3.45ns)   --->   "%call_ln0 = call void @insertion_sort_axis_Pipeline_VITIS_LOOP_53_4, i7 %indvars_iv1_loc_load, i32 %arr, i32 %arr_1, i32 %arr_2, i32 %arr_3, i7 %n_loc_load, i32 %out_stream_V_data_V, i4 %out_stream_V_keep_V, i4 %out_stream_V_strb_V, i1 %out_stream_V_last_V"   --->   Operation 65 'call' 'call_ln0' <Predicate = (icmp_ln39_1) | (icmp_ln39)> <Delay = 3.45> <CoreType = "Generic">   --->   Core 0 '' <Latency = 0> <II = 1> <Delay = 1.00> <Generic> <Opcode : >

State 6 <SV = 5> <Delay = 4.14>
ST_6 : Operation 66 [1/2] (2.32ns)   --->   "%arr_load = load i5 %arr_addr_1" [Insert_sort/insertSort.cpp:40]   --->   Operation 66 'load' 'arr_load' <Predicate = true> <Delay = 2.32> <CoreInst = "RAM">   --->   Core 82 'RAM' <Latency = 1> <II = 1> <Delay = 2.32> <Storage> <Opcode : 'load' 'store'> <Ports = 2> <Width = 32> <Depth = 25> <RAM>
ST_6 : Operation 67 [1/2] (2.32ns)   --->   "%arr_1_load = load i5 %arr_1_addr_1" [Insert_sort/insertSort.cpp:40]   --->   Operation 67 'load' 'arr_1_load' <Predicate = true> <Delay = 2.32> <CoreInst = "RAM">   --->   Core 82 'RAM' <Latency = 1> <II = 1> <Delay = 2.32> <Storage> <Opcode : 'load' 'store'> <Ports = 2> <Width = 32> <Depth = 25> <RAM>
ST_6 : Operation 68 [1/2] (2.32ns)   --->   "%arr_2_load = load i5 %arr_2_addr_1" [Insert_sort/insertSort.cpp:40]   --->   Operation 68 'load' 'arr_2_load' <Predicate = true> <Delay = 2.32> <CoreInst = "RAM">   --->   Core 82 'RAM' <Latency = 1> <II = 1> <Delay = 2.32> <Storage> <Opcode : 'load' 'store'> <Ports = 2> <Width = 32> <Depth = 25> <RAM>
ST_6 : Operation 69 [1/2] (2.32ns)   --->   "%arr_3_load = load i5 %arr_3_addr_1" [Insert_sort/insertSort.cpp:40]   --->   Operation 69 'load' 'arr_3_load' <Predicate = true> <Delay = 2.32> <CoreInst = "RAM">   --->   Core 82 'RAM' <Latency = 1> <II = 1> <Delay = 2.32> <Storage> <Opcode : 'load' 'store'> <Ports = 2> <Width = 32> <Depth = 25> <RAM>
ST_6 : Operation 70 [1/1] (1.82ns)   --->   "%key = mux i32 @_ssdm_op_Mux.ap_auto.4i32.i2, i32 %arr_load, i32 %arr_1_load, i32 %arr_2_load, i32 %arr_3_load, i2 %trunc_ln39" [Insert_sort/insertSort.cpp:40]   --->   Operation 70 'mux' 'key' <Predicate = true> <Delay = 1.82> <CoreInst = "Multiplexer">   --->   Core 76 'Multiplexer' <Latency = 0> <II = 1> <Delay = 1.82> <FuncUnit> <Opcode : 'mux'> <InPorts = 2> <OutPorts = 1>

State 7 <SV = 6> <Delay = 1.58>
ST_7 : Operation 71 [2/2] (1.58ns)   --->   "%call_ln40 = call void @insertion_sort_axis_Pipeline_VITIS_LOOP_43_3, i7 %indvars_iv82_load, i32 %arr, i32 %arr_1, i32 %arr_2, i32 %arr_3, i32 %key, i7 %j_loc" [Insert_sort/insertSort.cpp:40]   --->   Operation 71 'call' 'call_ln40' <Predicate = true> <Delay = 1.58> <CoreType = "Generic">   --->   Core 0 '' <Latency = 0> <II = 1> <Delay = 1.00> <Generic> <Opcode : >

State 8 <SV = 7> <Delay = 0.00>
ST_8 : Operation 72 [1/2] (0.00ns)   --->   "%call_ln40 = call void @insertion_sort_axis_Pipeline_VITIS_LOOP_43_3, i7 %indvars_iv82_load, i32 %arr, i32 %arr_1, i32 %arr_2, i32 %arr_3, i32 %key, i7 %j_loc" [Insert_sort/insertSort.cpp:40]   --->   Operation 72 'call' 'call_ln40' <Predicate = true> <Delay = 0.00> <CoreType = "Generic">   --->   Core 0 '' <Latency = 0> <II = 1> <Delay = 1.00> <Generic> <Opcode : >

State 9 <SV = 8> <Delay = 4.19>
ST_9 : Operation 73 [1/1] (0.00ns)   --->   "%specloopname_ln39 = specloopname void @_ssdm_op_SpecLoopName, void @empty_9" [Insert_sort/insertSort.cpp:39]   --->   Operation 73 'specloopname' 'specloopname_ln39' <Predicate = true> <Delay = 0.00>
ST_9 : Operation 74 [1/1] (0.00ns)   --->   "%j_loc_load = load i7 %j_loc"   --->   Operation 74 'load' 'j_loc_load' <Predicate = true> <Delay = 0.00>
ST_9 : Operation 75 [1/1] (0.00ns)   --->   "%trunc_ln47 = trunc i7 %j_loc_load" [Insert_sort/insertSort.cpp:47]   --->   Operation 75 'trunc' 'trunc_ln47' <Predicate = true> <Delay = 0.00>
ST_9 : Operation 76 [1/1] (1.87ns)   --->   "%add_ln47 = add i7 %j_loc_load, i7 1" [Insert_sort/insertSort.cpp:47]   --->   Operation 76 'add' 'add_ln47' <Predicate = true> <Delay = 1.87> <CoreInst = "Adder">   --->   Core 1 'Adder' <Latency = 0> <II = 1> <Delay = 1.87> <FuncUnit> <Opcode : 'add' 'sub'> <InPorts = 2> <OutPorts = 1>
ST_9 : Operation 77 [1/1] (0.00ns)   --->   "%lshr_ln3 = partselect i5 @_ssdm_op_PartSelect.i5.i7.i32.i32, i7 %add_ln47, i32 2, i32 6" [Insert_sort/insertSort.cpp:47]   --->   Operation 77 'partselect' 'lshr_ln3' <Predicate = true> <Delay = 0.00>
ST_9 : Operation 78 [1/1] (0.00ns)   --->   "%zext_ln47 = zext i5 %lshr_ln3" [Insert_sort/insertSort.cpp:47]   --->   Operation 78 'zext' 'zext_ln47' <Predicate = true> <Delay = 0.00>
ST_9 : Operation 79 [1/1] (0.00ns)   --->   "%arr_addr = getelementptr i32 %arr, i64 0, i64 %zext_ln47" [Insert_sort/insertSort.cpp:47]   --->   Operation 79 'getelementptr' 'arr_addr' <Predicate = true> <Delay = 0.00>
ST_9 : Operation 80 [1/1] (0.00ns)   --->   "%arr_1_addr = getelementptr i32 %arr_1, i64 0, i64 %zext_ln47" [Insert_sort/insertSort.cpp:47]   --->   Operation 80 'getelementptr' 'arr_1_addr' <Predicate = true> <Delay = 0.00>
ST_9 : Operation 81 [1/1] (0.00ns)   --->   "%arr_2_addr = getelementptr i32 %arr_2, i64 0, i64 %zext_ln47" [Insert_sort/insertSort.cpp:47]   --->   Operation 81 'getelementptr' 'arr_2_addr' <Predicate = true> <Delay = 0.00>
ST_9 : Operation 82 [1/1] (0.00ns)   --->   "%arr_3_addr = getelementptr i32 %arr_3, i64 0, i64 %zext_ln47" [Insert_sort/insertSort.cpp:47]   --->   Operation 82 'getelementptr' 'arr_3_addr' <Predicate = true> <Delay = 0.00>
ST_9 : Operation 83 [1/1] (1.86ns)   --->   "%switch_ln47 = switch i2 %trunc_ln47, void %arrayidx17.case.0, i2 2, void %arrayidx17.case.3, i2 0, void %arrayidx17.case.1, i2 1, void %arrayidx17.case.2" [Insert_sort/insertSort.cpp:47]   --->   Operation 83 'switch' 'switch_ln47' <Predicate = true> <Delay = 1.86>
ST_9 : Operation 84 [1/1] (2.32ns)   --->   "%store_ln47 = store i32 %key, i5 %arr_2_addr" [Insert_sort/insertSort.cpp:47]   --->   Operation 84 'store' 'store_ln47' <Predicate = (trunc_ln47 == 1)> <Delay = 2.32> <CoreInst = "RAM">   --->   Core 82 'RAM' <Latency = 1> <II = 1> <Delay = 2.32> <Storage> <Opcode : 'load' 'store'> <Ports = 2> <Width = 32> <Depth = 25> <RAM>
ST_9 : Operation 85 [1/1] (0.00ns)   --->   "%br_ln47 = br void %arrayidx17.exit" [Insert_sort/insertSort.cpp:47]   --->   Operation 85 'br' 'br_ln47' <Predicate = (trunc_ln47 == 1)> <Delay = 0.00>
ST_9 : Operation 86 [1/1] (2.32ns)   --->   "%store_ln47 = store i32 %key, i5 %arr_1_addr" [Insert_sort/insertSort.cpp:47]   --->   Operation 86 'store' 'store_ln47' <Predicate = (trunc_ln47 == 0)> <Delay = 2.32> <CoreInst = "RAM">   --->   Core 82 'RAM' <Latency = 1> <II = 1> <Delay = 2.32> <Storage> <Opcode : 'load' 'store'> <Ports = 2> <Width = 32> <Depth = 25> <RAM>
ST_9 : Operation 87 [1/1] (0.00ns)   --->   "%br_ln47 = br void %arrayidx17.exit" [Insert_sort/insertSort.cpp:47]   --->   Operation 87 'br' 'br_ln47' <Predicate = (trunc_ln47 == 0)> <Delay = 0.00>
ST_9 : Operation 88 [1/1] (2.32ns)   --->   "%store_ln47 = store i32 %key, i5 %arr_3_addr" [Insert_sort/insertSort.cpp:47]   --->   Operation 88 'store' 'store_ln47' <Predicate = (trunc_ln47 == 2)> <Delay = 2.32> <CoreInst = "RAM">   --->   Core 82 'RAM' <Latency = 1> <II = 1> <Delay = 2.32> <Storage> <Opcode : 'load' 'store'> <Ports = 2> <Width = 32> <Depth = 25> <RAM>
ST_9 : Operation 89 [1/1] (0.00ns)   --->   "%br_ln47 = br void %arrayidx17.exit" [Insert_sort/insertSort.cpp:47]   --->   Operation 89 'br' 'br_ln47' <Predicate = (trunc_ln47 == 2)> <Delay = 0.00>
ST_9 : Operation 90 [1/1] (2.32ns)   --->   "%store_ln47 = store i32 %key, i5 %arr_addr" [Insert_sort/insertSort.cpp:47]   --->   Operation 90 'store' 'store_ln47' <Predicate = (trunc_ln47 == 3)> <Delay = 2.32> <CoreInst = "RAM">   --->   Core 82 'RAM' <Latency = 1> <II = 1> <Delay = 2.32> <Storage> <Opcode : 'load' 'store'> <Ports = 2> <Width = 32> <Depth = 25> <RAM>
ST_9 : Operation 91 [1/1] (0.00ns)   --->   "%br_ln47 = br void %arrayidx17.exit" [Insert_sort/insertSort.cpp:47]   --->   Operation 91 'br' 'br_ln47' <Predicate = (trunc_ln47 == 3)> <Delay = 0.00>
ST_9 : Operation 92 [1/1] (0.00ns)   --->   "%i_load_1 = load i7 %i" [Insert_sort/insertSort.cpp:39]   --->   Operation 92 'load' 'i_load_1' <Predicate = true> <Delay = 0.00>
ST_9 : Operation 93 [1/1] (1.87ns)   --->   "%add_ln39 = add i7 %i_load_1, i7 1" [Insert_sort/insertSort.cpp:39]   --->   Operation 93 'add' 'add_ln39' <Predicate = true> <Delay = 1.87> <CoreInst = "Adder">   --->   Core 1 'Adder' <Latency = 0> <II = 1> <Delay = 1.87> <FuncUnit> <Opcode : 'add' 'sub'> <InPorts = 2> <OutPorts = 1>
ST_9 : Operation 94 [1/1] (1.58ns)   --->   "%store_ln39 = store i7 %add_ln39, i7 %i" [Insert_sort/insertSort.cpp:39]   --->   Operation 94 'store' 'store_ln39' <Predicate = true> <Delay = 1.58>
ST_9 : Operation 95 [1/1] (1.58ns)   --->   "%store_ln39 = store i7 %add_ln39_1, i7 %indvars_iv82" [Insert_sort/insertSort.cpp:39]   --->   Operation 95 'store' 'store_ln39' <Predicate = true> <Delay = 1.58>
ST_9 : Operation 96 [1/1] (0.00ns)   --->   "%br_ln39 = br void %VITIS_LOOP_43_3" [Insert_sort/insertSort.cpp:39]   --->   Operation 96 'br' 'br_ln39' <Predicate = true> <Delay = 0.00>

State 10 <SV = 5> <Delay = 4.14>
ST_10 : Operation 97 [1/2] (4.14ns)   --->   "%call_ln0 = call void @insertion_sort_axis_Pipeline_VITIS_LOOP_53_4, i7 %indvars_iv1_loc_load, i32 %arr, i32 %arr_1, i32 %arr_2, i32 %arr_3, i7 %n_loc_load, i32 %out_stream_V_data_V, i4 %out_stream_V_keep_V, i4 %out_stream_V_strb_V, i1 %out_stream_V_last_V"   --->   Operation 97 'call' 'call_ln0' <Predicate = true> <Delay = 4.14> <CoreType = "Generic">   --->   Core 0 '' <Latency = 0> <II = 1> <Delay = 1.00> <Generic> <Opcode : >

State 11 <SV = 6> <Delay = 0.00>
ST_11 : Operation 98 [1/1] (0.00ns)   --->   "%ret_ln63 = ret" [Insert_sort/insertSort.cpp:63]   --->   Operation 98 'ret' 'ret_ln63' <Predicate = true> <Delay = 0.00>


============================================================
+ Verbose Summary: Binding
============================================================
STG Binding: 
---------------- STG Properties BEGIN ----------------
- Is combinational: 0
- Is one-state seq: 0
- Is datapath-only: 0
- Is pipelined: 0
- Is top level: 1
Port [ Return ] is wired: 1; IO mode=ap_ctrl_hs:ce=0
Port [ in_stream_V_data_V]:  wired=1; compound=1; hidden=0; nouse=0; global=0; static=0; extern=0; dir=0; type=0; pingpong=0; private_global=0; IO mode=axis:ce=0
Port [ in_stream_V_keep_V]:  wired=1; compound=1; hidden=0; nouse=0; global=0; static=0; extern=0; dir=0; type=0; pingpong=0; private_global=0; IO mode=axis:ce=0
Port [ in_stream_V_strb_V]:  wired=1; compound=1; hidden=0; nouse=0; global=0; static=0; extern=0; dir=0; type=0; pingpong=0; private_global=0; IO mode=axis:ce=0
Port [ in_stream_V_last_V]:  wired=1; compound=1; hidden=0; nouse=0; global=0; static=0; extern=0; dir=0; type=0; pingpong=0; private_global=0; IO mode=axis:ce=0
Port [ out_stream_V_data_V]:  wired=1; compound=1; hidden=0; nouse=0; global=0; static=0; extern=0; dir=1; type=0; pingpong=0; private_global=0; IO mode=axis:ce=0
Port [ out_stream_V_keep_V]:  wired=1; compound=1; hidden=0; nouse=0; global=0; static=0; extern=0; dir=1; type=0; pingpong=0; private_global=0; IO mode=axis:ce=0
Port [ out_stream_V_strb_V]:  wired=1; compound=1; hidden=0; nouse=0; global=0; static=0; extern=0; dir=1; type=0; pingpong=0; private_global=0; IO mode=axis:ce=0
Port [ out_stream_V_last_V]:  wired=1; compound=1; hidden=0; nouse=0; global=0; static=0; extern=0; dir=1; type=0; pingpong=0; private_global=0; IO mode=axis:ce=0
---------------- STG Properties END ------------------

---------------- Datapath Model BEGIN ----------------

<LifeTime>
<method=bitvector/>
j_loc                    (alloca             ) [ 001111111100]
n_loc                    (alloca             ) [ 001110000000]
indvars_iv1_loc          (alloca             ) [ 001110000000]
arr                      (alloca             ) [ 001111111110]
arr_1                    (alloca             ) [ 001111111110]
arr_2                    (alloca             ) [ 001111111110]
arr_3                    (alloca             ) [ 001111111110]
empty                    (wait               ) [ 000000000000]
call_ln0                 (call               ) [ 000000000000]
spectopmodule_ln14       (spectopmodule      ) [ 000000000000]
specinterface_ln0        (specinterface      ) [ 000000000000]
specbitsmap_ln0          (specbitsmap        ) [ 000000000000]
specbitsmap_ln0          (specbitsmap        ) [ 000000000000]
specbitsmap_ln0          (specbitsmap        ) [ 000000000000]
specbitsmap_ln0          (specbitsmap        ) [ 000000000000]
specinterface_ln0        (specinterface      ) [ 000000000000]
specbitsmap_ln0          (specbitsmap        ) [ 000000000000]
specbitsmap_ln0          (specbitsmap        ) [ 000000000000]
specbitsmap_ln0          (specbitsmap        ) [ 000000000000]
specbitsmap_ln0          (specbitsmap        ) [ 000000000000]
specinterface_ln0        (specinterface      ) [ 000000000000]
specaxissidechannel_ln31 (specaxissidechannel) [ 000000000000]
specaxissidechannel_ln31 (specaxissidechannel) [ 000000000000]
indvars_iv1_loc_load     (load               ) [ 000001111110]
n_loc_load               (load               ) [ 000001111110]
empty_21                 (wait               ) [ 000000000000]
icmp_ln39                (icmp               ) [ 000011111100]
br_ln39                  (br                 ) [ 000000000000]
indvars_iv82             (alloca             ) [ 000011111100]
i                        (alloca             ) [ 000011111100]
store_ln39               (store              ) [ 000000000000]
store_ln39               (store              ) [ 000000000000]
br_ln39                  (br                 ) [ 000000000000]
indvars_iv82_load        (load               ) [ 000000111000]
icmp_ln39_1              (icmp               ) [ 000001111100]
empty_22                 (speclooptripcount  ) [ 000000000000]
add_ln39_1               (add                ) [ 000000111100]
br_ln39                  (br                 ) [ 000000000000]
i_load                   (load               ) [ 000000000000]
trunc_ln39               (trunc              ) [ 000000100000]
lshr_ln1                 (partselect         ) [ 000000000000]
zext_ln39                (zext               ) [ 000000000000]
arr_addr_1               (getelementptr      ) [ 000000100000]
arr_1_addr_1             (getelementptr      ) [ 000000100000]
arr_2_addr_1             (getelementptr      ) [ 000000100000]
arr_3_addr_1             (getelementptr      ) [ 000000100000]
br_ln0                   (br                 ) [ 000000000000]
empty_23                 (wait               ) [ 000000000000]
arr_load                 (load               ) [ 000000000000]
arr_1_load               (load               ) [ 000000000000]
arr_2_load               (load               ) [ 000000000000]
arr_3_load               (load               ) [ 000000000000]
key                      (mux                ) [ 000000011100]
call_ln40                (call               ) [ 000000000000]
specloopname_ln39        (specloopname       ) [ 000000000000]
j_loc_load               (load               ) [ 000000000000]
trunc_ln47               (trunc              ) [ 000001111100]
add_ln47                 (add                ) [ 000000000000]
lshr_ln3                 (partselect         ) [ 000000000000]
zext_ln47                (zext               ) [ 000000000000]
arr_addr                 (getelementptr      ) [ 000000000000]
arr_1_addr               (getelementptr      ) [ 000000000000]
arr_2_addr               (getelementptr      ) [ 000000000000]
arr_3_addr               (getelementptr      ) [ 000000000000]
switch_ln47              (switch             ) [ 000000000000]
store_ln47               (store              ) [ 000000000000]
br_ln47                  (br                 ) [ 000000000000]
store_ln47               (store              ) [ 000000000000]
br_ln47                  (br                 ) [ 000000000000]
store_ln47               (store              ) [ 000000000000]
br_ln47                  (br                 ) [ 000000000000]
store_ln47               (store              ) [ 000000000000]
br_ln47                  (br                 ) [ 000000000000]
i_load_1                 (load               ) [ 000000000000]
add_ln39                 (add                ) [ 000000000000]
store_ln39               (store              ) [ 000000000000]
store_ln39               (store              ) [ 000000000000]
br_ln39                  (br                 ) [ 000000000000]
call_ln0                 (call               ) [ 000000000000]
ret_ln63                 (ret                ) [ 000000000000]
</LifeTime>

<model>

<comp_list>
<comp id="0" class="1000" name="in_stream_V_data_V">
<pin_list>
<pin id="1" dir="1" index="0" bw="1" slack="0"/>
</pin_list>
<bind>
<StgValue><ssdm name="in_stream_V_data_V"/></StgValue>
</bind>
</comp>

<comp id="2" class="1000" name="in_stream_V_keep_V">
<pin_list>
<pin id="3" dir="1" index="0" bw="1" slack="0"/>
</pin_list>
<bind>
<StgValue><ssdm name="in_stream_V_keep_V"/></StgValue>
</bind>
</comp>

<comp id="4" class="1000" name="in_stream_V_strb_V">
<pin_list>
<pin id="5" dir="1" index="0" bw="1" slack="0"/>
</pin_list>
<bind>
<StgValue><ssdm name="in_stream_V_strb_V"/></StgValue>
</bind>
</comp>

<comp id="6" class="1000" name="in_stream_V_last_V">
<pin_list>
<pin id="7" dir="1" index="0" bw="1" slack="0"/>
</pin_list>
<bind>
<StgValue><ssdm name="in_stream_V_last_V"/></StgValue>
</bind>
</comp>

<comp id="8" class="1000" name="out_stream_V_data_V">
<pin_list>
<pin id="9" dir="1" index="0" bw="1" slack="0"/>
</pin_list>
<bind>
<StgValue><ssdm name="out_stream_V_data_V"/></StgValue>
</bind>
</comp>

<comp id="10" class="1000" name="out_stream_V_keep_V">
<pin_list>
<pin id="11" dir="1" index="0" bw="1" slack="0"/>
</pin_list>
<bind>
<StgValue><ssdm name="out_stream_V_keep_V"/></StgValue>
</bind>
</comp>

<comp id="12" class="1000" name="out_stream_V_strb_V">
<pin_list>
<pin id="13" dir="1" index="0" bw="1" slack="0"/>
</pin_list>
<bind>
<StgValue><ssdm name="out_stream_V_strb_V"/></StgValue>
</bind>
</comp>

<comp id="14" class="1000" name="out_stream_V_last_V">
<pin_list>
<pin id="15" dir="1" index="0" bw="1" slack="0"/>
</pin_list>
<bind>
<StgValue><ssdm name="out_stream_V_last_V"/></StgValue>
</bind>
</comp>

<comp id="16" class="1001" name="const_16">
<pin_list>
<pin id="17" dir="1" index="0" bw="1" slack="0"/>
</pin_list>
<bind>
<StgValue><ssdm name=""/></StgValue>
</bind>
</comp>

<comp id="18" class="1001" name="const_18">
<pin_list>
<pin id="19" dir="1" index="0" bw="1" slack="2147483647"/>
</pin_list>
<bind>
<StgValue><ssdm name="_ssdm_op_Wait"/></StgValue>
</bind>
</comp>

<comp id="20" class="1001" name="const_20">
<pin_list>
<pin id="21" dir="1" index="0" bw="1" slack="0"/>
</pin_list>
<bind>
<StgValue><ssdm name="insertion_sort_axis_Pipeline_VITIS_LOOP_31_1"/></StgValue>
</bind>
</comp>

<comp id="22" class="1001" name="const_22">
<pin_list>
<pin id="23" dir="1" index="0" bw="1" slack="2147483647"/>
</pin_list>
<bind>
<StgValue><ssdm name="_ssdm_op_SpecTopModule"/></StgValue>
</bind>
</comp>

<comp id="24" class="1001" name="const_24">
<pin_list>
<pin id="25" dir="1" index="0" bw="1" slack="2147483647"/>
</pin_list>
<bind>
<StgValue><ssdm name="empty_6"/></StgValue>
</bind>
</comp>

<comp id="26" class="1001" name="const_26">
<pin_list>
<pin id="27" dir="1" index="0" bw="1" slack="2147483647"/>
</pin_list>
<bind>
<StgValue><ssdm name="_ssdm_op_SpecInterface"/></StgValue>
</bind>
</comp>

<comp id="28" class="1001" name="const_28">
<pin_list>
<pin id="29" dir="1" index="0" bw="1" slack="2147483647"/>
</pin_list>
<bind>
<StgValue><ssdm name="empty"/></StgValue>
</bind>
</comp>

<comp id="30" class="1001" name="const_30">
<pin_list>
<pin id="31" dir="1" index="0" bw="1" slack="0"/>
</pin_list>
<bind>
<StgValue><ssdm name=""/></StgValue>
</bind>
</comp>

<comp id="32" class="1001" name="const_32">
<pin_list>
<pin id="33" dir="1" index="0" bw="1" slack="2147483647"/>
</pin_list>
<bind>
<StgValue><ssdm name="empty_0"/></StgValue>
</bind>
</comp>

<comp id="34" class="1001" name="const_34">
<pin_list>
<pin id="35" dir="1" index="0" bw="1" slack="2147483647"/>
</pin_list>
<bind>
<StgValue><ssdm name=""/></StgValue>
</bind>
</comp>

<comp id="36" class="1001" name="const_36">
<pin_list>
<pin id="37" dir="1" index="0" bw="1" slack="2147483647"/>
</pin_list>
<bind>
<StgValue><ssdm name="empty_1"/></StgValue>
</bind>
</comp>

<comp id="38" class="1001" name="const_38">
<pin_list>
<pin id="39" dir="1" index="0" bw="1" slack="2147483647"/>
</pin_list>
<bind>
<StgValue><ssdm name=""/></StgValue>
</bind>
</comp>

<comp id="40" class="1001" name="const_40">
<pin_list>
<pin id="41" dir="1" index="0" bw="1" slack="2147483647"/>
</pin_list>
<bind>
<StgValue><ssdm name="_ssdm_op_SpecBitsMap"/></StgValue>
</bind>
</comp>

<comp id="42" class="1001" name="const_42">
<pin_list>
<pin id="43" dir="1" index="0" bw="1" slack="2147483647"/>
</pin_list>
<bind>
<StgValue><ssdm name="empty_2"/></StgValue>
</bind>
</comp>

<comp id="44" class="1001" name="const_44">
<pin_list>
<pin id="45" dir="1" index="0" bw="1" slack="2147483647"/>
</pin_list>
<bind>
<StgValue><ssdm name="empty_3"/></StgValue>
</bind>
</comp>

<comp id="46" class="1001" name="const_46">
<pin_list>
<pin id="47" dir="1" index="0" bw="1" slack="2147483647"/>
</pin_list>
<bind>
<StgValue><ssdm name="_ssdm_op_SpecAXISSideChannel"/></StgValue>
</bind>
</comp>

<comp id="48" class="1001" name="const_48">
<pin_list>
<pin id="49" dir="1" index="0" bw="1" slack="2147483647"/>
</pin_list>
<bind>
<StgValue><ssdm name=""/></StgValue>
</bind>
</comp>

<comp id="50" class="1001" name="const_50">
<pin_list>
<pin id="51" dir="1" index="0" bw="1" slack="2147483647"/>
</pin_list>
<bind>
<StgValue><ssdm name="empty_4"/></StgValue>
</bind>
</comp>

<comp id="52" class="1001" name="const_52">
<pin_list>
<pin id="53" dir="1" index="0" bw="1" slack="2147483647"/>
</pin_list>
<bind>
<StgValue><ssdm name="empty_5"/></StgValue>
</bind>
</comp>

<comp id="54" class="1001" name="const_54">
<pin_list>
<pin id="55" dir="1" index="0" bw="1" slack="0"/>
</pin_list>
<bind>
<StgValue><ssdm name=""/></StgValue>
</bind>
</comp>

<comp id="56" class="1001" name="const_56">
<pin_list>
<pin id="57" dir="1" index="0" bw="1" slack="0"/>
</pin_list>
<bind>
<StgValue><ssdm name=""/></StgValue>
</bind>
</comp>

<comp id="58" class="1001" name="const_58">
<pin_list>
<pin id="59" dir="1" index="0" bw="1" slack="2147483647"/>
</pin_list>
<bind>
<StgValue><ssdm name="_ssdm_op_SpecLoopTripCount"/></StgValue>
</bind>
</comp>

<comp id="60" class="1001" name="const_60">
<pin_list>
<pin id="61" dir="1" index="0" bw="1" slack="0"/>
</pin_list>
<bind>
<StgValue><ssdm name=""/></StgValue>
</bind>
</comp>

<comp id="62" class="1001" name="const_62">
<pin_list>
<pin id="63" dir="1" index="0" bw="1" slack="2147483647"/>
</pin_list>
<bind>
<StgValue><ssdm name=""/></StgValue>
</bind>
</comp>

<comp id="64" class="1001" name="const_64">
<pin_list>
<pin id="65" dir="1" index="0" bw="1" slack="0"/>
</pin_list>
<bind>
<StgValue><ssdm name="_ssdm_op_PartSelect.i5.i7.i32.i32"/></StgValue>
</bind>
</comp>

<comp id="66" class="1001" name="const_66">
<pin_list>
<pin id="67" dir="1" index="0" bw="1" slack="0"/>
</pin_list>
<bind>
<StgValue><ssdm name=""/></StgValue>
</bind>
</comp>

<comp id="68" class="1001" name="const_68">
<pin_list>
<pin id="69" dir="1" index="0" bw="1" slack="0"/>
</pin_list>
<bind>
<StgValue><ssdm name=""/></StgValue>
</bind>
</comp>

<comp id="70" class="1001" name="const_70">
<pin_list>
<pin id="71" dir="1" index="0" bw="1" slack="0"/>
</pin_list>
<bind>
<StgValue><ssdm name="insertion_sort_axis_Pipeline_VITIS_LOOP_53_4"/></StgValue>
</bind>
</comp>

<comp id="72" class="1001" name="const_72">
<pin_list>
<pin id="73" dir="1" index="0" bw="1" slack="0"/>
</pin_list>
<bind>
<StgValue><ssdm name="_ssdm_op_Mux.ap_auto.4i32.i2"/></StgValue>
</bind>
</comp>

<comp id="74" class="1001" name="const_74">
<pin_list>
<pin id="75" dir="1" index="0" bw="1" slack="0"/>
</pin_list>
<bind>
<StgValue><ssdm name="insertion_sort_axis_Pipeline_VITIS_LOOP_43_3"/></StgValue>
</bind>
</comp>

<comp id="76" class="1001" name="const_76">
<pin_list>
<pin id="77" dir="1" index="0" bw="1" slack="2147483647"/>
</pin_list>
<bind>
<StgValue><ssdm name="_ssdm_op_SpecLoopName"/></StgValue>
</bind>
</comp>

<comp id="78" class="1001" name="const_78">
<pin_list>
<pin id="79" dir="1" index="0" bw="1" slack="2147483647"/>
</pin_list>
<bind>
<StgValue><ssdm name="empty_9"/></StgValue>
</bind>
</comp>

<comp id="80" class="1001" name="const_80">
<pin_list>
<pin id="81" dir="1" index="0" bw="1" slack="2147483647"/>
</pin_list>
<bind>
<StgValue><ssdm name=""/></StgValue>
</bind>
</comp>

<comp id="82" class="1001" name="const_82">
<pin_list>
<pin id="83" dir="1" index="0" bw="1" slack="2147483647"/>
</pin_list>
<bind>
<StgValue><ssdm name=""/></StgValue>
</bind>
</comp>

<comp id="84" class="1001" name="const_84">
<pin_list>
<pin id="85" dir="1" index="0" bw="1" slack="2147483647"/>
</pin_list>
<bind>
<StgValue><ssdm name=""/></StgValue>
</bind>
</comp>

<comp id="86" class="1004" name="j_loc_fu_86">
<pin_list>
<pin id="87" dir="0" index="0" bw="1" slack="0"/>
<pin id="88" dir="1" index="1" bw="7" slack="6"/>
</pin_list>
<bind>
<opcode="alloca(26) " fcode="alloca"/>
<opset="j_loc/1 "/>
</bind>
</comp>

<comp id="90" class="1004" name="n_loc_fu_90">
<pin_list>
<pin id="91" dir="0" index="0" bw="1" slack="0"/>
<pin id="92" dir="1" index="1" bw="7" slack="1"/>
</pin_list>
<bind>
<opcode="alloca(26) " fcode="alloca"/>
<opset="n_loc/1 "/>
</bind>
</comp>

<comp id="94" class="1004" name="indvars_iv1_loc_fu_94">
<pin_list>
<pin id="95" dir="0" index="0" bw="1" slack="0"/>
<pin id="96" dir="1" index="1" bw="7" slack="1"/>
</pin_list>
<bind>
<opcode="alloca(26) " fcode="alloca"/>
<opset="indvars_iv1_loc/1 "/>
</bind>
</comp>

<comp id="98" class="1004" name="arr_alloca_fu_98">
<pin_list>
<pin id="99" dir="0" index="0" bw="1" slack="0"/>
<pin id="100" dir="1" index="1" bw="32" slack="2147483647"/>
</pin_list>
<bind>
<opcode="alloca(26) " fcode="alloca"/>
<opset="arr/1 "/>
</bind>
</comp>

<comp id="102" class="1004" name="arr_1_alloca_fu_102">
<pin_list>
<pin id="103" dir="0" index="0" bw="1" slack="0"/>
<pin id="104" dir="1" index="1" bw="32" slack="2147483647"/>
</pin_list>
<bind>
<opcode="alloca(26) " fcode="alloca"/>
<opset="arr_1/1 "/>
</bind>
</comp>

<comp id="106" class="1004" name="arr_2_alloca_fu_106">
<pin_list>
<pin id="107" dir="0" index="0" bw="1" slack="0"/>
<pin id="108" dir="1" index="1" bw="32" slack="2147483647"/>
</pin_list>
<bind>
<opcode="alloca(26) " fcode="alloca"/>
<opset="arr_2/1 "/>
</bind>
</comp>

<comp id="110" class="1004" name="arr_3_alloca_fu_110">
<pin_list>
<pin id="111" dir="0" index="0" bw="1" slack="0"/>
<pin id="112" dir="1" index="1" bw="32" slack="2147483647"/>
</pin_list>
<bind>
<opcode="alloca(26) " fcode="alloca"/>
<opset="arr_3/1 "/>
</bind>
</comp>

<comp id="114" class="1004" name="indvars_iv82_fu_114">
<pin_list>
<pin id="115" dir="0" index="0" bw="1" slack="0"/>
<pin id="116" dir="1" index="1" bw="7" slack="0"/>
</pin_list>
<bind>
<opcode="alloca(26) " fcode="alloca"/>
<opset="indvars_iv82/4 "/>
</bind>
</comp>

<comp id="118" class="1004" name="i_fu_118">
<pin_list>
<pin id="119" dir="0" index="0" bw="1" slack="0"/>
<pin id="120" dir="1" index="1" bw="7" slack="0"/>
</pin_list>
<bind>
<opcode="alloca(26) " fcode="alloca"/>
<opset="i/4 "/>
</bind>
</comp>

<comp id="122" class="1004" name="arr_addr_1_gep_fu_122">
<pin_list>
<pin id="123" dir="0" index="0" bw="32" slack="2147483647"/>
<pin id="124" dir="0" index="1" bw="1" slack="0"/>
<pin id="125" dir="0" index="2" bw="5" slack="0"/>
<pin id="126" dir="1" index="3" bw="5" slack="0"/>
</pin_list>
<bind>
<opcode="getelementptr(29) " fcode="getelementptr"/>
<opset="arr_addr_1/5 "/>
</bind>
</comp>

<comp id="128" class="1004" name="arr_1_addr_1_gep_fu_128">
<pin_list>
<pin id="129" dir="0" index="0" bw="32" slack="2147483647"/>
<pin id="130" dir="0" index="1" bw="1" slack="0"/>
<pin id="131" dir="0" index="2" bw="5" slack="0"/>
<pin id="132" dir="1" index="3" bw="5" slack="0"/>
</pin_list>
<bind>
<opcode="getelementptr(29) " fcode="getelementptr"/>
<opset="arr_1_addr_1/5 "/>
</bind>
</comp>

<comp id="134" class="1004" name="arr_2_addr_1_gep_fu_134">
<pin_list>
<pin id="135" dir="0" index="0" bw="32" slack="2147483647"/>
<pin id="136" dir="0" index="1" bw="1" slack="0"/>
<pin id="137" dir="0" index="2" bw="5" slack="0"/>
<pin id="138" dir="1" index="3" bw="5" slack="0"/>
</pin_list>
<bind>
<opcode="getelementptr(29) " fcode="getelementptr"/>
<opset="arr_2_addr_1/5 "/>
</bind>
</comp>

<comp id="140" class="1004" name="arr_3_addr_1_gep_fu_140">
<pin_list>
<pin id="141" dir="0" index="0" bw="32" slack="2147483647"/>
<pin id="142" dir="0" index="1" bw="1" slack="0"/>
<pin id="143" dir="0" index="2" bw="5" slack="0"/>
<pin id="144" dir="1" index="3" bw="5" slack="0"/>
</pin_list>
<bind>
<opcode="getelementptr(29) " fcode="getelementptr"/>
<opset="arr_3_addr_1/5 "/>
</bind>
</comp>

<comp id="146" class="1004" name="grp_access_fu_146">
<pin_list>
<pin id="147" dir="0" index="0" bw="5" slack="0"/>
<pin id="148" dir="0" index="1" bw="32" slack="3"/>
<pin id="149" dir="0" index="2" bw="0" slack="2147483647"/>
<pin id="150" dir="1" index="3" bw="32" slack="0"/>
</pin_list>
<bind>
<opcode="load(27) store(28) " fcode="store"/>
<opset="arr_load/5 store_ln47/9 "/>
</bind>
</comp>

<comp id="152" class="1004" name="grp_access_fu_152">
<pin_list>
<pin id="153" dir="0" index="0" bw="5" slack="0"/>
<pin id="154" dir="0" index="1" bw="32" slack="3"/>
<pin id="155" dir="0" index="2" bw="0" slack="2147483647"/>
<pin id="156" dir="1" index="3" bw="32" slack="0"/>
</pin_list>
<bind>
<opcode="load(27) store(28) " fcode="store"/>
<opset="arr_1_load/5 store_ln47/9 "/>
</bind>
</comp>

<comp id="158" class="1004" name="grp_access_fu_158">
<pin_list>
<pin id="159" dir="0" index="0" bw="5" slack="0"/>
<pin id="160" dir="0" index="1" bw="32" slack="3"/>
<pin id="161" dir="0" index="2" bw="0" slack="2147483647"/>
<pin id="162" dir="1" index="3" bw="32" slack="0"/>
</pin_list>
<bind>
<opcode="load(27) store(28) " fcode="store"/>
<opset="arr_2_load/5 store_ln47/9 "/>
</bind>
</comp>

<comp id="164" class="1004" name="grp_access_fu_164">
<pin_list>
<pin id="165" dir="0" index="0" bw="5" slack="0"/>
<pin id="166" dir="0" index="1" bw="32" slack="3"/>
<pin id="167" dir="0" index="2" bw="0" slack="2147483647"/>
<pin id="168" dir="1" index="3" bw="32" slack="0"/>
</pin_list>
<bind>
<opcode="load(27) store(28) " fcode="store"/>
<opset="arr_3_load/5 store_ln47/9 "/>
</bind>
</comp>

<comp id="170" class="1004" name="arr_addr_gep_fu_170">
<pin_list>
<pin id="171" dir="0" index="0" bw="32" slack="2147483647"/>
<pin id="172" dir="0" index="1" bw="1" slack="0"/>
<pin id="173" dir="0" index="2" bw="5" slack="0"/>
<pin id="174" dir="1" index="3" bw="5" slack="0"/>
</pin_list>
<bind>
<opcode="getelementptr(29) " fcode="getelementptr"/>
<opset="arr_addr/9 "/>
</bind>
</comp>

<comp id="176" class="1004" name="arr_1_addr_gep_fu_176">
<pin_list>
<pin id="177" dir="0" index="0" bw="32" slack="2147483647"/>
<pin id="178" dir="0" index="1" bw="1" slack="0"/>
<pin id="179" dir="0" index="2" bw="5" slack="0"/>
<pin id="180" dir="1" index="3" bw="5" slack="0"/>
</pin_list>
<bind>
<opcode="getelementptr(29) " fcode="getelementptr"/>
<opset="arr_1_addr/9 "/>
</bind>
</comp>

<comp id="182" class="1004" name="arr_2_addr_gep_fu_182">
<pin_list>
<pin id="183" dir="0" index="0" bw="32" slack="2147483647"/>
<pin id="184" dir="0" index="1" bw="1" slack="0"/>
<pin id="185" dir="0" index="2" bw="5" slack="0"/>
<pin id="186" dir="1" index="3" bw="5" slack="0"/>
</pin_list>
<bind>
<opcode="getelementptr(29) " fcode="getelementptr"/>
<opset="arr_2_addr/9 "/>
</bind>
</comp>

<comp id="188" class="1004" name="arr_3_addr_gep_fu_188">
<pin_list>
<pin id="189" dir="0" index="0" bw="32" slack="2147483647"/>
<pin id="190" dir="0" index="1" bw="1" slack="0"/>
<pin id="191" dir="0" index="2" bw="5" slack="0"/>
<pin id="192" dir="1" index="3" bw="5" slack="0"/>
</pin_list>
<bind>
<opcode="getelementptr(29) " fcode="getelementptr"/>
<opset="arr_3_addr/9 "/>
</bind>
</comp>

<comp id="198" class="1004" name="grp_insertion_sort_axis_Pipeline_VITIS_LOOP_31_1_fu_198">
<pin_list>
<pin id="199" dir="0" index="0" bw="0" slack="0"/>
<pin id="200" dir="0" index="1" bw="32" slack="0"/>
<pin id="201" dir="0" index="2" bw="4" slack="0"/>
<pin id="202" dir="0" index="3" bw="4" slack="0"/>
<pin id="203" dir="0" index="4" bw="1" slack="0"/>
<pin id="204" dir="0" index="5" bw="32" slack="2147483647"/>
<pin id="205" dir="0" index="6" bw="32" slack="2147483647"/>
<pin id="206" dir="0" index="7" bw="32" slack="2147483647"/>
<pin id="207" dir="0" index="8" bw="32" slack="2147483647"/>
<pin id="208" dir="0" index="9" bw="7" slack="1"/>
<pin id="209" dir="0" index="10" bw="7" slack="1"/>
<pin id="210" dir="1" index="11" bw="0" slack="2147483647"/>
</pin_list>
<bind>
<opcode="call(48) " fcode="call"/>
<opset="call_ln0/2 "/>
</bind>
</comp>

<comp id="216" class="1004" name="grp_insertion_sort_axis_Pipeline_VITIS_LOOP_53_4_fu_216">
<pin_list>
<pin id="217" dir="0" index="0" bw="0" slack="0"/>
<pin id="218" dir="0" index="1" bw="7" slack="2147483647"/>
<pin id="219" dir="0" index="2" bw="32" slack="2147483647"/>
<pin id="220" dir="0" index="3" bw="32" slack="2147483647"/>
<pin id="221" dir="0" index="4" bw="32" slack="2147483647"/>
<pin id="222" dir="0" index="5" bw="32" slack="2147483647"/>
<pin id="223" dir="0" index="6" bw="7" slack="2147483647"/>
<pin id="224" dir="0" index="7" bw="32" slack="0"/>
<pin id="225" dir="0" index="8" bw="4" slack="0"/>
<pin id="226" dir="0" index="9" bw="4" slack="0"/>
<pin id="227" dir="0" index="10" bw="1" slack="0"/>
<pin id="228" dir="1" index="11" bw="0" slack="2147483647"/>
</pin_list>
<bind>
<opcode="call(48) " fcode="call"/>
<opset="call_ln0/5 "/>
</bind>
</comp>

<comp id="234" class="1004" name="grp_insertion_sort_axis_Pipeline_VITIS_LOOP_43_3_fu_234">
<pin_list>
<pin id="235" dir="0" index="0" bw="0" slack="0"/>
<pin id="236" dir="0" index="1" bw="7" slack="2147483647"/>
<pin id="237" dir="0" index="2" bw="32" slack="2147483647"/>
<pin id="238" dir="0" index="3" bw="32" slack="2147483647"/>
<pin id="239" dir="0" index="4" bw="32" slack="2147483647"/>
<pin id="240" dir="0" index="5" bw="32" slack="2147483647"/>
<pin id="241" dir="0" index="6" bw="32" slack="1"/>
<pin id="242" dir="0" index="7" bw="7" slack="6"/>
<pin id="243" dir="1" index="8" bw="0" slack="2147483647"/>
</pin_list>
<bind>
<opcode="call(48) " fcode="call"/>
<opset="call_ln40/7 "/>
</bind>
</comp>

<comp id="245" class="1004" name="grp_load_fu_245">
<pin_list>
<pin id="246" dir="0" index="0" bw="7" slack="1"/>
<pin id="247" dir="1" index="1" bw="7" slack="0"/>
</pin_list>
<bind>
<opcode="load(27) " fcode="load"/>
<opset="i_load/5 i_load_1/9 "/>
</bind>
</comp>

<comp id="248" class="1004" name="indvars_iv1_loc_load_load_fu_248">
<pin_list>
<pin id="249" dir="0" index="0" bw="7" slack="3"/>
<pin id="250" dir="1" index="1" bw="7" slack="2147483647"/>
</pin_list>
<bind>
<opcode="load(27) " fcode="load"/>
<opset="indvars_iv1_loc_load/4 "/>
</bind>
</comp>

<comp id="251" class="1004" name="n_loc_load_load_fu_251">
<pin_list>
<pin id="252" dir="0" index="0" bw="7" slack="3"/>
<pin id="253" dir="1" index="1" bw="7" slack="0"/>
</pin_list>
<bind>
<opcode="load(27) " fcode="load"/>
<opset="n_loc_load/4 "/>
</bind>
</comp>

<comp id="254" class="1004" name="icmp_ln39_fu_254">
<pin_list>
<pin id="255" dir="0" index="0" bw="7" slack="0"/>
<pin id="256" dir="0" index="1" bw="1" slack="0"/>
<pin id="257" dir="1" index="2" bw="1" slack="1"/>
</pin_list>
<bind>
<opcode="icmp(45) " fcode="icmp"/>
<opset="icmp_ln39/4 "/>
</bind>
</comp>

<comp id="260" class="1004" name="store_ln39_store_fu_260">
<pin_list>
<pin id="261" dir="0" index="0" bw="1" slack="0"/>
<pin id="262" dir="0" index="1" bw="7" slack="0"/>
<pin id="263" dir="1" index="2" bw="0" slack="2147483647"/>
</pin_list>
<bind>
<opcode="store(28) " fcode="store"/>
<opset="store_ln39/4 "/>
</bind>
</comp>

<comp id="265" class="1004" name="store_ln39_store_fu_265">
<pin_list>
<pin id="266" dir="0" index="0" bw="1" slack="0"/>
<pin id="267" dir="0" index="1" bw="7" slack="0"/>
<pin id="268" dir="1" index="2" bw="0" slack="2147483647"/>
</pin_list>
<bind>
<opcode="store(28) " fcode="store"/>
<opset="store_ln39/4 "/>
</bind>
</comp>

<comp id="270" class="1004" name="indvars_iv82_load_load_fu_270">
<pin_list>
<pin id="271" dir="0" index="0" bw="7" slack="1"/>
<pin id="272" dir="1" index="1" bw="7" slack="0"/>
</pin_list>
<bind>
<opcode="load(27) " fcode="load"/>
<opset="indvars_iv82_load/5 "/>
</bind>
</comp>

<comp id="273" class="1004" name="icmp_ln39_1_fu_273">
<pin_list>
<pin id="274" dir="0" index="0" bw="7" slack="0"/>
<pin id="275" dir="0" index="1" bw="7" slack="2147483647"/>
<pin id="276" dir="1" index="2" bw="1" slack="2147483647"/>
</pin_list>
<bind>
<opcode="icmp(45) " fcode="icmp"/>
<opset="icmp_ln39_1/5 "/>
</bind>
</comp>

<comp id="278" class="1004" name="add_ln39_1_fu_278">
<pin_list>
<pin id="279" dir="0" index="0" bw="7" slack="0"/>
<pin id="280" dir="0" index="1" bw="1" slack="0"/>
<pin id="281" dir="1" index="2" bw="7" slack="4"/>
</pin_list>
<bind>
<opcode="add(8) " fcode="add"/>
<opset="add_ln39_1/5 "/>
</bind>
</comp>

<comp id="284" class="1004" name="trunc_ln39_fu_284">
<pin_list>
<pin id="285" dir="0" index="0" bw="7" slack="0"/>
<pin id="286" dir="1" index="1" bw="2" slack="1"/>
</pin_list>
<bind>
<opcode="trunc(33) " fcode="trunc"/>
<opset="trunc_ln39/5 "/>
</bind>
</comp>

<comp id="288" class="1004" name="lshr_ln1_fu_288">
<pin_list>
<pin id="289" dir="0" index="0" bw="5" slack="0"/>
<pin id="290" dir="0" index="1" bw="7" slack="0"/>
<pin id="291" dir="0" index="2" bw="3" slack="0"/>
<pin id="292" dir="0" index="3" bw="4" slack="0"/>
<pin id="293" dir="1" index="4" bw="5" slack="0"/>
</pin_list>
<bind>
<opcode="partselect(1002) " fcode="partselect"/>
<opset="lshr_ln1/5 "/>
</bind>
</comp>

<comp id="298" class="1004" name="zext_ln39_fu_298">
<pin_list>
<pin id="299" dir="0" index="0" bw="5" slack="0"/>
<pin id="300" dir="1" index="1" bw="64" slack="0"/>
</pin_list>
<bind>
<opcode="zext(34) " fcode="zext"/>
<opset="zext_ln39/5 "/>
</bind>
</comp>

<comp id="306" class="1004" name="key_fu_306">
<pin_list>
<pin id="307" dir="0" index="0" bw="32" slack="0"/>
<pin id="308" dir="0" index="1" bw="32" slack="0"/>
<pin id="309" dir="0" index="2" bw="32" slack="0"/>
<pin id="310" dir="0" index="3" bw="32" slack="0"/>
<pin id="311" dir="0" index="4" bw="32" slack="0"/>
<pin id="312" dir="0" index="5" bw="2" slack="1"/>
<pin id="313" dir="1" index="6" bw="32" slack="1"/>
</pin_list>
<bind>
<opcode="mux(1196) " fcode="mux"/>
<opset="key/6 "/>
</bind>
</comp>

<comp id="319" class="1004" name="j_loc_load_load_fu_319">
<pin_list>
<pin id="320" dir="0" index="0" bw="7" slack="8"/>
<pin id="321" dir="1" index="1" bw="7" slack="0"/>
</pin_list>
<bind>
<opcode="load(27) " fcode="load"/>
<opset="j_loc_load/9 "/>
</bind>
</comp>

<comp id="322" class="1004" name="trunc_ln47_fu_322">
<pin_list>
<pin id="323" dir="0" index="0" bw="7" slack="0"/>
<pin id="324" dir="1" index="1" bw="2" slack="2147483647"/>
</pin_list>
<bind>
<opcode="trunc(33) " fcode="trunc"/>
<opset="trunc_ln47/9 "/>
</bind>
</comp>

<comp id="326" class="1004" name="add_ln47_fu_326">
<pin_list>
<pin id="327" dir="0" index="0" bw="7" slack="0"/>
<pin id="328" dir="0" index="1" bw="1" slack="0"/>
<pin id="329" dir="1" index="2" bw="7" slack="0"/>
</pin_list>
<bind>
<opcode="add(8) " fcode="add"/>
<opset="add_ln47/9 "/>
</bind>
</comp>

<comp id="332" class="1004" name="lshr_ln3_fu_332">
<pin_list>
<pin id="333" dir="0" index="0" bw="5" slack="0"/>
<pin id="334" dir="0" index="1" bw="7" slack="0"/>
<pin id="335" dir="0" index="2" bw="3" slack="0"/>
<pin id="336" dir="0" index="3" bw="4" slack="0"/>
<pin id="337" dir="1" index="4" bw="5" slack="0"/>
</pin_list>
<bind>
<opcode="partselect(1002) " fcode="partselect"/>
<opset="lshr_ln3/9 "/>
</bind>
</comp>

<comp id="342" class="1004" name="zext_ln47_fu_342">
<pin_list>
<pin id="343" dir="0" index="0" bw="5" slack="0"/>
<pin id="344" dir="1" index="1" bw="64" slack="0"/>
</pin_list>
<bind>
<opcode="zext(34) " fcode="zext"/>
<opset="zext_ln47/9 "/>
</bind>
</comp>

<comp id="350" class="1004" name="add_ln39_fu_350">
<pin_list>
<pin id="351" dir="0" index="0" bw="7" slack="0"/>
<pin id="352" dir="0" index="1" bw="1" slack="0"/>
<pin id="353" dir="1" index="2" bw="7" slack="0"/>
</pin_list>
<bind>
<opcode="add(8) " fcode="add"/>
<opset="add_ln39/9 "/>
</bind>
</comp>

<comp id="356" class="1004" name="store_ln39_store_fu_356">
<pin_list>
<pin id="357" dir="0" index="0" bw="7" slack="0"/>
<pin id="358" dir="0" index="1" bw="7" slack="5"/>
<pin id="359" dir="1" index="2" bw="0" slack="2147483647"/>
</pin_list>
<bind>
<opcode="store(28) " fcode="store"/>
<opset="store_ln39/9 "/>
</bind>
</comp>

<comp id="361" class="1004" name="store_ln39_store_fu_361">
<pin_list>
<pin id="362" dir="0" index="0" bw="7" slack="4"/>
<pin id="363" dir="0" index="1" bw="7" slack="5"/>
<pin id="364" dir="1" index="2" bw="0" slack="2147483647"/>
</pin_list>
<bind>
<opcode="store(28) " fcode="store"/>
<opset="store_ln39/9 "/>
</bind>
</comp>

<comp id="365" class="1005" name="j_loc_reg_365">
<pin_list>
<pin id="366" dir="0" index="0" bw="7" slack="6"/>
<pin id="367" dir="1" index="1" bw="7" slack="6"/>
</pin_list>
<bind>
<opset="j_loc "/>
</bind>
</comp>

<comp id="371" class="1005" name="n_loc_reg_371">
<pin_list>
<pin id="372" dir="0" index="0" bw="7" slack="1"/>
<pin id="373" dir="1" index="1" bw="7" slack="1"/>
</pin_list>
<bind>
<opset="n_loc "/>
</bind>
</comp>

<comp id="377" class="1005" name="indvars_iv1_loc_reg_377">
<pin_list>
<pin id="378" dir="0" index="0" bw="7" slack="1"/>
<pin id="379" dir="1" index="1" bw="7" slack="1"/>
</pin_list>
<bind>
<opset="indvars_iv1_loc "/>
</bind>
</comp>

<comp id="389" class="1005" name="icmp_ln39_reg_389">
<pin_list>
<pin id="390" dir="0" index="0" bw="1" slack="1"/>
<pin id="391" dir="1" index="1" bw="1" slack="2147483647"/>
</pin_list>
<bind>
<opset="icmp_ln39 "/>
</bind>
</comp>

<comp id="393" class="1005" name="indvars_iv82_reg_393">
<pin_list>
<pin id="394" dir="0" index="0" bw="7" slack="0"/>
<pin id="395" dir="1" index="1" bw="7" slack="0"/>
</pin_list>
<bind>
<opset="indvars_iv82 "/>
</bind>
</comp>

<comp id="400" class="1005" name="i_reg_400">
<pin_list>
<pin id="401" dir="0" index="0" bw="7" slack="0"/>
<pin id="402" dir="1" index="1" bw="7" slack="0"/>
</pin_list>
<bind>
<opset="i "/>
</bind>
</comp>

<comp id="413" class="1005" name="add_ln39_1_reg_413">
<pin_list>
<pin id="414" dir="0" index="0" bw="7" slack="4"/>
<pin id="415" dir="1" index="1" bw="7" slack="4"/>
</pin_list>
<bind>
<opset="add_ln39_1 "/>
</bind>
</comp>

<comp id="418" class="1005" name="trunc_ln39_reg_418">
<pin_list>
<pin id="419" dir="0" index="0" bw="2" slack="1"/>
<pin id="420" dir="1" index="1" bw="2" slack="1"/>
</pin_list>
<bind>
<opset="trunc_ln39 "/>
</bind>
</comp>

<comp id="423" class="1005" name="arr_addr_1_reg_423">
<pin_list>
<pin id="424" dir="0" index="0" bw="5" slack="1"/>
<pin id="425" dir="1" index="1" bw="5" slack="1"/>
</pin_list>
<bind>
<opset="arr_addr_1 "/>
</bind>
</comp>

<comp id="428" class="1005" name="arr_1_addr_1_reg_428">
<pin_list>
<pin id="429" dir="0" index="0" bw="5" slack="1"/>
<pin id="430" dir="1" index="1" bw="5" slack="1"/>
</pin_list>
<bind>
<opset="arr_1_addr_1 "/>
</bind>
</comp>

<comp id="433" class="1005" name="arr_2_addr_1_reg_433">
<pin_list>
<pin id="434" dir="0" index="0" bw="5" slack="1"/>
<pin id="435" dir="1" index="1" bw="5" slack="1"/>
</pin_list>
<bind>
<opset="arr_2_addr_1 "/>
</bind>
</comp>

<comp id="438" class="1005" name="arr_3_addr_1_reg_438">
<pin_list>
<pin id="439" dir="0" index="0" bw="5" slack="1"/>
<pin id="440" dir="1" index="1" bw="5" slack="1"/>
</pin_list>
<bind>
<opset="arr_3_addr_1 "/>
</bind>
</comp>

<comp id="443" class="1005" name="key_reg_443">
<pin_list>
<pin id="444" dir="0" index="0" bw="32" slack="1"/>
<pin id="445" dir="1" index="1" bw="32" slack="1"/>
</pin_list>
<bind>
<opset="key "/>
</bind>
</comp>

</comp_list>

<net_list>
<net id="89"><net_src comp="16" pin="0"/><net_sink comp="86" pin=0"/></net>

<net id="93"><net_src comp="16" pin="0"/><net_sink comp="90" pin=0"/></net>

<net id="97"><net_src comp="16" pin="0"/><net_sink comp="94" pin=0"/></net>

<net id="101"><net_src comp="16" pin="0"/><net_sink comp="98" pin=0"/></net>

<net id="105"><net_src comp="16" pin="0"/><net_sink comp="102" pin=0"/></net>

<net id="109"><net_src comp="16" pin="0"/><net_sink comp="106" pin=0"/></net>

<net id="113"><net_src comp="16" pin="0"/><net_sink comp="110" pin=0"/></net>

<net id="117"><net_src comp="30" pin="0"/><net_sink comp="114" pin=0"/></net>

<net id="121"><net_src comp="30" pin="0"/><net_sink comp="118" pin=0"/></net>

<net id="127"><net_src comp="60" pin="0"/><net_sink comp="122" pin=1"/></net>

<net id="133"><net_src comp="60" pin="0"/><net_sink comp="128" pin=1"/></net>

<net id="139"><net_src comp="60" pin="0"/><net_sink comp="134" pin=1"/></net>

<net id="145"><net_src comp="60" pin="0"/><net_sink comp="140" pin=1"/></net>

<net id="151"><net_src comp="122" pin="3"/><net_sink comp="146" pin=0"/></net>

<net id="157"><net_src comp="128" pin="3"/><net_sink comp="152" pin=0"/></net>

<net id="163"><net_src comp="134" pin="3"/><net_sink comp="158" pin=0"/></net>

<net id="169"><net_src comp="140" pin="3"/><net_sink comp="164" pin=0"/></net>

<net id="175"><net_src comp="60" pin="0"/><net_sink comp="170" pin=1"/></net>

<net id="181"><net_src comp="60" pin="0"/><net_sink comp="176" pin=1"/></net>

<net id="187"><net_src comp="60" pin="0"/><net_sink comp="182" pin=1"/></net>

<net id="193"><net_src comp="60" pin="0"/><net_sink comp="188" pin=1"/></net>

<net id="194"><net_src comp="182" pin="3"/><net_sink comp="158" pin=0"/></net>

<net id="195"><net_src comp="176" pin="3"/><net_sink comp="152" pin=0"/></net>

<net id="196"><net_src comp="188" pin="3"/><net_sink comp="164" pin=0"/></net>

<net id="197"><net_src comp="170" pin="3"/><net_sink comp="146" pin=0"/></net>

<net id="211"><net_src comp="20" pin="0"/><net_sink comp="198" pin=0"/></net>

<net id="212"><net_src comp="0" pin="0"/><net_sink comp="198" pin=1"/></net>

<net id="213"><net_src comp="2" pin="0"/><net_sink comp="198" pin=2"/></net>

<net id="214"><net_src comp="4" pin="0"/><net_sink comp="198" pin=3"/></net>

<net id="215"><net_src comp="6" pin="0"/><net_sink comp="198" pin=4"/></net>

<net id="229"><net_src comp="70" pin="0"/><net_sink comp="216" pin=0"/></net>

<net id="230"><net_src comp="8" pin="0"/><net_sink comp="216" pin=7"/></net>

<net id="231"><net_src comp="10" pin="0"/><net_sink comp="216" pin=8"/></net>

<net id="232"><net_src comp="12" pin="0"/><net_sink comp="216" pin=9"/></net>

<net id="233"><net_src comp="14" pin="0"/><net_sink comp="216" pin=10"/></net>

<net id="244"><net_src comp="74" pin="0"/><net_sink comp="234" pin=0"/></net>

<net id="258"><net_src comp="251" pin="1"/><net_sink comp="254" pin=0"/></net>

<net id="259"><net_src comp="54" pin="0"/><net_sink comp="254" pin=1"/></net>

<net id="264"><net_src comp="56" pin="0"/><net_sink comp="260" pin=0"/></net>

<net id="269"><net_src comp="54" pin="0"/><net_sink comp="265" pin=0"/></net>

<net id="277"><net_src comp="270" pin="1"/><net_sink comp="273" pin=0"/></net>

<net id="282"><net_src comp="270" pin="1"/><net_sink comp="278" pin=0"/></net>

<net id="283"><net_src comp="56" pin="0"/><net_sink comp="278" pin=1"/></net>

<net id="287"><net_src comp="245" pin="1"/><net_sink comp="284" pin=0"/></net>

<net id="294"><net_src comp="64" pin="0"/><net_sink comp="288" pin=0"/></net>

<net id="295"><net_src comp="245" pin="1"/><net_sink comp="288" pin=1"/></net>

<net id="296"><net_src comp="66" pin="0"/><net_sink comp="288" pin=2"/></net>

<net id="297"><net_src comp="68" pin="0"/><net_sink comp="288" pin=3"/></net>

<net id="301"><net_src comp="288" pin="4"/><net_sink comp="298" pin=0"/></net>

<net id="302"><net_src comp="298" pin="1"/><net_sink comp="122" pin=2"/></net>

<net id="303"><net_src comp="298" pin="1"/><net_sink comp="128" pin=2"/></net>

<net id="304"><net_src comp="298" pin="1"/><net_sink comp="134" pin=2"/></net>

<net id="305"><net_src comp="298" pin="1"/><net_sink comp="140" pin=2"/></net>

<net id="314"><net_src comp="72" pin="0"/><net_sink comp="306" pin=0"/></net>

<net id="315"><net_src comp="146" pin="3"/><net_sink comp="306" pin=1"/></net>

<net id="316"><net_src comp="152" pin="3"/><net_sink comp="306" pin=2"/></net>

<net id="317"><net_src comp="158" pin="3"/><net_sink comp="306" pin=3"/></net>

<net id="318"><net_src comp="164" pin="3"/><net_sink comp="306" pin=4"/></net>

<net id="325"><net_src comp="319" pin="1"/><net_sink comp="322" pin=0"/></net>

<net id="330"><net_src comp="319" pin="1"/><net_sink comp="326" pin=0"/></net>

<net id="331"><net_src comp="56" pin="0"/><net_sink comp="326" pin=1"/></net>

<net id="338"><net_src comp="64" pin="0"/><net_sink comp="332" pin=0"/></net>

<net id="339"><net_src comp="326" pin="2"/><net_sink comp="332" pin=1"/></net>

<net id="340"><net_src comp="66" pin="0"/><net_sink comp="332" pin=2"/></net>

<net id="341"><net_src comp="68" pin="0"/><net_sink comp="332" pin=3"/></net>

<net id="345"><net_src comp="332" pin="4"/><net_sink comp="342" pin=0"/></net>

<net id="346"><net_src comp="342" pin="1"/><net_sink comp="170" pin=2"/></net>

<net id="347"><net_src comp="342" pin="1"/><net_sink comp="176" pin=2"/></net>

<net id="348"><net_src comp="342" pin="1"/><net_sink comp="182" pin=2"/></net>

<net id="349"><net_src comp="342" pin="1"/><net_sink comp="188" pin=2"/></net>

<net id="354"><net_src comp="245" pin="1"/><net_sink comp="350" pin=0"/></net>

<net id="355"><net_src comp="56" pin="0"/><net_sink comp="350" pin=1"/></net>

<net id="360"><net_src comp="350" pin="2"/><net_sink comp="356" pin=0"/></net>

<net id="368"><net_src comp="86" pin="1"/><net_sink comp="365" pin=0"/></net>

<net id="369"><net_src comp="365" pin="1"/><net_sink comp="234" pin=7"/></net>

<net id="370"><net_src comp="365" pin="1"/><net_sink comp="319" pin=0"/></net>

<net id="374"><net_src comp="90" pin="1"/><net_sink comp="371" pin=0"/></net>

<net id="375"><net_src comp="371" pin="1"/><net_sink comp="198" pin=10"/></net>

<net id="376"><net_src comp="371" pin="1"/><net_sink comp="251" pin=0"/></net>

<net id="380"><net_src comp="94" pin="1"/><net_sink comp="377" pin=0"/></net>

<net id="381"><net_src comp="377" pin="1"/><net_sink comp="198" pin=9"/></net>

<net id="382"><net_src comp="377" pin="1"/><net_sink comp="248" pin=0"/></net>

<net id="392"><net_src comp="254" pin="2"/><net_sink comp="389" pin=0"/></net>

<net id="396"><net_src comp="114" pin="1"/><net_sink comp="393" pin=0"/></net>

<net id="397"><net_src comp="393" pin="1"/><net_sink comp="265" pin=1"/></net>

<net id="398"><net_src comp="393" pin="1"/><net_sink comp="270" pin=0"/></net>

<net id="399"><net_src comp="393" pin="1"/><net_sink comp="361" pin=1"/></net>

<net id="403"><net_src comp="118" pin="1"/><net_sink comp="400" pin=0"/></net>

<net id="404"><net_src comp="400" pin="1"/><net_sink comp="260" pin=1"/></net>

<net id="405"><net_src comp="400" pin="1"/><net_sink comp="245" pin=0"/></net>

<net id="406"><net_src comp="400" pin="1"/><net_sink comp="356" pin=1"/></net>

<net id="416"><net_src comp="278" pin="2"/><net_sink comp="413" pin=0"/></net>

<net id="417"><net_src comp="413" pin="1"/><net_sink comp="361" pin=0"/></net>

<net id="421"><net_src comp="284" pin="1"/><net_sink comp="418" pin=0"/></net>

<net id="422"><net_src comp="418" pin="1"/><net_sink comp="306" pin=5"/></net>

<net id="426"><net_src comp="122" pin="3"/><net_sink comp="423" pin=0"/></net>

<net id="427"><net_src comp="423" pin="1"/><net_sink comp="146" pin=0"/></net>

<net id="431"><net_src comp="128" pin="3"/><net_sink comp="428" pin=0"/></net>

<net id="432"><net_src comp="428" pin="1"/><net_sink comp="152" pin=0"/></net>

<net id="436"><net_src comp="134" pin="3"/><net_sink comp="433" pin=0"/></net>

<net id="437"><net_src comp="433" pin="1"/><net_sink comp="158" pin=0"/></net>

<net id="441"><net_src comp="140" pin="3"/><net_sink comp="438" pin=0"/></net>

<net id="442"><net_src comp="438" pin="1"/><net_sink comp="164" pin=0"/></net>

<net id="446"><net_src comp="306" pin="6"/><net_sink comp="443" pin=0"/></net>

<net id="447"><net_src comp="443" pin="1"/><net_sink comp="234" pin=6"/></net>

<net id="448"><net_src comp="443" pin="1"/><net_sink comp="158" pin=1"/></net>

<net id="449"><net_src comp="443" pin="1"/><net_sink comp="152" pin=1"/></net>

<net id="450"><net_src comp="443" pin="1"/><net_sink comp="164" pin=1"/></net>

<net id="451"><net_src comp="443" pin="1"/><net_sink comp="146" pin=1"/></net>

</net_list>

</model> 
---------------- Datapath Model END ------------------

* FSMD analyzer results:
  - Output states:
	Port: out_stream_V_data_V | {5 10 }
	Port: out_stream_V_keep_V | {5 10 }
	Port: out_stream_V_strb_V | {5 10 }
	Port: out_stream_V_last_V | {5 10 }
 - Input state : 
	Port: insertion_sort_axis : in_stream_V_data_V | {2 3 }
	Port: insertion_sort_axis : in_stream_V_keep_V | {2 3 }
	Port: insertion_sort_axis : in_stream_V_strb_V | {2 3 }
	Port: insertion_sort_axis : in_stream_V_last_V | {2 3 }
  - Chain level:
	State 1
	State 2
	State 3
	State 4
		icmp_ln39 : 1
		br_ln39 : 2
		store_ln39 : 1
		store_ln39 : 1
	State 5
		icmp_ln39_1 : 1
		add_ln39_1 : 1
		br_ln39 : 2
		trunc_ln39 : 1
		lshr_ln1 : 1
		zext_ln39 : 2
		arr_addr_1 : 3
		arr_1_addr_1 : 3
		arr_2_addr_1 : 3
		arr_3_addr_1 : 3
		arr_load : 4
		arr_1_load : 4
		arr_2_load : 4
		arr_3_load : 4
	State 6
		key : 1
	State 7
	State 8
	State 9
		trunc_ln47 : 1
		add_ln47 : 1
		lshr_ln3 : 2
		zext_ln47 : 3
		arr_addr : 4
		arr_1_addr : 4
		arr_2_addr : 4
		arr_3_addr : 4
		switch_ln47 : 2
		store_ln47 : 5
		store_ln47 : 5
		store_ln47 : 5
		store_ln47 : 5
		add_ln39 : 1
		store_ln39 : 2
	State 10
	State 11


============================================================
+ Verbose Summary: Datapath Resource usage 
============================================================

* Functional unit list:
|----------|---------------------------------------------------------|---------|---------|---------|
| Operation|                     Functional Unit                     |  Delay  |    FF   |   LUT   |
|----------|---------------------------------------------------------|---------|---------|---------|
|          | grp_insertion_sort_axis_Pipeline_VITIS_LOOP_31_1_fu_198 |    0    |    28   |    46   |
|   call   | grp_insertion_sort_axis_Pipeline_VITIS_LOOP_53_4_fu_216 |  6.352  |    30   |    98   |
|          | grp_insertion_sort_axis_Pipeline_VITIS_LOOP_43_3_fu_234 |  6.8292 |   111   |   144   |
|----------|---------------------------------------------------------|---------|---------|---------|
|          |                    add_ln39_1_fu_278                    |    0    |    0    |    14   |
|    add   |                     add_ln47_fu_326                     |    0    |    0    |    14   |
|          |                     add_ln39_fu_350                     |    0    |    0    |    14   |
|----------|---------------------------------------------------------|---------|---------|---------|
|   icmp   |                     icmp_ln39_fu_254                    |    0    |    0    |    14   |
|          |                    icmp_ln39_1_fu_273                   |    0    |    0    |    14   |
|----------|---------------------------------------------------------|---------|---------|---------|
|    mux   |                        key_fu_306                       |    0    |    0    |    20   |
|----------|---------------------------------------------------------|---------|---------|---------|
|   trunc  |                    trunc_ln39_fu_284                    |    0    |    0    |    0    |
|          |                    trunc_ln47_fu_322                    |    0    |    0    |    0    |
|----------|---------------------------------------------------------|---------|---------|---------|
|partselect|                     lshr_ln1_fu_288                     |    0    |    0    |    0    |
|          |                     lshr_ln3_fu_332                     |    0    |    0    |    0    |
|----------|---------------------------------------------------------|---------|---------|---------|
|   zext   |                     zext_ln39_fu_298                    |    0    |    0    |    0    |
|          |                     zext_ln47_fu_342                    |    0    |    0    |    0    |
|----------|---------------------------------------------------------|---------|---------|---------|
|   Total  |                                                         | 13.1812 |   169   |   378   |
|----------|---------------------------------------------------------|---------|---------|---------|

Memories:
+-----+--------+--------+--------+--------+
|     |  BRAM  |   FF   |   LUT  |  URAM  |
+-----+--------+--------+--------+--------+
| arr |    0   |   32   |   13   |    0   |
|arr_1|    0   |   32   |   13   |    0   |
|arr_2|    0   |   32   |   13   |    0   |
|arr_3|    0   |   32   |   13   |    0   |
+-----+--------+--------+--------+--------+
|Total|    0   |   128  |   52   |    0   |
+-----+--------+--------+--------+--------+

* Register list:
+-----------------------+--------+
|                       |   FF   |
+-----------------------+--------+
|   add_ln39_1_reg_413  |    7   |
|  arr_1_addr_1_reg_428 |    5   |
|  arr_2_addr_1_reg_433 |    5   |
|  arr_3_addr_1_reg_438 |    5   |
|   arr_addr_1_reg_423  |    5   |
|       i_reg_400       |    7   |
|   icmp_ln39_reg_389   |    1   |
|indvars_iv1_loc_reg_377|    7   |
|  indvars_iv82_reg_393 |    7   |
|     j_loc_reg_365     |    7   |
|      key_reg_443      |   32   |
|     n_loc_reg_371     |    7   |
|   trunc_ln39_reg_418  |    2   |
+-----------------------+--------+
|         Total         |   97   |
+-----------------------+--------+

* Multiplexer (MUX) list: 
|-------------------|------|------|------|--------||---------||---------|
|        Comp       |  Pin | Size |  BW  | S x BW ||  Delay  ||   LUT   |
|-------------------|------|------|------|--------||---------||---------|
| grp_access_fu_146 |  p0  |   3  |   5  |   15   ||    14   |
| grp_access_fu_152 |  p0  |   3  |   5  |   15   ||    14   |
| grp_access_fu_158 |  p0  |   3  |   5  |   15   ||    14   |
| grp_access_fu_164 |  p0  |   3  |   5  |   15   ||    14   |
|-------------------|------|------|------|--------||---------||---------|
|       Total       |      |      |      |   60   ||  6.8292 ||    56   |
|-------------------|------|------|------|--------||---------||---------|



* Summary:
+-----------+--------+--------+--------+--------+--------+
|           |  BRAM  |  Delay |   FF   |   LUT  |  URAM  |
+-----------+--------+--------+--------+--------+--------+
|  Function |    -   |   13   |   169  |   378  |    -   |
|   Memory  |    0   |    -   |   128  |   52   |    0   |
|Multiplexer|    -   |    6   |    -   |   56   |    -   |
|  Register |    -   |    -   |   97   |    -   |    -   |
+-----------+--------+--------+--------+--------+--------+
|   Total   |    0   |   20   |   394  |   486  |    0   |
+-----------+--------+--------+--------+--------+--------+
