

================================================================
== Vitis HLS Report for 'insertion_sort_axis_Pipeline_VITIS_LOOP_43_3'
================================================================
* Date:           Thu Mar 19 00:55:55 2026

* Version:        2023.1 (Build 3854077 on May  4 2023)
* Project:        Insert_sort
* Solution:       solution1 (Vivado IP Flow Target)
* Product family: zynq
* Target device:  xc7z020-clg484-1


================================================================
== Performance Estimates
================================================================
+ Timing: 
    * Summary: 
    +--------+----------+----------+------------+
    |  Clock |  Target  | Estimated| Uncertainty|
    +--------+----------+----------+------------+
    |ap_clk  |  10.00 ns|  6.701 ns|     2.70 ns|
    +--------+----------+----------+------------+

+ Latency: 
    * Summary: 
    +---------+---------+----------+----------+-----+-----+---------+
    |  Latency (cycles) |  Latency (absolute) |  Interval | Pipeline|
    |   min   |   max   |    min   |    max   | min | max |   Type  |
    +---------+---------+----------+----------+-----+-----+---------+
    |        ?|        ?|         ?|         ?|    ?|    ?|       no|
    +---------+---------+----------+----------+-----+-----+---------+

    + Detail: 
        * Instance: 
        N/A

        * Loop: 
        +-------------------+---------+---------+----------+-----------+-----------+------+----------+
        |                   |  Latency (cycles) | Iteration|  Initiation Interval  | Trip |          |
        |     Loop Name     |   min   |   max   |  Latency |  achieved |   target  | Count| Pipelined|
        +-------------------+---------+---------+----------+-----------+-----------+------+----------+
        |- VITIS_LOOP_43_3  |        ?|        ?|         3|          3|          1|     ?|       yes|
        +-------------------+---------+---------+----------+-----------+-----------+------+----------+

============================================================
+ Verbose Summary: Synthesis Manager
============================================================
InlineROM: 1
ExposeGlobal: 0
============================================================
+ Verbose Summary: CDFG Model
============================================================
IsTopModel: 0
ResetActiveHigh: 1
IsCombinational: 0
IsDatapathOnly: 0
HasWiredReturn: 1
HasMFsm: 2
HasVarLatency: 1
IsPipeline: 0
IsRtlPipelined: 0
IsInstanceOverlapped: 0
IsDontTouch: 0
HasImplIP: 0
IsGatedGlobalClock: 0

+ Individual pipeline summary: 
  * Pipeline-0: initiation interval (II) = 3, depth = 3


============================================================
+ Verbose Summary: Schedule
============================================================
* Number of FSM states : 6
* Pipeline : 1
  Pipeline-0 : II = 3, D = 3, States = { 2 3 4 }
* Dataflow Pipeline: 0

* FSM state transitions: 
1 --> 2 
2 --> 3 
3 --> 5 6 4 
4 --> 2 
5 --> 
6 --> 5 

* FSM state operations: 

State 1 <SV = 0> <Delay = 1.58>
ST_1 : Operation 7 [1/1] (0.00ns)   --->   "%j = alloca i32 1"   --->   Operation 7 'alloca' 'j' <Predicate = true> <Delay = 0.00>
ST_1 : Operation 8 [1/1] (0.00ns)   --->   "%key_read = read i32 @_ssdm_op_Read.ap_auto.i32, i32 %key"   --->   Operation 8 'read' 'key_read' <Predicate = true> <Delay = 0.00>
ST_1 : Operation 9 [1/1] (0.00ns)   --->   "%zext_ln39_read = read i7 @_ssdm_op_Read.ap_auto.i7, i7 %zext_ln39"   --->   Operation 9 'read' 'zext_ln39_read' <Predicate = true> <Delay = 0.00>
ST_1 : Operation 10 [1/1] (0.00ns)   --->   "%zext_ln39_cast = zext i7 %zext_ln39_read"   --->   Operation 10 'zext' 'zext_ln39_cast' <Predicate = true> <Delay = 0.00>
ST_1 : Operation 11 [1/1] (1.58ns)   --->   "%store_ln0 = store i8 %zext_ln39_cast, i8 %j"   --->   Operation 11 'store' 'store_ln0' <Predicate = true> <Delay = 1.58>
ST_1 : Operation 12 [1/1] (0.00ns)   --->   "%br_ln0 = br void %while.cond"   --->   Operation 12 'br' 'br_ln0' <Predicate = true> <Delay = 0.00>

State 2 <SV = 1> <Delay = 2.32>
ST_2 : Operation 13 [1/1] (0.00ns)   --->   "%j_1 = load i8 %j"   --->   Operation 13 'load' 'j_1' <Predicate = true> <Delay = 0.00>
ST_2 : Operation 14 [1/1] (0.00ns)   --->   "%empty = trunc i8 %j_1"   --->   Operation 14 'trunc' 'empty' <Predicate = true> <Delay = 0.00>
ST_2 : Operation 15 [1/1] (0.00ns)   --->   "%specpipeline_ln0 = specpipeline void @_ssdm_op_SpecPipeline, i32 4294967295, i32 0, i32 1, i32 0, void @p_str"   --->   Operation 15 'specpipeline' 'specpipeline_ln0' <Predicate = true> <Delay = 0.00>
ST_2 : Operation 16 [1/1] (0.00ns)   --->   "%tmp_1 = bitselect i1 @_ssdm_op_BitSelect.i1.i8.i32, i8 %j_1, i32 7" [Insert_sort/insertSort.cpp:43]   --->   Operation 16 'bitselect' 'tmp_1' <Predicate = true> <Delay = 0.00>
ST_2 : Operation 17 [1/1] (0.00ns)   --->   "%br_ln43 = br i1 %tmp_1, void %land.rhs6, void %while.cond.for.inc_crit_edge.exitStub" [Insert_sort/insertSort.cpp:43]   --->   Operation 17 'br' 'br_ln43' <Predicate = true> <Delay = 0.00>
ST_2 : Operation 18 [1/1] (0.00ns)   --->   "%lshr_ln2 = partselect i5 @_ssdm_op_PartSelect.i5.i8.i32.i32, i8 %j_1, i32 2, i32 6" [Insert_sort/insertSort.cpp:41]   --->   Operation 18 'partselect' 'lshr_ln2' <Predicate = (!tmp_1)> <Delay = 0.00>
ST_2 : Operation 19 [1/1] (0.00ns)   --->   "%zext_ln41 = zext i5 %lshr_ln2" [Insert_sort/insertSort.cpp:41]   --->   Operation 19 'zext' 'zext_ln41' <Predicate = (!tmp_1)> <Delay = 0.00>
ST_2 : Operation 20 [1/1] (0.00ns)   --->   "%arr_addr = getelementptr i32 %arr, i64 0, i64 %zext_ln41" [Insert_sort/insertSort.cpp:43]   --->   Operation 20 'getelementptr' 'arr_addr' <Predicate = (!tmp_1)> <Delay = 0.00>
ST_2 : Operation 21 [1/1] (0.00ns)   --->   "%arr_1_addr = getelementptr i32 %arr_1, i64 0, i64 %zext_ln41" [Insert_sort/insertSort.cpp:43]   --->   Operation 21 'getelementptr' 'arr_1_addr' <Predicate = (!tmp_1)> <Delay = 0.00>
ST_2 : Operation 22 [1/1] (0.00ns)   --->   "%arr_2_addr = getelementptr i32 %arr_2, i64 0, i64 %zext_ln41" [Insert_sort/insertSort.cpp:43]   --->   Operation 22 'getelementptr' 'arr_2_addr' <Predicate = (!tmp_1)> <Delay = 0.00>
ST_2 : Operation 23 [1/1] (0.00ns)   --->   "%arr_3_addr = getelementptr i32 %arr_3, i64 0, i64 %zext_ln41" [Insert_sort/insertSort.cpp:43]   --->   Operation 23 'getelementptr' 'arr_3_addr' <Predicate = (!tmp_1)> <Delay = 0.00>
ST_2 : Operation 24 [2/2] (2.32ns)   --->   "%arr_load = load i5 %arr_addr" [Insert_sort/insertSort.cpp:43]   --->   Operation 24 'load' 'arr_load' <Predicate = (!tmp_1)> <Delay = 2.32> <CoreInst = "RAM">   --->   Core 82 'RAM' <Latency = 1> <II = 1> <Delay = 2.32> <Storage> <Opcode : 'load' 'store'> <Ports = 2> <Width = 32> <Depth = 25> <RAM>
ST_2 : Operation 25 [2/2] (2.32ns)   --->   "%arr_1_load = load i5 %arr_1_addr" [Insert_sort/insertSort.cpp:43]   --->   Operation 25 'load' 'arr_1_load' <Predicate = (!tmp_1)> <Delay = 2.32> <CoreInst = "RAM">   --->   Core 82 'RAM' <Latency = 1> <II = 1> <Delay = 2.32> <Storage> <Opcode : 'load' 'store'> <Ports = 2> <Width = 32> <Depth = 25> <RAM>
ST_2 : Operation 26 [2/2] (2.32ns)   --->   "%arr_2_load = load i5 %arr_2_addr" [Insert_sort/insertSort.cpp:43]   --->   Operation 26 'load' 'arr_2_load' <Predicate = (!tmp_1)> <Delay = 2.32> <CoreInst = "RAM">   --->   Core 82 'RAM' <Latency = 1> <II = 1> <Delay = 2.32> <Storage> <Opcode : 'load' 'store'> <Ports = 2> <Width = 32> <Depth = 25> <RAM>
ST_2 : Operation 27 [2/2] (2.32ns)   --->   "%arr_3_load = load i5 %arr_3_addr" [Insert_sort/insertSort.cpp:43]   --->   Operation 27 'load' 'arr_3_load' <Predicate = (!tmp_1)> <Delay = 2.32> <CoreInst = "RAM">   --->   Core 82 'RAM' <Latency = 1> <II = 1> <Delay = 2.32> <Storage> <Opcode : 'load' 'store'> <Ports = 2> <Width = 32> <Depth = 25> <RAM>

State 3 <SV = 2> <Delay = 6.70>
ST_3 : Operation 28 [1/1] (0.00ns)   --->   "%empty_19 = trunc i8 %j_1"   --->   Operation 28 'trunc' 'empty_19' <Predicate = (!tmp_1)> <Delay = 0.00>
ST_3 : Operation 29 [1/1] (0.00ns)   --->   "%specloopname_ln43 = specloopname void @_ssdm_op_SpecLoopName, void @empty_8" [Insert_sort/insertSort.cpp:43]   --->   Operation 29 'specloopname' 'specloopname_ln43' <Predicate = (!tmp_1)> <Delay = 0.00>
ST_3 : Operation 30 [1/2] (2.32ns)   --->   "%arr_load = load i5 %arr_addr" [Insert_sort/insertSort.cpp:43]   --->   Operation 30 'load' 'arr_load' <Predicate = (!tmp_1)> <Delay = 2.32> <CoreInst = "RAM">   --->   Core 82 'RAM' <Latency = 1> <II = 1> <Delay = 2.32> <Storage> <Opcode : 'load' 'store'> <Ports = 2> <Width = 32> <Depth = 25> <RAM>
ST_3 : Operation 31 [1/2] (2.32ns)   --->   "%arr_1_load = load i5 %arr_1_addr" [Insert_sort/insertSort.cpp:43]   --->   Operation 31 'load' 'arr_1_load' <Predicate = (!tmp_1)> <Delay = 2.32> <CoreInst = "RAM">   --->   Core 82 'RAM' <Latency = 1> <II = 1> <Delay = 2.32> <Storage> <Opcode : 'load' 'store'> <Ports = 2> <Width = 32> <Depth = 25> <RAM>
ST_3 : Operation 32 [1/2] (2.32ns)   --->   "%arr_2_load = load i5 %arr_2_addr" [Insert_sort/insertSort.cpp:43]   --->   Operation 32 'load' 'arr_2_load' <Predicate = (!tmp_1)> <Delay = 2.32> <CoreInst = "RAM">   --->   Core 82 'RAM' <Latency = 1> <II = 1> <Delay = 2.32> <Storage> <Opcode : 'load' 'store'> <Ports = 2> <Width = 32> <Depth = 25> <RAM>
ST_3 : Operation 33 [1/2] (2.32ns)   --->   "%arr_3_load = load i5 %arr_3_addr" [Insert_sort/insertSort.cpp:43]   --->   Operation 33 'load' 'arr_3_load' <Predicate = (!tmp_1)> <Delay = 2.32> <CoreInst = "RAM">   --->   Core 82 'RAM' <Latency = 1> <II = 1> <Delay = 2.32> <Storage> <Opcode : 'load' 'store'> <Ports = 2> <Width = 32> <Depth = 25> <RAM>
ST_3 : Operation 34 [1/1] (1.82ns)   --->   "%tmp = mux i32 @_ssdm_op_Mux.ap_auto.4i32.i2, i32 %arr_load, i32 %arr_1_load, i32 %arr_2_load, i32 %arr_3_load, i2 %empty_19" [Insert_sort/insertSort.cpp:43]   --->   Operation 34 'mux' 'tmp' <Predicate = (!tmp_1)> <Delay = 1.82> <CoreInst = "Multiplexer">   --->   Core 76 'Multiplexer' <Latency = 0> <II = 1> <Delay = 1.82> <FuncUnit> <Opcode : 'mux'> <InPorts = 2> <OutPorts = 1>
ST_3 : Operation 35 [1/1] (2.55ns)   --->   "%icmp_ln43 = icmp_sgt  i32 %tmp, i32 %key_read" [Insert_sort/insertSort.cpp:43]   --->   Operation 35 'icmp' 'icmp_ln43' <Predicate = (!tmp_1)> <Delay = 2.55> <CoreInst = "Cmp">   --->   Core 9 'Cmp' <Latency = 0> <II = 1> <Delay = 2.55> <FuncUnit> <Opcode : 'icmp'> <InPorts = 2> <OutPorts = 1>
ST_3 : Operation 36 [1/1] (0.00ns)   --->   "%br_ln43 = br i1 %icmp_ln43, void %land.rhs6.for.inc_crit_edge.exitStub, void %while.body" [Insert_sort/insertSort.cpp:43]   --->   Operation 36 'br' 'br_ln43' <Predicate = (!tmp_1)> <Delay = 0.00>

State 4 <SV = 3> <Delay = 4.19>
ST_4 : Operation 37 [1/1] (1.87ns)   --->   "%add_ln44 = add i7 %empty, i7 1" [Insert_sort/insertSort.cpp:44]   --->   Operation 37 'add' 'add_ln44' <Predicate = (!tmp_1 & icmp_ln43)> <Delay = 1.87> <CoreInst = "Adder">   --->   Core 1 'Adder' <Latency = 0> <II = 1> <Delay = 1.87> <FuncUnit> <Opcode : 'add' 'sub'> <InPorts = 2> <OutPorts = 1>
ST_4 : Operation 38 [1/1] (0.00ns)   --->   "%lshr_ln5 = partselect i5 @_ssdm_op_PartSelect.i5.i7.i32.i32, i7 %add_ln44, i32 2, i32 6" [Insert_sort/insertSort.cpp:44]   --->   Operation 38 'partselect' 'lshr_ln5' <Predicate = (!tmp_1 & icmp_ln43)> <Delay = 0.00>
ST_4 : Operation 39 [1/1] (0.00ns)   --->   "%zext_ln44 = zext i5 %lshr_ln5" [Insert_sort/insertSort.cpp:44]   --->   Operation 39 'zext' 'zext_ln44' <Predicate = (!tmp_1 & icmp_ln43)> <Delay = 0.00>
ST_4 : Operation 40 [1/1] (0.00ns)   --->   "%arr_addr_1 = getelementptr i32 %arr, i64 0, i64 %zext_ln44" [Insert_sort/insertSort.cpp:44]   --->   Operation 40 'getelementptr' 'arr_addr_1' <Predicate = (!tmp_1 & icmp_ln43)> <Delay = 0.00>
ST_4 : Operation 41 [1/1] (0.00ns)   --->   "%arr_1_addr_1 = getelementptr i32 %arr_1, i64 0, i64 %zext_ln44" [Insert_sort/insertSort.cpp:44]   --->   Operation 41 'getelementptr' 'arr_1_addr_1' <Predicate = (!tmp_1 & icmp_ln43)> <Delay = 0.00>
ST_4 : Operation 42 [1/1] (0.00ns)   --->   "%arr_2_addr_1 = getelementptr i32 %arr_2, i64 0, i64 %zext_ln44" [Insert_sort/insertSort.cpp:44]   --->   Operation 42 'getelementptr' 'arr_2_addr_1' <Predicate = (!tmp_1 & icmp_ln43)> <Delay = 0.00>
ST_4 : Operation 43 [1/1] (0.00ns)   --->   "%arr_3_addr_1 = getelementptr i32 %arr_3, i64 0, i64 %zext_ln44" [Insert_sort/insertSort.cpp:44]   --->   Operation 43 'getelementptr' 'arr_3_addr_1' <Predicate = (!tmp_1 & icmp_ln43)> <Delay = 0.00>
ST_4 : Operation 44 [1/1] (1.86ns)   --->   "%switch_ln44 = switch i2 %empty_19, void %arrayidx14.case.0, i2 2, void %arrayidx14.case.3, i2 0, void %arrayidx14.case.1, i2 1, void %arrayidx14.case.2" [Insert_sort/insertSort.cpp:44]   --->   Operation 44 'switch' 'switch_ln44' <Predicate = (!tmp_1 & icmp_ln43)> <Delay = 1.86>
ST_4 : Operation 45 [1/1] (2.32ns)   --->   "%store_ln44 = store i32 %tmp, i5 %arr_2_addr_1" [Insert_sort/insertSort.cpp:44]   --->   Operation 45 'store' 'store_ln44' <Predicate = (!tmp_1 & icmp_ln43 & empty_19 == 1)> <Delay = 2.32> <CoreInst = "RAM">   --->   Core 82 'RAM' <Latency = 1> <II = 1> <Delay = 2.32> <Storage> <Opcode : 'load' 'store'> <Ports = 2> <Width = 32> <Depth = 25> <RAM>
ST_4 : Operation 46 [1/1] (0.00ns)   --->   "%br_ln44 = br void %arrayidx14.exit" [Insert_sort/insertSort.cpp:44]   --->   Operation 46 'br' 'br_ln44' <Predicate = (!tmp_1 & icmp_ln43 & empty_19 == 1)> <Delay = 0.00>
ST_4 : Operation 47 [1/1] (2.32ns)   --->   "%store_ln44 = store i32 %tmp, i5 %arr_1_addr_1" [Insert_sort/insertSort.cpp:44]   --->   Operation 47 'store' 'store_ln44' <Predicate = (!tmp_1 & icmp_ln43 & empty_19 == 0)> <Delay = 2.32> <CoreInst = "RAM">   --->   Core 82 'RAM' <Latency = 1> <II = 1> <Delay = 2.32> <Storage> <Opcode : 'load' 'store'> <Ports = 2> <Width = 32> <Depth = 25> <RAM>
ST_4 : Operation 48 [1/1] (0.00ns)   --->   "%br_ln44 = br void %arrayidx14.exit" [Insert_sort/insertSort.cpp:44]   --->   Operation 48 'br' 'br_ln44' <Predicate = (!tmp_1 & icmp_ln43 & empty_19 == 0)> <Delay = 0.00>
ST_4 : Operation 49 [1/1] (2.32ns)   --->   "%store_ln44 = store i32 %tmp, i5 %arr_3_addr_1" [Insert_sort/insertSort.cpp:44]   --->   Operation 49 'store' 'store_ln44' <Predicate = (!tmp_1 & icmp_ln43 & empty_19 == 2)> <Delay = 2.32> <CoreInst = "RAM">   --->   Core 82 'RAM' <Latency = 1> <II = 1> <Delay = 2.32> <Storage> <Opcode : 'load' 'store'> <Ports = 2> <Width = 32> <Depth = 25> <RAM>
ST_4 : Operation 50 [1/1] (0.00ns)   --->   "%br_ln44 = br void %arrayidx14.exit" [Insert_sort/insertSort.cpp:44]   --->   Operation 50 'br' 'br_ln44' <Predicate = (!tmp_1 & icmp_ln43 & empty_19 == 2)> <Delay = 0.00>
ST_4 : Operation 51 [1/1] (2.32ns)   --->   "%store_ln44 = store i32 %tmp, i5 %arr_addr_1" [Insert_sort/insertSort.cpp:44]   --->   Operation 51 'store' 'store_ln44' <Predicate = (!tmp_1 & icmp_ln43 & empty_19 == 3)> <Delay = 2.32> <CoreInst = "RAM">   --->   Core 82 'RAM' <Latency = 1> <II = 1> <Delay = 2.32> <Storage> <Opcode : 'load' 'store'> <Ports = 2> <Width = 32> <Depth = 25> <RAM>
ST_4 : Operation 52 [1/1] (0.00ns)   --->   "%br_ln44 = br void %arrayidx14.exit" [Insert_sort/insertSort.cpp:44]   --->   Operation 52 'br' 'br_ln44' <Predicate = (!tmp_1 & icmp_ln43 & empty_19 == 3)> <Delay = 0.00>
ST_4 : Operation 53 [1/1] (1.91ns)   --->   "%add_ln45 = add i8 %j_1, i8 255" [Insert_sort/insertSort.cpp:45]   --->   Operation 53 'add' 'add_ln45' <Predicate = (!tmp_1 & icmp_ln43)> <Delay = 1.91> <CoreInst = "Adder">   --->   Core 1 'Adder' <Latency = 0> <II = 1> <Delay = 1.91> <FuncUnit> <Opcode : 'add' 'sub'> <InPorts = 2> <OutPorts = 1>
ST_4 : Operation 54 [1/1] (1.58ns)   --->   "%store_ln43 = store i8 %add_ln45, i8 %j" [Insert_sort/insertSort.cpp:43]   --->   Operation 54 'store' 'store_ln43' <Predicate = (!tmp_1 & icmp_ln43)> <Delay = 1.58>
ST_4 : Operation 55 [1/1] (0.00ns)   --->   "%br_ln43 = br void %while.cond" [Insert_sort/insertSort.cpp:43]   --->   Operation 55 'br' 'br_ln43' <Predicate = (!tmp_1 & icmp_ln43)> <Delay = 0.00>

State 5 <SV = 3> <Delay = 0.00>
ST_5 : Operation 56 [1/1] (0.00ns)   --->   "%write_ln0 = write void @_ssdm_op_Write.ap_auto.i7P0A, i7 %j_out, i7 %empty"   --->   Operation 56 'write' 'write_ln0' <Predicate = (!tmp_1)> <Delay = 0.00>
ST_5 : Operation 57 [1/1] (0.00ns)   --->   "%br_ln0 = br void %UnifiedReturnBlock"   --->   Operation 57 'br' 'br_ln0' <Predicate = (!tmp_1)> <Delay = 0.00>
ST_5 : Operation 58 [1/1] (0.00ns)   --->   "%ret_ln0 = ret"   --->   Operation 58 'ret' 'ret_ln0' <Predicate = true> <Delay = 0.00>

State 6 <SV = 2> <Delay = 0.00>
ST_6 : Operation 59 [1/1] (0.00ns)   --->   "%write_ln0 = write void @_ssdm_op_Write.ap_auto.i7P0A, i7 %j_out, i7 %empty"   --->   Operation 59 'write' 'write_ln0' <Predicate = true> <Delay = 0.00>
ST_6 : Operation 60 [1/1] (0.00ns)   --->   "%br_ln0 = br void %UnifiedReturnBlock"   --->   Operation 60 'br' 'br_ln0' <Predicate = true> <Delay = 0.00>


============================================================
+ Verbose Summary: Binding
============================================================
STG Binding: 
---------------- STG Properties BEGIN ----------------
- Is combinational: 0
- Is one-state seq: 0
- Is datapath-only: 0
- Is pipelined: 0
- Is top level: 0
Port [ Return ] is wired: 1; IO mode=ap_ctrl_hs:ce=0
Port [ zext_ln39]:  wired=1; compound=0; hidden=0; nouse=0; global=0; static=0; extern=0; dir=0; type=0; pingpong=0; private_global=0; IO mode=ap_none:ce=0
Port [ arr]:  wired=1; compound=1; hidden=0; nouse=0; global=0; static=0; extern=0; dir=2; type=1; pingpong=0; private_global=0; MemPort=[23]; IO mode=ap_memory:ce=0
Port [ arr_1]:  wired=1; compound=1; hidden=0; nouse=0; global=0; static=0; extern=0; dir=2; type=1; pingpong=0; private_global=0; MemPort=[23]; IO mode=ap_memory:ce=0
Port [ arr_2]:  wired=1; compound=1; hidden=0; nouse=0; global=0; static=0; extern=0; dir=2; type=1; pingpong=0; private_global=0; MemPort=[23]; IO mode=ap_memory:ce=0
Port [ arr_3]:  wired=1; compound=1; hidden=0; nouse=0; global=0; static=0; extern=0; dir=2; type=1; pingpong=0; private_global=0; MemPort=[23]; IO mode=ap_memory:ce=0
Port [ key]:  wired=1; compound=0; hidden=0; nouse=0; global=0; static=0; extern=0; dir=0; type=0; pingpong=0; private_global=0; IO mode=ap_none:ce=0
Port [ j_out]:  wired=1; compound=0; hidden=0; nouse=0; global=0; static=0; extern=0; dir=1; type=0; pingpong=0; private_global=0; IO mode=ap_vld:ce=0
---------------- STG Properties END ------------------

---------------- Datapath Model BEGIN ----------------

<LifeTime>
<method=bitvector/>
j                 (alloca       ) [ 0111100]
key_read          (read         ) [ 0011100]
zext_ln39_read    (read         ) [ 0000000]
zext_ln39_cast    (zext         ) [ 0000000]
store_ln0         (store        ) [ 0000000]
br_ln0            (br           ) [ 0000000]
j_1               (load         ) [ 0001100]
empty             (trunc        ) [ 0001111]
specpipeline_ln0  (specpipeline ) [ 0000000]
tmp_1             (bitselect    ) [ 0011111]
br_ln43           (br           ) [ 0000000]
lshr_ln2          (partselect   ) [ 0000000]
zext_ln41         (zext         ) [ 0000000]
arr_addr          (getelementptr) [ 0001000]
arr_1_addr        (getelementptr) [ 0001000]
arr_2_addr        (getelementptr) [ 0001000]
arr_3_addr        (getelementptr) [ 0001000]
empty_19          (trunc        ) [ 0000100]
specloopname_ln43 (specloopname ) [ 0000000]
arr_load          (load         ) [ 0000000]
arr_1_load        (load         ) [ 0000000]
arr_2_load        (load         ) [ 0000000]
arr_3_load        (load         ) [ 0000000]
tmp               (mux          ) [ 0000100]
icmp_ln43         (icmp         ) [ 0011100]
br_ln43           (br           ) [ 0000000]
add_ln44          (add          ) [ 0000000]
lshr_ln5          (partselect   ) [ 0000000]
zext_ln44         (zext         ) [ 0000000]
arr_addr_1        (getelementptr) [ 0000000]
arr_1_addr_1      (getelementptr) [ 0000000]
arr_2_addr_1      (getelementptr) [ 0000000]
arr_3_addr_1      (getelementptr) [ 0000000]
switch_ln44       (switch       ) [ 0000000]
store_ln44        (store        ) [ 0000000]
br_ln44           (br           ) [ 0000000]
store_ln44        (store        ) [ 0000000]
br_ln44           (br           ) [ 0000000]
store_ln44        (store        ) [ 0000000]
br_ln44           (br           ) [ 0000000]
store_ln44        (store        ) [ 0000000]
br_ln44           (br           ) [ 0000000]
add_ln45          (add          ) [ 0000000]
store_ln43        (store        ) [ 0000000]
br_ln43           (br           ) [ 0000000]
write_ln0         (write        ) [ 0000000]
br_ln0            (br           ) [ 0000000]
ret_ln0           (ret          ) [ 0000000]
write_ln0         (write        ) [ 0000000]
br_ln0            (br           ) [ 0000000]
</LifeTime>

<model>

<comp_list>
<comp id="0" class="1000" name="zext_ln39">
<pin_list>
<pin id="1" dir="1" index="0" bw="1" slack="0"/>
</pin_list>
<bind>
<StgValue><ssdm name="zext_ln39"/></StgValue>
</bind>
</comp>

<comp id="2" class="1000" name="arr">
<pin_list>
<pin id="3" dir="1" index="0" bw="1" slack="0"/>
</pin_list>
<bind>
<StgValue><ssdm name="arr"/><MemPortTyVec>2 3 </MemPortTyVec>
</StgValue>
</bind>
</comp>

<comp id="4" class="1000" name="arr_1">
<pin_list>
<pin id="5" dir="1" index="0" bw="1" slack="0"/>
</pin_list>
<bind>
<StgValue><ssdm name="arr_1"/><MemPortTyVec>2 3 </MemPortTyVec>
</StgValue>
</bind>
</comp>

<comp id="6" class="1000" name="arr_2">
<pin_list>
<pin id="7" dir="1" index="0" bw="1" slack="0"/>
</pin_list>
<bind>
<StgValue><ssdm name="arr_2"/><MemPortTyVec>2 3 </MemPortTyVec>
</StgValue>
</bind>
</comp>

<comp id="8" class="1000" name="arr_3">
<pin_list>
<pin id="9" dir="1" index="0" bw="1" slack="0"/>
</pin_list>
<bind>
<StgValue><ssdm name="arr_3"/><MemPortTyVec>2 3 </MemPortTyVec>
</StgValue>
</bind>
</comp>

<comp id="10" class="1000" name="key">
<pin_list>
<pin id="11" dir="1" index="0" bw="1" slack="0"/>
</pin_list>
<bind>
<StgValue><ssdm name="key"/></StgValue>
</bind>
</comp>

<comp id="12" class="1000" name="j_out">
<pin_list>
<pin id="13" dir="1" index="0" bw="1" slack="0"/>
</pin_list>
<bind>
<StgValue><ssdm name="j_out"/></StgValue>
</bind>
</comp>

<comp id="14" class="1001" name="const_14">
<pin_list>
<pin id="15" dir="1" index="0" bw="1" slack="0"/>
</pin_list>
<bind>
<StgValue><ssdm name=""/></StgValue>
</bind>
</comp>

<comp id="16" class="1001" name="const_16">
<pin_list>
<pin id="17" dir="1" index="0" bw="1" slack="0"/>
</pin_list>
<bind>
<StgValue><ssdm name="_ssdm_op_Read.ap_auto.i32"/></StgValue>
</bind>
</comp>

<comp id="18" class="1001" name="const_18">
<pin_list>
<pin id="19" dir="1" index="0" bw="1" slack="0"/>
</pin_list>
<bind>
<StgValue><ssdm name="_ssdm_op_Read.ap_auto.i7"/></StgValue>
</bind>
</comp>

<comp id="20" class="1001" name="const_20">
<pin_list>
<pin id="21" dir="1" index="0" bw="1" slack="2147483647"/>
</pin_list>
<bind>
<StgValue><ssdm name="_ssdm_op_SpecPipeline"/></StgValue>
</bind>
</comp>

<comp id="22" class="1001" name="const_22">
<pin_list>
<pin id="23" dir="1" index="0" bw="1" slack="2147483647"/>
</pin_list>
<bind>
<StgValue><ssdm name=""/></StgValue>
</bind>
</comp>

<comp id="24" class="1001" name="const_24">
<pin_list>
<pin id="25" dir="1" index="0" bw="1" slack="2147483647"/>
</pin_list>
<bind>
<StgValue><ssdm name=""/></StgValue>
</bind>
</comp>

<comp id="26" class="1001" name="const_26">
<pin_list>
<pin id="27" dir="1" index="0" bw="1" slack="2147483647"/>
</pin_list>
<bind>
<StgValue><ssdm name="p_str"/></StgValue>
</bind>
</comp>

<comp id="28" class="1001" name="const_28">
<pin_list>
<pin id="29" dir="1" index="0" bw="1" slack="0"/>
</pin_list>
<bind>
<StgValue><ssdm name="_ssdm_op_BitSelect.i1.i8.i32"/></StgValue>
</bind>
</comp>

<comp id="30" class="1001" name="const_30">
<pin_list>
<pin id="31" dir="1" index="0" bw="1" slack="0"/>
</pin_list>
<bind>
<StgValue><ssdm name=""/></StgValue>
</bind>
</comp>

<comp id="32" class="1001" name="const_32">
<pin_list>
<pin id="33" dir="1" index="0" bw="1" slack="0"/>
</pin_list>
<bind>
<StgValue><ssdm name="_ssdm_op_PartSelect.i5.i8.i32.i32"/></StgValue>
</bind>
</comp>

<comp id="34" class="1001" name="const_34">
<pin_list>
<pin id="35" dir="1" index="0" bw="1" slack="0"/>
</pin_list>
<bind>
<StgValue><ssdm name=""/></StgValue>
</bind>
</comp>

<comp id="36" class="1001" name="const_36">
<pin_list>
<pin id="37" dir="1" index="0" bw="1" slack="0"/>
</pin_list>
<bind>
<StgValue><ssdm name=""/></StgValue>
</bind>
</comp>

<comp id="38" class="1001" name="const_38">
<pin_list>
<pin id="39" dir="1" index="0" bw="1" slack="0"/>
</pin_list>
<bind>
<StgValue><ssdm name=""/></StgValue>
</bind>
</comp>

<comp id="40" class="1001" name="const_40">
<pin_list>
<pin id="41" dir="1" index="0" bw="1" slack="2147483647"/>
</pin_list>
<bind>
<StgValue><ssdm name="_ssdm_op_SpecLoopName"/></StgValue>
</bind>
</comp>

<comp id="42" class="1001" name="const_42">
<pin_list>
<pin id="43" dir="1" index="0" bw="1" slack="2147483647"/>
</pin_list>
<bind>
<StgValue><ssdm name="empty_8"/></StgValue>
</bind>
</comp>

<comp id="44" class="1001" name="const_44">
<pin_list>
<pin id="45" dir="1" index="0" bw="1" slack="0"/>
</pin_list>
<bind>
<StgValue><ssdm name="_ssdm_op_Mux.ap_auto.4i32.i2"/></StgValue>
</bind>
</comp>

<comp id="46" class="1001" name="const_46">
<pin_list>
<pin id="47" dir="1" index="0" bw="1" slack="0"/>
</pin_list>
<bind>
<StgValue><ssdm name=""/></StgValue>
</bind>
</comp>

<comp id="48" class="1001" name="const_48">
<pin_list>
<pin id="49" dir="1" index="0" bw="1" slack="0"/>
</pin_list>
<bind>
<StgValue><ssdm name="_ssdm_op_PartSelect.i5.i7.i32.i32"/></StgValue>
</bind>
</comp>

<comp id="50" class="1001" name="const_50">
<pin_list>
<pin id="51" dir="1" index="0" bw="1" slack="2147483647"/>
</pin_list>
<bind>
<StgValue><ssdm name=""/></StgValue>
</bind>
</comp>

<comp id="52" class="1001" name="const_52">
<pin_list>
<pin id="53" dir="1" index="0" bw="1" slack="2147483647"/>
</pin_list>
<bind>
<StgValue><ssdm name=""/></StgValue>
</bind>
</comp>

<comp id="54" class="1001" name="const_54">
<pin_list>
<pin id="55" dir="1" index="0" bw="1" slack="2147483647"/>
</pin_list>
<bind>
<StgValue><ssdm name=""/></StgValue>
</bind>
</comp>

<comp id="56" class="1001" name="const_56">
<pin_list>
<pin id="57" dir="1" index="0" bw="1" slack="0"/>
</pin_list>
<bind>
<StgValue><ssdm name=""/></StgValue>
</bind>
</comp>

<comp id="58" class="1001" name="const_58">
<pin_list>
<pin id="59" dir="1" index="0" bw="1" slack="0"/>
</pin_list>
<bind>
<StgValue><ssdm name="_ssdm_op_Write.ap_auto.i7P0A"/></StgValue>
</bind>
</comp>

<comp id="60" class="1004" name="j_fu_60">
<pin_list>
<pin id="61" dir="0" index="0" bw="1" slack="0"/>
<pin id="62" dir="1" index="1" bw="8" slack="0"/>
</pin_list>
<bind>
<opcode="alloca(26) " fcode="alloca"/>
<opset="j/1 "/>
</bind>
</comp>

<comp id="64" class="1004" name="key_read_read_fu_64">
<pin_list>
<pin id="65" dir="0" index="0" bw="32" slack="0"/>
<pin id="66" dir="0" index="1" bw="32" slack="0"/>
<pin id="67" dir="1" index="2" bw="32" slack="2"/>
</pin_list>
<bind>
<opcode="read(1150) " fcode="read"/>
<opset="key_read/1 "/>
</bind>
</comp>

<comp id="70" class="1004" name="zext_ln39_read_read_fu_70">
<pin_list>
<pin id="71" dir="0" index="0" bw="7" slack="0"/>
<pin id="72" dir="0" index="1" bw="7" slack="0"/>
<pin id="73" dir="1" index="2" bw="7" slack="0"/>
</pin_list>
<bind>
<opcode="read(1150) " fcode="read"/>
<opset="zext_ln39_read/1 "/>
</bind>
</comp>

<comp id="76" class="1004" name="grp_write_fu_76">
<pin_list>
<pin id="77" dir="0" index="0" bw="0" slack="0"/>
<pin id="78" dir="0" index="1" bw="7" slack="0"/>
<pin id="79" dir="0" index="2" bw="7" slack="1"/>
<pin id="80" dir="1" index="3" bw="0" slack="2147483647"/>
</pin_list>
<bind>
<opcode="write(1151) " fcode="write"/>
<opset="write_ln0/5 write_ln0/6 "/>
</bind>
</comp>

<comp id="83" class="1004" name="arr_addr_gep_fu_83">
<pin_list>
<pin id="84" dir="0" index="0" bw="32" slack="0"/>
<pin id="85" dir="0" index="1" bw="1" slack="0"/>
<pin id="86" dir="0" index="2" bw="5" slack="0"/>
<pin id="87" dir="1" index="3" bw="5" slack="0"/>
</pin_list>
<bind>
<opcode="getelementptr(29) " fcode="getelementptr"/>
<opset="arr_addr/2 "/>
</bind>
</comp>

<comp id="90" class="1004" name="arr_1_addr_gep_fu_90">
<pin_list>
<pin id="91" dir="0" index="0" bw="32" slack="0"/>
<pin id="92" dir="0" index="1" bw="1" slack="0"/>
<pin id="93" dir="0" index="2" bw="5" slack="0"/>
<pin id="94" dir="1" index="3" bw="5" slack="0"/>
</pin_list>
<bind>
<opcode="getelementptr(29) " fcode="getelementptr"/>
<opset="arr_1_addr/2 "/>
</bind>
</comp>

<comp id="97" class="1004" name="arr_2_addr_gep_fu_97">
<pin_list>
<pin id="98" dir="0" index="0" bw="32" slack="0"/>
<pin id="99" dir="0" index="1" bw="1" slack="0"/>
<pin id="100" dir="0" index="2" bw="5" slack="0"/>
<pin id="101" dir="1" index="3" bw="5" slack="0"/>
</pin_list>
<bind>
<opcode="getelementptr(29) " fcode="getelementptr"/>
<opset="arr_2_addr/2 "/>
</bind>
</comp>

<comp id="104" class="1004" name="arr_3_addr_gep_fu_104">
<pin_list>
<pin id="105" dir="0" index="0" bw="32" slack="0"/>
<pin id="106" dir="0" index="1" bw="1" slack="0"/>
<pin id="107" dir="0" index="2" bw="5" slack="0"/>
<pin id="108" dir="1" index="3" bw="5" slack="0"/>
</pin_list>
<bind>
<opcode="getelementptr(29) " fcode="getelementptr"/>
<opset="arr_3_addr/2 "/>
</bind>
</comp>

<comp id="111" class="1004" name="grp_access_fu_111">
<pin_list>
<pin id="112" dir="0" index="0" bw="5" slack="0"/>
<pin id="113" dir="0" index="1" bw="32" slack="1"/>
<pin id="114" dir="0" index="2" bw="0" slack="2147483647"/>
<pin id="115" dir="1" index="3" bw="32" slack="0"/>
</pin_list>
<bind>
<opcode="load(27) store(28) " fcode="store"/>
<opset="arr_load/2 store_ln44/4 "/>
</bind>
</comp>

<comp id="117" class="1004" name="grp_access_fu_117">
<pin_list>
<pin id="118" dir="0" index="0" bw="5" slack="0"/>
<pin id="119" dir="0" index="1" bw="32" slack="1"/>
<pin id="120" dir="0" index="2" bw="0" slack="2147483647"/>
<pin id="121" dir="1" index="3" bw="32" slack="0"/>
</pin_list>
<bind>
<opcode="load(27) store(28) " fcode="store"/>
<opset="arr_1_load/2 store_ln44/4 "/>
</bind>
</comp>

<comp id="123" class="1004" name="grp_access_fu_123">
<pin_list>
<pin id="124" dir="0" index="0" bw="5" slack="0"/>
<pin id="125" dir="0" index="1" bw="32" slack="1"/>
<pin id="126" dir="0" index="2" bw="0" slack="2147483647"/>
<pin id="127" dir="1" index="3" bw="32" slack="0"/>
</pin_list>
<bind>
<opcode="load(27) store(28) " fcode="store"/>
<opset="arr_2_load/2 store_ln44/4 "/>
</bind>
</comp>

<comp id="129" class="1004" name="grp_access_fu_129">
<pin_list>
<pin id="130" dir="0" index="0" bw="5" slack="0"/>
<pin id="131" dir="0" index="1" bw="32" slack="1"/>
<pin id="132" dir="0" index="2" bw="0" slack="2147483647"/>
<pin id="133" dir="1" index="3" bw="32" slack="0"/>
</pin_list>
<bind>
<opcode="load(27) store(28) " fcode="store"/>
<opset="arr_3_load/2 store_ln44/4 "/>
</bind>
</comp>

<comp id="135" class="1004" name="arr_addr_1_gep_fu_135">
<pin_list>
<pin id="136" dir="0" index="0" bw="32" slack="0"/>
<pin id="137" dir="0" index="1" bw="1" slack="0"/>
<pin id="138" dir="0" index="2" bw="5" slack="0"/>
<pin id="139" dir="1" index="3" bw="5" slack="0"/>
</pin_list>
<bind>
<opcode="getelementptr(29) " fcode="getelementptr"/>
<opset="arr_addr_1/4 "/>
</bind>
</comp>

<comp id="142" class="1004" name="arr_1_addr_1_gep_fu_142">
<pin_list>
<pin id="143" dir="0" index="0" bw="32" slack="0"/>
<pin id="144" dir="0" index="1" bw="1" slack="0"/>
<pin id="145" dir="0" index="2" bw="5" slack="0"/>
<pin id="146" dir="1" index="3" bw="5" slack="0"/>
</pin_list>
<bind>
<opcode="getelementptr(29) " fcode="getelementptr"/>
<opset="arr_1_addr_1/4 "/>
</bind>
</comp>

<comp id="149" class="1004" name="arr_2_addr_1_gep_fu_149">
<pin_list>
<pin id="150" dir="0" index="0" bw="32" slack="0"/>
<pin id="151" dir="0" index="1" bw="1" slack="0"/>
<pin id="152" dir="0" index="2" bw="5" slack="0"/>
<pin id="153" dir="1" index="3" bw="5" slack="0"/>
</pin_list>
<bind>
<opcode="getelementptr(29) " fcode="getelementptr"/>
<opset="arr_2_addr_1/4 "/>
</bind>
</comp>

<comp id="156" class="1004" name="arr_3_addr_1_gep_fu_156">
<pin_list>
<pin id="157" dir="0" index="0" bw="32" slack="0"/>
<pin id="158" dir="0" index="1" bw="1" slack="0"/>
<pin id="159" dir="0" index="2" bw="5" slack="0"/>
<pin id="160" dir="1" index="3" bw="5" slack="0"/>
</pin_list>
<bind>
<opcode="getelementptr(29) " fcode="getelementptr"/>
<opset="arr_3_addr_1/4 "/>
</bind>
</comp>

<comp id="167" class="1004" name="zext_ln39_cast_fu_167">
<pin_list>
<pin id="168" dir="0" index="0" bw="7" slack="0"/>
<pin id="169" dir="1" index="1" bw="8" slack="0"/>
</pin_list>
<bind>
<opcode="zext(34) " fcode="zext"/>
<opset="zext_ln39_cast/1 "/>
</bind>
</comp>

<comp id="171" class="1004" name="store_ln0_store_fu_171">
<pin_list>
<pin id="172" dir="0" index="0" bw="7" slack="0"/>
<pin id="173" dir="0" index="1" bw="8" slack="0"/>
<pin id="174" dir="1" index="2" bw="0" slack="2147483647"/>
</pin_list>
<bind>
<opcode="store(28) " fcode="store"/>
<opset="store_ln0/1 "/>
</bind>
</comp>

<comp id="176" class="1004" name="j_1_load_fu_176">
<pin_list>
<pin id="177" dir="0" index="0" bw="8" slack="1"/>
<pin id="178" dir="1" index="1" bw="8" slack="0"/>
</pin_list>
<bind>
<opcode="load(27) " fcode="load"/>
<opset="j_1/2 "/>
</bind>
</comp>

<comp id="179" class="1004" name="empty_fu_179">
<pin_list>
<pin id="180" dir="0" index="0" bw="8" slack="0"/>
<pin id="181" dir="1" index="1" bw="7" slack="1"/>
</pin_list>
<bind>
<opcode="trunc(33) " fcode="trunc"/>
<opset="empty/2 "/>
</bind>
</comp>

<comp id="183" class="1004" name="tmp_1_fu_183">
<pin_list>
<pin id="184" dir="0" index="0" bw="1" slack="0"/>
<pin id="185" dir="0" index="1" bw="8" slack="0"/>
<pin id="186" dir="0" index="2" bw="4" slack="0"/>
<pin id="187" dir="1" index="3" bw="1" slack="1"/>
</pin_list>
<bind>
<opcode="bitselect(1000) " fcode="bitselect"/>
<opset="tmp_1/2 "/>
</bind>
</comp>

<comp id="191" class="1004" name="lshr_ln2_fu_191">
<pin_list>
<pin id="192" dir="0" index="0" bw="5" slack="0"/>
<pin id="193" dir="0" index="1" bw="8" slack="0"/>
<pin id="194" dir="0" index="2" bw="3" slack="0"/>
<pin id="195" dir="0" index="3" bw="4" slack="0"/>
<pin id="196" dir="1" index="4" bw="5" slack="0"/>
</pin_list>
<bind>
<opcode="partselect(1002) " fcode="partselect"/>
<opset="lshr_ln2/2 "/>
</bind>
</comp>

<comp id="201" class="1004" name="zext_ln41_fu_201">
<pin_list>
<pin id="202" dir="0" index="0" bw="5" slack="0"/>
<pin id="203" dir="1" index="1" bw="64" slack="0"/>
</pin_list>
<bind>
<opcode="zext(34) " fcode="zext"/>
<opset="zext_ln41/2 "/>
</bind>
</comp>

<comp id="209" class="1004" name="empty_19_fu_209">
<pin_list>
<pin id="210" dir="0" index="0" bw="8" slack="1"/>
<pin id="211" dir="1" index="1" bw="2" slack="0"/>
</pin_list>
<bind>
<opcode="trunc(33) " fcode="trunc"/>
<opset="empty_19/3 "/>
</bind>
</comp>

<comp id="212" class="1004" name="tmp_fu_212">
<pin_list>
<pin id="213" dir="0" index="0" bw="32" slack="0"/>
<pin id="214" dir="0" index="1" bw="32" slack="0"/>
<pin id="215" dir="0" index="2" bw="32" slack="0"/>
<pin id="216" dir="0" index="3" bw="32" slack="0"/>
<pin id="217" dir="0" index="4" bw="32" slack="0"/>
<pin id="218" dir="0" index="5" bw="2" slack="0"/>
<pin id="219" dir="1" index="6" bw="32" slack="0"/>
</pin_list>
<bind>
<opcode="mux(1196) " fcode="mux"/>
<opset="tmp/3 "/>
</bind>
</comp>

<comp id="226" class="1004" name="icmp_ln43_fu_226">
<pin_list>
<pin id="227" dir="0" index="0" bw="32" slack="0"/>
<pin id="228" dir="0" index="1" bw="32" slack="2"/>
<pin id="229" dir="1" index="2" bw="1" slack="1"/>
</pin_list>
<bind>
<opcode="icmp(45) " fcode="icmp"/>
<opset="icmp_ln43/3 "/>
</bind>
</comp>

<comp id="231" class="1004" name="add_ln44_fu_231">
<pin_list>
<pin id="232" dir="0" index="0" bw="7" slack="2"/>
<pin id="233" dir="0" index="1" bw="1" slack="0"/>
<pin id="234" dir="1" index="2" bw="7" slack="0"/>
</pin_list>
<bind>
<opcode="add(8) " fcode="add"/>
<opset="add_ln44/4 "/>
</bind>
</comp>

<comp id="236" class="1004" name="lshr_ln5_fu_236">
<pin_list>
<pin id="237" dir="0" index="0" bw="5" slack="0"/>
<pin id="238" dir="0" index="1" bw="7" slack="0"/>
<pin id="239" dir="0" index="2" bw="3" slack="0"/>
<pin id="240" dir="0" index="3" bw="4" slack="0"/>
<pin id="241" dir="1" index="4" bw="5" slack="0"/>
</pin_list>
<bind>
<opcode="partselect(1002) " fcode="partselect"/>
<opset="lshr_ln5/4 "/>
</bind>
</comp>

<comp id="246" class="1004" name="zext_ln44_fu_246">
<pin_list>
<pin id="247" dir="0" index="0" bw="5" slack="0"/>
<pin id="248" dir="1" index="1" bw="64" slack="0"/>
</pin_list>
<bind>
<opcode="zext(34) " fcode="zext"/>
<opset="zext_ln44/4 "/>
</bind>
</comp>

<comp id="254" class="1004" name="add_ln45_fu_254">
<pin_list>
<pin id="255" dir="0" index="0" bw="8" slack="2"/>
<pin id="256" dir="0" index="1" bw="1" slack="0"/>
<pin id="257" dir="1" index="2" bw="8" slack="0"/>
</pin_list>
<bind>
<opcode="add(8) " fcode="add"/>
<opset="add_ln45/4 "/>
</bind>
</comp>

<comp id="259" class="1004" name="store_ln43_store_fu_259">
<pin_list>
<pin id="260" dir="0" index="0" bw="8" slack="0"/>
<pin id="261" dir="0" index="1" bw="8" slack="3"/>
<pin id="262" dir="1" index="2" bw="0" slack="2147483647"/>
</pin_list>
<bind>
<opcode="store(28) " fcode="store"/>
<opset="store_ln43/4 "/>
</bind>
</comp>

<comp id="264" class="1005" name="j_reg_264">
<pin_list>
<pin id="265" dir="0" index="0" bw="8" slack="0"/>
<pin id="266" dir="1" index="1" bw="8" slack="0"/>
</pin_list>
<bind>
<opset="j "/>
</bind>
</comp>

<comp id="271" class="1005" name="key_read_reg_271">
<pin_list>
<pin id="272" dir="0" index="0" bw="32" slack="2"/>
<pin id="273" dir="1" index="1" bw="32" slack="2"/>
</pin_list>
<bind>
<opset="key_read "/>
</bind>
</comp>

<comp id="276" class="1005" name="j_1_reg_276">
<pin_list>
<pin id="277" dir="0" index="0" bw="8" slack="1"/>
<pin id="278" dir="1" index="1" bw="8" slack="1"/>
</pin_list>
<bind>
<opset="j_1 "/>
</bind>
</comp>

<comp id="282" class="1005" name="empty_reg_282">
<pin_list>
<pin id="283" dir="0" index="0" bw="7" slack="1"/>
<pin id="284" dir="1" index="1" bw="7" slack="1"/>
</pin_list>
<bind>
<opset="empty "/>
</bind>
</comp>

<comp id="288" class="1005" name="tmp_1_reg_288">
<pin_list>
<pin id="289" dir="0" index="0" bw="1" slack="1"/>
<pin id="290" dir="1" index="1" bw="1" slack="2147483647"/>
</pin_list>
<bind>
<opset="tmp_1 "/>
</bind>
</comp>

<comp id="292" class="1005" name="arr_addr_reg_292">
<pin_list>
<pin id="293" dir="0" index="0" bw="5" slack="1"/>
<pin id="294" dir="1" index="1" bw="5" slack="1"/>
</pin_list>
<bind>
<opset="arr_addr "/>
</bind>
</comp>

<comp id="297" class="1005" name="arr_1_addr_reg_297">
<pin_list>
<pin id="298" dir="0" index="0" bw="5" slack="1"/>
<pin id="299" dir="1" index="1" bw="5" slack="1"/>
</pin_list>
<bind>
<opset="arr_1_addr "/>
</bind>
</comp>

<comp id="302" class="1005" name="arr_2_addr_reg_302">
<pin_list>
<pin id="303" dir="0" index="0" bw="5" slack="1"/>
<pin id="304" dir="1" index="1" bw="5" slack="1"/>
</pin_list>
<bind>
<opset="arr_2_addr "/>
</bind>
</comp>

<comp id="307" class="1005" name="arr_3_addr_reg_307">
<pin_list>
<pin id="308" dir="0" index="0" bw="5" slack="1"/>
<pin id="309" dir="1" index="1" bw="5" slack="1"/>
</pin_list>
<bind>
<opset="arr_3_addr "/>
</bind>
</comp>

<comp id="312" class="1005" name="empty_19_reg_312">
<pin_list>
<pin id="313" dir="0" index="0" bw="2" slack="1"/>
<pin id="314" dir="1" index="1" bw="2" slack="2147483647"/>
</pin_list>
<bind>
<opset="empty_19 "/>
</bind>
</comp>

<comp id="316" class="1005" name="tmp_reg_316">
<pin_list>
<pin id="317" dir="0" index="0" bw="32" slack="1"/>
<pin id="318" dir="1" index="1" bw="32" slack="1"/>
</pin_list>
<bind>
<opset="tmp "/>
</bind>
</comp>

<comp id="324" class="1005" name="icmp_ln43_reg_324">
<pin_list>
<pin id="325" dir="0" index="0" bw="1" slack="1"/>
<pin id="326" dir="1" index="1" bw="1" slack="2147483647"/>
</pin_list>
<bind>
<opset="icmp_ln43 "/>
</bind>
</comp>

</comp_list>

<net_list>
<net id="63"><net_src comp="14" pin="0"/><net_sink comp="60" pin=0"/></net>

<net id="68"><net_src comp="16" pin="0"/><net_sink comp="64" pin=0"/></net>

<net id="69"><net_src comp="10" pin="0"/><net_sink comp="64" pin=1"/></net>

<net id="74"><net_src comp="18" pin="0"/><net_sink comp="70" pin=0"/></net>

<net id="75"><net_src comp="0" pin="0"/><net_sink comp="70" pin=1"/></net>

<net id="81"><net_src comp="58" pin="0"/><net_sink comp="76" pin=0"/></net>

<net id="82"><net_src comp="12" pin="0"/><net_sink comp="76" pin=1"/></net>

<net id="88"><net_src comp="2" pin="0"/><net_sink comp="83" pin=0"/></net>

<net id="89"><net_src comp="38" pin="0"/><net_sink comp="83" pin=1"/></net>

<net id="95"><net_src comp="4" pin="0"/><net_sink comp="90" pin=0"/></net>

<net id="96"><net_src comp="38" pin="0"/><net_sink comp="90" pin=1"/></net>

<net id="102"><net_src comp="6" pin="0"/><net_sink comp="97" pin=0"/></net>

<net id="103"><net_src comp="38" pin="0"/><net_sink comp="97" pin=1"/></net>

<net id="109"><net_src comp="8" pin="0"/><net_sink comp="104" pin=0"/></net>

<net id="110"><net_src comp="38" pin="0"/><net_sink comp="104" pin=1"/></net>

<net id="116"><net_src comp="83" pin="3"/><net_sink comp="111" pin=0"/></net>

<net id="122"><net_src comp="90" pin="3"/><net_sink comp="117" pin=0"/></net>

<net id="128"><net_src comp="97" pin="3"/><net_sink comp="123" pin=0"/></net>

<net id="134"><net_src comp="104" pin="3"/><net_sink comp="129" pin=0"/></net>

<net id="140"><net_src comp="2" pin="0"/><net_sink comp="135" pin=0"/></net>

<net id="141"><net_src comp="38" pin="0"/><net_sink comp="135" pin=1"/></net>

<net id="147"><net_src comp="4" pin="0"/><net_sink comp="142" pin=0"/></net>

<net id="148"><net_src comp="38" pin="0"/><net_sink comp="142" pin=1"/></net>

<net id="154"><net_src comp="6" pin="0"/><net_sink comp="149" pin=0"/></net>

<net id="155"><net_src comp="38" pin="0"/><net_sink comp="149" pin=1"/></net>

<net id="161"><net_src comp="8" pin="0"/><net_sink comp="156" pin=0"/></net>

<net id="162"><net_src comp="38" pin="0"/><net_sink comp="156" pin=1"/></net>

<net id="163"><net_src comp="149" pin="3"/><net_sink comp="123" pin=0"/></net>

<net id="164"><net_src comp="142" pin="3"/><net_sink comp="117" pin=0"/></net>

<net id="165"><net_src comp="156" pin="3"/><net_sink comp="129" pin=0"/></net>

<net id="166"><net_src comp="135" pin="3"/><net_sink comp="111" pin=0"/></net>

<net id="170"><net_src comp="70" pin="2"/><net_sink comp="167" pin=0"/></net>

<net id="175"><net_src comp="167" pin="1"/><net_sink comp="171" pin=0"/></net>

<net id="182"><net_src comp="176" pin="1"/><net_sink comp="179" pin=0"/></net>

<net id="188"><net_src comp="28" pin="0"/><net_sink comp="183" pin=0"/></net>

<net id="189"><net_src comp="176" pin="1"/><net_sink comp="183" pin=1"/></net>

<net id="190"><net_src comp="30" pin="0"/><net_sink comp="183" pin=2"/></net>

<net id="197"><net_src comp="32" pin="0"/><net_sink comp="191" pin=0"/></net>

<net id="198"><net_src comp="176" pin="1"/><net_sink comp="191" pin=1"/></net>

<net id="199"><net_src comp="34" pin="0"/><net_sink comp="191" pin=2"/></net>

<net id="200"><net_src comp="36" pin="0"/><net_sink comp="191" pin=3"/></net>

<net id="204"><net_src comp="191" pin="4"/><net_sink comp="201" pin=0"/></net>

<net id="205"><net_src comp="201" pin="1"/><net_sink comp="83" pin=2"/></net>

<net id="206"><net_src comp="201" pin="1"/><net_sink comp="90" pin=2"/></net>

<net id="207"><net_src comp="201" pin="1"/><net_sink comp="97" pin=2"/></net>

<net id="208"><net_src comp="201" pin="1"/><net_sink comp="104" pin=2"/></net>

<net id="220"><net_src comp="44" pin="0"/><net_sink comp="212" pin=0"/></net>

<net id="221"><net_src comp="111" pin="3"/><net_sink comp="212" pin=1"/></net>

<net id="222"><net_src comp="117" pin="3"/><net_sink comp="212" pin=2"/></net>

<net id="223"><net_src comp="123" pin="3"/><net_sink comp="212" pin=3"/></net>

<net id="224"><net_src comp="129" pin="3"/><net_sink comp="212" pin=4"/></net>

<net id="225"><net_src comp="209" pin="1"/><net_sink comp="212" pin=5"/></net>

<net id="230"><net_src comp="212" pin="6"/><net_sink comp="226" pin=0"/></net>

<net id="235"><net_src comp="46" pin="0"/><net_sink comp="231" pin=1"/></net>

<net id="242"><net_src comp="48" pin="0"/><net_sink comp="236" pin=0"/></net>

<net id="243"><net_src comp="231" pin="2"/><net_sink comp="236" pin=1"/></net>

<net id="244"><net_src comp="34" pin="0"/><net_sink comp="236" pin=2"/></net>

<net id="245"><net_src comp="36" pin="0"/><net_sink comp="236" pin=3"/></net>

<net id="249"><net_src comp="236" pin="4"/><net_sink comp="246" pin=0"/></net>

<net id="250"><net_src comp="246" pin="1"/><net_sink comp="135" pin=2"/></net>

<net id="251"><net_src comp="246" pin="1"/><net_sink comp="142" pin=2"/></net>

<net id="252"><net_src comp="246" pin="1"/><net_sink comp="149" pin=2"/></net>

<net id="253"><net_src comp="246" pin="1"/><net_sink comp="156" pin=2"/></net>

<net id="258"><net_src comp="56" pin="0"/><net_sink comp="254" pin=1"/></net>

<net id="263"><net_src comp="254" pin="2"/><net_sink comp="259" pin=0"/></net>

<net id="267"><net_src comp="60" pin="1"/><net_sink comp="264" pin=0"/></net>

<net id="268"><net_src comp="264" pin="1"/><net_sink comp="171" pin=1"/></net>

<net id="269"><net_src comp="264" pin="1"/><net_sink comp="176" pin=0"/></net>

<net id="270"><net_src comp="264" pin="1"/><net_sink comp="259" pin=1"/></net>

<net id="274"><net_src comp="64" pin="2"/><net_sink comp="271" pin=0"/></net>

<net id="275"><net_src comp="271" pin="1"/><net_sink comp="226" pin=1"/></net>

<net id="279"><net_src comp="176" pin="1"/><net_sink comp="276" pin=0"/></net>

<net id="280"><net_src comp="276" pin="1"/><net_sink comp="209" pin=0"/></net>

<net id="281"><net_src comp="276" pin="1"/><net_sink comp="254" pin=0"/></net>

<net id="285"><net_src comp="179" pin="1"/><net_sink comp="282" pin=0"/></net>

<net id="286"><net_src comp="282" pin="1"/><net_sink comp="231" pin=0"/></net>

<net id="287"><net_src comp="282" pin="1"/><net_sink comp="76" pin=2"/></net>

<net id="291"><net_src comp="183" pin="3"/><net_sink comp="288" pin=0"/></net>

<net id="295"><net_src comp="83" pin="3"/><net_sink comp="292" pin=0"/></net>

<net id="296"><net_src comp="292" pin="1"/><net_sink comp="111" pin=0"/></net>

<net id="300"><net_src comp="90" pin="3"/><net_sink comp="297" pin=0"/></net>

<net id="301"><net_src comp="297" pin="1"/><net_sink comp="117" pin=0"/></net>

<net id="305"><net_src comp="97" pin="3"/><net_sink comp="302" pin=0"/></net>

<net id="306"><net_src comp="302" pin="1"/><net_sink comp="123" pin=0"/></net>

<net id="310"><net_src comp="104" pin="3"/><net_sink comp="307" pin=0"/></net>

<net id="311"><net_src comp="307" pin="1"/><net_sink comp="129" pin=0"/></net>

<net id="315"><net_src comp="209" pin="1"/><net_sink comp="312" pin=0"/></net>

<net id="319"><net_src comp="212" pin="6"/><net_sink comp="316" pin=0"/></net>

<net id="320"><net_src comp="316" pin="1"/><net_sink comp="123" pin=1"/></net>

<net id="321"><net_src comp="316" pin="1"/><net_sink comp="117" pin=1"/></net>

<net id="322"><net_src comp="316" pin="1"/><net_sink comp="129" pin=1"/></net>

<net id="323"><net_src comp="316" pin="1"/><net_sink comp="111" pin=1"/></net>

<net id="327"><net_src comp="226" pin="2"/><net_sink comp="324" pin=0"/></net>

</net_list>

</model> 
---------------- Datapath Model END ------------------

* FSMD analyzer results:
  - Output states:
	Port: arr | {4 }
	Port: arr_1 | {4 }
	Port: arr_2 | {4 }
	Port: arr_3 | {4 }
	Port: j_out | {5 6 }
 - Input state : 
	Port: insertion_sort_axis_Pipeline_VITIS_LOOP_43_3 : zext_ln39 | {1 }
	Port: insertion_sort_axis_Pipeline_VITIS_LOOP_43_3 : arr | {2 3 }
	Port: insertion_sort_axis_Pipeline_VITIS_LOOP_43_3 : arr_1 | {2 3 }
	Port: insertion_sort_axis_Pipeline_VITIS_LOOP_43_3 : arr_2 | {2 3 }
	Port: insertion_sort_axis_Pipeline_VITIS_LOOP_43_3 : arr_3 | {2 3 }
	Port: insertion_sort_axis_Pipeline_VITIS_LOOP_43_3 : key | {1 }
  - Chain level:
	State 1
		store_ln0 : 1
	State 2
		empty : 1
		tmp_1 : 1
		br_ln43 : 2
		lshr_ln2 : 1
		zext_ln41 : 2
		arr_addr : 3
		arr_1_addr : 3
		arr_2_addr : 3
		arr_3_addr : 3
		arr_load : 4
		arr_1_load : 4
		arr_2_load : 4
		arr_3_load : 4
	State 3
		tmp : 1
		icmp_ln43 : 2
		br_ln43 : 3
	State 4
		lshr_ln5 : 1
		zext_ln44 : 2
		arr_addr_1 : 3
		arr_1_addr_1 : 3
		arr_2_addr_1 : 3
		arr_3_addr_1 : 3
		store_ln44 : 4
		store_ln44 : 4
		store_ln44 : 4
		store_ln44 : 4
		store_ln43 : 1
	State 5
	State 6


============================================================
+ Verbose Summary: Datapath Resource usage 
============================================================

* Functional unit list:
|----------|---------------------------|---------|---------|
| Operation|      Functional Unit      |    FF   |   LUT   |
|----------|---------------------------|---------|---------|
|   icmp   |      icmp_ln43_fu_226     |    0    |    39   |
|----------|---------------------------|---------|---------|
|    add   |      add_ln44_fu_231      |    0    |    14   |
|          |      add_ln45_fu_254      |    0    |    15   |
|----------|---------------------------|---------|---------|
|    mux   |         tmp_fu_212        |    0    |    20   |
|----------|---------------------------|---------|---------|
|   read   |    key_read_read_fu_64    |    0    |    0    |
|          | zext_ln39_read_read_fu_70 |    0    |    0    |
|----------|---------------------------|---------|---------|
|   write  |      grp_write_fu_76      |    0    |    0    |
|----------|---------------------------|---------|---------|
|          |   zext_ln39_cast_fu_167   |    0    |    0    |
|   zext   |      zext_ln41_fu_201     |    0    |    0    |
|          |      zext_ln44_fu_246     |    0    |    0    |
|----------|---------------------------|---------|---------|
|   trunc  |        empty_fu_179       |    0    |    0    |
|          |      empty_19_fu_209      |    0    |    0    |
|----------|---------------------------|---------|---------|
| bitselect|        tmp_1_fu_183       |    0    |    0    |
|----------|---------------------------|---------|---------|
|partselect|      lshr_ln2_fu_191      |    0    |    0    |
|          |      lshr_ln5_fu_236      |    0    |    0    |
|----------|---------------------------|---------|---------|
|   Total  |                           |    0    |    88   |
|----------|---------------------------|---------|---------|

Memories:
N/A

* Register list:
+------------------+--------+
|                  |   FF   |
+------------------+--------+
|arr_1_addr_reg_297|    5   |
|arr_2_addr_reg_302|    5   |
|arr_3_addr_reg_307|    5   |
| arr_addr_reg_292 |    5   |
| empty_19_reg_312 |    2   |
|   empty_reg_282  |    7   |
| icmp_ln43_reg_324|    1   |
|    j_1_reg_276   |    8   |
|     j_reg_264    |    8   |
| key_read_reg_271 |   32   |
|   tmp_1_reg_288  |    1   |
|    tmp_reg_316   |   32   |
+------------------+--------+
|       Total      |   111  |
+------------------+--------+

* Multiplexer (MUX) list: 
|-------------------|------|------|------|--------||---------||---------|
|        Comp       |  Pin | Size |  BW  | S x BW ||  Delay  ||   LUT   |
|-------------------|------|------|------|--------||---------||---------|
| grp_access_fu_111 |  p0  |   3  |   5  |   15   ||    14   |
| grp_access_fu_117 |  p0  |   3  |   5  |   15   ||    14   |
| grp_access_fu_123 |  p0  |   3  |   5  |   15   ||    14   |
| grp_access_fu_129 |  p0  |   3  |   5  |   15   ||    14   |
|-------------------|------|------|------|--------||---------||---------|
|       Total       |      |      |      |   60   ||  6.8292 ||    56   |
|-------------------|------|------|------|--------||---------||---------|



* Summary:
+-----------+--------+--------+--------+
|           |  Delay |   FF   |   LUT  |
+-----------+--------+--------+--------+
|  Function |    -   |    0   |   88   |
|   Memory  |    -   |    -   |    -   |
|Multiplexer|    6   |    -   |   56   |
|  Register |    -   |   111  |    -   |
+-----------+--------+--------+--------+
|   Total   |    6   |   111  |   144  |
+-----------+--------+--------+--------+
