

================================================================
== Vitis HLS Report for 'insertion_sort_axis_Pipeline_VITIS_LOOP_31_1'
================================================================
* Date:           Thu Mar 19 00:55:55 2026

* Version:        2023.1 (Build 3854077 on May  4 2023)
* Project:        Insert_sort
* Solution:       solution1 (Vivado IP Flow Target)
* Product family: zynq
* Target device:  xc7z020-clg484-1


================================================================
== Performance Estimates
================================================================
+ Timing: 
    * Summary: 
    +--------+----------+----------+------------+
    |  Clock |  Target  | Estimated| Uncertainty|
    +--------+----------+----------+------------+
    |ap_clk  |  10.00 ns|  6.306 ns|     2.70 ns|
    +--------+----------+----------+------------+

+ Latency: 
    * Summary: 
    +---------+---------+----------+----------+-----+-----+---------+
    |  Latency (cycles) |  Latency (absolute) |  Interval | Pipeline|
    |   min   |   max   |    min   |    max   | min | max |   Type  |
    +---------+---------+----------+----------+-----+-----+---------+
    |        ?|        ?|         ?|         ?|    ?|    ?|       no|
    +---------+---------+----------+----------+-----+-----+---------+

    + Detail: 
        * Instance: 
        N/A

        * Loop: 
        +-------------------+---------+---------+----------+-----------+-----------+------+----------+
        |                   |  Latency (cycles) | Iteration|  Initiation Interval  | Trip |          |
        |     Loop Name     |   min   |   max   |  Latency |  achieved |   target  | Count| Pipelined|
        +-------------------+---------+---------+----------+-----------+-----------+------+----------+
        |- VITIS_LOOP_31_1  |        ?|        ?|         1|          1|          1|     ?|       yes|
        +-------------------+---------+---------+----------+-----------+-----------+------+----------+



================================================================
== Utilization Estimates
================================================================
* Summary: 
+-----------------+---------+-----+--------+-------+-----+
|       Name      | BRAM_18K| DSP |   FF   |  LUT  | URAM|
+-----------------+---------+-----+--------+-------+-----+
|DSP              |        -|    -|       -|      -|    -|
|Expression       |        -|    -|       0|     48|    -|
|FIFO             |        -|    -|       -|      -|    -|
|Instance         |        -|    -|       -|      -|    -|
|Memory           |        -|    -|       -|      -|    -|
|Multiplexer      |        -|    -|       -|     36|    -|
|Register         |        -|    -|      16|      -|    -|
+-----------------+---------+-----+--------+-------+-----+
|Total            |        0|    0|      16|     84|    0|
+-----------------+---------+-----+--------+-------+-----+
|Available        |      280|  220|  106400|  53200|    0|
+-----------------+---------+-----+--------+-------+-----+
|Utilization (%)  |        0|    0|      ~0|     ~0|    0|
+-----------------+---------+-----+--------+-------+-----+

+ Detail: 
    * Instance: 
    N/A

    * DSP: 
    N/A

    * Memory: 
    N/A

    * FIFO: 
    N/A

    * Expression: 
    +----------------------------------+----------+----+---+----+------------+------------+
    |           Variable Name          | Operation| DSP| FF| LUT| Bitwidth P0| Bitwidth P1|
    +----------------------------------+----------+----+---+----+------------+------------+
    |add_ln33_fu_208_p2                |         +|   0|  0|  14|           7|           1|
    |add_ln34_fu_232_p2                |         +|   0|  0|  14|           7|           1|
    |and_ln34_fu_226_p2                |       and|   0|  0|   2|           1|           1|
    |icmp_ln34_fu_220_p2               |      icmp|   0|  0|  14|           7|           6|
    |ap_block_state1_pp0_stage0_iter0  |        or|   0|  0|   2|           1|           1|
    |xor_ln34_fu_214_p2                |       xor|   0|  0|   2|           1|           2|
    +----------------------------------+----------+----+---+----+------------+------------+
    |Total                             |          |   0|  0|  48|          24|          12|
    +----------------------------------+----------+----+---+----+------------+------------+

    * Multiplexer: 
    +--------------------------------------+----+-----------+-----+-----------+
    |                 Name                 | LUT| Input Size| Bits| Total Bits|
    +--------------------------------------+----+-----------+-----+-----------+
    |ap_done_int                           |   9|          2|    1|          2|
    |ap_phi_mux_indvars_iv1_phi_fu_155_p4  |   9|          2|    7|         14|
    |ap_phi_mux_n_phi_fu_166_p4            |   9|          2|    7|         14|
    |in_stream_TDATA_blk_n                 |   9|          2|    1|          2|
    +--------------------------------------+----+-----------+-----+-----------+
    |Total                                 |  36|          8|   16|         32|
    +--------------------------------------+----+-----------+-----+-----------+

    * Register: 
    +---------------------+---+----+-----+-----------+
    |         Name        | FF| LUT| Bits| Const Bits|
    +---------------------+---+----+-----+-----------+
    |ap_CS_fsm            |  1|   0|    1|          0|
    |ap_done_reg          |  1|   0|    1|          0|
    |indvars_iv1_reg_152  |  7|   0|    7|          0|
    |n_reg_163            |  7|   0|    7|          0|
    +---------------------+---+----+-----+-----------+
    |Total                | 16|   0|   16|          0|
    +---------------------+---+----+-----+-----------+



================================================================
== Interface
================================================================
* Summary: 
+------------------------+-----+-----+------------+----------------------------------------------+--------------+
|        RTL Ports       | Dir | Bits|  Protocol  |                 Source Object                |    C Type    |
+------------------------+-----+-----+------------+----------------------------------------------+--------------+
|ap_clk                  |   in|    1|  ap_ctrl_hs|  insertion_sort_axis_Pipeline_VITIS_LOOP_31_1|  return value|
|ap_rst                  |   in|    1|  ap_ctrl_hs|  insertion_sort_axis_Pipeline_VITIS_LOOP_31_1|  return value|
|ap_start                |   in|    1|  ap_ctrl_hs|  insertion_sort_axis_Pipeline_VITIS_LOOP_31_1|  return value|
|ap_done                 |  out|    1|  ap_ctrl_hs|  insertion_sort_axis_Pipeline_VITIS_LOOP_31_1|  return value|
|ap_idle                 |  out|    1|  ap_ctrl_hs|  insertion_sort_axis_Pipeline_VITIS_LOOP_31_1|  return value|
|ap_ready                |  out|    1|  ap_ctrl_hs|  insertion_sort_axis_Pipeline_VITIS_LOOP_31_1|  return value|
|in_stream_TVALID        |   in|    1|        axis|                            in_stream_V_data_V|       pointer|
|in_stream_TDATA         |   in|   32|        axis|                            in_stream_V_data_V|       pointer|
|in_stream_TREADY        |  out|    1|        axis|                            in_stream_V_last_V|       pointer|
|in_stream_TLAST         |   in|    1|        axis|                            in_stream_V_last_V|       pointer|
|in_stream_TKEEP         |   in|    4|        axis|                            in_stream_V_keep_V|       pointer|
|in_stream_TSTRB         |   in|    4|        axis|                            in_stream_V_strb_V|       pointer|
|arr_address0            |  out|    5|   ap_memory|                                           arr|         array|
|arr_ce0                 |  out|    1|   ap_memory|                                           arr|         array|
|arr_we0                 |  out|    1|   ap_memory|                                           arr|         array|
|arr_d0                  |  out|   32|   ap_memory|                                           arr|         array|
|arr_1_address0          |  out|    5|   ap_memory|                                         arr_1|         array|
|arr_1_ce0               |  out|    1|   ap_memory|                                         arr_1|         array|
|arr_1_we0               |  out|    1|   ap_memory|                                         arr_1|         array|
|arr_1_d0                |  out|   32|   ap_memory|                                         arr_1|         array|
|arr_2_address0          |  out|    5|   ap_memory|                                         arr_2|         array|
|arr_2_ce0               |  out|    1|   ap_memory|                                         arr_2|         array|
|arr_2_we0               |  out|    1|   ap_memory|                                         arr_2|         array|
|arr_2_d0                |  out|   32|   ap_memory|                                         arr_2|         array|
|arr_3_address0          |  out|    5|   ap_memory|                                         arr_3|         array|
|arr_3_ce0               |  out|    1|   ap_memory|                                         arr_3|         array|
|arr_3_we0               |  out|    1|   ap_memory|                                         arr_3|         array|
|arr_3_d0                |  out|   32|   ap_memory|                                         arr_3|         array|
|indvars_iv1_out         |  out|    7|      ap_vld|                               indvars_iv1_out|       pointer|
|indvars_iv1_out_ap_vld  |  out|    1|      ap_vld|                               indvars_iv1_out|       pointer|
|n_out                   |  out|    7|      ap_vld|                                         n_out|       pointer|
|n_out_ap_vld            |  out|    1|      ap_vld|                                         n_out|       pointer|
+------------------------+-----+-----+------------+----------------------------------------------+--------------+

============================================================
+ Verbose Summary: Synthesis Manager
============================================================
InlineROM: 1
ExposeGlobal: 0
============================================================
+ Verbose Summary: CDFG Model
============================================================
IsTopModel: 0
ResetActiveHigh: 1
IsCombinational: 2
IsDatapathOnly: 2
HasWiredReturn: 1
HasMFsm: 2
HasVarLatency: 1
IsPipeline: 0
IsRtlPipelined: 0
IsInstanceOverlapped: 0
IsDontTouch: 0
HasImplIP: 0
IsGatedGlobalClock: 0

+ Individual pipeline summary: 
  * Pipeline-0: initiation interval (II) = 1, depth = 1


============================================================
+ Verbose Summary: Schedule
============================================================
* Number of FSM states : 1
* Pipeline : 1
  Pipeline-0 : II = 1, D = 1, States = { 1 }
* Dataflow Pipeline: 0

* FSM state transitions: 
1 --> 

* FSM state operations: 

State 1 <SV = 0> <Delay = 6.30>
ST_1 : Operation 4 [1/1] (0.00ns)   --->   "%specaxissidechannel_ln0 = specaxissidechannel void @_ssdm_op_SpecAXISSideChannel, i32 %in_stream_V_data_V, i4 %in_stream_V_keep_V, i4 %in_stream_V_strb_V, i1 0, i1 %in_stream_V_last_V, i1 0, i1 0, void @empty_5"   --->   Operation 4 'specaxissidechannel' 'specaxissidechannel_ln0' <Predicate = true> <Delay = 0.00>
ST_1 : Operation 5 [1/1] (0.00ns)   --->   "%specinterface_ln0 = specinterface void @_ssdm_op_SpecInterface, i1 %in_stream_V_last_V, i4 %in_stream_V_strb_V, i4 %in_stream_V_keep_V, i32 %in_stream_V_data_V, void @empty, i32 0, i32 0, void @empty_0, i32 0, i32 0, void @empty_1, void @empty_1, void @empty_1, i32 0, i32 0, i32 0, i32 0, void @empty_1, void @empty_1, i32 4294967295, i32 0"   --->   Operation 5 'specinterface' 'specinterface_ln0' <Predicate = true> <Delay = 0.00>
ST_1 : Operation 6 [1/1] (1.58ns)   --->   "%br_ln0 = br void %do.cond"   --->   Operation 6 'br' 'br_ln0' <Predicate = true> <Delay = 1.58>
ST_1 : Operation 7 [1/1] (0.00ns)   --->   "%indvars_iv1 = phi i7 %add_ln34, void %arrayidx.exit, i7 1, void %newFuncRoot" [Insert_sort/insertSort.cpp:34]   --->   Operation 7 'phi' 'indvars_iv1' <Predicate = true> <Delay = 0.00>
ST_1 : Operation 8 [1/1] (0.00ns)   --->   "%n = phi i7 %add_ln33, void %arrayidx.exit, i7 0, void %newFuncRoot" [Insert_sort/insertSort.cpp:39]   --->   Operation 8 'phi' 'n' <Predicate = true> <Delay = 0.00>
ST_1 : Operation 9 [1/1] (0.00ns)   --->   "%empty = trunc i7 %n" [Insert_sort/insertSort.cpp:39]   --->   Operation 9 'trunc' 'empty' <Predicate = true> <Delay = 0.00>
ST_1 : Operation 10 [1/1] (0.00ns)   --->   "%specpipeline_ln0 = specpipeline void @_ssdm_op_SpecPipeline, i32 4294967295, i32 0, i32 1, i32 0, void @p_str"   --->   Operation 10 'specpipeline' 'specpipeline_ln0' <Predicate = true> <Delay = 0.00>
ST_1 : Operation 11 [1/1] (0.00ns)   --->   "%specloopname_ln31 = specloopname void @_ssdm_op_SpecLoopName, void @empty_10" [Insert_sort/insertSort.cpp:31]   --->   Operation 11 'specloopname' 'specloopname_ln31' <Predicate = true> <Delay = 0.00>
ST_1 : Operation 12 [1/1] (0.00ns)   --->   "%lshr_ln = partselect i5 @_ssdm_op_PartSelect.i5.i7.i32.i32, i7 %n, i32 2, i32 6" [Insert_sort/insertSort.cpp:24]   --->   Operation 12 'partselect' 'lshr_ln' <Predicate = true> <Delay = 0.00>
ST_1 : Operation 13 [1/1] (0.00ns)   --->   "%zext_ln24 = zext i5 %lshr_ln" [Insert_sort/insertSort.cpp:24]   --->   Operation 13 'zext' 'zext_ln24' <Predicate = true> <Delay = 0.00>
ST_1 : Operation 14 [1/1] (0.00ns)   --->   "%empty_20 = read i41 @_ssdm_op_Read.axis.volatile.i32P0A.i4P0A.i4P0A.i1P0A, i32 %in_stream_V_data_V, i4 %in_stream_V_keep_V, i4 %in_stream_V_strb_V, i1 %in_stream_V_last_V" [Insert_sort/insertSort.cpp:32]   --->   Operation 14 'read' 'empty_20' <Predicate = true> <Delay = 0.00> <CoreInst = "axis">   --->   Core 115 'axis' <Latency = 0> <II = 1> <Delay = 1.00> <Adapter> <Opcode : >
ST_1 : Operation 15 [1/1] (0.00ns)   --->   "%temp_data = extractvalue i41 %empty_20" [Insert_sort/insertSort.cpp:32]   --->   Operation 15 'extractvalue' 'temp_data' <Predicate = true> <Delay = 0.00>
ST_1 : Operation 16 [1/1] (0.00ns)   --->   "%temp_last = extractvalue i41 %empty_20" [Insert_sort/insertSort.cpp:32]   --->   Operation 16 'extractvalue' 'temp_last' <Predicate = true> <Delay = 0.00>
ST_1 : Operation 17 [1/1] (1.87ns)   --->   "%add_ln33 = add i7 %n, i7 1" [Insert_sort/insertSort.cpp:33]   --->   Operation 17 'add' 'add_ln33' <Predicate = true> <Delay = 1.87> <CoreInst = "Adder">   --->   Core 1 'Adder' <Latency = 0> <II = 1> <Delay = 1.87> <FuncUnit> <Opcode : 'add' 'sub'> <InPorts = 2> <OutPorts = 1>
ST_1 : Operation 18 [1/1] (0.00ns)   --->   "%arr_addr = getelementptr i32 %arr, i64 0, i64 %zext_ln24" [Insert_sort/insertSort.cpp:33]   --->   Operation 18 'getelementptr' 'arr_addr' <Predicate = true> <Delay = 0.00>
ST_1 : Operation 19 [1/1] (0.00ns)   --->   "%arr_1_addr = getelementptr i32 %arr_1, i64 0, i64 %zext_ln24" [Insert_sort/insertSort.cpp:33]   --->   Operation 19 'getelementptr' 'arr_1_addr' <Predicate = true> <Delay = 0.00>
ST_1 : Operation 20 [1/1] (0.00ns)   --->   "%arr_2_addr = getelementptr i32 %arr_2, i64 0, i64 %zext_ln24" [Insert_sort/insertSort.cpp:33]   --->   Operation 20 'getelementptr' 'arr_2_addr' <Predicate = true> <Delay = 0.00>
ST_1 : Operation 21 [1/1] (0.00ns)   --->   "%arr_3_addr = getelementptr i32 %arr_3, i64 0, i64 %zext_ln24" [Insert_sort/insertSort.cpp:33]   --->   Operation 21 'getelementptr' 'arr_3_addr' <Predicate = true> <Delay = 0.00>
ST_1 : Operation 22 [1/1] (1.86ns)   --->   "%switch_ln33 = switch i2 %empty, void %arrayidx.case.3, i2 0, void %arrayidx.case.0, i2 1, void %arrayidx.case.1, i2 2, void %arrayidx.case.2" [Insert_sort/insertSort.cpp:33]   --->   Operation 22 'switch' 'switch_ln33' <Predicate = true> <Delay = 1.86>
ST_1 : Operation 23 [1/1] (2.32ns)   --->   "%store_ln33 = store i32 %temp_data, i5 %arr_2_addr" [Insert_sort/insertSort.cpp:33]   --->   Operation 23 'store' 'store_ln33' <Predicate = (empty == 2)> <Delay = 2.32> <CoreInst = "RAM">   --->   Core 82 'RAM' <Latency = 1> <II = 1> <Delay = 2.32> <Storage> <Opcode : 'load' 'store'> <Ports = 2> <Width = 32> <Depth = 25> <RAM>
ST_1 : Operation 24 [1/1] (0.00ns)   --->   "%br_ln33 = br void %arrayidx.exit" [Insert_sort/insertSort.cpp:33]   --->   Operation 24 'br' 'br_ln33' <Predicate = (empty == 2)> <Delay = 0.00>
ST_1 : Operation 25 [1/1] (2.32ns)   --->   "%store_ln33 = store i32 %temp_data, i5 %arr_1_addr" [Insert_sort/insertSort.cpp:33]   --->   Operation 25 'store' 'store_ln33' <Predicate = (empty == 1)> <Delay = 2.32> <CoreInst = "RAM">   --->   Core 82 'RAM' <Latency = 1> <II = 1> <Delay = 2.32> <Storage> <Opcode : 'load' 'store'> <Ports = 2> <Width = 32> <Depth = 25> <RAM>
ST_1 : Operation 26 [1/1] (0.00ns)   --->   "%br_ln33 = br void %arrayidx.exit" [Insert_sort/insertSort.cpp:33]   --->   Operation 26 'br' 'br_ln33' <Predicate = (empty == 1)> <Delay = 0.00>
ST_1 : Operation 27 [1/1] (2.32ns)   --->   "%store_ln33 = store i32 %temp_data, i5 %arr_addr" [Insert_sort/insertSort.cpp:33]   --->   Operation 27 'store' 'store_ln33' <Predicate = (empty == 0)> <Delay = 2.32> <CoreInst = "RAM">   --->   Core 82 'RAM' <Latency = 1> <II = 1> <Delay = 2.32> <Storage> <Opcode : 'load' 'store'> <Ports = 2> <Width = 32> <Depth = 25> <RAM>
ST_1 : Operation 28 [1/1] (0.00ns)   --->   "%br_ln33 = br void %arrayidx.exit" [Insert_sort/insertSort.cpp:33]   --->   Operation 28 'br' 'br_ln33' <Predicate = (empty == 0)> <Delay = 0.00>
ST_1 : Operation 29 [1/1] (2.32ns)   --->   "%store_ln33 = store i32 %temp_data, i5 %arr_3_addr" [Insert_sort/insertSort.cpp:33]   --->   Operation 29 'store' 'store_ln33' <Predicate = (empty == 3)> <Delay = 2.32> <CoreInst = "RAM">   --->   Core 82 'RAM' <Latency = 1> <II = 1> <Delay = 2.32> <Storage> <Opcode : 'load' 'store'> <Ports = 2> <Width = 32> <Depth = 25> <RAM>
ST_1 : Operation 30 [1/1] (0.00ns)   --->   "%br_ln33 = br void %arrayidx.exit" [Insert_sort/insertSort.cpp:33]   --->   Operation 30 'br' 'br_ln33' <Predicate = (empty == 3)> <Delay = 0.00>
ST_1 : Operation 31 [1/1] (0.00ns) (grouped into LUT with out node and_ln34)   --->   "%xor_ln34 = xor i1 %temp_last, i1 1" [Insert_sort/insertSort.cpp:34]   --->   Operation 31 'xor' 'xor_ln34' <Predicate = true> <Delay = 0.00> <CoreInst = "LogicGate">   --->   Core 74 'LogicGate' <Latency = 0> <II = 1> <Delay = 0.97> <FuncUnit> <Opcode : 'and' 'or' 'xor'> <InPorts = 2> <OutPorts = 1>
ST_1 : Operation 32 [1/1] (1.87ns)   --->   "%icmp_ln34 = icmp_ult  i7 %add_ln33, i7 100" [Insert_sort/insertSort.cpp:34]   --->   Operation 32 'icmp' 'icmp_ln34' <Predicate = true> <Delay = 1.87> <CoreInst = "Cmp">   --->   Core 9 'Cmp' <Latency = 0> <II = 1> <Delay = 1.87> <FuncUnit> <Opcode : 'icmp'> <InPorts = 2> <OutPorts = 1>
ST_1 : Operation 33 [1/1] (0.97ns) (out node of the LUT)   --->   "%and_ln34 = and i1 %icmp_ln34, i1 %xor_ln34" [Insert_sort/insertSort.cpp:34]   --->   Operation 33 'and' 'and_ln34' <Predicate = true> <Delay = 0.97> <CoreInst = "LogicGate">   --->   Core 74 'LogicGate' <Latency = 0> <II = 1> <Delay = 0.97> <FuncUnit> <Opcode : 'and' 'or' 'xor'> <InPorts = 2> <OutPorts = 1>
ST_1 : Operation 34 [1/1] (1.87ns)   --->   "%add_ln34 = add i7 %indvars_iv1, i7 1" [Insert_sort/insertSort.cpp:34]   --->   Operation 34 'add' 'add_ln34' <Predicate = true> <Delay = 1.87> <CoreInst = "Adder">   --->   Core 1 'Adder' <Latency = 0> <II = 1> <Delay = 1.87> <FuncUnit> <Opcode : 'add' 'sub'> <InPorts = 2> <OutPorts = 1>
ST_1 : Operation 35 [1/1] (0.00ns)   --->   "%br_ln34 = br i1 %and_ln34, void %VITIS_LOOP_39_2.exitStub, void %do.cond" [Insert_sort/insertSort.cpp:34]   --->   Operation 35 'br' 'br_ln34' <Predicate = true> <Delay = 0.00>
ST_1 : Operation 36 [1/1] (0.00ns)   --->   "%write_ln34 = write void @_ssdm_op_Write.ap_auto.i7P0A, i7 %indvars_iv1_out, i7 %indvars_iv1" [Insert_sort/insertSort.cpp:34]   --->   Operation 36 'write' 'write_ln34' <Predicate = (!and_ln34)> <Delay = 0.00>
ST_1 : Operation 37 [1/1] (0.00ns)   --->   "%write_ln39 = write void @_ssdm_op_Write.ap_auto.i7P0A, i7 %n_out, i7 %n" [Insert_sort/insertSort.cpp:39]   --->   Operation 37 'write' 'write_ln39' <Predicate = (!and_ln34)> <Delay = 0.00>
ST_1 : Operation 38 [1/1] (0.00ns)   --->   "%ret_ln0 = ret"   --->   Operation 38 'ret' 'ret_ln0' <Predicate = (!and_ln34)> <Delay = 0.00>


============================================================
+ Verbose Summary: Binding
============================================================
STG Binding: 
---------------- STG Properties BEGIN ----------------
- Is combinational: 0
- Is one-state seq: 0
- Is datapath-only: 0
- Is pipelined: 0
- Is top level: 0
Port [ Return ] is wired: 1; IO mode=ap_ctrl_hs:ce=0
Port [ in_stream_V_data_V]:  wired=1; compound=1; hidden=0; nouse=0; global=0; static=0; extern=0; dir=0; type=0; pingpong=0; private_global=0; IO mode=axis:ce=0
Port [ in_stream_V_keep_V]:  wired=1; compound=1; hidden=0; nouse=0; global=0; static=0; extern=0; dir=0; type=0; pingpong=0; private_global=0; IO mode=axis:ce=0
Port [ in_stream_V_strb_V]:  wired=1; compound=1; hidden=0; nouse=0; global=0; static=0; extern=0; dir=0; type=0; pingpong=0; private_global=0; IO mode=axis:ce=0
Port [ in_stream_V_last_V]:  wired=1; compound=1; hidden=0; nouse=0; global=0; static=0; extern=0; dir=0; type=0; pingpong=0; private_global=0; IO mode=axis:ce=0
Port [ arr]:  wired=1; compound=1; hidden=0; nouse=0; global=0; static=0; extern=0; dir=1; type=1; pingpong=0; private_global=0; MemPort=[03]; IO mode=ap_memory:ce=0
Port [ arr_1]:  wired=1; compound=1; hidden=0; nouse=0; global=0; static=0; extern=0; dir=1; type=1; pingpong=0; private_global=0; MemPort=[03]; IO mode=ap_memory:ce=0
Port [ arr_2]:  wired=1; compound=1; hidden=0; nouse=0; global=0; static=0; extern=0; dir=1; type=1; pingpong=0; private_global=0; MemPort=[03]; IO mode=ap_memory:ce=0
Port [ arr_3]:  wired=1; compound=1; hidden=0; nouse=0; global=0; static=0; extern=0; dir=1; type=1; pingpong=0; private_global=0; MemPort=[03]; IO mode=ap_memory:ce=0
Port [ indvars_iv1_out]:  wired=1; compound=0; hidden=0; nouse=0; global=0; static=0; extern=0; dir=1; type=0; pingpong=0; private_global=0; IO mode=ap_vld:ce=0
Port [ n_out]:  wired=1; compound=0; hidden=0; nouse=0; global=0; static=0; extern=0; dir=1; type=0; pingpong=0; private_global=0; IO mode=ap_vld:ce=0
---------------- STG Properties END ------------------

---------------- Datapath Model BEGIN ----------------

<LifeTime>
<method=bitvector/>
specaxissidechannel_ln0 (specaxissidechannel) [ 00]
specinterface_ln0       (specinterface      ) [ 00]
br_ln0                  (br                 ) [ 00]
indvars_iv1             (phi                ) [ 01]
n                       (phi                ) [ 01]
empty                   (trunc              ) [ 01]
specpipeline_ln0        (specpipeline       ) [ 00]
specloopname_ln31       (specloopname       ) [ 00]
lshr_ln                 (partselect         ) [ 00]
zext_ln24               (zext               ) [ 00]
empty_20                (read               ) [ 00]
temp_data               (extractvalue       ) [ 00]
temp_last               (extractvalue       ) [ 00]
add_ln33                (add                ) [ 01]
arr_addr                (getelementptr      ) [ 00]
arr_1_addr              (getelementptr      ) [ 00]
arr_2_addr              (getelementptr      ) [ 00]
arr_3_addr              (getelementptr      ) [ 00]
switch_ln33             (switch             ) [ 00]
store_ln33              (store              ) [ 00]
br_ln33                 (br                 ) [ 00]
store_ln33              (store              ) [ 00]
br_ln33                 (br                 ) [ 00]
store_ln33              (store              ) [ 00]
br_ln33                 (br                 ) [ 00]
store_ln33              (store              ) [ 00]
br_ln33                 (br                 ) [ 00]
xor_ln34                (xor                ) [ 00]
icmp_ln34               (icmp               ) [ 00]
and_ln34                (and                ) [ 01]
add_ln34                (add                ) [ 01]
br_ln34                 (br                 ) [ 01]
write_ln34              (write              ) [ 00]
write_ln39              (write              ) [ 00]
ret_ln0                 (ret                ) [ 00]
</LifeTime>

<model>

<comp_list>
<comp id="0" class="1000" name="in_stream_V_data_V">
<pin_list>
<pin id="1" dir="1" index="0" bw="1" slack="0"/>
</pin_list>
<bind>
<StgValue><ssdm name="in_stream_V_data_V"/></StgValue>
</bind>
</comp>

<comp id="2" class="1000" name="in_stream_V_keep_V">
<pin_list>
<pin id="3" dir="1" index="0" bw="1" slack="0"/>
</pin_list>
<bind>
<StgValue><ssdm name="in_stream_V_keep_V"/></StgValue>
</bind>
</comp>

<comp id="4" class="1000" name="in_stream_V_strb_V">
<pin_list>
<pin id="5" dir="1" index="0" bw="1" slack="0"/>
</pin_list>
<bind>
<StgValue><ssdm name="in_stream_V_strb_V"/></StgValue>
</bind>
</comp>

<comp id="6" class="1000" name="in_stream_V_last_V">
<pin_list>
<pin id="7" dir="1" index="0" bw="1" slack="0"/>
</pin_list>
<bind>
<StgValue><ssdm name="in_stream_V_last_V"/></StgValue>
</bind>
</comp>

<comp id="8" class="1000" name="arr">
<pin_list>
<pin id="9" dir="1" index="0" bw="1" slack="0"/>
</pin_list>
<bind>
<StgValue><ssdm name="arr"/><MemPortTyVec>0 3 </MemPortTyVec>
</StgValue>
</bind>
</comp>

<comp id="10" class="1000" name="arr_1">
<pin_list>
<pin id="11" dir="1" index="0" bw="1" slack="0"/>
</pin_list>
<bind>
<StgValue><ssdm name="arr_1"/><MemPortTyVec>0 3 </MemPortTyVec>
</StgValue>
</bind>
</comp>

<comp id="12" class="1000" name="arr_2">
<pin_list>
<pin id="13" dir="1" index="0" bw="1" slack="0"/>
</pin_list>
<bind>
<StgValue><ssdm name="arr_2"/><MemPortTyVec>0 3 </MemPortTyVec>
</StgValue>
</bind>
</comp>

<comp id="14" class="1000" name="arr_3">
<pin_list>
<pin id="15" dir="1" index="0" bw="1" slack="0"/>
</pin_list>
<bind>
<StgValue><ssdm name="arr_3"/><MemPortTyVec>0 3 </MemPortTyVec>
</StgValue>
</bind>
</comp>

<comp id="16" class="1000" name="indvars_iv1_out">
<pin_list>
<pin id="17" dir="1" index="0" bw="1" slack="0"/>
</pin_list>
<bind>
<StgValue><ssdm name="indvars_iv1_out"/></StgValue>
</bind>
</comp>

<comp id="18" class="1000" name="n_out">
<pin_list>
<pin id="19" dir="1" index="0" bw="1" slack="0"/>
</pin_list>
<bind>
<StgValue><ssdm name="n_out"/></StgValue>
</bind>
</comp>

<comp id="20" class="1001" name="const_20">
<pin_list>
<pin id="21" dir="1" index="0" bw="1" slack="2147483647"/>
</pin_list>
<bind>
<StgValue><ssdm name="_ssdm_op_SpecAXISSideChannel"/></StgValue>
</bind>
</comp>

<comp id="22" class="1001" name="const_22">
<pin_list>
<pin id="23" dir="1" index="0" bw="1" slack="2147483647"/>
</pin_list>
<bind>
<StgValue><ssdm name=""/></StgValue>
</bind>
</comp>

<comp id="24" class="1001" name="const_24">
<pin_list>
<pin id="25" dir="1" index="0" bw="1" slack="2147483647"/>
</pin_list>
<bind>
<StgValue><ssdm name="empty_5"/></StgValue>
</bind>
</comp>

<comp id="26" class="1001" name="const_26">
<pin_list>
<pin id="27" dir="1" index="0" bw="1" slack="2147483647"/>
</pin_list>
<bind>
<StgValue><ssdm name="_ssdm_op_SpecInterface"/></StgValue>
</bind>
</comp>

<comp id="28" class="1001" name="const_28">
<pin_list>
<pin id="29" dir="1" index="0" bw="1" slack="2147483647"/>
</pin_list>
<bind>
<StgValue><ssdm name="empty"/></StgValue>
</bind>
</comp>

<comp id="30" class="1001" name="const_30">
<pin_list>
<pin id="31" dir="1" index="0" bw="1" slack="2147483647"/>
</pin_list>
<bind>
<StgValue><ssdm name=""/></StgValue>
</bind>
</comp>

<comp id="32" class="1001" name="const_32">
<pin_list>
<pin id="33" dir="1" index="0" bw="1" slack="2147483647"/>
</pin_list>
<bind>
<StgValue><ssdm name="empty_0"/></StgValue>
</bind>
</comp>

<comp id="34" class="1001" name="const_34">
<pin_list>
<pin id="35" dir="1" index="0" bw="1" slack="2147483647"/>
</pin_list>
<bind>
<StgValue><ssdm name="empty_1"/></StgValue>
</bind>
</comp>

<comp id="36" class="1001" name="const_36">
<pin_list>
<pin id="37" dir="1" index="0" bw="1" slack="2147483647"/>
</pin_list>
<bind>
<StgValue><ssdm name=""/></StgValue>
</bind>
</comp>

<comp id="38" class="1001" name="const_38">
<pin_list>
<pin id="39" dir="1" index="0" bw="1" slack="0"/>
</pin_list>
<bind>
<StgValue><ssdm name=""/></StgValue>
</bind>
</comp>

<comp id="40" class="1001" name="const_40">
<pin_list>
<pin id="41" dir="1" index="0" bw="1" slack="0"/>
</pin_list>
<bind>
<StgValue><ssdm name=""/></StgValue>
</bind>
</comp>

<comp id="42" class="1001" name="const_42">
<pin_list>
<pin id="43" dir="1" index="0" bw="1" slack="2147483647"/>
</pin_list>
<bind>
<StgValue><ssdm name="_ssdm_op_SpecPipeline"/></StgValue>
</bind>
</comp>

<comp id="44" class="1001" name="const_44">
<pin_list>
<pin id="45" dir="1" index="0" bw="1" slack="2147483647"/>
</pin_list>
<bind>
<StgValue><ssdm name=""/></StgValue>
</bind>
</comp>

<comp id="46" class="1001" name="const_46">
<pin_list>
<pin id="47" dir="1" index="0" bw="1" slack="2147483647"/>
</pin_list>
<bind>
<StgValue><ssdm name="p_str"/></StgValue>
</bind>
</comp>

<comp id="48" class="1001" name="const_48">
<pin_list>
<pin id="49" dir="1" index="0" bw="1" slack="2147483647"/>
</pin_list>
<bind>
<StgValue><ssdm name="_ssdm_op_SpecLoopName"/></StgValue>
</bind>
</comp>

<comp id="50" class="1001" name="const_50">
<pin_list>
<pin id="51" dir="1" index="0" bw="1" slack="2147483647"/>
</pin_list>
<bind>
<StgValue><ssdm name="empty_10"/></StgValue>
</bind>
</comp>

<comp id="52" class="1001" name="const_52">
<pin_list>
<pin id="53" dir="1" index="0" bw="1" slack="0"/>
</pin_list>
<bind>
<StgValue><ssdm name="_ssdm_op_PartSelect.i5.i7.i32.i32"/></StgValue>
</bind>
</comp>

<comp id="54" class="1001" name="const_54">
<pin_list>
<pin id="55" dir="1" index="0" bw="1" slack="0"/>
</pin_list>
<bind>
<StgValue><ssdm name=""/></StgValue>
</bind>
</comp>

<comp id="56" class="1001" name="const_56">
<pin_list>
<pin id="57" dir="1" index="0" bw="1" slack="0"/>
</pin_list>
<bind>
<StgValue><ssdm name=""/></StgValue>
</bind>
</comp>

<comp id="58" class="1001" name="const_58">
<pin_list>
<pin id="59" dir="1" index="0" bw="1" slack="0"/>
</pin_list>
<bind>
<StgValue><ssdm name="_ssdm_op_Read.axis.volatile.i32P0A.i4P0A.i4P0A.i1P0A"/></StgValue>
</bind>
</comp>

<comp id="60" class="1001" name="const_60">
<pin_list>
<pin id="61" dir="1" index="0" bw="1" slack="0"/>
</pin_list>
<bind>
<StgValue><ssdm name=""/></StgValue>
</bind>
</comp>

<comp id="62" class="1001" name="const_62">
<pin_list>
<pin id="63" dir="1" index="0" bw="1" slack="2147483647"/>
</pin_list>
<bind>
<StgValue><ssdm name=""/></StgValue>
</bind>
</comp>

<comp id="64" class="1001" name="const_64">
<pin_list>
<pin id="65" dir="1" index="0" bw="1" slack="2147483647"/>
</pin_list>
<bind>
<StgValue><ssdm name=""/></StgValue>
</bind>
</comp>

<comp id="66" class="1001" name="const_66">
<pin_list>
<pin id="67" dir="1" index="0" bw="1" slack="2147483647"/>
</pin_list>
<bind>
<StgValue><ssdm name=""/></StgValue>
</bind>
</comp>

<comp id="68" class="1001" name="const_68">
<pin_list>
<pin id="69" dir="1" index="0" bw="1" slack="0"/>
</pin_list>
<bind>
<StgValue><ssdm name=""/></StgValue>
</bind>
</comp>

<comp id="70" class="1001" name="const_70">
<pin_list>
<pin id="71" dir="1" index="0" bw="1" slack="0"/>
</pin_list>
<bind>
<StgValue><ssdm name=""/></StgValue>
</bind>
</comp>

<comp id="72" class="1001" name="const_72">
<pin_list>
<pin id="73" dir="1" index="0" bw="1" slack="0"/>
</pin_list>
<bind>
<StgValue><ssdm name="_ssdm_op_Write.ap_auto.i7P0A"/></StgValue>
</bind>
</comp>

<comp id="74" class="1004" name="empty_20_read_fu_74">
<pin_list>
<pin id="75" dir="0" index="0" bw="41" slack="0"/>
<pin id="76" dir="0" index="1" bw="32" slack="0"/>
<pin id="77" dir="0" index="2" bw="4" slack="0"/>
<pin id="78" dir="0" index="3" bw="4" slack="0"/>
<pin id="79" dir="0" index="4" bw="1" slack="0"/>
<pin id="80" dir="1" index="5" bw="41" slack="0"/>
</pin_list>
<bind>
<opcode="read(1150) " fcode="read"/>
<opset="empty_20/1 "/>
</bind>
</comp>

<comp id="86" class="1004" name="write_ln34_write_fu_86">
<pin_list>
<pin id="87" dir="0" index="0" bw="0" slack="0"/>
<pin id="88" dir="0" index="1" bw="7" slack="0"/>
<pin id="89" dir="0" index="2" bw="7" slack="0"/>
<pin id="90" dir="1" index="3" bw="0" slack="2147483647"/>
</pin_list>
<bind>
<opcode="write(1151) " fcode="write"/>
<opset="write_ln34/1 "/>
</bind>
</comp>

<comp id="93" class="1004" name="write_ln39_write_fu_93">
<pin_list>
<pin id="94" dir="0" index="0" bw="0" slack="0"/>
<pin id="95" dir="0" index="1" bw="7" slack="0"/>
<pin id="96" dir="0" index="2" bw="7" slack="0"/>
<pin id="97" dir="1" index="3" bw="0" slack="2147483647"/>
</pin_list>
<bind>
<opcode="write(1151) " fcode="write"/>
<opset="write_ln39/1 "/>
</bind>
</comp>

<comp id="100" class="1004" name="arr_addr_gep_fu_100">
<pin_list>
<pin id="101" dir="0" index="0" bw="32" slack="0"/>
<pin id="102" dir="0" index="1" bw="1" slack="0"/>
<pin id="103" dir="0" index="2" bw="5" slack="0"/>
<pin id="104" dir="1" index="3" bw="5" slack="0"/>
</pin_list>
<bind>
<opcode="getelementptr(29) " fcode="getelementptr"/>
<opset="arr_addr/1 "/>
</bind>
</comp>

<comp id="107" class="1004" name="arr_1_addr_gep_fu_107">
<pin_list>
<pin id="108" dir="0" index="0" bw="32" slack="0"/>
<pin id="109" dir="0" index="1" bw="1" slack="0"/>
<pin id="110" dir="0" index="2" bw="5" slack="0"/>
<pin id="111" dir="1" index="3" bw="5" slack="0"/>
</pin_list>
<bind>
<opcode="getelementptr(29) " fcode="getelementptr"/>
<opset="arr_1_addr/1 "/>
</bind>
</comp>

<comp id="114" class="1004" name="arr_2_addr_gep_fu_114">
<pin_list>
<pin id="115" dir="0" index="0" bw="32" slack="0"/>
<pin id="116" dir="0" index="1" bw="1" slack="0"/>
<pin id="117" dir="0" index="2" bw="5" slack="0"/>
<pin id="118" dir="1" index="3" bw="5" slack="0"/>
</pin_list>
<bind>
<opcode="getelementptr(29) " fcode="getelementptr"/>
<opset="arr_2_addr/1 "/>
</bind>
</comp>

<comp id="121" class="1004" name="arr_3_addr_gep_fu_121">
<pin_list>
<pin id="122" dir="0" index="0" bw="32" slack="0"/>
<pin id="123" dir="0" index="1" bw="1" slack="0"/>
<pin id="124" dir="0" index="2" bw="5" slack="0"/>
<pin id="125" dir="1" index="3" bw="5" slack="0"/>
</pin_list>
<bind>
<opcode="getelementptr(29) " fcode="getelementptr"/>
<opset="arr_3_addr/1 "/>
</bind>
</comp>

<comp id="128" class="1004" name="store_ln33_access_fu_128">
<pin_list>
<pin id="129" dir="0" index="0" bw="5" slack="0"/>
<pin id="130" dir="0" index="1" bw="32" slack="0"/>
<pin id="131" dir="0" index="2" bw="0" slack="2147483647"/>
<pin id="132" dir="1" index="3" bw="32" slack="2147483647"/>
</pin_list>
<bind>
<opcode="store(28) " fcode="store"/>
<opset="store_ln33/1 "/>
</bind>
</comp>

<comp id="134" class="1004" name="store_ln33_access_fu_134">
<pin_list>
<pin id="135" dir="0" index="0" bw="5" slack="0"/>
<pin id="136" dir="0" index="1" bw="32" slack="0"/>
<pin id="137" dir="0" index="2" bw="0" slack="2147483647"/>
<pin id="138" dir="1" index="3" bw="32" slack="2147483647"/>
</pin_list>
<bind>
<opcode="store(28) " fcode="store"/>
<opset="store_ln33/1 "/>
</bind>
</comp>

<comp id="140" class="1004" name="store_ln33_access_fu_140">
<pin_list>
<pin id="141" dir="0" index="0" bw="5" slack="0"/>
<pin id="142" dir="0" index="1" bw="32" slack="0"/>
<pin id="143" dir="0" index="2" bw="0" slack="2147483647"/>
<pin id="144" dir="1" index="3" bw="32" slack="2147483647"/>
</pin_list>
<bind>
<opcode="store(28) " fcode="store"/>
<opset="store_ln33/1 "/>
</bind>
</comp>

<comp id="146" class="1004" name="store_ln33_access_fu_146">
<pin_list>
<pin id="147" dir="0" index="0" bw="5" slack="0"/>
<pin id="148" dir="0" index="1" bw="32" slack="0"/>
<pin id="149" dir="0" index="2" bw="0" slack="2147483647"/>
<pin id="150" dir="1" index="3" bw="32" slack="2147483647"/>
</pin_list>
<bind>
<opcode="store(28) " fcode="store"/>
<opset="store_ln33/1 "/>
</bind>
</comp>

<comp id="152" class="1005" name="indvars_iv1_reg_152">
<pin_list>
<pin id="153" dir="0" index="0" bw="7" slack="2147483647"/>
<pin id="154" dir="1" index="1" bw="7" slack="2147483647"/>
</pin_list>
<bind>
<opset="indvars_iv1 (phireg) "/>
</bind>
</comp>

<comp id="155" class="1004" name="indvars_iv1_phi_fu_155">
<pin_list>
<pin id="156" dir="0" index="0" bw="7" slack="0"/>
<pin id="157" dir="0" index="1" bw="0" slack="2147483647"/>
<pin id="158" dir="0" index="2" bw="1" slack="0"/>
<pin id="159" dir="0" index="3" bw="0" slack="2147483647"/>
<pin id="160" dir="1" index="4" bw="7" slack="0"/>
</pin_list>
<bind>
<opcode="phi(47) " fcode="phi"/>
<opset="indvars_iv1/1 "/>
</bind>
</comp>

<comp id="163" class="1005" name="n_reg_163">
<pin_list>
<pin id="164" dir="0" index="0" bw="7" slack="2147483647"/>
<pin id="165" dir="1" index="1" bw="7" slack="2147483647"/>
</pin_list>
<bind>
<opset="n (phireg) "/>
</bind>
</comp>

<comp id="166" class="1004" name="n_phi_fu_166">
<pin_list>
<pin id="167" dir="0" index="0" bw="7" slack="0"/>
<pin id="168" dir="0" index="1" bw="0" slack="2147483647"/>
<pin id="169" dir="0" index="2" bw="1" slack="0"/>
<pin id="170" dir="0" index="3" bw="0" slack="2147483647"/>
<pin id="171" dir="1" index="4" bw="7" slack="0"/>
</pin_list>
<bind>
<opcode="phi(47) " fcode="phi"/>
<opset="n/1 "/>
</bind>
</comp>

<comp id="174" class="1004" name="empty_fu_174">
<pin_list>
<pin id="175" dir="0" index="0" bw="7" slack="0"/>
<pin id="176" dir="1" index="1" bw="2" slack="2147483647"/>
</pin_list>
<bind>
<opcode="trunc(33) " fcode="trunc"/>
<opset="empty/1 "/>
</bind>
</comp>

<comp id="178" class="1004" name="lshr_ln_fu_178">
<pin_list>
<pin id="179" dir="0" index="0" bw="5" slack="0"/>
<pin id="180" dir="0" index="1" bw="7" slack="0"/>
<pin id="181" dir="0" index="2" bw="3" slack="0"/>
<pin id="182" dir="0" index="3" bw="4" slack="0"/>
<pin id="183" dir="1" index="4" bw="5" slack="0"/>
</pin_list>
<bind>
<opcode="partselect(1002) " fcode="partselect"/>
<opset="lshr_ln/1 "/>
</bind>
</comp>

<comp id="188" class="1004" name="zext_ln24_fu_188">
<pin_list>
<pin id="189" dir="0" index="0" bw="5" slack="0"/>
<pin id="190" dir="1" index="1" bw="64" slack="0"/>
</pin_list>
<bind>
<opcode="zext(34) " fcode="zext"/>
<opset="zext_ln24/1 "/>
</bind>
</comp>

<comp id="196" class="1004" name="temp_data_fu_196">
<pin_list>
<pin id="197" dir="0" index="0" bw="41" slack="0"/>
<pin id="198" dir="1" index="1" bw="32" slack="0"/>
</pin_list>
<bind>
<opcode="extractvalue(56) " fcode="extractvalue"/>
<opset="temp_data/1 "/>
</bind>
</comp>

<comp id="204" class="1004" name="temp_last_fu_204">
<pin_list>
<pin id="205" dir="0" index="0" bw="41" slack="0"/>
<pin id="206" dir="1" index="1" bw="1" slack="0"/>
</pin_list>
<bind>
<opcode="extractvalue(56) " fcode="extractvalue"/>
<opset="temp_last/1 "/>
</bind>
</comp>

<comp id="208" class="1004" name="add_ln33_fu_208">
<pin_list>
<pin id="209" dir="0" index="0" bw="7" slack="0"/>
<pin id="210" dir="0" index="1" bw="1" slack="0"/>
<pin id="211" dir="1" index="2" bw="7" slack="0"/>
</pin_list>
<bind>
<opcode="add(8) " fcode="add"/>
<opset="add_ln33/1 "/>
</bind>
</comp>

<comp id="214" class="1004" name="xor_ln34_fu_214">
<pin_list>
<pin id="215" dir="0" index="0" bw="1" slack="0"/>
<pin id="216" dir="0" index="1" bw="1" slack="0"/>
<pin id="217" dir="1" index="2" bw="1" slack="0"/>
</pin_list>
<bind>
<opcode="xor(25) " fcode="xor"/>
<opset="xor_ln34/1 "/>
</bind>
</comp>

<comp id="220" class="1004" name="icmp_ln34_fu_220">
<pin_list>
<pin id="221" dir="0" index="0" bw="7" slack="0"/>
<pin id="222" dir="0" index="1" bw="7" slack="0"/>
<pin id="223" dir="1" index="2" bw="1" slack="0"/>
</pin_list>
<bind>
<opcode="icmp(45) " fcode="icmp"/>
<opset="icmp_ln34/1 "/>
</bind>
</comp>

<comp id="226" class="1004" name="and_ln34_fu_226">
<pin_list>
<pin id="227" dir="0" index="0" bw="1" slack="0"/>
<pin id="228" dir="0" index="1" bw="1" slack="0"/>
<pin id="229" dir="1" index="2" bw="1" slack="2147483647"/>
</pin_list>
<bind>
<opcode="and(23) " fcode="and"/>
<opset="and_ln34/1 "/>
</bind>
</comp>

<comp id="232" class="1004" name="add_ln34_fu_232">
<pin_list>
<pin id="233" dir="0" index="0" bw="7" slack="0"/>
<pin id="234" dir="0" index="1" bw="1" slack="0"/>
<pin id="235" dir="1" index="2" bw="7" slack="0"/>
</pin_list>
<bind>
<opcode="add(8) " fcode="add"/>
<opset="add_ln34/1 "/>
</bind>
</comp>

<comp id="241" class="1005" name="add_ln33_reg_241">
<pin_list>
<pin id="242" dir="0" index="0" bw="7" slack="0"/>
<pin id="243" dir="1" index="1" bw="7" slack="0"/>
</pin_list>
<bind>
<opset="add_ln33 "/>
</bind>
</comp>

<comp id="249" class="1005" name="add_ln34_reg_249">
<pin_list>
<pin id="250" dir="0" index="0" bw="7" slack="0"/>
<pin id="251" dir="1" index="1" bw="7" slack="0"/>
</pin_list>
<bind>
<opset="add_ln34 "/>
</bind>
</comp>

</comp_list>

<net_list>
<net id="81"><net_src comp="58" pin="0"/><net_sink comp="74" pin=0"/></net>

<net id="82"><net_src comp="0" pin="0"/><net_sink comp="74" pin=1"/></net>

<net id="83"><net_src comp="2" pin="0"/><net_sink comp="74" pin=2"/></net>

<net id="84"><net_src comp="4" pin="0"/><net_sink comp="74" pin=3"/></net>

<net id="85"><net_src comp="6" pin="0"/><net_sink comp="74" pin=4"/></net>

<net id="91"><net_src comp="72" pin="0"/><net_sink comp="86" pin=0"/></net>

<net id="92"><net_src comp="16" pin="0"/><net_sink comp="86" pin=1"/></net>

<net id="98"><net_src comp="72" pin="0"/><net_sink comp="93" pin=0"/></net>

<net id="99"><net_src comp="18" pin="0"/><net_sink comp="93" pin=1"/></net>

<net id="105"><net_src comp="8" pin="0"/><net_sink comp="100" pin=0"/></net>

<net id="106"><net_src comp="60" pin="0"/><net_sink comp="100" pin=1"/></net>

<net id="112"><net_src comp="10" pin="0"/><net_sink comp="107" pin=0"/></net>

<net id="113"><net_src comp="60" pin="0"/><net_sink comp="107" pin=1"/></net>

<net id="119"><net_src comp="12" pin="0"/><net_sink comp="114" pin=0"/></net>

<net id="120"><net_src comp="60" pin="0"/><net_sink comp="114" pin=1"/></net>

<net id="126"><net_src comp="14" pin="0"/><net_sink comp="121" pin=0"/></net>

<net id="127"><net_src comp="60" pin="0"/><net_sink comp="121" pin=1"/></net>

<net id="133"><net_src comp="114" pin="3"/><net_sink comp="128" pin=0"/></net>

<net id="139"><net_src comp="107" pin="3"/><net_sink comp="134" pin=0"/></net>

<net id="145"><net_src comp="100" pin="3"/><net_sink comp="140" pin=0"/></net>

<net id="151"><net_src comp="121" pin="3"/><net_sink comp="146" pin=0"/></net>

<net id="161"><net_src comp="38" pin="0"/><net_sink comp="155" pin=2"/></net>

<net id="162"><net_src comp="155" pin="4"/><net_sink comp="86" pin=2"/></net>

<net id="172"><net_src comp="40" pin="0"/><net_sink comp="166" pin=2"/></net>

<net id="173"><net_src comp="166" pin="4"/><net_sink comp="93" pin=2"/></net>

<net id="177"><net_src comp="166" pin="4"/><net_sink comp="174" pin=0"/></net>

<net id="184"><net_src comp="52" pin="0"/><net_sink comp="178" pin=0"/></net>

<net id="185"><net_src comp="166" pin="4"/><net_sink comp="178" pin=1"/></net>

<net id="186"><net_src comp="54" pin="0"/><net_sink comp="178" pin=2"/></net>

<net id="187"><net_src comp="56" pin="0"/><net_sink comp="178" pin=3"/></net>

<net id="191"><net_src comp="178" pin="4"/><net_sink comp="188" pin=0"/></net>

<net id="192"><net_src comp="188" pin="1"/><net_sink comp="100" pin=2"/></net>

<net id="193"><net_src comp="188" pin="1"/><net_sink comp="107" pin=2"/></net>

<net id="194"><net_src comp="188" pin="1"/><net_sink comp="114" pin=2"/></net>

<net id="195"><net_src comp="188" pin="1"/><net_sink comp="121" pin=2"/></net>

<net id="199"><net_src comp="74" pin="5"/><net_sink comp="196" pin=0"/></net>

<net id="200"><net_src comp="196" pin="1"/><net_sink comp="128" pin=1"/></net>

<net id="201"><net_src comp="196" pin="1"/><net_sink comp="134" pin=1"/></net>

<net id="202"><net_src comp="196" pin="1"/><net_sink comp="140" pin=1"/></net>

<net id="203"><net_src comp="196" pin="1"/><net_sink comp="146" pin=1"/></net>

<net id="207"><net_src comp="74" pin="5"/><net_sink comp="204" pin=0"/></net>

<net id="212"><net_src comp="166" pin="4"/><net_sink comp="208" pin=0"/></net>

<net id="213"><net_src comp="38" pin="0"/><net_sink comp="208" pin=1"/></net>

<net id="218"><net_src comp="204" pin="1"/><net_sink comp="214" pin=0"/></net>

<net id="219"><net_src comp="68" pin="0"/><net_sink comp="214" pin=1"/></net>

<net id="224"><net_src comp="208" pin="2"/><net_sink comp="220" pin=0"/></net>

<net id="225"><net_src comp="70" pin="0"/><net_sink comp="220" pin=1"/></net>

<net id="230"><net_src comp="220" pin="2"/><net_sink comp="226" pin=0"/></net>

<net id="231"><net_src comp="214" pin="2"/><net_sink comp="226" pin=1"/></net>

<net id="236"><net_src comp="155" pin="4"/><net_sink comp="232" pin=0"/></net>

<net id="237"><net_src comp="38" pin="0"/><net_sink comp="232" pin=1"/></net>

<net id="244"><net_src comp="208" pin="2"/><net_sink comp="241" pin=0"/></net>

<net id="245"><net_src comp="241" pin="1"/><net_sink comp="166" pin=0"/></net>

<net id="252"><net_src comp="232" pin="2"/><net_sink comp="249" pin=0"/></net>

<net id="253"><net_src comp="249" pin="1"/><net_sink comp="155" pin=0"/></net>

</net_list>

</model> 
---------------- Datapath Model END ------------------

* FSMD analyzer results:
  - Output states:
	Port: in_stream_V_data_V | {}
	Port: in_stream_V_keep_V | {}
	Port: in_stream_V_strb_V | {}
	Port: in_stream_V_last_V | {}
	Port: arr | {1 }
	Port: arr_1 | {1 }
	Port: arr_2 | {1 }
	Port: arr_3 | {1 }
	Port: indvars_iv1_out | {1 }
	Port: n_out | {1 }
 - Input state : 
	Port: insertion_sort_axis_Pipeline_VITIS_LOOP_31_1 : in_stream_V_data_V | {1 }
	Port: insertion_sort_axis_Pipeline_VITIS_LOOP_31_1 : in_stream_V_keep_V | {1 }
	Port: insertion_sort_axis_Pipeline_VITIS_LOOP_31_1 : in_stream_V_strb_V | {1 }
	Port: insertion_sort_axis_Pipeline_VITIS_LOOP_31_1 : in_stream_V_last_V | {1 }
  - Chain level:
	State 1
		indvars_iv1 : 1
		n : 1
		empty : 2
		lshr_ln : 2
		zext_ln24 : 3
		add_ln33 : 2
		arr_addr : 4
		arr_1_addr : 4
		arr_2_addr : 4
		arr_3_addr : 4
		switch_ln33 : 3
		store_ln33 : 5
		store_ln33 : 5
		store_ln33 : 5
		store_ln33 : 5
		xor_ln34 : 1
		icmp_ln34 : 3
		and_ln34 : 4
		add_ln34 : 2
		br_ln34 : 4
		write_ln34 : 2
		write_ln39 : 2


============================================================
+ Verbose Summary: Datapath Resource usage 
============================================================

* Functional unit list:
|----------|------------------------|---------|---------|
| Operation|     Functional Unit    |    FF   |   LUT   |
|----------|------------------------|---------|---------|
|    add   |     add_ln33_fu_208    |    0    |    14   |
|          |     add_ln34_fu_232    |    0    |    14   |
|----------|------------------------|---------|---------|
|   icmp   |    icmp_ln34_fu_220    |    0    |    14   |
|----------|------------------------|---------|---------|
|    xor   |     xor_ln34_fu_214    |    0    |    2    |
|----------|------------------------|---------|---------|
|    and   |     and_ln34_fu_226    |    0    |    2    |
|----------|------------------------|---------|---------|
|   read   |   empty_20_read_fu_74  |    0    |    0    |
|----------|------------------------|---------|---------|
|   write  | write_ln34_write_fu_86 |    0    |    0    |
|          | write_ln39_write_fu_93 |    0    |    0    |
|----------|------------------------|---------|---------|
|   trunc  |      empty_fu_174      |    0    |    0    |
|----------|------------------------|---------|---------|
|partselect|     lshr_ln_fu_178     |    0    |    0    |
|----------|------------------------|---------|---------|
|   zext   |    zext_ln24_fu_188    |    0    |    0    |
|----------|------------------------|---------|---------|
|extractvalue|    temp_data_fu_196    |    0    |    0    |
|          |    temp_last_fu_204    |    0    |    0    |
|----------|------------------------|---------|---------|
|   Total  |                        |    0    |    46   |
|----------|------------------------|---------|---------|

Memories:
N/A

* Register list:
+-------------------+--------+
|                   |   FF   |
+-------------------+--------+
|  add_ln33_reg_241 |    7   |
|  add_ln34_reg_249 |    7   |
|indvars_iv1_reg_152|    7   |
|     n_reg_163     |    7   |
+-------------------+--------+
|       Total       |   28   |
+-------------------+--------+

* Multiplexer (MUX) list: 
|--------|------|------|------|--------|
|  Comp  |  Pin | Size |  BW  | S x BW |
|--------|------|------|------|--------|
|  Total |      |      |      |    0   |
|--------|------|------|------|--------|



* Summary:
+-----------+--------+--------+
|           |   FF   |   LUT  |
+-----------+--------+--------+
|  Function |    0   |   46   |
|   Memory  |    -   |    -   |
|Multiplexer|    -   |    -   |
|  Register |   28   |    -   |
+-----------+--------+--------+
|   Total   |   28   |   46   |
+-----------+--------+--------+
