

================================================================
== Vitis HLS Report for 'insertion_sort_axis_Pipeline_VITIS_LOOP_31_1'
================================================================
* Date:           Thu Mar 19 00:55:55 2026

* Version:        2023.1 (Build 3854077 on May  4 2023)
* Project:        Insert_sort
* Solution:       solution1 (Vivado IP Flow Target)
* Product family: zynq
* Target device:  xc7z020-clg484-1


================================================================
== Performance Estimates
================================================================
+ Timing: 
    * Summary: 
    +--------+----------+----------+------------+
    |  Clock |  Target  | Estimated| Uncertainty|
    +--------+----------+----------+------------+
    |ap_clk  |  10.00 ns|  6.306 ns|     2.70 ns|
    +--------+----------+----------+------------+

+ Latency: 
    * Summary: 
    +---------+---------+----------+----------+-----+-----+---------+
    |  Latency (cycles) |  Latency (absolute) |  Interval | Pipeline|
    |   min   |   max   |    min   |    max   | min | max |   Type  |
    +---------+---------+----------+----------+-----+-----+---------+
    |        ?|        ?|         ?|         ?|    ?|    ?|       no|
    +---------+---------+----------+----------+-----+-----+---------+

    + Detail: 
        * Instance: 
        N/A

        * Loop: 
        +-------------------+---------+---------+----------+-----------+-----------+------+----------+
        |                   |  Latency (cycles) | Iteration|  Initiation Interval  | Trip |          |
        |     Loop Name     |   min   |   max   |  Latency |  achieved |   target  | Count| Pipelined|
        +-------------------+---------+---------+----------+-----------+-----------+------+----------+
        |- VITIS_LOOP_31_1  |        ?|        ?|         1|          1|          1|     ?|       yes|
        +-------------------+---------+---------+----------+-----------+-----------+------+----------+

============================================================
+ Verbose Summary: Synthesis Manager
============================================================
InlineROM: 1
ExposeGlobal: 0
============================================================
+ Verbose Summary: CDFG Model
============================================================
IsTopModel: 0
ResetActiveHigh: 1
IsCombinational: 0
IsDatapathOnly: 0
HasWiredReturn: 1
HasMFsm: 2
HasVarLatency: 1
IsPipeline: 0
IsRtlPipelined: 0
IsInstanceOverlapped: 0
IsDontTouch: 0
HasImplIP: 0
IsGatedGlobalClock: 0

+ Individual pipeline summary: 
  * Pipeline-0: initiation interval (II) = 1, depth = 1


============================================================
+ Verbose Summary: Schedule
============================================================
* Number of FSM states : 1
* Pipeline : 1
  Pipeline-0 : II = 1, D = 1, States = { 1 }
* Dataflow Pipeline: 0

* FSM state transitions: 
1 --> 

* FSM state operations: 

State 1 <SV = 0> <Delay = 6.30>
ST_1 : Operation 4 [1/1] (0.00ns)   --->   "%specaxissidechannel_ln0 = specaxissidechannel void @_ssdm_op_SpecAXISSideChannel, i32 %in_stream_V_data_V, i4 %in_stream_V_keep_V, i4 %in_stream_V_strb_V, i1 0, i1 %in_stream_V_last_V, i1 0, i1 0, void @empty_5"   --->   Operation 4 'specaxissidechannel' 'specaxissidechannel_ln0' <Predicate = true> <Delay = 0.00>
ST_1 : Operation 5 [1/1] (0.00ns)   --->   "%specinterface_ln0 = specinterface void @_ssdm_op_SpecInterface, i1 %in_stream_V_last_V, i4 %in_stream_V_strb_V, i4 %in_stream_V_keep_V, i32 %in_stream_V_data_V, void @empty, i32 0, i32 0, void @empty_0, i32 0, i32 0, void @empty_1, void @empty_1, void @empty_1, i32 0, i32 0, i32 0, i32 0, void @empty_1, void @empty_1, i32 4294967295, i32 0"   --->   Operation 5 'specinterface' 'specinterface_ln0' <Predicate = true> <Delay = 0.00>
ST_1 : Operation 6 [1/1] (1.58ns)   --->   "%br_ln0 = br void %do.cond"   --->   Operation 6 'br' 'br_ln0' <Predicate = true> <Delay = 1.58>
ST_1 : Operation 7 [1/1] (0.00ns)   --->   "%indvars_iv1 = phi i7 %add_ln34, void %arrayidx.exit, i7 1, void %newFuncRoot" [Insert_sort/insertSort.cpp:34]   --->   Operation 7 'phi' 'indvars_iv1' <Predicate = true> <Delay = 0.00>
ST_1 : Operation 8 [1/1] (0.00ns)   --->   "%n = phi i7 %add_ln33, void %arrayidx.exit, i7 0, void %newFuncRoot" [Insert_sort/insertSort.cpp:39]   --->   Operation 8 'phi' 'n' <Predicate = true> <Delay = 0.00>
ST_1 : Operation 9 [1/1] (0.00ns)   --->   "%empty = trunc i7 %n" [Insert_sort/insertSort.cpp:39]   --->   Operation 9 'trunc' 'empty' <Predicate = true> <Delay = 0.00>
ST_1 : Operation 10 [1/1] (0.00ns)   --->   "%specpipeline_ln0 = specpipeline void @_ssdm_op_SpecPipeline, i32 4294967295, i32 0, i32 1, i32 0, void @p_str"   --->   Operation 10 'specpipeline' 'specpipeline_ln0' <Predicate = true> <Delay = 0.00>
ST_1 : Operation 11 [1/1] (0.00ns)   --->   "%specloopname_ln31 = specloopname void @_ssdm_op_SpecLoopName, void @empty_10" [Insert_sort/insertSort.cpp:31]   --->   Operation 11 'specloopname' 'specloopname_ln31' <Predicate = true> <Delay = 0.00>
ST_1 : Operation 12 [1/1] (0.00ns)   --->   "%lshr_ln = partselect i5 @_ssdm_op_PartSelect.i5.i7.i32.i32, i7 %n, i32 2, i32 6" [Insert_sort/insertSort.cpp:24]   --->   Operation 12 'partselect' 'lshr_ln' <Predicate = true> <Delay = 0.00>
ST_1 : Operation 13 [1/1] (0.00ns)   --->   "%zext_ln24 = zext i5 %lshr_ln" [Insert_sort/insertSort.cpp:24]   --->   Operation 13 'zext' 'zext_ln24' <Predicate = true> <Delay = 0.00>
ST_1 : Operation 14 [1/1] (0.00ns)   --->   "%empty_20 = read i41 @_ssdm_op_Read.axis.volatile.i32P0A.i4P0A.i4P0A.i1P0A, i32 %in_stream_V_data_V, i4 %in_stream_V_keep_V, i4 %in_stream_V_strb_V, i1 %in_stream_V_last_V" [Insert_sort/insertSort.cpp:32]   --->   Operation 14 'read' 'empty_20' <Predicate = true> <Delay = 0.00> <CoreInst = "axis">   --->   Core 115 'axis' <Latency = 0> <II = 1> <Delay = 1.00> <Adapter> <Opcode : >
ST_1 : Operation 15 [1/1] (0.00ns)   --->   "%temp_data = extractvalue i41 %empty_20" [Insert_sort/insertSort.cpp:32]   --->   Operation 15 'extractvalue' 'temp_data' <Predicate = true> <Delay = 0.00>
ST_1 : Operation 16 [1/1] (0.00ns)   --->   "%temp_last = extractvalue i41 %empty_20" [Insert_sort/insertSort.cpp:32]   --->   Operation 16 'extractvalue' 'temp_last' <Predicate = true> <Delay = 0.00>
ST_1 : Operation 17 [1/1] (1.87ns)   --->   "%add_ln33 = add i7 %n, i7 1" [Insert_sort/insertSort.cpp:33]   --->   Operation 17 'add' 'add_ln33' <Predicate = true> <Delay = 1.87> <CoreInst = "Adder">   --->   Core 1 'Adder' <Latency = 0> <II = 1> <Delay = 1.87> <FuncUnit> <Opcode : 'add' 'sub'> <InPorts = 2> <OutPorts = 1>
ST_1 : Operation 18 [1/1] (0.00ns)   --->   "%arr_addr = getelementptr i32 %arr, i64 0, i64 %zext_ln24" [Insert_sort/insertSort.cpp:33]   --->   Operation 18 'getelementptr' 'arr_addr' <Predicate = true> <Delay = 0.00>
ST_1 : Operation 19 [1/1] (0.00ns)   --->   "%arr_1_addr = getelementptr i32 %arr_1, i64 0, i64 %zext_ln24" [Insert_sort/insertSort.cpp:33]   --->   Operation 19 'getelementptr' 'arr_1_addr' <Predicate = true> <Delay = 0.00>
ST_1 : Operation 20 [1/1] (0.00ns)   --->   "%arr_2_addr = getelementptr i32 %arr_2, i64 0, i64 %zext_ln24" [Insert_sort/insertSort.cpp:33]   --->   Operation 20 'getelementptr' 'arr_2_addr' <Predicate = true> <Delay = 0.00>
ST_1 : Operation 21 [1/1] (0.00ns)   --->   "%arr_3_addr = getelementptr i32 %arr_3, i64 0, i64 %zext_ln24" [Insert_sort/insertSort.cpp:33]   --->   Operation 21 'getelementptr' 'arr_3_addr' <Predicate = true> <Delay = 0.00>
ST_1 : Operation 22 [1/1] (1.86ns)   --->   "%switch_ln33 = switch i2 %empty, void %arrayidx.case.3, i2 0, void %arrayidx.case.0, i2 1, void %arrayidx.case.1, i2 2, void %arrayidx.case.2" [Insert_sort/insertSort.cpp:33]   --->   Operation 22 'switch' 'switch_ln33' <Predicate = true> <Delay = 1.86>
ST_1 : Operation 23 [1/1] (2.32ns)   --->   "%store_ln33 = store i32 %temp_data, i5 %arr_2_addr" [Insert_sort/insertSort.cpp:33]   --->   Operation 23 'store' 'store_ln33' <Predicate = (empty == 2)> <Delay = 2.32> <CoreInst = "RAM">   --->   Core 82 'RAM' <Latency = 1> <II = 1> <Delay = 2.32> <Storage> <Opcode : 'load' 'store'> <Ports = 2> <Width = 32> <Depth = 25> <RAM>
ST_1 : Operation 24 [1/1] (0.00ns)   --->   "%br_ln33 = br void %arrayidx.exit" [Insert_sort/insertSort.cpp:33]   --->   Operation 24 'br' 'br_ln33' <Predicate = (empty == 2)> <Delay = 0.00>
ST_1 : Operation 25 [1/1] (2.32ns)   --->   "%store_ln33 = store i32 %temp_data, i5 %arr_1_addr" [Insert_sort/insertSort.cpp:33]   --->   Operation 25 'store' 'store_ln33' <Predicate = (empty == 1)> <Delay = 2.32> <CoreInst = "RAM">   --->   Core 82 'RAM' <Latency = 1> <II = 1> <Delay = 2.32> <Storage> <Opcode : 'load' 'store'> <Ports = 2> <Width = 32> <Depth = 25> <RAM>
ST_1 : Operation 26 [1/1] (0.00ns)   --->   "%br_ln33 = br void %arrayidx.exit" [Insert_sort/insertSort.cpp:33]   --->   Operation 26 'br' 'br_ln33' <Predicate = (empty == 1)> <Delay = 0.00>
ST_1 : Operation 27 [1/1] (2.32ns)   --->   "%store_ln33 = store i32 %temp_data, i5 %arr_addr" [Insert_sort/insertSort.cpp:33]   --->   Operation 27 'store' 'store_ln33' <Predicate = (empty == 0)> <Delay = 2.32> <CoreInst = "RAM">   --->   Core 82 'RAM' <Latency = 1> <II = 1> <Delay = 2.32> <Storage> <Opcode : 'load' 'store'> <Ports = 2> <Width = 32> <Depth = 25> <RAM>
ST_1 : Operation 28 [1/1] (0.00ns)   --->   "%br_ln33 = br void %arrayidx.exit" [Insert_sort/insertSort.cpp:33]   --->   Operation 28 'br' 'br_ln33' <Predicate = (empty == 0)> <Delay = 0.00>
ST_1 : Operation 29 [1/1] (2.32ns)   --->   "%store_ln33 = store i32 %temp_data, i5 %arr_3_addr" [Insert_sort/insertSort.cpp:33]   --->   Operation 29 'store' 'store_ln33' <Predicate = (empty == 3)> <Delay = 2.32> <CoreInst = "RAM">   --->   Core 82 'RAM' <Latency = 1> <II = 1> <Delay = 2.32> <Storage> <Opcode : 'load' 'store'> <Ports = 2> <Width = 32> <Depth = 25> <RAM>
ST_1 : Operation 30 [1/1] (0.00ns)   --->   "%br_ln33 = br void %arrayidx.exit" [Insert_sort/insertSort.cpp:33]   --->   Operation 30 'br' 'br_ln33' <Predicate = (empty == 3)> <Delay = 0.00>
ST_1 : Operation 31 [1/1] (0.00ns) (grouped into LUT with out node and_ln34)   --->   "%xor_ln34 = xor i1 %temp_last, i1 1" [Insert_sort/insertSort.cpp:34]   --->   Operation 31 'xor' 'xor_ln34' <Predicate = true> <Delay = 0.00> <CoreInst = "LogicGate">   --->   Core 74 'LogicGate' <Latency = 0> <II = 1> <Delay = 0.97> <FuncUnit> <Opcode : 'and' 'or' 'xor'> <InPorts = 2> <OutPorts = 1>
ST_1 : Operation 32 [1/1] (1.87ns)   --->   "%icmp_ln34 = icmp_ult  i7 %add_ln33, i7 100" [Insert_sort/insertSort.cpp:34]   --->   Operation 32 'icmp' 'icmp_ln34' <Predicate = true> <Delay = 1.87> <CoreInst = "Cmp">   --->   Core 9 'Cmp' <Latency = 0> <II = 1> <Delay = 1.87> <FuncUnit> <Opcode : 'icmp'> <InPorts = 2> <OutPorts = 1>
ST_1 : Operation 33 [1/1] (0.97ns) (out node of the LUT)   --->   "%and_ln34 = and i1 %icmp_ln34, i1 %xor_ln34" [Insert_sort/insertSort.cpp:34]   --->   Operation 33 'and' 'and_ln34' <Predicate = true> <Delay = 0.97> <CoreInst = "LogicGate">   --->   Core 74 'LogicGate' <Latency = 0> <II = 1> <Delay = 0.97> <FuncUnit> <Opcode : 'and' 'or' 'xor'> <InPorts = 2> <OutPorts = 1>
ST_1 : Operation 34 [1/1] (1.87ns)   --->   "%add_ln34 = add i7 %indvars_iv1, i7 1" [Insert_sort/insertSort.cpp:34]   --->   Operation 34 'add' 'add_ln34' <Predicate = true> <Delay = 1.87> <CoreInst = "Adder">   --->   Core 1 'Adder' <Latency = 0> <II = 1> <Delay = 1.87> <FuncUnit> <Opcode : 'add' 'sub'> <InPorts = 2> <OutPorts = 1>
ST_1 : Operation 35 [1/1] (0.00ns)   --->   "%br_ln34 = br i1 %and_ln34, void %VITIS_LOOP_39_2.exitStub, void %do.cond" [Insert_sort/insertSort.cpp:34]   --->   Operation 35 'br' 'br_ln34' <Predicate = true> <Delay = 0.00>
ST_1 : Operation 36 [1/1] (0.00ns)   --->   "%write_ln34 = write void @_ssdm_op_Write.ap_auto.i7P0A, i7 %indvars_iv1_out, i7 %indvars_iv1" [Insert_sort/insertSort.cpp:34]   --->   Operation 36 'write' 'write_ln34' <Predicate = (!and_ln34)> <Delay = 0.00>
ST_1 : Operation 37 [1/1] (0.00ns)   --->   "%write_ln39 = write void @_ssdm_op_Write.ap_auto.i7P0A, i7 %n_out, i7 %n" [Insert_sort/insertSort.cpp:39]   --->   Operation 37 'write' 'write_ln39' <Predicate = (!and_ln34)> <Delay = 0.00>
ST_1 : Operation 38 [1/1] (0.00ns)   --->   "%ret_ln0 = ret"   --->   Operation 38 'ret' 'ret_ln0' <Predicate = (!and_ln34)> <Delay = 0.00>


============================================================
+ Verbose Summary: Timing violations
============================================================
Target clock period: 10.000ns, clock uncertainty: 2.700ns.

 <State 1>: 6.306ns
The critical path consists of the following:
	multiplexor before 'phi' operation ('n', Insert_sort/insertSort.cpp:39) with incoming values : ('add_ln33', Insert_sort/insertSort.cpp:33) [16]  (1.588 ns)
	'phi' operation ('n', Insert_sort/insertSort.cpp:39) with incoming values : ('add_ln33', Insert_sort/insertSort.cpp:33) [16]  (0.000 ns)
	'add' operation ('add_ln33', Insert_sort/insertSort.cpp:33) [25]  (1.870 ns)
	'icmp' operation ('icmp_ln34', Insert_sort/insertSort.cpp:34) [45]  (1.870 ns)
	'and' operation ('and_ln34', Insert_sort/insertSort.cpp:34) [46]  (0.978 ns)


============================================================
+ Verbose Summary: Binding
============================================================
N/A
* FSMD analyzer results:
  - Output states:
 - Input state : 
  - Chain level:
	State 1


============================================================
+ Verbose Summary: Datapath Resource usage 
============================================================
N/A
