

================================================================
== Vitis HLS Report for 'MATMUL'
================================================================
* Date:           Wed Mar  4 23:06:59 2026

* Version:        2023.1 (Build 3854077 on May  4 2023)
* Project:        Matrix_mul
* Solution:       solution1 (Vivado IP Flow Target)
* Product family: zynq
* Target device:  xc7z020-clg484-1


================================================================
== Performance Estimates
================================================================
+ Timing: 
    * Summary: 
    +--------+----------+----------+------------+
    |  Clock |  Target  | Estimated| Uncertainty|
    +--------+----------+----------+------------+
    |ap_clk  |  10.00 ns|  6.923 ns|     2.70 ns|
    +--------+----------+----------+------------+

+ Latency: 
    * Summary: 
    +---------+---------+----------+----------+-----+-----+---------+
    |  Latency (cycles) |  Latency (absolute) |  Interval | Pipeline|
    |   min   |   max   |    min   |    max   | min | max |   Type  |
    +---------+---------+----------+----------+-----+-----+---------+
    |      134|      134|  1.340 us|  1.340 us|  135|  135|       no|
    +---------+---------+----------+----------+-----+-----+---------+

    + Detail: 
        * Instance: 
        +------------------------------------+------------------------+---------+---------+----------+----------+-----+-----+---------+
        |                                    |                        |  Latency (cycles) |  Latency (absolute) |  Interval | Pipeline|
        |              Instance              |         Module         |   min   |   max   |    min   |    max   | min | max |   Type  |
        +------------------------------------+------------------------+---------+---------+----------+----------+-----+-----+---------+
        |grp_MATMUL_Pipeline_load_A_fu_2170  |MATMUL_Pipeline_load_A  |       18|       18|  0.180 us|  0.180 us|   18|   18|       no|
        |grp_MATMUL_Pipeline_load_B_fu_2198  |MATMUL_Pipeline_load_B  |       18|       18|  0.180 us|  0.180 us|   18|   18|       no|
        |grp_MATMUL_Pipeline_row_fu_2466     |MATMUL_Pipeline_row     |       70|       70|  0.700 us|  0.700 us|   70|   70|       no|
        |grp_MATMUL_Pipeline_store_fu_2998   |MATMUL_Pipeline_store   |       18|       18|  0.180 us|  0.180 us|   18|   18|       no|
        +------------------------------------+------------------------+---------+---------+----------+----------+-----+-----+---------+

        * Loop: 
        N/A



================================================================
== Utilization Estimates
================================================================
* Summary: 
+-----------------+---------+-----+--------+-------+-----+
|       Name      | BRAM_18K| DSP |   FF   |  LUT  | URAM|
+-----------------+---------+-----+--------+-------+-----+
|DSP              |        -|    -|       -|      -|    -|
|Expression       |        -|    -|       0|      2|    -|
|FIFO             |        -|    -|       -|      -|    -|
|Instance         |        -|  192|   32371|  16020|    -|
|Memory           |        0|    -|     512|    128|    0|
|Multiplexer      |        -|    -|       -|    671|    -|
|Register         |        -|    -|      15|      -|    -|
+-----------------+---------+-----+--------+-------+-----+
|Total            |        0|  192|   32898|  16821|    0|
+-----------------+---------+-----+--------+-------+-----+
|Available        |      280|  220|  106400|  53200|    0|
+-----------------+---------+-----+--------+-------+-----+
|Utilization (%)  |        0|   87|      30|     31|    0|
+-----------------+---------+-----+--------+-------+-----+

+ Detail: 
    * Instance: 
    +------------------------------------+------------------------+---------+-----+-------+-------+-----+
    |              Instance              |         Module         | BRAM_18K| DSP |   FF  |  LUT  | URAM|
    +------------------------------------+------------------------+---------+-----+-------+-------+-----+
    |grp_MATMUL_Pipeline_load_A_fu_2170  |MATMUL_Pipeline_load_A  |        0|    0|      7|     67|    0|
    |grp_MATMUL_Pipeline_load_B_fu_2198  |MATMUL_Pipeline_load_B  |        0|    0|   8199|     67|    0|
    |grp_MATMUL_Pipeline_row_fu_2466     |MATMUL_Pipeline_row     |        0|  192|  23644|  14757|    0|
    |grp_MATMUL_Pipeline_store_fu_2998   |MATMUL_Pipeline_store   |        0|    0|    521|   1129|    0|
    +------------------------------------+------------------------+---------+-----+-------+-------+-----+
    |Total                               |                        |        0|  192|  32371|  16020|    0|
    +------------------------------------+------------------------+---------+-----+-------+-------+-----+

    * DSP: 
    N/A

    * Memory: 
    +--------+-----------------+---------+----+----+-----+------+-----+------+-------------+
    | Memory |      Module     | BRAM_18K| FF | LUT| URAM| Words| Bits| Banks| W*Bits*Banks|
    +--------+-----------------+---------+----+----+-----+------+-----+------+-------------+
    |A_U     |A_RAM_AUTO_1R1W  |        0|  32|   8|    0|    16|   32|     1|          512|
    |A_1_U   |A_RAM_AUTO_1R1W  |        0|  32|   8|    0|    16|   32|     1|          512|
    |A_2_U   |A_RAM_AUTO_1R1W  |        0|  32|   8|    0|    16|   32|     1|          512|
    |A_3_U   |A_RAM_AUTO_1R1W  |        0|  32|   8|    0|    16|   32|     1|          512|
    |A_4_U   |A_RAM_AUTO_1R1W  |        0|  32|   8|    0|    16|   32|     1|          512|
    |A_5_U   |A_RAM_AUTO_1R1W  |        0|  32|   8|    0|    16|   32|     1|          512|
    |A_6_U   |A_RAM_AUTO_1R1W  |        0|  32|   8|    0|    16|   32|     1|          512|
    |A_7_U   |A_RAM_AUTO_1R1W  |        0|  32|   8|    0|    16|   32|     1|          512|
    |A_8_U   |A_RAM_AUTO_1R1W  |        0|  32|   8|    0|    16|   32|     1|          512|
    |A_9_U   |A_RAM_AUTO_1R1W  |        0|  32|   8|    0|    16|   32|     1|          512|
    |A_10_U  |A_RAM_AUTO_1R1W  |        0|  32|   8|    0|    16|   32|     1|          512|
    |A_11_U  |A_RAM_AUTO_1R1W  |        0|  32|   8|    0|    16|   32|     1|          512|
    |A_12_U  |A_RAM_AUTO_1R1W  |        0|  32|   8|    0|    16|   32|     1|          512|
    |A_13_U  |A_RAM_AUTO_1R1W  |        0|  32|   8|    0|    16|   32|     1|          512|
    |A_14_U  |A_RAM_AUTO_1R1W  |        0|  32|   8|    0|    16|   32|     1|          512|
    |A_15_U  |A_RAM_AUTO_1R1W  |        0|  32|   8|    0|    16|   32|     1|          512|
    +--------+-----------------+---------+----+----+-----+------+-----+------+-------------+
    |Total   |                 |        0| 512| 128|    0|   256|  512|    16|         8192|
    +--------+-----------------+---------+----+----+-----+------+-----+------+-------------+

    * FIFO: 
    N/A

    * Expression: 
    +-------------------------------------------------+----------+----+---+----+------------+------------+
    |                  Variable Name                  | Operation| DSP| FF| LUT| Bitwidth P0| Bitwidth P1|
    +-------------------------------------------------+----------+----+---+----+------------+------------+
    |grp_MATMUL_Pipeline_store_fu_2998_m_axis_TREADY  |       and|   0|  0|   2|           1|           1|
    +-------------------------------------------------+----------+----+---+----+------------+------------+
    |Total                                            |          |   0|  0|   2|           1|           1|
    +-------------------------------------------------+----------+----+---+----+------------+------------+

    * Multiplexer: 
    +----------------------------+----+-----------+-----+-----------+
    |            Name            | LUT| Input Size| Bits| Total Bits|
    +----------------------------+----+-----------+-----+-----------+
    |A_10_address0               |  14|          3|    4|         12|
    |A_10_ce0                    |  14|          3|    1|          3|
    |A_10_we0                    |   9|          2|    1|          2|
    |A_11_address0               |  14|          3|    4|         12|
    |A_11_ce0                    |  14|          3|    1|          3|
    |A_11_we0                    |   9|          2|    1|          2|
    |A_12_address0               |  14|          3|    4|         12|
    |A_12_ce0                    |  14|          3|    1|          3|
    |A_12_we0                    |   9|          2|    1|          2|
    |A_13_address0               |  14|          3|    4|         12|
    |A_13_ce0                    |  14|          3|    1|          3|
    |A_13_we0                    |   9|          2|    1|          2|
    |A_14_address0               |  14|          3|    4|         12|
    |A_14_ce0                    |  14|          3|    1|          3|
    |A_14_we0                    |   9|          2|    1|          2|
    |A_15_address0               |  14|          3|    4|         12|
    |A_15_ce0                    |  14|          3|    1|          3|
    |A_15_we0                    |   9|          2|    1|          2|
    |A_1_address0                |  14|          3|    4|         12|
    |A_1_ce0                     |  14|          3|    1|          3|
    |A_1_we0                     |   9|          2|    1|          2|
    |A_2_address0                |  14|          3|    4|         12|
    |A_2_ce0                     |  14|          3|    1|          3|
    |A_2_we0                     |   9|          2|    1|          2|
    |A_3_address0                |  14|          3|    4|         12|
    |A_3_ce0                     |  14|          3|    1|          3|
    |A_3_we0                     |   9|          2|    1|          2|
    |A_4_address0                |  14|          3|    4|         12|
    |A_4_ce0                     |  14|          3|    1|          3|
    |A_4_we0                     |   9|          2|    1|          2|
    |A_5_address0                |  14|          3|    4|         12|
    |A_5_ce0                     |  14|          3|    1|          3|
    |A_5_we0                     |   9|          2|    1|          2|
    |A_6_address0                |  14|          3|    4|         12|
    |A_6_ce0                     |  14|          3|    1|          3|
    |A_6_we0                     |   9|          2|    1|          2|
    |A_7_address0                |  14|          3|    4|         12|
    |A_7_ce0                     |  14|          3|    1|          3|
    |A_7_we0                     |   9|          2|    1|          2|
    |A_8_address0                |  14|          3|    4|         12|
    |A_8_ce0                     |  14|          3|    1|          3|
    |A_8_we0                     |   9|          2|    1|          2|
    |A_9_address0                |  14|          3|    4|         12|
    |A_9_ce0                     |  14|          3|    1|          3|
    |A_9_we0                     |   9|          2|    1|          2|
    |A_address0                  |  14|          3|    4|         12|
    |A_ce0                       |  14|          3|    1|          3|
    |A_we0                       |   9|          2|    1|          2|
    |ap_NS_fsm                   |  65|         12|    1|         12|
    |s_axis_TREADY_int_regslice  |  14|          3|    1|          3|
    +----------------------------+----+-----------+-----+-----------+
    |Total                       | 671|        143|   98|        287|
    +----------------------------+----+-----------+-----+-----------+

    * Register: 
    +-------------------------------------------------+----+----+-----+-----------+
    |                       Name                      | FF | LUT| Bits| Const Bits|
    +-------------------------------------------------+----+----+-----+-----------+
    |ap_CS_fsm                                        |  11|   0|   11|          0|
    |grp_MATMUL_Pipeline_load_A_fu_2170_ap_start_reg  |   1|   0|    1|          0|
    |grp_MATMUL_Pipeline_load_B_fu_2198_ap_start_reg  |   1|   0|    1|          0|
    |grp_MATMUL_Pipeline_row_fu_2466_ap_start_reg     |   1|   0|    1|          0|
    |grp_MATMUL_Pipeline_store_fu_2998_ap_start_reg   |   1|   0|    1|          0|
    +-------------------------------------------------+----+----+-----+-----------+
    |Total                                            |  15|   0|   15|          0|
    +-------------------------------------------------+----+----+-----+-----------+



================================================================
== Interface
================================================================
* Summary: 
+---------------+-----+-----+--------------+-----------------+--------------+
|   RTL Ports   | Dir | Bits|   Protocol   |  Source Object  |    C Type    |
+---------------+-----+-----+--------------+-----------------+--------------+
|ap_clk         |   in|    1|  ap_ctrl_none|           MATMUL|  return value|
|ap_rst_n       |   in|    1|  ap_ctrl_none|           MATMUL|  return value|
|s_axis_TDATA   |   in|  512|          axis|  s_axis_V_data_V|       pointer|
|s_axis_TVALID  |   in|    1|          axis|  s_axis_V_last_V|       pointer|
|s_axis_TREADY  |  out|    1|          axis|  s_axis_V_last_V|       pointer|
|s_axis_TLAST   |   in|    1|          axis|  s_axis_V_last_V|       pointer|
|s_axis_TKEEP   |   in|   64|          axis|  s_axis_V_keep_V|       pointer|
|s_axis_TSTRB   |   in|   64|          axis|  s_axis_V_strb_V|       pointer|
|m_axis_TDATA   |  out|  512|          axis|  m_axis_V_data_V|       pointer|
|m_axis_TVALID  |  out|    1|          axis|  m_axis_V_last_V|       pointer|
|m_axis_TREADY  |   in|    1|          axis|  m_axis_V_last_V|       pointer|
|m_axis_TLAST   |  out|    1|          axis|  m_axis_V_last_V|       pointer|
|m_axis_TKEEP   |  out|   64|          axis|  m_axis_V_keep_V|       pointer|
|m_axis_TSTRB   |  out|   64|          axis|  m_axis_V_strb_V|       pointer|
+---------------+-----+-----+--------------+-----------------+--------------+

