================================================================
== Design Size Report
================================================================

* Instructions per Function for each Compilation Phase
+----------+----------------------+--------------+---------------+----------------------+---------------+
| Function | Location             | Compile/Link | Unroll/Inline | Performance/Pipeline | Optimizations |
+----------+----------------------+--------------+---------------+----------------------+---------------+
|   MATMUL | matmul_block_1.cpp:9 | 222          | 133           | 167                  | 226           |
+----------+----------------------+--------------+---------------+----------------------+---------------+

* Description of Compilation Phases
+----------------------+------------------------------------------------------------+
| Compilation Phase    | Description                                                |
+----------------------+------------------------------------------------------------+
| Compile/Link         | All functions are compiled and linked into a single design |
| Unroll/Inline        | After user unroll and inline pragmas are applied           |
| Performance/Pipeline | After performance and pipeline pragmas are applied         |
| Optimizations        | After high level synthesis optimizations                   |
+----------------------+------------------------------------------------------------+

* Design Size Message Settings
+---------------------------------------------+--------+------------------------------------------------------------------+
| Message Setting                             | Value  | Description                                                      |
+---------------------------------------------+--------+------------------------------------------------------------------+
| config_compile -design_size_maximum_warning | 100000 | Show a warning when total design instructions exceeds this value |
+---------------------------------------------+--------+------------------------------------------------------------------+


