

================================================================
== Vitis HLS Report for 'alu_led'
================================================================
* Date:           Wed Apr 22 10:18:59 2026

* Version:        2023.1 (Build 3854077 on May  4 2023)
* Project:        practice1
* Solution:       solution1 (Vivado IP Flow Target)
* Product family: zynq
* Target device:  xc7z020-clg484-1


================================================================
== Performance Estimates
================================================================
+ Timing: 
    * Summary: 
    +--------+----------+----------+------------+
    |  Clock |  Target  | Estimated| Uncertainty|
    +--------+----------+----------+------------+
    |ap_clk  |  10.00 ns|  4.474 ns|     2.70 ns|
    +--------+----------+----------+------------+

+ Latency: 
    * Summary: 
    +---------+---------+-----------+-----------+-----+-----+---------+
    |  Latency (cycles) |   Latency (absolute)  |  Interval | Pipeline|
    |   min   |   max   |    min    |    max    | min | max |   Type  |
    +---------+---------+-----------+-----------+-----+-----+---------+
    |        1|        6|  10.000 ns|  60.000 ns|    2|    7|       no|
    +---------+---------+-----------+-----------+-----+-----+---------+

    + Detail: 
        * Instance: 
        N/A

        * Loop: 
        N/A



================================================================
== Utilization Estimates
================================================================
* Summary: 
+-----------------+---------+-----+--------+-------+-----+
|       Name      | BRAM_18K| DSP |   FF   |  LUT  | URAM|
+-----------------+---------+-----+--------+-------+-----+
|DSP              |        -|    -|       -|      -|    -|
|Expression       |        -|    -|       0|     37|    -|
|FIFO             |        -|    -|       -|      -|    -|
|Instance         |        -|    0|      45|     28|    -|
|Memory           |        -|    -|       -|      -|    -|
|Multiplexer      |        -|    -|       -|     82|    -|
|Register         |        -|    -|      24|      -|    -|
+-----------------+---------+-----+--------+-------+-----+
|Total            |        0|    0|      69|    147|    0|
+-----------------+---------+-----+--------+-------+-----+
|Available        |      280|  220|  106400|  53200|    0|
+-----------------+---------+-----+--------+-------+-----+
|Utilization (%)  |        0|    0|      ~0|     ~0|    0|
+-----------------+---------+-----+--------+-------+-----+

+ Detail: 
    * Instance: 
    +---------------------------+------------------------+---------+----+----+----+-----+
    |          Instance         |         Module         | BRAM_18K| DSP| FF | LUT| URAM|
    +---------------------------+------------------------+---------+----+----+----+-----+
    |mul_3ns_3ns_6_1_1_U2       |mul_3ns_3ns_6_1_1       |        0|   0|   0|   9|    0|
    |udiv_3ns_3ns_3_7_seq_1_U1  |udiv_3ns_3ns_3_7_seq_1  |        0|   0|  45|  19|    0|
    +---------------------------+------------------------+---------+----+----+----+-----+
    |Total                      |                        |        0|   0|  45|  28|    0|
    +---------------------------+------------------------+---------+----+----+----+-----+

    * DSP: 
    N/A

    * Memory: 
    N/A

    * FIFO: 
    N/A

    * Expression: 
    +---------------------+----------+----+---+----+------------+------------+
    |    Variable Name    | Operation| DSP| FF| LUT| Bitwidth P0| Bitwidth P1|
    +---------------------+----------+----+---+----+------------+------------+
    |result_fu_152_p2     |         +|   0|  0|  13|           4|           4|
    |result_2_fu_136_p2   |         -|   0|  0|  13|           4|           4|
    |icmp_ln25_fu_102_p2  |      icmp|   0|  0|  11|           3|           1|
    +---------------------+----------+----+---+----+------------+------------+
    |Total                |          |   0|  0|  37|          11|           9|
    +---------------------+----------+----+---+----+------------+------------+

    * Multiplexer: 
    +-----------------------------------+----+-----------+-----+-----------+
    |                Name               | LUT| Input Size| Bits| Total Bits|
    +-----------------------------------+----+-----------+-----+-----------+
    |ap_NS_fsm                          |  48|          9|    1|          9|
    |ap_phi_mux_result_1_phi_fu_65_p10  |   9|          2|    7|         14|
    |result_1_reg_61                    |  25|          5|    7|         35|
    +-----------------------------------+----+-----------+-----+-----------+
    |Total                              |  82|         16|   15|         58|
    +-----------------------------------+----+-----------+-----+-----------+

    * Register: 
    +-------------------+---+----+-----+-----------+
    |        Name       | FF| LUT| Bits| Const Bits|
    +-------------------+---+----+-----+-----------+
    |ap_CS_fsm          |  8|   0|    8|          0|
    |icmp_ln25_reg_192  |  1|   0|    1|          0|
    |num1_reg_172       |  3|   0|    3|          0|
    |num2_reg_180       |  3|   0|    3|          0|
    |opcode_reg_188     |  2|   0|    2|          0|
    |result_1_reg_61    |  7|   0|    7|          0|
    +-------------------+---+----+-----+-----------+
    |Total              | 24|   0|   24|          0|
    +-------------------+---+----+-----+-----------+



================================================================
== Interface
================================================================
* Summary: 
+----------+-----+-----+--------------+--------------+--------------+
| RTL Ports| Dir | Bits|   Protocol   | Source Object|    C Type    |
+----------+-----+-----+--------------+--------------+--------------+
|ap_clk    |   in|    1|  ap_ctrl_none|       alu_led|  return value|
|ap_rst    |   in|    1|  ap_ctrl_none|       alu_led|  return value|
|sw        |   in|    8|       ap_none|            sw|        scalar|
|led       |  out|    8|       ap_none|           led|       pointer|
+----------+-----+-----+--------------+--------------+--------------+

============================================================
+ Verbose Summary: Synthesis Manager
============================================================
InlineROM: 1
ExposeGlobal: 0
============================================================
+ Verbose Summary: CDFG Model
============================================================
IsTopModel: 1
ResetActiveHigh: 1
IsCombinational: 2
IsDatapathOnly: 2
HasWiredReturn: 1
HasMFsm: 0
HasVarLatency: 1
IsPipeline: 0
IsRtlPipelined: 0
IsInstanceOverlapped: 0
IsDontTouch: 0
HasImplIP: 0
IsGatedGlobalClock: 0


============================================================
+ Verbose Summary: Schedule
============================================================
* Number of FSM states : 8
* Pipeline : 0
* Dataflow Pipeline: 0

* FSM state transitions: 
1 --> 2 3 8 
2 --> 8 
3 --> 4 
4 --> 5 
5 --> 6 
6 --> 7 
7 --> 8 
8 --> 

* FSM state operations: 

State 1 <SV = 0> <Delay = 3.59>
ST_1 : Operation 9 [1/1] (0.00ns)   --->   "%spectopmodule_ln3 = spectopmodule void @_ssdm_op_SpecTopModule, void @empty_1" [sw_led.cpp:3]   --->   Operation 9 'spectopmodule' 'spectopmodule_ln3' <Predicate = true> <Delay = 0.00>
ST_1 : Operation 10 [1/1] (0.00ns)   --->   "%specinterface_ln3 = specinterface void @_ssdm_op_SpecInterface, i32 0, void @empty_2, i32 0, i32 0, void @empty_0, i32 0, i32 0, void @empty_0, void @empty_0, void @empty_0, i32 0, i32 0, i32 0, i32 0, void @empty_0, void @empty_0, i32 4294967295, i32 0" [sw_led.cpp:3]   --->   Operation 10 'specinterface' 'specinterface_ln3' <Predicate = true> <Delay = 0.00>
ST_1 : Operation 11 [1/1] (0.00ns)   --->   "%specbitsmap_ln0 = specbitsmap void @_ssdm_op_SpecBitsMap, i8 %sw"   --->   Operation 11 'specbitsmap' 'specbitsmap_ln0' <Predicate = true> <Delay = 0.00>
ST_1 : Operation 12 [1/1] (0.00ns)   --->   "%specinterface_ln0 = specinterface void @_ssdm_op_SpecInterface, i8 %sw, void @empty, i32 0, i32 0, void @empty_0, i32 0, i32 0, void @empty_0, void @empty_0, void @empty_0, i32 0, i32 0, i32 0, i32 0, void @empty_0, void @empty_0, i32 4294967295, i32 0"   --->   Operation 12 'specinterface' 'specinterface_ln0' <Predicate = true> <Delay = 0.00>
ST_1 : Operation 13 [1/1] (0.00ns)   --->   "%specbitsmap_ln0 = specbitsmap void @_ssdm_op_SpecBitsMap, i8 %led"   --->   Operation 13 'specbitsmap' 'specbitsmap_ln0' <Predicate = true> <Delay = 0.00>
ST_1 : Operation 14 [1/1] (0.00ns)   --->   "%specinterface_ln0 = specinterface void @_ssdm_op_SpecInterface, i8 %led, void @empty, i32 0, i32 0, void @empty_0, i32 0, i32 0, void @empty_0, void @empty_0, void @empty_0, i32 0, i32 0, i32 0, i32 0, void @empty_0, void @empty_0, i32 4294967295, i32 0"   --->   Operation 14 'specinterface' 'specinterface_ln0' <Predicate = true> <Delay = 0.00>
ST_1 : Operation 15 [1/1] (0.00ns)   --->   "%sw_read = read i8 @_ssdm_op_Read.ap_none.i8, i8 %sw" [sw_led.cpp:3]   --->   Operation 15 'read' 'sw_read' <Predicate = true> <Delay = 0.00>
ST_1 : Operation 16 [1/1] (0.00ns)   --->   "%num1 = trunc i8 %sw_read" [sw_led.cpp:9]   --->   Operation 16 'trunc' 'num1' <Predicate = true> <Delay = 0.00>
ST_1 : Operation 17 [1/1] (0.00ns)   --->   "%num2 = partselect i3 @_ssdm_op_PartSelect.i3.i8.i32.i32, i8 %sw_read, i32 3, i32 5" [sw_led.cpp:9]   --->   Operation 17 'partselect' 'num2' <Predicate = true> <Delay = 0.00>
ST_1 : Operation 18 [1/1] (0.00ns)   --->   "%opcode = partselect i2 @_ssdm_op_PartSelect.i2.i8.i32.i32, i8 %sw_read, i32 6, i32 7" [sw_led.cpp:10]   --->   Operation 18 'partselect' 'opcode' <Predicate = true> <Delay = 0.00>
ST_1 : Operation 19 [1/1] (1.86ns)   --->   "%switch_ln13 = switch i2 %opcode, void %sw.bb12, i2 0, void %sw.bb, i2 1, void %sw.bb6, i2 2, void %sw.bb9" [sw_led.cpp:13]   --->   Operation 19 'switch' 'switch_ln13' <Predicate = true> <Delay = 1.86>
ST_1 : Operation 20 [1/1] (1.65ns)   --->   "%icmp_ln25 = icmp_eq  i3 %num2, i3 0" [sw_led.cpp:25]   --->   Operation 20 'icmp' 'icmp_ln25' <Predicate = (opcode == 3)> <Delay = 1.65> <CoreInst = "Cmp">   --->   Core 9 'Cmp' <Latency = 0> <II = 1> <Delay = 1.65> <FuncUnit> <Opcode : 'icmp'> <InPorts = 2> <OutPorts = 1>
ST_1 : Operation 21 [1/1] (1.94ns)   --->   "%br_ln25 = br i1 %icmp_ln25, void %if.then, void %sw.epilog" [sw_led.cpp:25]   --->   Operation 21 'br' 'br_ln25' <Predicate = (opcode == 3)> <Delay = 1.94>
ST_1 : Operation 22 [7/7] (2.52ns)   --->   "%result_4 = udiv i3 %num1, i3 %num2" [sw_led.cpp:26]   --->   Operation 22 'udiv' 'result_4' <Predicate = (opcode == 3 & !icmp_ln25)> <Delay = 2.52> <CoreInst = "DivnS_SEQ">   --->   Core 7 'DivnS_SEQ' <Latency = 6> <II = 3> <Delay = 2.52> <FuncUnit> <Opcode : 'sdiv' 'srem' 'udiv' 'urem'> <InPorts = 2> <OutPorts = 1>

State 2 <SV = 5> <Delay = 1.94>
ST_2 : Operation 23 [1/1] (0.00ns)   --->   "%zext_ln22 = zext i3 %num1" [sw_led.cpp:22]   --->   Operation 23 'zext' 'zext_ln22' <Predicate = (opcode == 2)> <Delay = 0.00>
ST_2 : Operation 24 [1/1] (0.00ns)   --->   "%zext_ln22_1 = zext i3 %num2" [sw_led.cpp:22]   --->   Operation 24 'zext' 'zext_ln22_1' <Predicate = (opcode == 2)> <Delay = 0.00>
ST_2 : Operation 25 [1/1] (1.62ns)   --->   "%result_3 = mul i6 %zext_ln22_1, i6 %zext_ln22" [sw_led.cpp:22]   --->   Operation 25 'mul' 'result_3' <Predicate = (opcode == 2)> <Delay = 1.62> <CoreInst = "Multiplier">   --->   Core 3 'Multiplier' <Latency = 0> <II = 1> <Delay = 1.62> <FuncUnit> <Opcode : 'mul'> <InPorts = 2> <OutPorts = 1>
ST_2 : Operation 26 [1/1] (0.00ns)   --->   "%zext_ln11_1 = zext i6 %result_3" [sw_led.cpp:11]   --->   Operation 26 'zext' 'zext_ln11_1' <Predicate = (opcode == 2)> <Delay = 0.00>
ST_2 : Operation 27 [1/1] (1.94ns)   --->   "%br_ln23 = br void %sw.epilog" [sw_led.cpp:23]   --->   Operation 27 'br' 'br_ln23' <Predicate = (opcode == 2)> <Delay = 1.94>
ST_2 : Operation 28 [1/1] (0.00ns)   --->   "%zext_ln19 = zext i3 %num1" [sw_led.cpp:19]   --->   Operation 28 'zext' 'zext_ln19' <Predicate = (opcode == 1)> <Delay = 0.00>
ST_2 : Operation 29 [1/1] (0.00ns)   --->   "%zext_ln19_1 = zext i3 %num2" [sw_led.cpp:19]   --->   Operation 29 'zext' 'zext_ln19_1' <Predicate = (opcode == 1)> <Delay = 0.00>
ST_2 : Operation 30 [1/1] (1.65ns)   --->   "%result_2 = sub i4 %zext_ln19, i4 %zext_ln19_1" [sw_led.cpp:19]   --->   Operation 30 'sub' 'result_2' <Predicate = (opcode == 1)> <Delay = 1.65> <CoreInst = "Adder">   --->   Core 1 'Adder' <Latency = 0> <II = 1> <Delay = 1.73> <FuncUnit> <Opcode : 'add' 'sub'> <InPorts = 2> <OutPorts = 1>
ST_2 : Operation 31 [1/1] (0.00ns)   --->   "%sext_ln11 = sext i4 %result_2" [sw_led.cpp:11]   --->   Operation 31 'sext' 'sext_ln11' <Predicate = (opcode == 1)> <Delay = 0.00>
ST_2 : Operation 32 [1/1] (1.94ns)   --->   "%br_ln20 = br void %sw.epilog" [sw_led.cpp:20]   --->   Operation 32 'br' 'br_ln20' <Predicate = (opcode == 1)> <Delay = 1.94>
ST_2 : Operation 33 [1/1] (0.00ns)   --->   "%zext_ln16 = zext i3 %num1" [sw_led.cpp:16]   --->   Operation 33 'zext' 'zext_ln16' <Predicate = (opcode == 0)> <Delay = 0.00>
ST_2 : Operation 34 [1/1] (0.00ns)   --->   "%zext_ln16_1 = zext i3 %num2" [sw_led.cpp:16]   --->   Operation 34 'zext' 'zext_ln16_1' <Predicate = (opcode == 0)> <Delay = 0.00>
ST_2 : Operation 35 [1/1] (1.65ns)   --->   "%result = add i4 %zext_ln16_1, i4 %zext_ln16" [sw_led.cpp:16]   --->   Operation 35 'add' 'result' <Predicate = (opcode == 0)> <Delay = 1.65> <CoreInst = "Adder">   --->   Core 1 'Adder' <Latency = 0> <II = 1> <Delay = 1.73> <FuncUnit> <Opcode : 'add' 'sub'> <InPorts = 2> <OutPorts = 1>
ST_2 : Operation 36 [1/1] (0.00ns)   --->   "%zext_ln11 = zext i4 %result" [sw_led.cpp:11]   --->   Operation 36 'zext' 'zext_ln11' <Predicate = (opcode == 0)> <Delay = 0.00>
ST_2 : Operation 37 [1/1] (1.94ns)   --->   "%br_ln17 = br void %sw.epilog" [sw_led.cpp:17]   --->   Operation 37 'br' 'br_ln17' <Predicate = (opcode == 0)> <Delay = 1.94>

State 3 <SV = 1> <Delay = 2.52>
ST_3 : Operation 38 [6/7] (2.52ns)   --->   "%result_4 = udiv i3 %num1, i3 %num2" [sw_led.cpp:26]   --->   Operation 38 'udiv' 'result_4' <Predicate = true> <Delay = 2.52> <CoreInst = "DivnS_SEQ">   --->   Core 7 'DivnS_SEQ' <Latency = 6> <II = 3> <Delay = 2.52> <FuncUnit> <Opcode : 'sdiv' 'srem' 'udiv' 'urem'> <InPorts = 2> <OutPorts = 1>

State 4 <SV = 2> <Delay = 2.52>
ST_4 : Operation 39 [5/7] (2.52ns)   --->   "%result_4 = udiv i3 %num1, i3 %num2" [sw_led.cpp:26]   --->   Operation 39 'udiv' 'result_4' <Predicate = true> <Delay = 2.52> <CoreInst = "DivnS_SEQ">   --->   Core 7 'DivnS_SEQ' <Latency = 6> <II = 3> <Delay = 2.52> <FuncUnit> <Opcode : 'sdiv' 'srem' 'udiv' 'urem'> <InPorts = 2> <OutPorts = 1>

State 5 <SV = 3> <Delay = 2.52>
ST_5 : Operation 40 [4/7] (2.52ns)   --->   "%result_4 = udiv i3 %num1, i3 %num2" [sw_led.cpp:26]   --->   Operation 40 'udiv' 'result_4' <Predicate = true> <Delay = 2.52> <CoreInst = "DivnS_SEQ">   --->   Core 7 'DivnS_SEQ' <Latency = 6> <II = 3> <Delay = 2.52> <FuncUnit> <Opcode : 'sdiv' 'srem' 'udiv' 'urem'> <InPorts = 2> <OutPorts = 1>

State 6 <SV = 4> <Delay = 2.52>
ST_6 : Operation 41 [3/7] (2.52ns)   --->   "%result_4 = udiv i3 %num1, i3 %num2" [sw_led.cpp:26]   --->   Operation 41 'udiv' 'result_4' <Predicate = true> <Delay = 2.52> <CoreInst = "DivnS_SEQ">   --->   Core 7 'DivnS_SEQ' <Latency = 6> <II = 3> <Delay = 2.52> <FuncUnit> <Opcode : 'sdiv' 'srem' 'udiv' 'urem'> <InPorts = 2> <OutPorts = 1>

State 7 <SV = 5> <Delay = 2.52>
ST_7 : Operation 42 [2/7] (2.52ns)   --->   "%result_4 = udiv i3 %num1, i3 %num2" [sw_led.cpp:26]   --->   Operation 42 'udiv' 'result_4' <Predicate = true> <Delay = 2.52> <CoreInst = "DivnS_SEQ">   --->   Core 7 'DivnS_SEQ' <Latency = 6> <II = 3> <Delay = 2.52> <FuncUnit> <Opcode : 'sdiv' 'srem' 'udiv' 'urem'> <InPorts = 2> <OutPorts = 1>

State 8 <SV = 6> <Delay = 4.47>
ST_8 : Operation 43 [1/7] (2.52ns)   --->   "%result_4 = udiv i3 %num1, i3 %num2" [sw_led.cpp:26]   --->   Operation 43 'udiv' 'result_4' <Predicate = (opcode == 3 & !icmp_ln25)> <Delay = 2.52> <CoreInst = "DivnS_SEQ">   --->   Core 7 'DivnS_SEQ' <Latency = 6> <II = 3> <Delay = 2.52> <FuncUnit> <Opcode : 'sdiv' 'srem' 'udiv' 'urem'> <InPorts = 2> <OutPorts = 1>
ST_8 : Operation 44 [1/1] (0.00ns)   --->   "%zext_ln11_2 = zext i3 %result_4" [sw_led.cpp:11]   --->   Operation 44 'zext' 'zext_ln11_2' <Predicate = (opcode == 3 & !icmp_ln25)> <Delay = 0.00>
ST_8 : Operation 45 [1/1] (1.94ns)   --->   "%br_ln26 = br void %sw.epilog" [sw_led.cpp:26]   --->   Operation 45 'br' 'br_ln26' <Predicate = (opcode == 3 & !icmp_ln25)> <Delay = 1.94>
ST_8 : Operation 46 [1/1] (0.00ns)   --->   "%result_1 = phi i7 %zext_ln11_1, void %sw.bb9, i7 %sext_ln11, void %sw.bb6, i7 %zext_ln11, void %sw.bb, i7 %zext_ln11_2, void %if.then, i7 0, void %sw.bb12" [sw_led.cpp:11]   --->   Operation 46 'phi' 'result_1' <Predicate = true> <Delay = 0.00>
ST_8 : Operation 47 [1/1] (0.00ns)   --->   "%sext_ln11_1 = sext i7 %result_1" [sw_led.cpp:11]   --->   Operation 47 'sext' 'sext_ln11_1' <Predicate = true> <Delay = 0.00>
ST_8 : Operation 48 [1/1] (0.00ns)   --->   "%write_ln32 = write void @_ssdm_op_Write.ap_none.i8P0A, i8 %led, i8 %sext_ln11_1" [sw_led.cpp:32]   --->   Operation 48 'write' 'write_ln32' <Predicate = true> <Delay = 0.00>
ST_8 : Operation 49 [1/1] (0.00ns)   --->   "%ret_ln34 = ret" [sw_led.cpp:34]   --->   Operation 49 'ret' 'ret_ln34' <Predicate = true> <Delay = 0.00>


============================================================
+ Verbose Summary: Binding
============================================================
STG Binding: 
---------------- STG Properties BEGIN ----------------
- Is combinational: 0
- Is one-state seq: 0
- Is datapath-only: 0
- Is pipelined: 0
- Is top level: 1
Port [ Return ] is wired: 1; IO mode=ap_ctrl_none:ce=0
Port [ sw]:  wired=1; compound=0; hidden=0; nouse=0; global=0; static=0; extern=0; dir=0; type=0; pingpong=0; private_global=0; IO mode=ap_none:ce=0
Port [ led]:  wired=1; compound=0; hidden=0; nouse=0; global=0; static=0; extern=0; dir=1; type=0; pingpong=0; private_global=0; IO mode=ap_none:ce=0
---------------- STG Properties END ------------------

---------------- Datapath Model BEGIN ----------------

<LifeTime>
<method=bitvector/>
spectopmodule_ln3 (spectopmodule) [ 000000000]
specinterface_ln3 (specinterface) [ 000000000]
specbitsmap_ln0   (specbitsmap  ) [ 000000000]
specinterface_ln0 (specinterface) [ 000000000]
specbitsmap_ln0   (specbitsmap  ) [ 000000000]
specinterface_ln0 (specinterface) [ 000000000]
sw_read           (read         ) [ 000000000]
num1              (trunc        ) [ 001111111]
num2              (partselect   ) [ 001111111]
opcode            (partselect   ) [ 011111111]
switch_ln13       (switch       ) [ 000000000]
icmp_ln25         (icmp         ) [ 011111111]
br_ln25           (br           ) [ 011111111]
zext_ln22         (zext         ) [ 000000000]
zext_ln22_1       (zext         ) [ 000000000]
result_3          (mul          ) [ 000000000]
zext_ln11_1       (zext         ) [ 011000001]
br_ln23           (br           ) [ 011000001]
zext_ln19         (zext         ) [ 000000000]
zext_ln19_1       (zext         ) [ 000000000]
result_2          (sub          ) [ 000000000]
sext_ln11         (sext         ) [ 011000001]
br_ln20           (br           ) [ 011000001]
zext_ln16         (zext         ) [ 000000000]
zext_ln16_1       (zext         ) [ 000000000]
result            (add          ) [ 000000000]
zext_ln11         (zext         ) [ 011000001]
br_ln17           (br           ) [ 011000001]
result_4          (udiv         ) [ 000000000]
zext_ln11_2       (zext         ) [ 000000000]
br_ln26           (br           ) [ 000000000]
result_1          (phi          ) [ 000000001]
sext_ln11_1       (sext         ) [ 000000000]
write_ln32        (write        ) [ 000000000]
ret_ln34          (ret          ) [ 000000000]
</LifeTime>

<model>

<comp_list>
<comp id="0" class="1000" name="sw">
<pin_list>
<pin id="1" dir="1" index="0" bw="1" slack="0"/>
</pin_list>
<bind>
<StgValue><ssdm name="sw"/></StgValue>
</bind>
</comp>

<comp id="2" class="1000" name="led">
<pin_list>
<pin id="3" dir="1" index="0" bw="1" slack="0"/>
</pin_list>
<bind>
<StgValue><ssdm name="led"/></StgValue>
</bind>
</comp>

<comp id="4" class="1001" name="const_4">
<pin_list>
<pin id="5" dir="1" index="0" bw="1" slack="2147483647"/>
</pin_list>
<bind>
<StgValue><ssdm name="_ssdm_op_SpecTopModule"/></StgValue>
</bind>
</comp>

<comp id="6" class="1001" name="const_6">
<pin_list>
<pin id="7" dir="1" index="0" bw="1" slack="2147483647"/>
</pin_list>
<bind>
<StgValue><ssdm name="empty_1"/></StgValue>
</bind>
</comp>

<comp id="8" class="1001" name="const_8">
<pin_list>
<pin id="9" dir="1" index="0" bw="1" slack="2147483647"/>
</pin_list>
<bind>
<StgValue><ssdm name="_ssdm_op_SpecInterface"/></StgValue>
</bind>
</comp>

<comp id="10" class="1001" name="const_10">
<pin_list>
<pin id="11" dir="1" index="0" bw="1" slack="2147483647"/>
</pin_list>
<bind>
<StgValue><ssdm name=""/></StgValue>
</bind>
</comp>

<comp id="12" class="1001" name="const_12">
<pin_list>
<pin id="13" dir="1" index="0" bw="1" slack="2147483647"/>
</pin_list>
<bind>
<StgValue><ssdm name="empty_2"/></StgValue>
</bind>
</comp>

<comp id="14" class="1001" name="const_14">
<pin_list>
<pin id="15" dir="1" index="0" bw="1" slack="2147483647"/>
</pin_list>
<bind>
<StgValue><ssdm name="empty_0"/></StgValue>
</bind>
</comp>

<comp id="16" class="1001" name="const_16">
<pin_list>
<pin id="17" dir="1" index="0" bw="1" slack="2147483647"/>
</pin_list>
<bind>
<StgValue><ssdm name=""/></StgValue>
</bind>
</comp>

<comp id="18" class="1001" name="const_18">
<pin_list>
<pin id="19" dir="1" index="0" bw="1" slack="2147483647"/>
</pin_list>
<bind>
<StgValue><ssdm name="_ssdm_op_SpecBitsMap"/></StgValue>
</bind>
</comp>

<comp id="20" class="1001" name="const_20">
<pin_list>
<pin id="21" dir="1" index="0" bw="1" slack="2147483647"/>
</pin_list>
<bind>
<StgValue><ssdm name="empty"/></StgValue>
</bind>
</comp>

<comp id="22" class="1001" name="const_22">
<pin_list>
<pin id="23" dir="1" index="0" bw="1" slack="0"/>
</pin_list>
<bind>
<StgValue><ssdm name="_ssdm_op_Read.ap_none.i8"/></StgValue>
</bind>
</comp>

<comp id="24" class="1001" name="const_24">
<pin_list>
<pin id="25" dir="1" index="0" bw="1" slack="0"/>
</pin_list>
<bind>
<StgValue><ssdm name="_ssdm_op_PartSelect.i3.i8.i32.i32"/></StgValue>
</bind>
</comp>

<comp id="26" class="1001" name="const_26">
<pin_list>
<pin id="27" dir="1" index="0" bw="1" slack="0"/>
</pin_list>
<bind>
<StgValue><ssdm name=""/></StgValue>
</bind>
</comp>

<comp id="28" class="1001" name="const_28">
<pin_list>
<pin id="29" dir="1" index="0" bw="1" slack="0"/>
</pin_list>
<bind>
<StgValue><ssdm name=""/></StgValue>
</bind>
</comp>

<comp id="30" class="1001" name="const_30">
<pin_list>
<pin id="31" dir="1" index="0" bw="1" slack="0"/>
</pin_list>
<bind>
<StgValue><ssdm name="_ssdm_op_PartSelect.i2.i8.i32.i32"/></StgValue>
</bind>
</comp>

<comp id="32" class="1001" name="const_32">
<pin_list>
<pin id="33" dir="1" index="0" bw="1" slack="0"/>
</pin_list>
<bind>
<StgValue><ssdm name=""/></StgValue>
</bind>
</comp>

<comp id="34" class="1001" name="const_34">
<pin_list>
<pin id="35" dir="1" index="0" bw="1" slack="0"/>
</pin_list>
<bind>
<StgValue><ssdm name=""/></StgValue>
</bind>
</comp>

<comp id="36" class="1001" name="const_36">
<pin_list>
<pin id="37" dir="1" index="0" bw="1" slack="2147483647"/>
</pin_list>
<bind>
<StgValue><ssdm name=""/></StgValue>
</bind>
</comp>

<comp id="38" class="1001" name="const_38">
<pin_list>
<pin id="39" dir="1" index="0" bw="1" slack="2147483647"/>
</pin_list>
<bind>
<StgValue><ssdm name=""/></StgValue>
</bind>
</comp>

<comp id="40" class="1001" name="const_40">
<pin_list>
<pin id="41" dir="1" index="0" bw="1" slack="2147483647"/>
</pin_list>
<bind>
<StgValue><ssdm name=""/></StgValue>
</bind>
</comp>

<comp id="42" class="1001" name="const_42">
<pin_list>
<pin id="43" dir="1" index="0" bw="1" slack="0"/>
</pin_list>
<bind>
<StgValue><ssdm name=""/></StgValue>
</bind>
</comp>

<comp id="44" class="1001" name="const_44">
<pin_list>
<pin id="45" dir="1" index="0" bw="1" slack="6"/>
</pin_list>
<bind>
<StgValue><ssdm name=""/></StgValue>
</bind>
</comp>

<comp id="46" class="1001" name="const_46">
<pin_list>
<pin id="47" dir="1" index="0" bw="1" slack="0"/>
</pin_list>
<bind>
<StgValue><ssdm name="_ssdm_op_Write.ap_none.i8P0A"/></StgValue>
</bind>
</comp>

<comp id="48" class="1004" name="sw_read_read_fu_48">
<pin_list>
<pin id="49" dir="0" index="0" bw="8" slack="0"/>
<pin id="50" dir="0" index="1" bw="8" slack="0"/>
<pin id="51" dir="1" index="2" bw="8" slack="0"/>
</pin_list>
<bind>
<opcode="read(1150) " fcode="read"/>
<opset="sw_read/1 "/>
</bind>
</comp>

<comp id="54" class="1004" name="write_ln32_write_fu_54">
<pin_list>
<pin id="55" dir="0" index="0" bw="0" slack="0"/>
<pin id="56" dir="0" index="1" bw="8" slack="0"/>
<pin id="57" dir="0" index="2" bw="7" slack="0"/>
<pin id="58" dir="1" index="3" bw="0" slack="2147483647"/>
</pin_list>
<bind>
<opcode="write(1151) " fcode="write"/>
<opset="write_ln32/8 "/>
</bind>
</comp>

<comp id="61" class="1005" name="result_1_reg_61">
<pin_list>
<pin id="62" dir="0" index="0" bw="7" slack="6"/>
<pin id="63" dir="1" index="1" bw="7" slack="6"/>
</pin_list>
<bind>
<opset="result_1 (phireg) "/>
</bind>
</comp>

<comp id="65" class="1004" name="result_1_phi_fu_65">
<pin_list>
<pin id="66" dir="0" index="0" bw="6" slack="1"/>
<pin id="67" dir="0" index="1" bw="0" slack="2147483647"/>
<pin id="68" dir="0" index="2" bw="4" slack="1"/>
<pin id="69" dir="0" index="3" bw="0" slack="2147483647"/>
<pin id="70" dir="0" index="4" bw="4" slack="1"/>
<pin id="71" dir="0" index="5" bw="0" slack="2147483647"/>
<pin id="72" dir="0" index="6" bw="3" slack="0"/>
<pin id="73" dir="0" index="7" bw="0" slack="2147483647"/>
<pin id="74" dir="0" index="8" bw="1" slack="6"/>
<pin id="75" dir="0" index="9" bw="0" slack="2147483647"/>
<pin id="76" dir="1" index="10" bw="7" slack="0"/>
</pin_list>
<bind>
<opcode="phi(47) " fcode="phi"/>
<opset="result_1/8 "/>
</bind>
</comp>

<comp id="78" class="1004" name="num1_fu_78">
<pin_list>
<pin id="79" dir="0" index="0" bw="8" slack="0"/>
<pin id="80" dir="1" index="1" bw="3" slack="0"/>
</pin_list>
<bind>
<opcode="trunc(33) " fcode="trunc"/>
<opset="num1/1 "/>
</bind>
</comp>

<comp id="82" class="1004" name="num2_fu_82">
<pin_list>
<pin id="83" dir="0" index="0" bw="3" slack="0"/>
<pin id="84" dir="0" index="1" bw="8" slack="0"/>
<pin id="85" dir="0" index="2" bw="3" slack="0"/>
<pin id="86" dir="0" index="3" bw="4" slack="0"/>
<pin id="87" dir="1" index="4" bw="3" slack="0"/>
</pin_list>
<bind>
<opcode="partselect(1002) " fcode="partselect"/>
<opset="num2/1 "/>
</bind>
</comp>

<comp id="92" class="1004" name="opcode_fu_92">
<pin_list>
<pin id="93" dir="0" index="0" bw="2" slack="0"/>
<pin id="94" dir="0" index="1" bw="8" slack="0"/>
<pin id="95" dir="0" index="2" bw="4" slack="0"/>
<pin id="96" dir="0" index="3" bw="4" slack="0"/>
<pin id="97" dir="1" index="4" bw="2" slack="5"/>
</pin_list>
<bind>
<opcode="partselect(1002) " fcode="partselect"/>
<opset="opcode/1 "/>
</bind>
</comp>

<comp id="102" class="1004" name="icmp_ln25_fu_102">
<pin_list>
<pin id="103" dir="0" index="0" bw="3" slack="0"/>
<pin id="104" dir="0" index="1" bw="3" slack="0"/>
<pin id="105" dir="1" index="2" bw="1" slack="6"/>
</pin_list>
<bind>
<opcode="icmp(45) " fcode="icmp"/>
<opset="icmp_ln25/1 "/>
</bind>
</comp>

<comp id="108" class="1004" name="grp_fu_108">
<pin_list>
<pin id="109" dir="0" index="0" bw="3" slack="0"/>
<pin id="110" dir="0" index="1" bw="3" slack="0"/>
<pin id="111" dir="1" index="2" bw="3" slack="0"/>
</pin_list>
<bind>
<opcode="udiv(14) " fcode="udiv"/>
<opset="result_4/1 "/>
</bind>
</comp>

<comp id="114" class="1004" name="zext_ln22_fu_114">
<pin_list>
<pin id="115" dir="0" index="0" bw="3" slack="5"/>
<pin id="116" dir="1" index="1" bw="6" slack="0"/>
</pin_list>
<bind>
<opcode="zext(34) " fcode="zext"/>
<opset="zext_ln22/2 "/>
</bind>
</comp>

<comp id="117" class="1004" name="zext_ln22_1_fu_117">
<pin_list>
<pin id="118" dir="0" index="0" bw="3" slack="5"/>
<pin id="119" dir="1" index="1" bw="6" slack="0"/>
</pin_list>
<bind>
<opcode="zext(34) " fcode="zext"/>
<opset="zext_ln22_1/2 "/>
</bind>
</comp>

<comp id="120" class="1004" name="result_3_fu_120">
<pin_list>
<pin id="121" dir="0" index="0" bw="3" slack="0"/>
<pin id="122" dir="0" index="1" bw="3" slack="0"/>
<pin id="123" dir="1" index="2" bw="6" slack="0"/>
</pin_list>
<bind>
<opcode="mul(12) " fcode="mul"/>
<opset="result_3/2 "/>
</bind>
</comp>

<comp id="126" class="1004" name="zext_ln11_1_fu_126">
<pin_list>
<pin id="127" dir="0" index="0" bw="6" slack="0"/>
<pin id="128" dir="1" index="1" bw="7" slack="1"/>
</pin_list>
<bind>
<opcode="zext(34) " fcode="zext"/>
<opset="zext_ln11_1/2 "/>
</bind>
</comp>

<comp id="130" class="1004" name="zext_ln19_fu_130">
<pin_list>
<pin id="131" dir="0" index="0" bw="3" slack="5"/>
<pin id="132" dir="1" index="1" bw="4" slack="0"/>
</pin_list>
<bind>
<opcode="zext(34) " fcode="zext"/>
<opset="zext_ln19/2 "/>
</bind>
</comp>

<comp id="133" class="1004" name="zext_ln19_1_fu_133">
<pin_list>
<pin id="134" dir="0" index="0" bw="3" slack="5"/>
<pin id="135" dir="1" index="1" bw="4" slack="0"/>
</pin_list>
<bind>
<opcode="zext(34) " fcode="zext"/>
<opset="zext_ln19_1/2 "/>
</bind>
</comp>

<comp id="136" class="1004" name="result_2_fu_136">
<pin_list>
<pin id="137" dir="0" index="0" bw="3" slack="0"/>
<pin id="138" dir="0" index="1" bw="3" slack="0"/>
<pin id="139" dir="1" index="2" bw="4" slack="0"/>
</pin_list>
<bind>
<opcode="sub(10) " fcode="sub"/>
<opset="result_2/2 "/>
</bind>
</comp>

<comp id="142" class="1004" name="sext_ln11_fu_142">
<pin_list>
<pin id="143" dir="0" index="0" bw="4" slack="0"/>
<pin id="144" dir="1" index="1" bw="7" slack="1"/>
</pin_list>
<bind>
<opcode="sext(35) " fcode="sext"/>
<opset="sext_ln11/2 "/>
</bind>
</comp>

<comp id="146" class="1004" name="zext_ln16_fu_146">
<pin_list>
<pin id="147" dir="0" index="0" bw="3" slack="5"/>
<pin id="148" dir="1" index="1" bw="4" slack="0"/>
</pin_list>
<bind>
<opcode="zext(34) " fcode="zext"/>
<opset="zext_ln16/2 "/>
</bind>
</comp>

<comp id="149" class="1004" name="zext_ln16_1_fu_149">
<pin_list>
<pin id="150" dir="0" index="0" bw="3" slack="5"/>
<pin id="151" dir="1" index="1" bw="4" slack="0"/>
</pin_list>
<bind>
<opcode="zext(34) " fcode="zext"/>
<opset="zext_ln16_1/2 "/>
</bind>
</comp>

<comp id="152" class="1004" name="result_fu_152">
<pin_list>
<pin id="153" dir="0" index="0" bw="3" slack="0"/>
<pin id="154" dir="0" index="1" bw="3" slack="0"/>
<pin id="155" dir="1" index="2" bw="4" slack="0"/>
</pin_list>
<bind>
<opcode="add(8) " fcode="add"/>
<opset="result/2 "/>
</bind>
</comp>

<comp id="158" class="1004" name="zext_ln11_fu_158">
<pin_list>
<pin id="159" dir="0" index="0" bw="4" slack="0"/>
<pin id="160" dir="1" index="1" bw="7" slack="1"/>
</pin_list>
<bind>
<opcode="zext(34) " fcode="zext"/>
<opset="zext_ln11/2 "/>
</bind>
</comp>

<comp id="162" class="1004" name="zext_ln11_2_fu_162">
<pin_list>
<pin id="163" dir="0" index="0" bw="3" slack="0"/>
<pin id="164" dir="1" index="1" bw="7" slack="0"/>
</pin_list>
<bind>
<opcode="zext(34) " fcode="zext"/>
<opset="zext_ln11_2/8 "/>
</bind>
</comp>

<comp id="167" class="1004" name="sext_ln11_1_fu_167">
<pin_list>
<pin id="168" dir="0" index="0" bw="7" slack="0"/>
<pin id="169" dir="1" index="1" bw="8" slack="0"/>
</pin_list>
<bind>
<opcode="sext(35) " fcode="sext"/>
<opset="sext_ln11_1/8 "/>
</bind>
</comp>

<comp id="172" class="1005" name="num1_reg_172">
<pin_list>
<pin id="173" dir="0" index="0" bw="3" slack="1"/>
<pin id="174" dir="1" index="1" bw="3" slack="1"/>
</pin_list>
<bind>
<opset="num1 "/>
</bind>
</comp>

<comp id="180" class="1005" name="num2_reg_180">
<pin_list>
<pin id="181" dir="0" index="0" bw="3" slack="1"/>
<pin id="182" dir="1" index="1" bw="3" slack="1"/>
</pin_list>
<bind>
<opset="num2 "/>
</bind>
</comp>

<comp id="188" class="1005" name="opcode_reg_188">
<pin_list>
<pin id="189" dir="0" index="0" bw="2" slack="5"/>
<pin id="190" dir="1" index="1" bw="2" slack="2147483647"/>
</pin_list>
<bind>
<opset="opcode "/>
</bind>
</comp>

<comp id="192" class="1005" name="icmp_ln25_reg_192">
<pin_list>
<pin id="193" dir="0" index="0" bw="1" slack="6"/>
<pin id="194" dir="1" index="1" bw="1" slack="2147483647"/>
</pin_list>
<bind>
<opset="icmp_ln25 "/>
</bind>
</comp>

<comp id="196" class="1005" name="zext_ln11_1_reg_196">
<pin_list>
<pin id="197" dir="0" index="0" bw="7" slack="1"/>
<pin id="198" dir="1" index="1" bw="7" slack="1"/>
</pin_list>
<bind>
<opset="zext_ln11_1 "/>
</bind>
</comp>

<comp id="201" class="1005" name="sext_ln11_reg_201">
<pin_list>
<pin id="202" dir="0" index="0" bw="7" slack="1"/>
<pin id="203" dir="1" index="1" bw="7" slack="1"/>
</pin_list>
<bind>
<opset="sext_ln11 "/>
</bind>
</comp>

<comp id="206" class="1005" name="zext_ln11_reg_206">
<pin_list>
<pin id="207" dir="0" index="0" bw="7" slack="1"/>
<pin id="208" dir="1" index="1" bw="7" slack="1"/>
</pin_list>
<bind>
<opset="zext_ln11 "/>
</bind>
</comp>

</comp_list>

<net_list>
<net id="52"><net_src comp="22" pin="0"/><net_sink comp="48" pin=0"/></net>

<net id="53"><net_src comp="0" pin="0"/><net_sink comp="48" pin=1"/></net>

<net id="59"><net_src comp="46" pin="0"/><net_sink comp="54" pin=0"/></net>

<net id="60"><net_src comp="2" pin="0"/><net_sink comp="54" pin=1"/></net>

<net id="64"><net_src comp="44" pin="0"/><net_sink comp="61" pin=0"/></net>

<net id="77"><net_src comp="61" pin="1"/><net_sink comp="65" pin=8"/></net>

<net id="81"><net_src comp="48" pin="2"/><net_sink comp="78" pin=0"/></net>

<net id="88"><net_src comp="24" pin="0"/><net_sink comp="82" pin=0"/></net>

<net id="89"><net_src comp="48" pin="2"/><net_sink comp="82" pin=1"/></net>

<net id="90"><net_src comp="26" pin="0"/><net_sink comp="82" pin=2"/></net>

<net id="91"><net_src comp="28" pin="0"/><net_sink comp="82" pin=3"/></net>

<net id="98"><net_src comp="30" pin="0"/><net_sink comp="92" pin=0"/></net>

<net id="99"><net_src comp="48" pin="2"/><net_sink comp="92" pin=1"/></net>

<net id="100"><net_src comp="32" pin="0"/><net_sink comp="92" pin=2"/></net>

<net id="101"><net_src comp="34" pin="0"/><net_sink comp="92" pin=3"/></net>

<net id="106"><net_src comp="82" pin="4"/><net_sink comp="102" pin=0"/></net>

<net id="107"><net_src comp="42" pin="0"/><net_sink comp="102" pin=1"/></net>

<net id="112"><net_src comp="78" pin="1"/><net_sink comp="108" pin=0"/></net>

<net id="113"><net_src comp="82" pin="4"/><net_sink comp="108" pin=1"/></net>

<net id="124"><net_src comp="117" pin="1"/><net_sink comp="120" pin=0"/></net>

<net id="125"><net_src comp="114" pin="1"/><net_sink comp="120" pin=1"/></net>

<net id="129"><net_src comp="120" pin="2"/><net_sink comp="126" pin=0"/></net>

<net id="140"><net_src comp="130" pin="1"/><net_sink comp="136" pin=0"/></net>

<net id="141"><net_src comp="133" pin="1"/><net_sink comp="136" pin=1"/></net>

<net id="145"><net_src comp="136" pin="2"/><net_sink comp="142" pin=0"/></net>

<net id="156"><net_src comp="149" pin="1"/><net_sink comp="152" pin=0"/></net>

<net id="157"><net_src comp="146" pin="1"/><net_sink comp="152" pin=1"/></net>

<net id="161"><net_src comp="152" pin="2"/><net_sink comp="158" pin=0"/></net>

<net id="165"><net_src comp="108" pin="2"/><net_sink comp="162" pin=0"/></net>

<net id="166"><net_src comp="162" pin="1"/><net_sink comp="65" pin=6"/></net>

<net id="170"><net_src comp="65" pin="10"/><net_sink comp="167" pin=0"/></net>

<net id="171"><net_src comp="167" pin="1"/><net_sink comp="54" pin=2"/></net>

<net id="175"><net_src comp="78" pin="1"/><net_sink comp="172" pin=0"/></net>

<net id="176"><net_src comp="172" pin="1"/><net_sink comp="114" pin=0"/></net>

<net id="177"><net_src comp="172" pin="1"/><net_sink comp="130" pin=0"/></net>

<net id="178"><net_src comp="172" pin="1"/><net_sink comp="146" pin=0"/></net>

<net id="179"><net_src comp="172" pin="1"/><net_sink comp="108" pin=0"/></net>

<net id="183"><net_src comp="82" pin="4"/><net_sink comp="180" pin=0"/></net>

<net id="184"><net_src comp="180" pin="1"/><net_sink comp="117" pin=0"/></net>

<net id="185"><net_src comp="180" pin="1"/><net_sink comp="133" pin=0"/></net>

<net id="186"><net_src comp="180" pin="1"/><net_sink comp="149" pin=0"/></net>

<net id="187"><net_src comp="180" pin="1"/><net_sink comp="108" pin=1"/></net>

<net id="191"><net_src comp="92" pin="4"/><net_sink comp="188" pin=0"/></net>

<net id="195"><net_src comp="102" pin="2"/><net_sink comp="192" pin=0"/></net>

<net id="199"><net_src comp="126" pin="1"/><net_sink comp="196" pin=0"/></net>

<net id="200"><net_src comp="196" pin="1"/><net_sink comp="65" pin=0"/></net>

<net id="204"><net_src comp="142" pin="1"/><net_sink comp="201" pin=0"/></net>

<net id="205"><net_src comp="201" pin="1"/><net_sink comp="65" pin=2"/></net>

<net id="209"><net_src comp="158" pin="1"/><net_sink comp="206" pin=0"/></net>

<net id="210"><net_src comp="206" pin="1"/><net_sink comp="65" pin=4"/></net>

</net_list>

</model> 
---------------- Datapath Model END ------------------

* FSMD analyzer results:
  - Output states:
	Port: led | {8 }
 - Input state : 
	Port: alu_led : sw | {1 }
  - Chain level:
	State 1
		switch_ln13 : 1
		icmp_ln25 : 1
		br_ln25 : 2
		result_4 : 1
	State 2
		result_3 : 1
		zext_ln11_1 : 2
		result_2 : 1
		sext_ln11 : 2
		result : 1
		zext_ln11 : 2
	State 3
	State 4
	State 5
	State 6
	State 7
	State 8
		zext_ln11_2 : 1
		result_1 : 2
		sext_ln11_1 : 3
		write_ln32 : 4


============================================================
+ Verbose Summary: Datapath Resource usage 
============================================================

* Functional unit list:
|----------|------------------------|---------|---------|---------|
| Operation|     Functional Unit    |   DSP   |    FF   |   LUT   |
|----------|------------------------|---------|---------|---------|
|   udiv   |       grp_fu_108       |    0    |    45   |    19   |
|----------|------------------------|---------|---------|---------|
|   icmp   |    icmp_ln25_fu_102    |    0    |    0    |    11   |
|----------|------------------------|---------|---------|---------|
|    sub   |     result_2_fu_136    |    0    |    0    |    11   |
|----------|------------------------|---------|---------|---------|
|    add   |      result_fu_152     |    0    |    0    |    11   |
|----------|------------------------|---------|---------|---------|
|    mul   |     result_3_fu_120    |    0    |    0    |    9    |
|----------|------------------------|---------|---------|---------|
|   read   |   sw_read_read_fu_48   |    0    |    0    |    0    |
|----------|------------------------|---------|---------|---------|
|   write  | write_ln32_write_fu_54 |    0    |    0    |    0    |
|----------|------------------------|---------|---------|---------|
|   trunc  |       num1_fu_78       |    0    |    0    |    0    |
|----------|------------------------|---------|---------|---------|
|partselect|       num2_fu_82       |    0    |    0    |    0    |
|          |      opcode_fu_92      |    0    |    0    |    0    |
|----------|------------------------|---------|---------|---------|
|          |    zext_ln22_fu_114    |    0    |    0    |    0    |
|          |   zext_ln22_1_fu_117   |    0    |    0    |    0    |
|          |   zext_ln11_1_fu_126   |    0    |    0    |    0    |
|          |    zext_ln19_fu_130    |    0    |    0    |    0    |
|   zext   |   zext_ln19_1_fu_133   |    0    |    0    |    0    |
|          |    zext_ln16_fu_146    |    0    |    0    |    0    |
|          |   zext_ln16_1_fu_149   |    0    |    0    |    0    |
|          |    zext_ln11_fu_158    |    0    |    0    |    0    |
|          |   zext_ln11_2_fu_162   |    0    |    0    |    0    |
|----------|------------------------|---------|---------|---------|
|   sext   |    sext_ln11_fu_142    |    0    |    0    |    0    |
|          |   sext_ln11_1_fu_167   |    0    |    0    |    0    |
|----------|------------------------|---------|---------|---------|
|   Total  |                        |    0    |    45   |    61   |
|----------|------------------------|---------|---------|---------|

Memories:
N/A

* Register list:
+-------------------+--------+
|                   |   FF   |
+-------------------+--------+
| icmp_ln25_reg_192 |    1   |
|    num1_reg_172   |    3   |
|    num2_reg_180   |    3   |
|   opcode_reg_188  |    2   |
|  result_1_reg_61  |    7   |
| sext_ln11_reg_201 |    7   |
|zext_ln11_1_reg_196|    7   |
| zext_ln11_reg_206 |    7   |
+-------------------+--------+
|       Total       |   37   |
+-------------------+--------+

* Multiplexer (MUX) list: 
|------------|------|------|------|--------||---------||---------|
|    Comp    |  Pin | Size |  BW  | S x BW ||  Delay  ||   LUT   |
|------------|------|------|------|--------||---------||---------|
| grp_fu_108 |  p0  |   2  |   3  |    6   ||    9    |
| grp_fu_108 |  p1  |   2  |   3  |    6   ||    9    |
|------------|------|------|------|--------||---------||---------|
|    Total   |      |      |      |   12   ||  3.176  ||    18   |
|------------|------|------|------|--------||---------||---------|



* Summary:
+-----------+--------+--------+--------+--------+
|           |   DSP  |  Delay |   FF   |   LUT  |
+-----------+--------+--------+--------+--------+
|  Function |    0   |    -   |   45   |   61   |
|   Memory  |    -   |    -   |    -   |    -   |
|Multiplexer|    -   |    3   |    -   |   18   |
|  Register |    -   |    -   |   37   |    -   |
+-----------+--------+--------+--------+--------+
|   Total   |    0   |    3   |   82   |   79   |
+-----------+--------+--------+--------+--------+
