

================================================================
== Vitis HLS Report for 'alu_led'
================================================================
* Date:           Wed Apr 22 10:18:59 2026

* Version:        2023.1 (Build 3854077 on May  4 2023)
* Project:        practice1
* Solution:       solution1 (Vivado IP Flow Target)
* Product family: zynq
* Target device:  xc7z020-clg484-1


================================================================
== Performance Estimates
================================================================
+ Timing: 
    * Summary: 
    +--------+----------+----------+------------+
    |  Clock |  Target  | Estimated| Uncertainty|
    +--------+----------+----------+------------+
    |ap_clk  |  10.00 ns|  4.474 ns|     2.70 ns|
    +--------+----------+----------+------------+

+ Latency: 
    * Summary: 
    +---------+---------+-----------+-----------+-----+-----+---------+
    |  Latency (cycles) |   Latency (absolute)  |  Interval | Pipeline|
    |   min   |   max   |    min    |    max    | min | max |   Type  |
    +---------+---------+-----------+-----------+-----+-----+---------+
    |        1|        6|  10.000 ns|  60.000 ns|    2|    7|       no|
    +---------+---------+-----------+-----------+-----+-----+---------+

    + Detail: 
        * Instance: 
        N/A

        * Loop: 
        N/A

============================================================
+ Verbose Summary: Synthesis Manager
============================================================
InlineROM: 1
ExposeGlobal: 0
============================================================
+ Verbose Summary: CDFG Model
============================================================
IsTopModel: 1
ResetActiveHigh: 1
IsCombinational: 0
IsDatapathOnly: 0
HasWiredReturn: 1
HasMFsm: 0
HasVarLatency: 1
IsPipeline: 0
IsRtlPipelined: 0
IsInstanceOverlapped: 0
IsDontTouch: 0
HasImplIP: 0
IsGatedGlobalClock: 0


============================================================
+ Verbose Summary: Schedule
============================================================
* Number of FSM states : 8
* Pipeline : 0
* Dataflow Pipeline: 0

* FSM state transitions: 
1 --> 2 3 8 
2 --> 8 
3 --> 4 
4 --> 5 
5 --> 6 
6 --> 7 
7 --> 8 
8 --> 

* FSM state operations: 

State 1 <SV = 0> <Delay = 3.59>
ST_1 : Operation 9 [1/1] (0.00ns)   --->   "%spectopmodule_ln3 = spectopmodule void @_ssdm_op_SpecTopModule, void @empty_1" [sw_led.cpp:3]   --->   Operation 9 'spectopmodule' 'spectopmodule_ln3' <Predicate = true> <Delay = 0.00>
ST_1 : Operation 10 [1/1] (0.00ns)   --->   "%specinterface_ln3 = specinterface void @_ssdm_op_SpecInterface, i32 0, void @empty_2, i32 0, i32 0, void @empty_0, i32 0, i32 0, void @empty_0, void @empty_0, void @empty_0, i32 0, i32 0, i32 0, i32 0, void @empty_0, void @empty_0, i32 4294967295, i32 0" [sw_led.cpp:3]   --->   Operation 10 'specinterface' 'specinterface_ln3' <Predicate = true> <Delay = 0.00>
ST_1 : Operation 11 [1/1] (0.00ns)   --->   "%specbitsmap_ln0 = specbitsmap void @_ssdm_op_SpecBitsMap, i8 %sw"   --->   Operation 11 'specbitsmap' 'specbitsmap_ln0' <Predicate = true> <Delay = 0.00>
ST_1 : Operation 12 [1/1] (0.00ns)   --->   "%specinterface_ln0 = specinterface void @_ssdm_op_SpecInterface, i8 %sw, void @empty, i32 0, i32 0, void @empty_0, i32 0, i32 0, void @empty_0, void @empty_0, void @empty_0, i32 0, i32 0, i32 0, i32 0, void @empty_0, void @empty_0, i32 4294967295, i32 0"   --->   Operation 12 'specinterface' 'specinterface_ln0' <Predicate = true> <Delay = 0.00>
ST_1 : Operation 13 [1/1] (0.00ns)   --->   "%specbitsmap_ln0 = specbitsmap void @_ssdm_op_SpecBitsMap, i8 %led"   --->   Operation 13 'specbitsmap' 'specbitsmap_ln0' <Predicate = true> <Delay = 0.00>
ST_1 : Operation 14 [1/1] (0.00ns)   --->   "%specinterface_ln0 = specinterface void @_ssdm_op_SpecInterface, i8 %led, void @empty, i32 0, i32 0, void @empty_0, i32 0, i32 0, void @empty_0, void @empty_0, void @empty_0, i32 0, i32 0, i32 0, i32 0, void @empty_0, void @empty_0, i32 4294967295, i32 0"   --->   Operation 14 'specinterface' 'specinterface_ln0' <Predicate = true> <Delay = 0.00>
ST_1 : Operation 15 [1/1] (0.00ns)   --->   "%sw_read = read i8 @_ssdm_op_Read.ap_none.i8, i8 %sw" [sw_led.cpp:3]   --->   Operation 15 'read' 'sw_read' <Predicate = true> <Delay = 0.00>
ST_1 : Operation 16 [1/1] (0.00ns)   --->   "%num1 = trunc i8 %sw_read" [sw_led.cpp:9]   --->   Operation 16 'trunc' 'num1' <Predicate = true> <Delay = 0.00>
ST_1 : Operation 17 [1/1] (0.00ns)   --->   "%num2 = partselect i3 @_ssdm_op_PartSelect.i3.i8.i32.i32, i8 %sw_read, i32 3, i32 5" [sw_led.cpp:9]   --->   Operation 17 'partselect' 'num2' <Predicate = true> <Delay = 0.00>
ST_1 : Operation 18 [1/1] (0.00ns)   --->   "%opcode = partselect i2 @_ssdm_op_PartSelect.i2.i8.i32.i32, i8 %sw_read, i32 6, i32 7" [sw_led.cpp:10]   --->   Operation 18 'partselect' 'opcode' <Predicate = true> <Delay = 0.00>
ST_1 : Operation 19 [1/1] (1.86ns)   --->   "%switch_ln13 = switch i2 %opcode, void %sw.bb12, i2 0, void %sw.bb, i2 1, void %sw.bb6, i2 2, void %sw.bb9" [sw_led.cpp:13]   --->   Operation 19 'switch' 'switch_ln13' <Predicate = true> <Delay = 1.86>
ST_1 : Operation 20 [1/1] (1.65ns)   --->   "%icmp_ln25 = icmp_eq  i3 %num2, i3 0" [sw_led.cpp:25]   --->   Operation 20 'icmp' 'icmp_ln25' <Predicate = (opcode == 3)> <Delay = 1.65> <CoreInst = "Cmp">   --->   Core 9 'Cmp' <Latency = 0> <II = 1> <Delay = 1.65> <FuncUnit> <Opcode : 'icmp'> <InPorts = 2> <OutPorts = 1>
ST_1 : Operation 21 [1/1] (1.94ns)   --->   "%br_ln25 = br i1 %icmp_ln25, void %if.then, void %sw.epilog" [sw_led.cpp:25]   --->   Operation 21 'br' 'br_ln25' <Predicate = (opcode == 3)> <Delay = 1.94>
ST_1 : Operation 22 [7/7] (2.52ns)   --->   "%result_4 = udiv i3 %num1, i3 %num2" [sw_led.cpp:26]   --->   Operation 22 'udiv' 'result_4' <Predicate = (opcode == 3 & !icmp_ln25)> <Delay = 2.52> <CoreInst = "DivnS_SEQ">   --->   Core 7 'DivnS_SEQ' <Latency = 6> <II = 3> <Delay = 2.52> <FuncUnit> <Opcode : 'sdiv' 'srem' 'udiv' 'urem'> <InPorts = 2> <OutPorts = 1>

State 2 <SV = 5> <Delay = 1.94>
ST_2 : Operation 23 [1/1] (0.00ns)   --->   "%zext_ln22 = zext i3 %num1" [sw_led.cpp:22]   --->   Operation 23 'zext' 'zext_ln22' <Predicate = (opcode == 2)> <Delay = 0.00>
ST_2 : Operation 24 [1/1] (0.00ns)   --->   "%zext_ln22_1 = zext i3 %num2" [sw_led.cpp:22]   --->   Operation 24 'zext' 'zext_ln22_1' <Predicate = (opcode == 2)> <Delay = 0.00>
ST_2 : Operation 25 [1/1] (1.62ns)   --->   "%result_3 = mul i6 %zext_ln22_1, i6 %zext_ln22" [sw_led.cpp:22]   --->   Operation 25 'mul' 'result_3' <Predicate = (opcode == 2)> <Delay = 1.62> <CoreInst = "Multiplier">   --->   Core 3 'Multiplier' <Latency = 0> <II = 1> <Delay = 1.62> <FuncUnit> <Opcode : 'mul'> <InPorts = 2> <OutPorts = 1>
ST_2 : Operation 26 [1/1] (0.00ns)   --->   "%zext_ln11_1 = zext i6 %result_3" [sw_led.cpp:11]   --->   Operation 26 'zext' 'zext_ln11_1' <Predicate = (opcode == 2)> <Delay = 0.00>
ST_2 : Operation 27 [1/1] (1.94ns)   --->   "%br_ln23 = br void %sw.epilog" [sw_led.cpp:23]   --->   Operation 27 'br' 'br_ln23' <Predicate = (opcode == 2)> <Delay = 1.94>
ST_2 : Operation 28 [1/1] (0.00ns)   --->   "%zext_ln19 = zext i3 %num1" [sw_led.cpp:19]   --->   Operation 28 'zext' 'zext_ln19' <Predicate = (opcode == 1)> <Delay = 0.00>
ST_2 : Operation 29 [1/1] (0.00ns)   --->   "%zext_ln19_1 = zext i3 %num2" [sw_led.cpp:19]   --->   Operation 29 'zext' 'zext_ln19_1' <Predicate = (opcode == 1)> <Delay = 0.00>
ST_2 : Operation 30 [1/1] (1.65ns)   --->   "%result_2 = sub i4 %zext_ln19, i4 %zext_ln19_1" [sw_led.cpp:19]   --->   Operation 30 'sub' 'result_2' <Predicate = (opcode == 1)> <Delay = 1.65> <CoreInst = "Adder">   --->   Core 1 'Adder' <Latency = 0> <II = 1> <Delay = 1.65> <FuncUnit> <Opcode : 'add' 'sub'> <InPorts = 2> <OutPorts = 1>
ST_2 : Operation 31 [1/1] (0.00ns)   --->   "%sext_ln11 = sext i4 %result_2" [sw_led.cpp:11]   --->   Operation 31 'sext' 'sext_ln11' <Predicate = (opcode == 1)> <Delay = 0.00>
ST_2 : Operation 32 [1/1] (1.94ns)   --->   "%br_ln20 = br void %sw.epilog" [sw_led.cpp:20]   --->   Operation 32 'br' 'br_ln20' <Predicate = (opcode == 1)> <Delay = 1.94>
ST_2 : Operation 33 [1/1] (0.00ns)   --->   "%zext_ln16 = zext i3 %num1" [sw_led.cpp:16]   --->   Operation 33 'zext' 'zext_ln16' <Predicate = (opcode == 0)> <Delay = 0.00>
ST_2 : Operation 34 [1/1] (0.00ns)   --->   "%zext_ln16_1 = zext i3 %num2" [sw_led.cpp:16]   --->   Operation 34 'zext' 'zext_ln16_1' <Predicate = (opcode == 0)> <Delay = 0.00>
ST_2 : Operation 35 [1/1] (1.65ns)   --->   "%result = add i4 %zext_ln16_1, i4 %zext_ln16" [sw_led.cpp:16]   --->   Operation 35 'add' 'result' <Predicate = (opcode == 0)> <Delay = 1.65> <CoreInst = "Adder">   --->   Core 1 'Adder' <Latency = 0> <II = 1> <Delay = 1.65> <FuncUnit> <Opcode : 'add' 'sub'> <InPorts = 2> <OutPorts = 1>
ST_2 : Operation 36 [1/1] (0.00ns)   --->   "%zext_ln11 = zext i4 %result" [sw_led.cpp:11]   --->   Operation 36 'zext' 'zext_ln11' <Predicate = (opcode == 0)> <Delay = 0.00>
ST_2 : Operation 37 [1/1] (1.94ns)   --->   "%br_ln17 = br void %sw.epilog" [sw_led.cpp:17]   --->   Operation 37 'br' 'br_ln17' <Predicate = (opcode == 0)> <Delay = 1.94>

State 3 <SV = 1> <Delay = 2.52>
ST_3 : Operation 38 [6/7] (2.52ns)   --->   "%result_4 = udiv i3 %num1, i3 %num2" [sw_led.cpp:26]   --->   Operation 38 'udiv' 'result_4' <Predicate = true> <Delay = 2.52> <CoreInst = "DivnS_SEQ">   --->   Core 7 'DivnS_SEQ' <Latency = 6> <II = 3> <Delay = 2.52> <FuncUnit> <Opcode : 'sdiv' 'srem' 'udiv' 'urem'> <InPorts = 2> <OutPorts = 1>

State 4 <SV = 2> <Delay = 2.52>
ST_4 : Operation 39 [5/7] (2.52ns)   --->   "%result_4 = udiv i3 %num1, i3 %num2" [sw_led.cpp:26]   --->   Operation 39 'udiv' 'result_4' <Predicate = true> <Delay = 2.52> <CoreInst = "DivnS_SEQ">   --->   Core 7 'DivnS_SEQ' <Latency = 6> <II = 3> <Delay = 2.52> <FuncUnit> <Opcode : 'sdiv' 'srem' 'udiv' 'urem'> <InPorts = 2> <OutPorts = 1>

State 5 <SV = 3> <Delay = 2.52>
ST_5 : Operation 40 [4/7] (2.52ns)   --->   "%result_4 = udiv i3 %num1, i3 %num2" [sw_led.cpp:26]   --->   Operation 40 'udiv' 'result_4' <Predicate = true> <Delay = 2.52> <CoreInst = "DivnS_SEQ">   --->   Core 7 'DivnS_SEQ' <Latency = 6> <II = 3> <Delay = 2.52> <FuncUnit> <Opcode : 'sdiv' 'srem' 'udiv' 'urem'> <InPorts = 2> <OutPorts = 1>

State 6 <SV = 4> <Delay = 2.52>
ST_6 : Operation 41 [3/7] (2.52ns)   --->   "%result_4 = udiv i3 %num1, i3 %num2" [sw_led.cpp:26]   --->   Operation 41 'udiv' 'result_4' <Predicate = true> <Delay = 2.52> <CoreInst = "DivnS_SEQ">   --->   Core 7 'DivnS_SEQ' <Latency = 6> <II = 3> <Delay = 2.52> <FuncUnit> <Opcode : 'sdiv' 'srem' 'udiv' 'urem'> <InPorts = 2> <OutPorts = 1>

State 7 <SV = 5> <Delay = 2.52>
ST_7 : Operation 42 [2/7] (2.52ns)   --->   "%result_4 = udiv i3 %num1, i3 %num2" [sw_led.cpp:26]   --->   Operation 42 'udiv' 'result_4' <Predicate = true> <Delay = 2.52> <CoreInst = "DivnS_SEQ">   --->   Core 7 'DivnS_SEQ' <Latency = 6> <II = 3> <Delay = 2.52> <FuncUnit> <Opcode : 'sdiv' 'srem' 'udiv' 'urem'> <InPorts = 2> <OutPorts = 1>

State 8 <SV = 6> <Delay = 4.47>
ST_8 : Operation 43 [1/7] (2.52ns)   --->   "%result_4 = udiv i3 %num1, i3 %num2" [sw_led.cpp:26]   --->   Operation 43 'udiv' 'result_4' <Predicate = (opcode == 3 & !icmp_ln25)> <Delay = 2.52> <CoreInst = "DivnS_SEQ">   --->   Core 7 'DivnS_SEQ' <Latency = 6> <II = 3> <Delay = 2.52> <FuncUnit> <Opcode : 'sdiv' 'srem' 'udiv' 'urem'> <InPorts = 2> <OutPorts = 1>
ST_8 : Operation 44 [1/1] (0.00ns)   --->   "%zext_ln11_2 = zext i3 %result_4" [sw_led.cpp:11]   --->   Operation 44 'zext' 'zext_ln11_2' <Predicate = (opcode == 3 & !icmp_ln25)> <Delay = 0.00>
ST_8 : Operation 45 [1/1] (1.94ns)   --->   "%br_ln26 = br void %sw.epilog" [sw_led.cpp:26]   --->   Operation 45 'br' 'br_ln26' <Predicate = (opcode == 3 & !icmp_ln25)> <Delay = 1.94>
ST_8 : Operation 46 [1/1] (0.00ns)   --->   "%result_1 = phi i7 %zext_ln11_1, void %sw.bb9, i7 %sext_ln11, void %sw.bb6, i7 %zext_ln11, void %sw.bb, i7 %zext_ln11_2, void %if.then, i7 0, void %sw.bb12" [sw_led.cpp:11]   --->   Operation 46 'phi' 'result_1' <Predicate = true> <Delay = 0.00>
ST_8 : Operation 47 [1/1] (0.00ns)   --->   "%sext_ln11_1 = sext i7 %result_1" [sw_led.cpp:11]   --->   Operation 47 'sext' 'sext_ln11_1' <Predicate = true> <Delay = 0.00>
ST_8 : Operation 48 [1/1] (0.00ns)   --->   "%write_ln32 = write void @_ssdm_op_Write.ap_none.i8P0A, i8 %led, i8 %sext_ln11_1" [sw_led.cpp:32]   --->   Operation 48 'write' 'write_ln32' <Predicate = true> <Delay = 0.00>
ST_8 : Operation 49 [1/1] (0.00ns)   --->   "%ret_ln34 = ret" [sw_led.cpp:34]   --->   Operation 49 'ret' 'ret_ln34' <Predicate = true> <Delay = 0.00>


============================================================
+ Verbose Summary: Timing violations
============================================================
Target clock period: 10.000ns, clock uncertainty: 2.700ns.

 <State 1>: 3.596ns
The critical path consists of the following:
	wire read operation ('sw_read', sw_led.cpp:3) on port 'sw' (sw_led.cpp:3) [9]  (0.000 ns)
	'icmp' operation ('icmp_ln25', sw_led.cpp:25) [33]  (1.650 ns)
	multiplexor before 'phi' operation ('result', sw_led.cpp:11) with incoming values : ('zext_ln11_1', sw_led.cpp:11) ('sext_ln11', sw_led.cpp:11) ('zext_ln11', sw_led.cpp:11) ('zext_ln11_2', sw_led.cpp:11) [40]  (1.946 ns)

 <State 2>: 1.946ns
The critical path consists of the following:
	multiplexor before 'phi' operation ('result', sw_led.cpp:11) with incoming values : ('zext_ln11_1', sw_led.cpp:11) ('sext_ln11', sw_led.cpp:11) ('zext_ln11', sw_led.cpp:11) ('zext_ln11_2', sw_led.cpp:11) [40]  (1.946 ns)

 <State 3>: 2.528ns
The critical path consists of the following:
	'udiv' operation ('result', sw_led.cpp:26) [36]  (2.528 ns)

 <State 4>: 2.528ns
The critical path consists of the following:
	'udiv' operation ('result', sw_led.cpp:26) [36]  (2.528 ns)

 <State 5>: 2.528ns
The critical path consists of the following:
	'udiv' operation ('result', sw_led.cpp:26) [36]  (2.528 ns)

 <State 6>: 2.528ns
The critical path consists of the following:
	'udiv' operation ('result', sw_led.cpp:26) [36]  (2.528 ns)

 <State 7>: 2.528ns
The critical path consists of the following:
	'udiv' operation ('result', sw_led.cpp:26) [36]  (2.528 ns)

 <State 8>: 4.474ns
The critical path consists of the following:
	'udiv' operation ('result', sw_led.cpp:26) [36]  (2.528 ns)
	multiplexor before 'phi' operation ('result', sw_led.cpp:11) with incoming values : ('zext_ln11_1', sw_led.cpp:11) ('sext_ln11', sw_led.cpp:11) ('zext_ln11', sw_led.cpp:11) ('zext_ln11_2', sw_led.cpp:11) [40]  (1.946 ns)
	'phi' operation ('result', sw_led.cpp:11) with incoming values : ('zext_ln11_1', sw_led.cpp:11) ('sext_ln11', sw_led.cpp:11) ('zext_ln11', sw_led.cpp:11) ('zext_ln11_2', sw_led.cpp:11) [40]  (0.000 ns)


============================================================
+ Verbose Summary: Binding
============================================================
N/A
* FSMD analyzer results:
  - Output states:
 - Input state : 
  - Chain level:
	State 1
	State 2
	State 3
	State 4
	State 5
	State 6
	State 7
	State 8


============================================================
+ Verbose Summary: Datapath Resource usage 
============================================================
N/A
