/home/sem2/SoC_Lab/Demo/practice1/vitis/practice1/solution1/.autopilot/db/sw_led.pp.0.cpp:1320:7: warning: Added loop label VITIS_LOOP_1213_1:   [xilinx-label-all-loops]
      for (i = 0; i < __N - 1; ++i) {
      ^~~
      VITIS_LOOP_1213_1: 
/home/sem2/SoC_Lab/Demo/practice1/vitis/practice1/solution1/.autopilot/db/sw_led.pp.0.cpp:1320:7: note: FIX-IT applied suggested code changes
/home/sem2/SoC_Lab/Demo/practice1/vitis/practice1/solution1/.autopilot/db/sw_led.pp.0.cpp:2294:5: warning: Added loop label VITIS_LOOP_676_1:   [xilinx-label-all-loops]
    for (unsigned i = low; i != high; ++i) {
    ^~~
    VITIS_LOOP_676_1: 
/home/sem2/SoC_Lab/Demo/practice1/vitis/practice1/solution1/.autopilot/db/sw_led.pp.0.cpp:2294:5: note: FIX-IT applied suggested code changes
/home/sem2/SoC_Lab/Demo/practice1/vitis/practice1/solution1/.autopilot/db/sw_led.pp.0.cpp:2308:5: warning: Added loop label VITIS_LOOP_690_1:   [xilinx-label-all-loops]
    for (unsigned i = low; i != high; ++i) {
    ^~~
    VITIS_LOOP_690_1: 
/home/sem2/SoC_Lab/Demo/practice1/vitis/practice1/solution1/.autopilot/db/sw_led.pp.0.cpp:2308:5: note: FIX-IT applied suggested code changes
/home/sem2/SoC_Lab/Demo/practice1/vitis/practice1/solution1/.autopilot/db/sw_led.pp.0.cpp:2322:5: warning: Added loop label VITIS_LOOP_704_1:   [xilinx-label-all-loops]
    for (unsigned i = low; i != high; ++i) {
    ^~~
    VITIS_LOOP_704_1: 
/home/sem2/SoC_Lab/Demo/practice1/vitis/practice1/solution1/.autopilot/db/sw_led.pp.0.cpp:2322:5: note: FIX-IT applied suggested code changes
/home/sem2/SoC_Lab/Demo/practice1/vitis/practice1/solution1/.autopilot/db/sw_led.pp.0.cpp:3933:7: warning: Added loop label VITIS_LOOP_1247_1:   [xilinx-label-all-loops]
      for (i = 0; i < __N - 1; ++i) {
      ^~~
      VITIS_LOOP_1247_1: 
/home/sem2/SoC_Lab/Demo/practice1/vitis/practice1/solution1/.autopilot/db/sw_led.pp.0.cpp:3933:7: note: FIX-IT applied suggested code changes
