

================================================================
== Vitis HLS Report for 'alu_led'
================================================================
* Date:           Wed Apr 22 10:18:59 2026

* Version:        2023.1 (Build 3854077 on May  4 2023)
* Project:        practice1
* Solution:       solution1 (Vivado IP Flow Target)
* Product family: zynq
* Target device:  xc7z020-clg484-1


================================================================
== Performance Estimates
================================================================
+ Timing: 
    * Summary: 
    +--------+----------+----------+------------+
    |  Clock |  Target  | Estimated| Uncertainty|
    +--------+----------+----------+------------+
    |ap_clk  |  10.00 ns|  4.474 ns|     2.70 ns|
    +--------+----------+----------+------------+

+ Latency: 
    * Summary: 
    +---------+---------+-----------+-----------+-----+-----+---------+
    |  Latency (cycles) |   Latency (absolute)  |  Interval | Pipeline|
    |   min   |   max   |    min    |    max    | min | max |   Type  |
    +---------+---------+-----------+-----------+-----+-----+---------+
    |        1|        6|  10.000 ns|  60.000 ns|    2|    7|       no|
    +---------+---------+-----------+-----------+-----+-----+---------+

    + Detail: 
        * Instance: 
        N/A

        * Loop: 
        N/A



================================================================
== Utilization Estimates
================================================================
* Summary: 
+-----------------+---------+-----+--------+-------+-----+
|       Name      | BRAM_18K| DSP |   FF   |  LUT  | URAM|
+-----------------+---------+-----+--------+-------+-----+
|DSP              |        -|    -|       -|      -|    -|
|Expression       |        -|    -|       0|     37|    -|
|FIFO             |        -|    -|       -|      -|    -|
|Instance         |        -|    0|      45|     28|    -|
|Memory           |        -|    -|       -|      -|    -|
|Multiplexer      |        -|    -|       -|     82|    -|
|Register         |        -|    -|      24|      -|    -|
+-----------------+---------+-----+--------+-------+-----+
|Total            |        0|    0|      69|    147|    0|
+-----------------+---------+-----+--------+-------+-----+
|Available        |      280|  220|  106400|  53200|    0|
+-----------------+---------+-----+--------+-------+-----+
|Utilization (%)  |        0|    0|      ~0|     ~0|    0|
+-----------------+---------+-----+--------+-------+-----+

+ Detail: 
    * Instance: 
    +---------------------------+------------------------+---------+----+----+----+-----+
    |          Instance         |         Module         | BRAM_18K| DSP| FF | LUT| URAM|
    +---------------------------+------------------------+---------+----+----+----+-----+
    |mul_3ns_3ns_6_1_1_U2       |mul_3ns_3ns_6_1_1       |        0|   0|   0|   9|    0|
    |udiv_3ns_3ns_3_7_seq_1_U1  |udiv_3ns_3ns_3_7_seq_1  |        0|   0|  45|  19|    0|
    +---------------------------+------------------------+---------+----+----+----+-----+
    |Total                      |                        |        0|   0|  45|  28|    0|
    +---------------------------+------------------------+---------+----+----+----+-----+

    * DSP: 
    N/A

    * Memory: 
    N/A

    * FIFO: 
    N/A

    * Expression: 
    +---------------------+----------+----+---+----+------------+------------+
    |    Variable Name    | Operation| DSP| FF| LUT| Bitwidth P0| Bitwidth P1|
    +---------------------+----------+----+---+----+------------+------------+
    |result_fu_152_p2     |         +|   0|  0|  13|           4|           4|
    |result_2_fu_136_p2   |         -|   0|  0|  13|           4|           4|
    |icmp_ln25_fu_102_p2  |      icmp|   0|  0|  11|           3|           1|
    +---------------------+----------+----+---+----+------------+------------+
    |Total                |          |   0|  0|  37|          11|           9|
    +---------------------+----------+----+---+----+------------+------------+

    * Multiplexer: 
    +-----------------------------------+----+-----------+-----+-----------+
    |                Name               | LUT| Input Size| Bits| Total Bits|
    +-----------------------------------+----+-----------+-----+-----------+
    |ap_NS_fsm                          |  48|          9|    1|          9|
    |ap_phi_mux_result_1_phi_fu_65_p10  |   9|          2|    7|         14|
    |result_1_reg_61                    |  25|          5|    7|         35|
    +-----------------------------------+----+-----------+-----+-----------+
    |Total                              |  82|         16|   15|         58|
    +-----------------------------------+----+-----------+-----+-----------+

    * Register: 
    +-------------------+---+----+-----+-----------+
    |        Name       | FF| LUT| Bits| Const Bits|
    +-------------------+---+----+-----+-----------+
    |ap_CS_fsm          |  8|   0|    8|          0|
    |icmp_ln25_reg_192  |  1|   0|    1|          0|
    |num1_reg_172       |  3|   0|    3|          0|
    |num2_reg_180       |  3|   0|    3|          0|
    |opcode_reg_188     |  2|   0|    2|          0|
    |result_1_reg_61    |  7|   0|    7|          0|
    +-------------------+---+----+-----+-----------+
    |Total              | 24|   0|   24|          0|
    +-------------------+---+----+-----+-----------+



================================================================
== Interface
================================================================
* Summary: 
+----------+-----+-----+--------------+--------------+--------------+
| RTL Ports| Dir | Bits|   Protocol   | Source Object|    C Type    |
+----------+-----+-----+--------------+--------------+--------------+
|ap_clk    |   in|    1|  ap_ctrl_none|       alu_led|  return value|
|ap_rst    |   in|    1|  ap_ctrl_none|       alu_led|  return value|
|sw        |   in|    8|       ap_none|            sw|        scalar|
|led       |  out|    8|       ap_none|           led|       pointer|
+----------+-----+-----+--------------+--------------+--------------+

