

================================================================
== Synthesis Summary Report of 'alu_led'
================================================================
+ General Information: 
    * Date:           Wed Apr 22 10:18:59 2026
    * Version:        2023.1 (Build 3854077 on May  4 2023)
    * Project:        practice1
    * Solution:       solution1 (Vivado IP Flow Target)
    * Product family: zynq
    * Target device:  xc7z020-clg484-1
    

+ Performance & Resource Estimates: 
    
    PS: '+' for module; 'o' for loop; '*' for dataflow
    +-----------+------+------+---------+--------+----------+---------+------+----------+------+----+----------+-----------+-----+
    |  Modules  | Issue|      | Latency | Latency| Iteration|         | Trip |          |      |    |          |           |     |
    |  & Loops  | Type | Slack| (cycles)|  (ns)  |  Latency | Interval| Count| Pipelined| BRAM | DSP|    FF    |    LUT    | URAM|
    +-----------+------+------+---------+--------+----------+---------+------+----------+------+----+----------+-----------+-----+
    |+ alu_led  |     -|  2.83|        6|  60.000|         -|        7|     -|        no|     -|   -|  69 (~0%)|  147 (~0%)|    -|
    +-----------+------+------+---------+--------+----------+---------+------+----------+------+----+----------+-----------+-----+


================================================================
== HW Interfaces
================================================================
* Other Ports
+------+---------+-----------+----------+
| Port | Mode    | Direction | Bitwidth |
+------+---------+-----------+----------+
| led  | ap_none | out       | 8        |
| sw   | ap_none | in        | 8        |
+------+---------+-----------+----------+

* TOP LEVEL CONTROL
+-----------+--------------+--------+
| Interface | Type         | Ports  |
+-----------+--------------+--------+
| ap_clk    | clock        | ap_clk |
| ap_rst    | reset        | ap_rst |
| ap_ctrl   | ap_ctrl_none |        |
+-----------+--------------+--------+


================================================================
== SW I/O Information
================================================================
* Top Function Arguments
+----------+-----------+-------------+
| Argument | Direction | Datatype    |
+----------+-----------+-------------+
| sw       | in        | ap_uint<8>  |
| led      | out       | ap_uint<8>& |
+----------+-----------+-------------+

* SW-to-HW Mapping
+----------+--------------+---------+
| Argument | HW Interface | HW Type |
+----------+--------------+---------+
| sw       | sw           | port    |
| led      | led          | port    |
+----------+--------------+---------+


================================================================
== Bind Op Report
================================================================
+------------------------+-----+--------+----------+-----+--------+---------+
| Name                   | DSP | Pragma | Variable | Op  | Impl   | Latency |
+------------------------+-----+--------+----------+-----+--------+---------+
| + alu_led              | 0   |        |          |     |        |         |
|   mul_3ns_3ns_6_1_1_U2 | -   |        | result_3 | mul | auto   | 0       |
|   result_2_fu_136_p2   | -   |        | result_2 | sub | fabric | 0       |
|   result_fu_152_p2     | -   |        | result   | add | fabric | 0       |
+------------------------+-----+--------+----------+-----+--------+---------+


================================================================
== Bind Storage Report
================================================================
  No bind storage info in design

================================================================
== Pragma Report
================================================================
* Valid Pragma Syntax
+-----------+--------------------------+---------------------------------+
| Type      | Options                  | Location                        |
+-----------+--------------------------+---------------------------------+
| interface | ap_none port=sw          | sw_led.cpp:5 in alu_led, sw     |
| interface | ap_none port=led         | sw_led.cpp:6 in alu_led, led    |
| interface | ap_ctrl_none port=return | sw_led.cpp:7 in alu_led, return |
+-----------+--------------------------+---------------------------------+


