Matrix_mul/mat_mul_pipeline.cpp:14:9: warning: HLS pragma dump _XLX_SEP_ PragmaIsValid=1_XLX_SEP_ PragmaType=interface_XLX_SEP_ PragmaContext=_XLX_SEP_ PragmaFunction=MATMUL_PIPE_STREAM_XLX_SEP_ PragmaOptions=axis port=s_axis_XLX_SEP_ [-Wdump-hls-pragmas]
#pragma HLS INTERFACE axis port=s_axis
        ^
Matrix_mul/mat_mul_pipeline.cpp:15:9: warning: HLS pragma dump _XLX_SEP_ PragmaIsValid=1_XLX_SEP_ PragmaType=interface_XLX_SEP_ PragmaContext=_XLX_SEP_ PragmaFunction=MATMUL_PIPE_STREAM_XLX_SEP_ PragmaOptions=axis port=m_axis_XLX_SEP_ [-Wdump-hls-pragmas]
#pragma HLS INTERFACE axis port=m_axis
        ^
Matrix_mul/mat_mul_pipeline.cpp:16:9: warning: HLS pragma dump _XLX_SEP_ PragmaIsValid=1_XLX_SEP_ PragmaType=interface_XLX_SEP_ PragmaContext=_XLX_SEP_ PragmaFunction=MATMUL_PIPE_STREAM_XLX_SEP_ PragmaOptions=ap_ctrl_none port=return_XLX_SEP_ [-Wdump-hls-pragmas]
#pragma HLS INTERFACE ap_ctrl_none port=return
        ^
Matrix_mul/mat_mul_pipeline.cpp:22:9: warning: HLS pragma dump _XLX_SEP_ PragmaIsValid=1_XLX_SEP_ PragmaType=array_partition_XLX_SEP_ PragmaContext=_XLX_SEP_ PragmaFunction=MATMUL_PIPE_STREAM_XLX_SEP_ PragmaOptions=variable=A complete dim=2_XLX_SEP_ [-Wdump-hls-pragmas]
#pragma HLS ARRAY_PARTITION variable=A complete dim=2
        ^
Matrix_mul/mat_mul_pipeline.cpp:23:9: warning: HLS pragma dump _XLX_SEP_ PragmaIsValid=1_XLX_SEP_ PragmaType=array_partition_XLX_SEP_ PragmaContext=_XLX_SEP_ PragmaFunction=MATMUL_PIPE_STREAM_XLX_SEP_ PragmaOptions=variable=B complete dim=1_XLX_SEP_ [-Wdump-hls-pragmas]
#pragma HLS ARRAY_PARTITION variable=B complete dim=1
        ^
Matrix_mul/mat_mul_pipeline.cpp:28:9: warning: HLS pragma dump _XLX_SEP_ PragmaIsValid=1_XLX_SEP_ PragmaType=pipeline_XLX_SEP_ PragmaContext=_XLX_SEP_ PragmaFunction=MATMUL_PIPE_STREAM_XLX_SEP_ PragmaOptions=II=1_XLX_SEP_ [-Wdump-hls-pragmas]
#pragma HLS PIPELINE II=1
        ^
Matrix_mul/mat_mul_pipeline.cpp:32:9: warning: HLS pragma dump _XLX_SEP_ PragmaIsValid=1_XLX_SEP_ PragmaType=unroll_XLX_SEP_ PragmaContext=_XLX_SEP_ PragmaFunction=MATMUL_PIPE_STREAM_XLX_SEP_ PragmaOptions=_XLX_SEP_ [-Wdump-hls-pragmas]
#pragma HLS UNROLL
        ^
Matrix_mul/mat_mul_pipeline.cpp:40:9: warning: HLS pragma dump _XLX_SEP_ PragmaIsValid=1_XLX_SEP_ PragmaType=pipeline_XLX_SEP_ PragmaContext=_XLX_SEP_ PragmaFunction=MATMUL_PIPE_STREAM_XLX_SEP_ PragmaOptions=II=1_XLX_SEP_ [-Wdump-hls-pragmas]
#pragma HLS PIPELINE II=1
        ^
Matrix_mul/mat_mul_pipeline.cpp:44:9: warning: HLS pragma dump _XLX_SEP_ PragmaIsValid=1_XLX_SEP_ PragmaType=unroll_XLX_SEP_ PragmaContext=_XLX_SEP_ PragmaFunction=MATMUL_PIPE_STREAM_XLX_SEP_ PragmaOptions=_XLX_SEP_ [-Wdump-hls-pragmas]
#pragma HLS UNROLL
        ^
Matrix_mul/mat_mul_pipeline.cpp:55:9: warning: HLS pragma dump _XLX_SEP_ PragmaIsValid=1_XLX_SEP_ PragmaType=pipeline_XLX_SEP_ PragmaContext=_XLX_SEP_ PragmaFunction=MATMUL_PIPE_STREAM_XLX_SEP_ PragmaOptions=II=1_XLX_SEP_ [-Wdump-hls-pragmas]
#pragma HLS PIPELINE II=1
        ^
Matrix_mul/mat_mul_pipeline.cpp:71:9: warning: HLS pragma dump _XLX_SEP_ PragmaIsValid=1_XLX_SEP_ PragmaType=pipeline_XLX_SEP_ PragmaContext=_XLX_SEP_ PragmaFunction=MATMUL_PIPE_STREAM_XLX_SEP_ PragmaOptions=II=1_XLX_SEP_ [-Wdump-hls-pragmas]
#pragma HLS PIPELINE II=1
        ^
Matrix_mul/mat_mul_pipeline.cpp:76:9: warning: HLS pragma dump _XLX_SEP_ PragmaIsValid=1_XLX_SEP_ PragmaType=unroll_XLX_SEP_ PragmaContext=_XLX_SEP_ PragmaFunction=MATMUL_PIPE_STREAM_XLX_SEP_ PragmaOptions=_XLX_SEP_ [-Wdump-hls-pragmas]
#pragma HLS UNROLL
        ^
12 warnings generated.
