

================================================================
== Vitis HLS Report for 'MATMUL_Pipeline_load_A'
================================================================
* Date:           Wed Mar  4 23:06:52 2026

* Version:        2023.1 (Build 3854077 on May  4 2023)
* Project:        Matrix_mul
* Solution:       solution1 (Vivado IP Flow Target)
* Product family: zynq
* Target device:  xc7z020-clg484-1


================================================================
== Performance Estimates
================================================================
+ Timing: 
    * Summary: 
    +--------+----------+----------+------------+
    |  Clock |  Target  | Estimated| Uncertainty|
    +--------+----------+----------+------------+
    |ap_clk  |  10.00 ns|  4.102 ns|     2.70 ns|
    +--------+----------+----------+------------+

+ Latency: 
    * Summary: 
    +---------+---------+----------+----------+-----+-----+---------+
    |  Latency (cycles) |  Latency (absolute) |  Interval | Pipeline|
    |   min   |   max   |    min   |    max   | min | max |   Type  |
    +---------+---------+----------+----------+-----+-----+---------+
    |       18|       18|  0.180 us|  0.180 us|   18|   18|       no|
    +---------+---------+----------+----------+-----+-----+---------+

    + Detail: 
        * Instance: 
        N/A

        * Loop: 
        +----------+---------+---------+----------+-----------+-----------+------+----------+
        |          |  Latency (cycles) | Iteration|  Initiation Interval  | Trip |          |
        | Loop Name|   min   |   max   |  Latency |  achieved |   target  | Count| Pipelined|
        +----------+---------+---------+----------+-----------+-----------+------+----------+
        |- load_A  |       16|       16|         1|          1|          1|    16|       yes|
        +----------+---------+---------+----------+-----------+-----------+------+----------+

============================================================
+ Verbose Summary: Synthesis Manager
============================================================
InlineROM: 1
ExposeGlobal: 0
============================================================
+ Verbose Summary: CDFG Model
============================================================
IsTopModel: 0
ResetActiveHigh: 1
IsCombinational: 0
IsDatapathOnly: 0
HasWiredReturn: 1
HasMFsm: 2
HasVarLatency: 1
IsPipeline: 0
IsRtlPipelined: 0
IsInstanceOverlapped: 0
IsDontTouch: 0
HasImplIP: 0
IsGatedGlobalClock: 0

+ Individual pipeline summary: 
  * Pipeline-0: initiation interval (II) = 1, depth = 1


============================================================
+ Verbose Summary: Schedule
============================================================
* Number of FSM states : 1
* Pipeline : 1
  Pipeline-0 : II = 1, D = 1, States = { 1 }
* Dataflow Pipeline: 0

* FSM state transitions: 
1 --> 

* FSM state operations: 

State 1 <SV = 0> <Delay = 4.10>
ST_1 : Operation 4 [1/1] (0.00ns)   --->   "%i = alloca i32 1"   --->   Operation 4 'alloca' 'i' <Predicate = true> <Delay = 0.00>
ST_1 : Operation 5 [1/1] (0.00ns)   --->   "%specaxissidechannel_ln0 = specaxissidechannel void @_ssdm_op_SpecAXISSideChannel, i512 %s_axis_V_data_V, i64 %s_axis_V_keep_V, i64 %s_axis_V_strb_V, i1 0, i1 %s_axis_V_last_V, i1 0, i1 0, void @empty_3"   --->   Operation 5 'specaxissidechannel' 'specaxissidechannel_ln0' <Predicate = true> <Delay = 0.00>
ST_1 : Operation 6 [1/1] (0.00ns)   --->   "%specinterface_ln0 = specinterface void @_ssdm_op_SpecInterface, i1 %s_axis_V_last_V, void @empty, i32 0, i32 0, void @empty_0, i32 0, i32 0, void @empty_1, void @empty_1, void @empty_1, i32 0, i32 0, i32 0, i32 0, void @empty_1, void @empty_1, i32 4294967295, i32 0"   --->   Operation 6 'specinterface' 'specinterface_ln0' <Predicate = true> <Delay = 0.00>
ST_1 : Operation 7 [1/1] (0.00ns)   --->   "%specinterface_ln0 = specinterface void @_ssdm_op_SpecInterface, i64 %s_axis_V_strb_V, void @empty, i32 0, i32 0, void @empty_0, i32 0, i32 0, void @empty_1, void @empty_1, void @empty_1, i32 0, i32 0, i32 0, i32 0, void @empty_1, void @empty_1, i32 4294967295, i32 0"   --->   Operation 7 'specinterface' 'specinterface_ln0' <Predicate = true> <Delay = 0.00>
ST_1 : Operation 8 [1/1] (0.00ns)   --->   "%specinterface_ln0 = specinterface void @_ssdm_op_SpecInterface, i64 %s_axis_V_keep_V, void @empty, i32 0, i32 0, void @empty_0, i32 0, i32 0, void @empty_1, void @empty_1, void @empty_1, i32 0, i32 0, i32 0, i32 0, void @empty_1, void @empty_1, i32 4294967295, i32 0"   --->   Operation 8 'specinterface' 'specinterface_ln0' <Predicate = true> <Delay = 0.00>
ST_1 : Operation 9 [1/1] (0.00ns)   --->   "%specinterface_ln0 = specinterface void @_ssdm_op_SpecInterface, i512 %s_axis_V_data_V, void @empty, i32 0, i32 0, void @empty_0, i32 0, i32 0, void @empty_1, void @empty_1, void @empty_1, i32 0, i32 0, i32 0, i32 0, void @empty_1, void @empty_1, i32 4294967295, i32 0"   --->   Operation 9 'specinterface' 'specinterface_ln0' <Predicate = true> <Delay = 0.00>
ST_1 : Operation 10 [1/1] (1.58ns)   --->   "%store_ln0 = store i5 0, i5 %i"   --->   Operation 10 'store' 'store_ln0' <Predicate = true> <Delay = 1.58>
ST_1 : Operation 11 [1/1] (0.00ns)   --->   "%br_ln0 = br void %for.inc"   --->   Operation 11 'br' 'br_ln0' <Predicate = true> <Delay = 0.00>
ST_1 : Operation 12 [1/1] (0.00ns)   --->   "%i_3 = load i5 %i" [Matrix_mul/mat_mul.cpp:26]   --->   Operation 12 'load' 'i_3' <Predicate = true> <Delay = 0.00>
ST_1 : Operation 13 [1/1] (1.78ns)   --->   "%icmp_ln26 = icmp_eq  i5 %i_3, i5 16" [Matrix_mul/mat_mul.cpp:26]   --->   Operation 13 'icmp' 'icmp_ln26' <Predicate = true> <Delay = 1.78> <CoreInst = "Cmp">   --->   Core 9 'Cmp' <Latency = 0> <II = 1> <Delay = 1.78> <FuncUnit> <Opcode : 'icmp'> <InPorts = 2> <OutPorts = 1>
ST_1 : Operation 14 [1/1] (1.78ns)   --->   "%add_ln26 = add i5 %i_3, i5 1" [Matrix_mul/mat_mul.cpp:26]   --->   Operation 14 'add' 'add_ln26' <Predicate = true> <Delay = 1.78> <CoreInst = "Adder">   --->   Core 1 'Adder' <Latency = 0> <II = 1> <Delay = 1.78> <FuncUnit> <Opcode : 'add' 'sub'> <InPorts = 2> <OutPorts = 1>
ST_1 : Operation 15 [1/1] (0.00ns)   --->   "%br_ln26 = br i1 %icmp_ln26, void %for.inc.split, void %for.inc33.preheader.exitStub" [Matrix_mul/mat_mul.cpp:26]   --->   Operation 15 'br' 'br_ln26' <Predicate = true> <Delay = 0.00>
ST_1 : Operation 16 [1/1] (0.00ns)   --->   "%zext_ln26 = zext i5 %i_3" [Matrix_mul/mat_mul.cpp:26]   --->   Operation 16 'zext' 'zext_ln26' <Predicate = (!icmp_ln26)> <Delay = 0.00>
ST_1 : Operation 17 [1/1] (0.00ns)   --->   "%specpipeline_ln27 = specpipeline void @_ssdm_op_SpecPipeline, i32 1, i32 0, i32 0, i32 0, void @empty_1" [Matrix_mul/mat_mul.cpp:27]   --->   Operation 17 'specpipeline' 'specpipeline_ln27' <Predicate = (!icmp_ln26)> <Delay = 0.00>
ST_1 : Operation 18 [1/1] (0.00ns)   --->   "%speclooptripcount_ln28 = speclooptripcount void @_ssdm_op_SpecLoopTripCount, i64 16, i64 16, i64 16" [Matrix_mul/mat_mul.cpp:28]   --->   Operation 18 'speclooptripcount' 'speclooptripcount_ln28' <Predicate = (!icmp_ln26)> <Delay = 0.00>
ST_1 : Operation 19 [1/1] (0.00ns)   --->   "%specloopname_ln26 = specloopname void @_ssdm_op_SpecLoopName, void @empty_9" [Matrix_mul/mat_mul.cpp:26]   --->   Operation 19 'specloopname' 'specloopname_ln26' <Predicate = (!icmp_ln26)> <Delay = 0.00>
ST_1 : Operation 20 [1/1] (0.00ns)   --->   "%empty = read i641 @_ssdm_op_Read.axis.volatile.i512P0A.i64P0A.i64P0A.i1P0A, i512 %s_axis_V_data_V, i64 %s_axis_V_keep_V, i64 %s_axis_V_strb_V, i1 %s_axis_V_last_V" [Matrix_mul/mat_mul.cpp:28]   --->   Operation 20 'read' 'empty' <Predicate = (!icmp_ln26)> <Delay = 0.00> <CoreInst = "axis">   --->   Core 115 'axis' <Latency = 0> <II = 1> <Delay = 1.00> <Adapter> <Opcode : >
ST_1 : Operation 21 [1/1] (0.00ns)   --->   "%pkt_data_V = extractvalue i641 %empty" [Matrix_mul/mat_mul.cpp:28]   --->   Operation 21 'extractvalue' 'pkt_data_V' <Predicate = (!icmp_ln26)> <Delay = 0.00>
ST_1 : Operation 22 [1/1] (0.00ns)   --->   "%trunc_ln32 = trunc i512 %pkt_data_V" [Matrix_mul/mat_mul.cpp:32]   --->   Operation 22 'trunc' 'trunc_ln32' <Predicate = (!icmp_ln26)> <Delay = 0.00>
ST_1 : Operation 23 [1/1] (0.00ns)   --->   "%A_addr = getelementptr i32 %A, i64 0, i64 %zext_ln26" [Matrix_mul/mat_mul.cpp:32]   --->   Operation 23 'getelementptr' 'A_addr' <Predicate = (!icmp_ln26)> <Delay = 0.00>
ST_1 : Operation 24 [1/1] (0.00ns)   --->   "%tmp_15 = partselect i32 @_ssdm_op_PartSelect.i32.i512.i32.i32, i512 %pkt_data_V, i32 32, i32 63" [Matrix_mul/mat_mul.cpp:32]   --->   Operation 24 'partselect' 'tmp_15' <Predicate = (!icmp_ln26)> <Delay = 0.00>
ST_1 : Operation 25 [1/1] (0.00ns)   --->   "%A_1_addr = getelementptr i32 %A_1, i64 0, i64 %zext_ln26" [Matrix_mul/mat_mul.cpp:32]   --->   Operation 25 'getelementptr' 'A_1_addr' <Predicate = (!icmp_ln26)> <Delay = 0.00>
ST_1 : Operation 26 [1/1] (0.00ns)   --->   "%tmp_26 = partselect i32 @_ssdm_op_PartSelect.i32.i512.i32.i32, i512 %pkt_data_V, i32 64, i32 95" [Matrix_mul/mat_mul.cpp:32]   --->   Operation 26 'partselect' 'tmp_26' <Predicate = (!icmp_ln26)> <Delay = 0.00>
ST_1 : Operation 27 [1/1] (0.00ns)   --->   "%A_2_addr = getelementptr i32 %A_2, i64 0, i64 %zext_ln26" [Matrix_mul/mat_mul.cpp:32]   --->   Operation 27 'getelementptr' 'A_2_addr' <Predicate = (!icmp_ln26)> <Delay = 0.00>
ST_1 : Operation 28 [1/1] (0.00ns)   --->   "%tmp_s = partselect i32 @_ssdm_op_PartSelect.i32.i512.i32.i32, i512 %pkt_data_V, i32 96, i32 127" [Matrix_mul/mat_mul.cpp:32]   --->   Operation 28 'partselect' 'tmp_s' <Predicate = (!icmp_ln26)> <Delay = 0.00>
ST_1 : Operation 29 [1/1] (0.00ns)   --->   "%A_3_addr = getelementptr i32 %A_3, i64 0, i64 %zext_ln26" [Matrix_mul/mat_mul.cpp:32]   --->   Operation 29 'getelementptr' 'A_3_addr' <Predicate = (!icmp_ln26)> <Delay = 0.00>
ST_1 : Operation 30 [1/1] (0.00ns)   --->   "%tmp_30 = partselect i32 @_ssdm_op_PartSelect.i32.i512.i32.i32, i512 %pkt_data_V, i32 128, i32 159" [Matrix_mul/mat_mul.cpp:32]   --->   Operation 30 'partselect' 'tmp_30' <Predicate = (!icmp_ln26)> <Delay = 0.00>
ST_1 : Operation 31 [1/1] (0.00ns)   --->   "%A_4_addr = getelementptr i32 %A_4, i64 0, i64 %zext_ln26" [Matrix_mul/mat_mul.cpp:32]   --->   Operation 31 'getelementptr' 'A_4_addr' <Predicate = (!icmp_ln26)> <Delay = 0.00>
ST_1 : Operation 32 [1/1] (0.00ns)   --->   "%tmp_31 = partselect i32 @_ssdm_op_PartSelect.i32.i512.i32.i32, i512 %pkt_data_V, i32 160, i32 191" [Matrix_mul/mat_mul.cpp:32]   --->   Operation 32 'partselect' 'tmp_31' <Predicate = (!icmp_ln26)> <Delay = 0.00>
ST_1 : Operation 33 [1/1] (0.00ns)   --->   "%A_5_addr = getelementptr i32 %A_5, i64 0, i64 %zext_ln26" [Matrix_mul/mat_mul.cpp:32]   --->   Operation 33 'getelementptr' 'A_5_addr' <Predicate = (!icmp_ln26)> <Delay = 0.00>
ST_1 : Operation 34 [1/1] (0.00ns)   --->   "%tmp_32 = partselect i32 @_ssdm_op_PartSelect.i32.i512.i32.i32, i512 %pkt_data_V, i32 192, i32 223" [Matrix_mul/mat_mul.cpp:32]   --->   Operation 34 'partselect' 'tmp_32' <Predicate = (!icmp_ln26)> <Delay = 0.00>
ST_1 : Operation 35 [1/1] (0.00ns)   --->   "%A_6_addr = getelementptr i32 %A_6, i64 0, i64 %zext_ln26" [Matrix_mul/mat_mul.cpp:32]   --->   Operation 35 'getelementptr' 'A_6_addr' <Predicate = (!icmp_ln26)> <Delay = 0.00>
ST_1 : Operation 36 [1/1] (0.00ns)   --->   "%tmp_33 = partselect i32 @_ssdm_op_PartSelect.i32.i512.i32.i32, i512 %pkt_data_V, i32 224, i32 255" [Matrix_mul/mat_mul.cpp:32]   --->   Operation 36 'partselect' 'tmp_33' <Predicate = (!icmp_ln26)> <Delay = 0.00>
ST_1 : Operation 37 [1/1] (0.00ns)   --->   "%A_7_addr = getelementptr i32 %A_7, i64 0, i64 %zext_ln26" [Matrix_mul/mat_mul.cpp:32]   --->   Operation 37 'getelementptr' 'A_7_addr' <Predicate = (!icmp_ln26)> <Delay = 0.00>
ST_1 : Operation 38 [1/1] (0.00ns)   --->   "%tmp_34 = partselect i32 @_ssdm_op_PartSelect.i32.i512.i32.i32, i512 %pkt_data_V, i32 256, i32 287" [Matrix_mul/mat_mul.cpp:32]   --->   Operation 38 'partselect' 'tmp_34' <Predicate = (!icmp_ln26)> <Delay = 0.00>
ST_1 : Operation 39 [1/1] (0.00ns)   --->   "%A_8_addr = getelementptr i32 %A_8, i64 0, i64 %zext_ln26" [Matrix_mul/mat_mul.cpp:32]   --->   Operation 39 'getelementptr' 'A_8_addr' <Predicate = (!icmp_ln26)> <Delay = 0.00>
ST_1 : Operation 40 [1/1] (0.00ns)   --->   "%tmp_35 = partselect i32 @_ssdm_op_PartSelect.i32.i512.i32.i32, i512 %pkt_data_V, i32 288, i32 319" [Matrix_mul/mat_mul.cpp:32]   --->   Operation 40 'partselect' 'tmp_35' <Predicate = (!icmp_ln26)> <Delay = 0.00>
ST_1 : Operation 41 [1/1] (0.00ns)   --->   "%A_9_addr = getelementptr i32 %A_9, i64 0, i64 %zext_ln26" [Matrix_mul/mat_mul.cpp:32]   --->   Operation 41 'getelementptr' 'A_9_addr' <Predicate = (!icmp_ln26)> <Delay = 0.00>
ST_1 : Operation 42 [1/1] (0.00ns)   --->   "%tmp_16 = partselect i32 @_ssdm_op_PartSelect.i32.i512.i32.i32, i512 %pkt_data_V, i32 320, i32 351" [Matrix_mul/mat_mul.cpp:32]   --->   Operation 42 'partselect' 'tmp_16' <Predicate = (!icmp_ln26)> <Delay = 0.00>
ST_1 : Operation 43 [1/1] (0.00ns)   --->   "%A_10_addr = getelementptr i32 %A_10, i64 0, i64 %zext_ln26" [Matrix_mul/mat_mul.cpp:32]   --->   Operation 43 'getelementptr' 'A_10_addr' <Predicate = (!icmp_ln26)> <Delay = 0.00>
ST_1 : Operation 44 [1/1] (0.00ns)   --->   "%tmp_36 = partselect i32 @_ssdm_op_PartSelect.i32.i512.i32.i32, i512 %pkt_data_V, i32 352, i32 383" [Matrix_mul/mat_mul.cpp:32]   --->   Operation 44 'partselect' 'tmp_36' <Predicate = (!icmp_ln26)> <Delay = 0.00>
ST_1 : Operation 45 [1/1] (0.00ns)   --->   "%A_11_addr = getelementptr i32 %A_11, i64 0, i64 %zext_ln26" [Matrix_mul/mat_mul.cpp:32]   --->   Operation 45 'getelementptr' 'A_11_addr' <Predicate = (!icmp_ln26)> <Delay = 0.00>
ST_1 : Operation 46 [1/1] (0.00ns)   --->   "%tmp_37 = partselect i32 @_ssdm_op_PartSelect.i32.i512.i32.i32, i512 %pkt_data_V, i32 384, i32 415" [Matrix_mul/mat_mul.cpp:32]   --->   Operation 46 'partselect' 'tmp_37' <Predicate = (!icmp_ln26)> <Delay = 0.00>
ST_1 : Operation 47 [1/1] (0.00ns)   --->   "%A_12_addr = getelementptr i32 %A_12, i64 0, i64 %zext_ln26" [Matrix_mul/mat_mul.cpp:32]   --->   Operation 47 'getelementptr' 'A_12_addr' <Predicate = (!icmp_ln26)> <Delay = 0.00>
ST_1 : Operation 48 [1/1] (0.00ns)   --->   "%tmp_38 = partselect i32 @_ssdm_op_PartSelect.i32.i512.i32.i32, i512 %pkt_data_V, i32 416, i32 447" [Matrix_mul/mat_mul.cpp:32]   --->   Operation 48 'partselect' 'tmp_38' <Predicate = (!icmp_ln26)> <Delay = 0.00>
ST_1 : Operation 49 [1/1] (0.00ns)   --->   "%A_13_addr = getelementptr i32 %A_13, i64 0, i64 %zext_ln26" [Matrix_mul/mat_mul.cpp:32]   --->   Operation 49 'getelementptr' 'A_13_addr' <Predicate = (!icmp_ln26)> <Delay = 0.00>
ST_1 : Operation 50 [1/1] (0.00ns)   --->   "%tmp_39 = partselect i32 @_ssdm_op_PartSelect.i32.i512.i32.i32, i512 %pkt_data_V, i32 448, i32 479" [Matrix_mul/mat_mul.cpp:32]   --->   Operation 50 'partselect' 'tmp_39' <Predicate = (!icmp_ln26)> <Delay = 0.00>
ST_1 : Operation 51 [1/1] (0.00ns)   --->   "%A_14_addr = getelementptr i32 %A_14, i64 0, i64 %zext_ln26" [Matrix_mul/mat_mul.cpp:32]   --->   Operation 51 'getelementptr' 'A_14_addr' <Predicate = (!icmp_ln26)> <Delay = 0.00>
ST_1 : Operation 52 [1/1] (0.00ns)   --->   "%tmp_40 = partselect i32 @_ssdm_op_PartSelect.i32.i512.i32.i32, i512 %pkt_data_V, i32 480, i32 511" [Matrix_mul/mat_mul.cpp:32]   --->   Operation 52 'partselect' 'tmp_40' <Predicate = (!icmp_ln26)> <Delay = 0.00>
ST_1 : Operation 53 [1/1] (0.00ns)   --->   "%A_15_addr = getelementptr i32 %A_15, i64 0, i64 %zext_ln26" [Matrix_mul/mat_mul.cpp:32]   --->   Operation 53 'getelementptr' 'A_15_addr' <Predicate = (!icmp_ln26)> <Delay = 0.00>
ST_1 : Operation 54 [1/1] (2.32ns)   --->   "%store_ln32 = store i32 %trunc_ln32, i4 %A_addr" [Matrix_mul/mat_mul.cpp:32]   --->   Operation 54 'store' 'store_ln32' <Predicate = (!icmp_ln26)> <Delay = 2.32> <CoreInst = "RAM">   --->   Core 82 'RAM' <Latency = 1> <II = 1> <Delay = 2.32> <Storage> <Opcode : 'load' 'store'> <Ports = 2> <Width = 32> <Depth = 16> <RAM>
ST_1 : Operation 55 [1/1] (2.32ns)   --->   "%store_ln32 = store i32 %tmp_15, i4 %A_1_addr" [Matrix_mul/mat_mul.cpp:32]   --->   Operation 55 'store' 'store_ln32' <Predicate = (!icmp_ln26)> <Delay = 2.32> <CoreInst = "RAM">   --->   Core 82 'RAM' <Latency = 1> <II = 1> <Delay = 2.32> <Storage> <Opcode : 'load' 'store'> <Ports = 2> <Width = 32> <Depth = 16> <RAM>
ST_1 : Operation 56 [1/1] (2.32ns)   --->   "%store_ln32 = store i32 %tmp_26, i4 %A_2_addr" [Matrix_mul/mat_mul.cpp:32]   --->   Operation 56 'store' 'store_ln32' <Predicate = (!icmp_ln26)> <Delay = 2.32> <CoreInst = "RAM">   --->   Core 82 'RAM' <Latency = 1> <II = 1> <Delay = 2.32> <Storage> <Opcode : 'load' 'store'> <Ports = 2> <Width = 32> <Depth = 16> <RAM>
ST_1 : Operation 57 [1/1] (2.32ns)   --->   "%store_ln32 = store i32 %tmp_s, i4 %A_3_addr" [Matrix_mul/mat_mul.cpp:32]   --->   Operation 57 'store' 'store_ln32' <Predicate = (!icmp_ln26)> <Delay = 2.32> <CoreInst = "RAM">   --->   Core 82 'RAM' <Latency = 1> <II = 1> <Delay = 2.32> <Storage> <Opcode : 'load' 'store'> <Ports = 2> <Width = 32> <Depth = 16> <RAM>
ST_1 : Operation 58 [1/1] (2.32ns)   --->   "%store_ln32 = store i32 %tmp_30, i4 %A_4_addr" [Matrix_mul/mat_mul.cpp:32]   --->   Operation 58 'store' 'store_ln32' <Predicate = (!icmp_ln26)> <Delay = 2.32> <CoreInst = "RAM">   --->   Core 82 'RAM' <Latency = 1> <II = 1> <Delay = 2.32> <Storage> <Opcode : 'load' 'store'> <Ports = 2> <Width = 32> <Depth = 16> <RAM>
ST_1 : Operation 59 [1/1] (2.32ns)   --->   "%store_ln32 = store i32 %tmp_31, i4 %A_5_addr" [Matrix_mul/mat_mul.cpp:32]   --->   Operation 59 'store' 'store_ln32' <Predicate = (!icmp_ln26)> <Delay = 2.32> <CoreInst = "RAM">   --->   Core 82 'RAM' <Latency = 1> <II = 1> <Delay = 2.32> <Storage> <Opcode : 'load' 'store'> <Ports = 2> <Width = 32> <Depth = 16> <RAM>
ST_1 : Operation 60 [1/1] (2.32ns)   --->   "%store_ln32 = store i32 %tmp_32, i4 %A_6_addr" [Matrix_mul/mat_mul.cpp:32]   --->   Operation 60 'store' 'store_ln32' <Predicate = (!icmp_ln26)> <Delay = 2.32> <CoreInst = "RAM">   --->   Core 82 'RAM' <Latency = 1> <II = 1> <Delay = 2.32> <Storage> <Opcode : 'load' 'store'> <Ports = 2> <Width = 32> <Depth = 16> <RAM>
ST_1 : Operation 61 [1/1] (2.32ns)   --->   "%store_ln32 = store i32 %tmp_33, i4 %A_7_addr" [Matrix_mul/mat_mul.cpp:32]   --->   Operation 61 'store' 'store_ln32' <Predicate = (!icmp_ln26)> <Delay = 2.32> <CoreInst = "RAM">   --->   Core 82 'RAM' <Latency = 1> <II = 1> <Delay = 2.32> <Storage> <Opcode : 'load' 'store'> <Ports = 2> <Width = 32> <Depth = 16> <RAM>
ST_1 : Operation 62 [1/1] (2.32ns)   --->   "%store_ln32 = store i32 %tmp_34, i4 %A_8_addr" [Matrix_mul/mat_mul.cpp:32]   --->   Operation 62 'store' 'store_ln32' <Predicate = (!icmp_ln26)> <Delay = 2.32> <CoreInst = "RAM">   --->   Core 82 'RAM' <Latency = 1> <II = 1> <Delay = 2.32> <Storage> <Opcode : 'load' 'store'> <Ports = 2> <Width = 32> <Depth = 16> <RAM>
ST_1 : Operation 63 [1/1] (2.32ns)   --->   "%store_ln32 = store i32 %tmp_35, i4 %A_9_addr" [Matrix_mul/mat_mul.cpp:32]   --->   Operation 63 'store' 'store_ln32' <Predicate = (!icmp_ln26)> <Delay = 2.32> <CoreInst = "RAM">   --->   Core 82 'RAM' <Latency = 1> <II = 1> <Delay = 2.32> <Storage> <Opcode : 'load' 'store'> <Ports = 2> <Width = 32> <Depth = 16> <RAM>
ST_1 : Operation 64 [1/1] (2.32ns)   --->   "%store_ln32 = store i32 %tmp_16, i4 %A_10_addr" [Matrix_mul/mat_mul.cpp:32]   --->   Operation 64 'store' 'store_ln32' <Predicate = (!icmp_ln26)> <Delay = 2.32> <CoreInst = "RAM">   --->   Core 82 'RAM' <Latency = 1> <II = 1> <Delay = 2.32> <Storage> <Opcode : 'load' 'store'> <Ports = 2> <Width = 32> <Depth = 16> <RAM>
ST_1 : Operation 65 [1/1] (2.32ns)   --->   "%store_ln32 = store i32 %tmp_36, i4 %A_11_addr" [Matrix_mul/mat_mul.cpp:32]   --->   Operation 65 'store' 'store_ln32' <Predicate = (!icmp_ln26)> <Delay = 2.32> <CoreInst = "RAM">   --->   Core 82 'RAM' <Latency = 1> <II = 1> <Delay = 2.32> <Storage> <Opcode : 'load' 'store'> <Ports = 2> <Width = 32> <Depth = 16> <RAM>
ST_1 : Operation 66 [1/1] (2.32ns)   --->   "%store_ln32 = store i32 %tmp_37, i4 %A_12_addr" [Matrix_mul/mat_mul.cpp:32]   --->   Operation 66 'store' 'store_ln32' <Predicate = (!icmp_ln26)> <Delay = 2.32> <CoreInst = "RAM">   --->   Core 82 'RAM' <Latency = 1> <II = 1> <Delay = 2.32> <Storage> <Opcode : 'load' 'store'> <Ports = 2> <Width = 32> <Depth = 16> <RAM>
ST_1 : Operation 67 [1/1] (2.32ns)   --->   "%store_ln32 = store i32 %tmp_38, i4 %A_13_addr" [Matrix_mul/mat_mul.cpp:32]   --->   Operation 67 'store' 'store_ln32' <Predicate = (!icmp_ln26)> <Delay = 2.32> <CoreInst = "RAM">   --->   Core 82 'RAM' <Latency = 1> <II = 1> <Delay = 2.32> <Storage> <Opcode : 'load' 'store'> <Ports = 2> <Width = 32> <Depth = 16> <RAM>
ST_1 : Operation 68 [1/1] (2.32ns)   --->   "%store_ln32 = store i32 %tmp_39, i4 %A_14_addr" [Matrix_mul/mat_mul.cpp:32]   --->   Operation 68 'store' 'store_ln32' <Predicate = (!icmp_ln26)> <Delay = 2.32> <CoreInst = "RAM">   --->   Core 82 'RAM' <Latency = 1> <II = 1> <Delay = 2.32> <Storage> <Opcode : 'load' 'store'> <Ports = 2> <Width = 32> <Depth = 16> <RAM>
ST_1 : Operation 69 [1/1] (2.32ns)   --->   "%store_ln32 = store i32 %tmp_40, i4 %A_15_addr" [Matrix_mul/mat_mul.cpp:32]   --->   Operation 69 'store' 'store_ln32' <Predicate = (!icmp_ln26)> <Delay = 2.32> <CoreInst = "RAM">   --->   Core 82 'RAM' <Latency = 1> <II = 1> <Delay = 2.32> <Storage> <Opcode : 'load' 'store'> <Ports = 2> <Width = 32> <Depth = 16> <RAM>
ST_1 : Operation 70 [1/1] (1.58ns)   --->   "%store_ln26 = store i5 %add_ln26, i5 %i" [Matrix_mul/mat_mul.cpp:26]   --->   Operation 70 'store' 'store_ln26' <Predicate = (!icmp_ln26)> <Delay = 1.58>
ST_1 : Operation 71 [1/1] (0.00ns)   --->   "%br_ln26 = br void %for.inc" [Matrix_mul/mat_mul.cpp:26]   --->   Operation 71 'br' 'br_ln26' <Predicate = (!icmp_ln26)> <Delay = 0.00>
ST_1 : Operation 72 [1/1] (0.00ns)   --->   "%ret_ln0 = ret"   --->   Operation 72 'ret' 'ret_ln0' <Predicate = (icmp_ln26)> <Delay = 0.00>


============================================================
+ Verbose Summary: Timing violations
============================================================
Target clock period: 10.000ns, clock uncertainty: 2.700ns.

 <State 1>: 4.102ns
The critical path consists of the following:
	'alloca' operation ('i') [21]  (0.000 ns)
	'load' operation ('i', Matrix_mul/mat_mul.cpp:26) on local variable 'i' [30]  (0.000 ns)
	'add' operation ('add_ln26', Matrix_mul/mat_mul.cpp:26) [32]  (1.780 ns)
	'store' operation ('store_ln26', Matrix_mul/mat_mul.cpp:26) of variable 'add_ln26', Matrix_mul/mat_mul.cpp:26 on local variable 'i' [89]  (1.588 ns)
	blocking operation 0.734 ns on control path)


============================================================
+ Verbose Summary: Binding
============================================================
N/A
* FSMD analyzer results:
  - Output states:
 - Input state : 
  - Chain level:
	State 1


============================================================
+ Verbose Summary: Datapath Resource usage 
============================================================
N/A
