

================================================================
== Vitis HLS Report for 'MATMUL_Pipeline_load_A'
================================================================
* Date:           Wed Mar  4 23:06:52 2026

* Version:        2023.1 (Build 3854077 on May  4 2023)
* Project:        Matrix_mul
* Solution:       solution1 (Vivado IP Flow Target)
* Product family: zynq
* Target device:  xc7z020-clg484-1


================================================================
== Performance Estimates
================================================================
+ Timing: 
    * Summary: 
    +--------+----------+----------+------------+
    |  Clock |  Target  | Estimated| Uncertainty|
    +--------+----------+----------+------------+
    |ap_clk  |  10.00 ns|  4.102 ns|     2.70 ns|
    +--------+----------+----------+------------+

+ Latency: 
    * Summary: 
    +---------+---------+----------+----------+-----+-----+---------+
    |  Latency (cycles) |  Latency (absolute) |  Interval | Pipeline|
    |   min   |   max   |    min   |    max   | min | max |   Type  |
    +---------+---------+----------+----------+-----+-----+---------+
    |       18|       18|  0.180 us|  0.180 us|   18|   18|       no|
    +---------+---------+----------+----------+-----+-----+---------+

    + Detail: 
        * Instance: 
        N/A

        * Loop: 
        +----------+---------+---------+----------+-----------+-----------+------+----------+
        |          |  Latency (cycles) | Iteration|  Initiation Interval  | Trip |          |
        | Loop Name|   min   |   max   |  Latency |  achieved |   target  | Count| Pipelined|
        +----------+---------+---------+----------+-----------+-----------+------+----------+
        |- load_A  |       16|       16|         1|          1|          1|    16|       yes|
        +----------+---------+---------+----------+-----------+-----------+------+----------+

============================================================
+ Verbose Summary: Synthesis Manager
============================================================
InlineROM: 1
ExposeGlobal: 0
============================================================
+ Verbose Summary: CDFG Model
============================================================
IsTopModel: 0
ResetActiveHigh: 1
IsCombinational: 0
IsDatapathOnly: 0
HasWiredReturn: 1
HasMFsm: 2
HasVarLatency: 1
IsPipeline: 0
IsRtlPipelined: 0
IsInstanceOverlapped: 0
IsDontTouch: 0
HasImplIP: 0
IsGatedGlobalClock: 0

+ Individual pipeline summary: 
  * Pipeline-0: initiation interval (II) = 1, depth = 1


============================================================
+ Verbose Summary: Schedule
============================================================
* Number of FSM states : 1
* Pipeline : 1
  Pipeline-0 : II = 1, D = 1, States = { 1 }
* Dataflow Pipeline: 0

* FSM state transitions: 
1 --> 

* FSM state operations: 

State 1 <SV = 0> <Delay = 4.10>
ST_1 : Operation 4 [1/1] (0.00ns)   --->   "%i = alloca i32 1"   --->   Operation 4 'alloca' 'i' <Predicate = true> <Delay = 0.00>
ST_1 : Operation 5 [1/1] (0.00ns)   --->   "%specaxissidechannel_ln0 = specaxissidechannel void @_ssdm_op_SpecAXISSideChannel, i512 %s_axis_V_data_V, i64 %s_axis_V_keep_V, i64 %s_axis_V_strb_V, i1 0, i1 %s_axis_V_last_V, i1 0, i1 0, void @empty_3"   --->   Operation 5 'specaxissidechannel' 'specaxissidechannel_ln0' <Predicate = true> <Delay = 0.00>
ST_1 : Operation 6 [1/1] (0.00ns)   --->   "%specinterface_ln0 = specinterface void @_ssdm_op_SpecInterface, i1 %s_axis_V_last_V, void @empty, i32 0, i32 0, void @empty_0, i32 0, i32 0, void @empty_1, void @empty_1, void @empty_1, i32 0, i32 0, i32 0, i32 0, void @empty_1, void @empty_1, i32 4294967295, i32 0"   --->   Operation 6 'specinterface' 'specinterface_ln0' <Predicate = true> <Delay = 0.00>
ST_1 : Operation 7 [1/1] (0.00ns)   --->   "%specinterface_ln0 = specinterface void @_ssdm_op_SpecInterface, i64 %s_axis_V_strb_V, void @empty, i32 0, i32 0, void @empty_0, i32 0, i32 0, void @empty_1, void @empty_1, void @empty_1, i32 0, i32 0, i32 0, i32 0, void @empty_1, void @empty_1, i32 4294967295, i32 0"   --->   Operation 7 'specinterface' 'specinterface_ln0' <Predicate = true> <Delay = 0.00>
ST_1 : Operation 8 [1/1] (0.00ns)   --->   "%specinterface_ln0 = specinterface void @_ssdm_op_SpecInterface, i64 %s_axis_V_keep_V, void @empty, i32 0, i32 0, void @empty_0, i32 0, i32 0, void @empty_1, void @empty_1, void @empty_1, i32 0, i32 0, i32 0, i32 0, void @empty_1, void @empty_1, i32 4294967295, i32 0"   --->   Operation 8 'specinterface' 'specinterface_ln0' <Predicate = true> <Delay = 0.00>
ST_1 : Operation 9 [1/1] (0.00ns)   --->   "%specinterface_ln0 = specinterface void @_ssdm_op_SpecInterface, i512 %s_axis_V_data_V, void @empty, i32 0, i32 0, void @empty_0, i32 0, i32 0, void @empty_1, void @empty_1, void @empty_1, i32 0, i32 0, i32 0, i32 0, void @empty_1, void @empty_1, i32 4294967295, i32 0"   --->   Operation 9 'specinterface' 'specinterface_ln0' <Predicate = true> <Delay = 0.00>
ST_1 : Operation 10 [1/1] (1.58ns)   --->   "%store_ln0 = store i5 0, i5 %i"   --->   Operation 10 'store' 'store_ln0' <Predicate = true> <Delay = 1.58>
ST_1 : Operation 11 [1/1] (0.00ns)   --->   "%br_ln0 = br void %for.inc"   --->   Operation 11 'br' 'br_ln0' <Predicate = true> <Delay = 0.00>
ST_1 : Operation 12 [1/1] (0.00ns)   --->   "%i_3 = load i5 %i" [Matrix_mul/mat_mul.cpp:26]   --->   Operation 12 'load' 'i_3' <Predicate = true> <Delay = 0.00>
ST_1 : Operation 13 [1/1] (1.78ns)   --->   "%icmp_ln26 = icmp_eq  i5 %i_3, i5 16" [Matrix_mul/mat_mul.cpp:26]   --->   Operation 13 'icmp' 'icmp_ln26' <Predicate = true> <Delay = 1.78> <CoreInst = "Cmp">   --->   Core 9 'Cmp' <Latency = 0> <II = 1> <Delay = 1.78> <FuncUnit> <Opcode : 'icmp'> <InPorts = 2> <OutPorts = 1>
ST_1 : Operation 14 [1/1] (1.78ns)   --->   "%add_ln26 = add i5 %i_3, i5 1" [Matrix_mul/mat_mul.cpp:26]   --->   Operation 14 'add' 'add_ln26' <Predicate = true> <Delay = 1.78> <CoreInst = "Adder">   --->   Core 1 'Adder' <Latency = 0> <II = 1> <Delay = 1.78> <FuncUnit> <Opcode : 'add' 'sub'> <InPorts = 2> <OutPorts = 1>
ST_1 : Operation 15 [1/1] (0.00ns)   --->   "%br_ln26 = br i1 %icmp_ln26, void %for.inc.split, void %for.inc33.preheader.exitStub" [Matrix_mul/mat_mul.cpp:26]   --->   Operation 15 'br' 'br_ln26' <Predicate = true> <Delay = 0.00>
ST_1 : Operation 16 [1/1] (0.00ns)   --->   "%zext_ln26 = zext i5 %i_3" [Matrix_mul/mat_mul.cpp:26]   --->   Operation 16 'zext' 'zext_ln26' <Predicate = (!icmp_ln26)> <Delay = 0.00>
ST_1 : Operation 17 [1/1] (0.00ns)   --->   "%specpipeline_ln27 = specpipeline void @_ssdm_op_SpecPipeline, i32 1, i32 0, i32 0, i32 0, void @empty_1" [Matrix_mul/mat_mul.cpp:27]   --->   Operation 17 'specpipeline' 'specpipeline_ln27' <Predicate = (!icmp_ln26)> <Delay = 0.00>
ST_1 : Operation 18 [1/1] (0.00ns)   --->   "%speclooptripcount_ln28 = speclooptripcount void @_ssdm_op_SpecLoopTripCount, i64 16, i64 16, i64 16" [Matrix_mul/mat_mul.cpp:28]   --->   Operation 18 'speclooptripcount' 'speclooptripcount_ln28' <Predicate = (!icmp_ln26)> <Delay = 0.00>
ST_1 : Operation 19 [1/1] (0.00ns)   --->   "%specloopname_ln26 = specloopname void @_ssdm_op_SpecLoopName, void @empty_9" [Matrix_mul/mat_mul.cpp:26]   --->   Operation 19 'specloopname' 'specloopname_ln26' <Predicate = (!icmp_ln26)> <Delay = 0.00>
ST_1 : Operation 20 [1/1] (0.00ns)   --->   "%empty = read i641 @_ssdm_op_Read.axis.volatile.i512P0A.i64P0A.i64P0A.i1P0A, i512 %s_axis_V_data_V, i64 %s_axis_V_keep_V, i64 %s_axis_V_strb_V, i1 %s_axis_V_last_V" [Matrix_mul/mat_mul.cpp:28]   --->   Operation 20 'read' 'empty' <Predicate = (!icmp_ln26)> <Delay = 0.00> <CoreInst = "axis">   --->   Core 115 'axis' <Latency = 0> <II = 1> <Delay = 1.00> <Adapter> <Opcode : >
ST_1 : Operation 21 [1/1] (0.00ns)   --->   "%pkt_data_V = extractvalue i641 %empty" [Matrix_mul/mat_mul.cpp:28]   --->   Operation 21 'extractvalue' 'pkt_data_V' <Predicate = (!icmp_ln26)> <Delay = 0.00>
ST_1 : Operation 22 [1/1] (0.00ns)   --->   "%trunc_ln32 = trunc i512 %pkt_data_V" [Matrix_mul/mat_mul.cpp:32]   --->   Operation 22 'trunc' 'trunc_ln32' <Predicate = (!icmp_ln26)> <Delay = 0.00>
ST_1 : Operation 23 [1/1] (0.00ns)   --->   "%A_addr = getelementptr i32 %A, i64 0, i64 %zext_ln26" [Matrix_mul/mat_mul.cpp:32]   --->   Operation 23 'getelementptr' 'A_addr' <Predicate = (!icmp_ln26)> <Delay = 0.00>
ST_1 : Operation 24 [1/1] (0.00ns)   --->   "%tmp_15 = partselect i32 @_ssdm_op_PartSelect.i32.i512.i32.i32, i512 %pkt_data_V, i32 32, i32 63" [Matrix_mul/mat_mul.cpp:32]   --->   Operation 24 'partselect' 'tmp_15' <Predicate = (!icmp_ln26)> <Delay = 0.00>
ST_1 : Operation 25 [1/1] (0.00ns)   --->   "%A_1_addr = getelementptr i32 %A_1, i64 0, i64 %zext_ln26" [Matrix_mul/mat_mul.cpp:32]   --->   Operation 25 'getelementptr' 'A_1_addr' <Predicate = (!icmp_ln26)> <Delay = 0.00>
ST_1 : Operation 26 [1/1] (0.00ns)   --->   "%tmp_26 = partselect i32 @_ssdm_op_PartSelect.i32.i512.i32.i32, i512 %pkt_data_V, i32 64, i32 95" [Matrix_mul/mat_mul.cpp:32]   --->   Operation 26 'partselect' 'tmp_26' <Predicate = (!icmp_ln26)> <Delay = 0.00>
ST_1 : Operation 27 [1/1] (0.00ns)   --->   "%A_2_addr = getelementptr i32 %A_2, i64 0, i64 %zext_ln26" [Matrix_mul/mat_mul.cpp:32]   --->   Operation 27 'getelementptr' 'A_2_addr' <Predicate = (!icmp_ln26)> <Delay = 0.00>
ST_1 : Operation 28 [1/1] (0.00ns)   --->   "%tmp_s = partselect i32 @_ssdm_op_PartSelect.i32.i512.i32.i32, i512 %pkt_data_V, i32 96, i32 127" [Matrix_mul/mat_mul.cpp:32]   --->   Operation 28 'partselect' 'tmp_s' <Predicate = (!icmp_ln26)> <Delay = 0.00>
ST_1 : Operation 29 [1/1] (0.00ns)   --->   "%A_3_addr = getelementptr i32 %A_3, i64 0, i64 %zext_ln26" [Matrix_mul/mat_mul.cpp:32]   --->   Operation 29 'getelementptr' 'A_3_addr' <Predicate = (!icmp_ln26)> <Delay = 0.00>
ST_1 : Operation 30 [1/1] (0.00ns)   --->   "%tmp_30 = partselect i32 @_ssdm_op_PartSelect.i32.i512.i32.i32, i512 %pkt_data_V, i32 128, i32 159" [Matrix_mul/mat_mul.cpp:32]   --->   Operation 30 'partselect' 'tmp_30' <Predicate = (!icmp_ln26)> <Delay = 0.00>
ST_1 : Operation 31 [1/1] (0.00ns)   --->   "%A_4_addr = getelementptr i32 %A_4, i64 0, i64 %zext_ln26" [Matrix_mul/mat_mul.cpp:32]   --->   Operation 31 'getelementptr' 'A_4_addr' <Predicate = (!icmp_ln26)> <Delay = 0.00>
ST_1 : Operation 32 [1/1] (0.00ns)   --->   "%tmp_31 = partselect i32 @_ssdm_op_PartSelect.i32.i512.i32.i32, i512 %pkt_data_V, i32 160, i32 191" [Matrix_mul/mat_mul.cpp:32]   --->   Operation 32 'partselect' 'tmp_31' <Predicate = (!icmp_ln26)> <Delay = 0.00>
ST_1 : Operation 33 [1/1] (0.00ns)   --->   "%A_5_addr = getelementptr i32 %A_5, i64 0, i64 %zext_ln26" [Matrix_mul/mat_mul.cpp:32]   --->   Operation 33 'getelementptr' 'A_5_addr' <Predicate = (!icmp_ln26)> <Delay = 0.00>
ST_1 : Operation 34 [1/1] (0.00ns)   --->   "%tmp_32 = partselect i32 @_ssdm_op_PartSelect.i32.i512.i32.i32, i512 %pkt_data_V, i32 192, i32 223" [Matrix_mul/mat_mul.cpp:32]   --->   Operation 34 'partselect' 'tmp_32' <Predicate = (!icmp_ln26)> <Delay = 0.00>
ST_1 : Operation 35 [1/1] (0.00ns)   --->   "%A_6_addr = getelementptr i32 %A_6, i64 0, i64 %zext_ln26" [Matrix_mul/mat_mul.cpp:32]   --->   Operation 35 'getelementptr' 'A_6_addr' <Predicate = (!icmp_ln26)> <Delay = 0.00>
ST_1 : Operation 36 [1/1] (0.00ns)   --->   "%tmp_33 = partselect i32 @_ssdm_op_PartSelect.i32.i512.i32.i32, i512 %pkt_data_V, i32 224, i32 255" [Matrix_mul/mat_mul.cpp:32]   --->   Operation 36 'partselect' 'tmp_33' <Predicate = (!icmp_ln26)> <Delay = 0.00>
ST_1 : Operation 37 [1/1] (0.00ns)   --->   "%A_7_addr = getelementptr i32 %A_7, i64 0, i64 %zext_ln26" [Matrix_mul/mat_mul.cpp:32]   --->   Operation 37 'getelementptr' 'A_7_addr' <Predicate = (!icmp_ln26)> <Delay = 0.00>
ST_1 : Operation 38 [1/1] (0.00ns)   --->   "%tmp_34 = partselect i32 @_ssdm_op_PartSelect.i32.i512.i32.i32, i512 %pkt_data_V, i32 256, i32 287" [Matrix_mul/mat_mul.cpp:32]   --->   Operation 38 'partselect' 'tmp_34' <Predicate = (!icmp_ln26)> <Delay = 0.00>
ST_1 : Operation 39 [1/1] (0.00ns)   --->   "%A_8_addr = getelementptr i32 %A_8, i64 0, i64 %zext_ln26" [Matrix_mul/mat_mul.cpp:32]   --->   Operation 39 'getelementptr' 'A_8_addr' <Predicate = (!icmp_ln26)> <Delay = 0.00>
ST_1 : Operation 40 [1/1] (0.00ns)   --->   "%tmp_35 = partselect i32 @_ssdm_op_PartSelect.i32.i512.i32.i32, i512 %pkt_data_V, i32 288, i32 319" [Matrix_mul/mat_mul.cpp:32]   --->   Operation 40 'partselect' 'tmp_35' <Predicate = (!icmp_ln26)> <Delay = 0.00>
ST_1 : Operation 41 [1/1] (0.00ns)   --->   "%A_9_addr = getelementptr i32 %A_9, i64 0, i64 %zext_ln26" [Matrix_mul/mat_mul.cpp:32]   --->   Operation 41 'getelementptr' 'A_9_addr' <Predicate = (!icmp_ln26)> <Delay = 0.00>
ST_1 : Operation 42 [1/1] (0.00ns)   --->   "%tmp_16 = partselect i32 @_ssdm_op_PartSelect.i32.i512.i32.i32, i512 %pkt_data_V, i32 320, i32 351" [Matrix_mul/mat_mul.cpp:32]   --->   Operation 42 'partselect' 'tmp_16' <Predicate = (!icmp_ln26)> <Delay = 0.00>
ST_1 : Operation 43 [1/1] (0.00ns)   --->   "%A_10_addr = getelementptr i32 %A_10, i64 0, i64 %zext_ln26" [Matrix_mul/mat_mul.cpp:32]   --->   Operation 43 'getelementptr' 'A_10_addr' <Predicate = (!icmp_ln26)> <Delay = 0.00>
ST_1 : Operation 44 [1/1] (0.00ns)   --->   "%tmp_36 = partselect i32 @_ssdm_op_PartSelect.i32.i512.i32.i32, i512 %pkt_data_V, i32 352, i32 383" [Matrix_mul/mat_mul.cpp:32]   --->   Operation 44 'partselect' 'tmp_36' <Predicate = (!icmp_ln26)> <Delay = 0.00>
ST_1 : Operation 45 [1/1] (0.00ns)   --->   "%A_11_addr = getelementptr i32 %A_11, i64 0, i64 %zext_ln26" [Matrix_mul/mat_mul.cpp:32]   --->   Operation 45 'getelementptr' 'A_11_addr' <Predicate = (!icmp_ln26)> <Delay = 0.00>
ST_1 : Operation 46 [1/1] (0.00ns)   --->   "%tmp_37 = partselect i32 @_ssdm_op_PartSelect.i32.i512.i32.i32, i512 %pkt_data_V, i32 384, i32 415" [Matrix_mul/mat_mul.cpp:32]   --->   Operation 46 'partselect' 'tmp_37' <Predicate = (!icmp_ln26)> <Delay = 0.00>
ST_1 : Operation 47 [1/1] (0.00ns)   --->   "%A_12_addr = getelementptr i32 %A_12, i64 0, i64 %zext_ln26" [Matrix_mul/mat_mul.cpp:32]   --->   Operation 47 'getelementptr' 'A_12_addr' <Predicate = (!icmp_ln26)> <Delay = 0.00>
ST_1 : Operation 48 [1/1] (0.00ns)   --->   "%tmp_38 = partselect i32 @_ssdm_op_PartSelect.i32.i512.i32.i32, i512 %pkt_data_V, i32 416, i32 447" [Matrix_mul/mat_mul.cpp:32]   --->   Operation 48 'partselect' 'tmp_38' <Predicate = (!icmp_ln26)> <Delay = 0.00>
ST_1 : Operation 49 [1/1] (0.00ns)   --->   "%A_13_addr = getelementptr i32 %A_13, i64 0, i64 %zext_ln26" [Matrix_mul/mat_mul.cpp:32]   --->   Operation 49 'getelementptr' 'A_13_addr' <Predicate = (!icmp_ln26)> <Delay = 0.00>
ST_1 : Operation 50 [1/1] (0.00ns)   --->   "%tmp_39 = partselect i32 @_ssdm_op_PartSelect.i32.i512.i32.i32, i512 %pkt_data_V, i32 448, i32 479" [Matrix_mul/mat_mul.cpp:32]   --->   Operation 50 'partselect' 'tmp_39' <Predicate = (!icmp_ln26)> <Delay = 0.00>
ST_1 : Operation 51 [1/1] (0.00ns)   --->   "%A_14_addr = getelementptr i32 %A_14, i64 0, i64 %zext_ln26" [Matrix_mul/mat_mul.cpp:32]   --->   Operation 51 'getelementptr' 'A_14_addr' <Predicate = (!icmp_ln26)> <Delay = 0.00>
ST_1 : Operation 52 [1/1] (0.00ns)   --->   "%tmp_40 = partselect i32 @_ssdm_op_PartSelect.i32.i512.i32.i32, i512 %pkt_data_V, i32 480, i32 511" [Matrix_mul/mat_mul.cpp:32]   --->   Operation 52 'partselect' 'tmp_40' <Predicate = (!icmp_ln26)> <Delay = 0.00>
ST_1 : Operation 53 [1/1] (0.00ns)   --->   "%A_15_addr = getelementptr i32 %A_15, i64 0, i64 %zext_ln26" [Matrix_mul/mat_mul.cpp:32]   --->   Operation 53 'getelementptr' 'A_15_addr' <Predicate = (!icmp_ln26)> <Delay = 0.00>
ST_1 : Operation 54 [1/1] (2.32ns)   --->   "%store_ln32 = store i32 %trunc_ln32, i4 %A_addr" [Matrix_mul/mat_mul.cpp:32]   --->   Operation 54 'store' 'store_ln32' <Predicate = (!icmp_ln26)> <Delay = 2.32> <CoreInst = "RAM">   --->   Core 82 'RAM' <Latency = 1> <II = 1> <Delay = 2.32> <Storage> <Opcode : 'load' 'store'> <Ports = 2> <Width = 32> <Depth = 16> <RAM>
ST_1 : Operation 55 [1/1] (2.32ns)   --->   "%store_ln32 = store i32 %tmp_15, i4 %A_1_addr" [Matrix_mul/mat_mul.cpp:32]   --->   Operation 55 'store' 'store_ln32' <Predicate = (!icmp_ln26)> <Delay = 2.32> <CoreInst = "RAM">   --->   Core 82 'RAM' <Latency = 1> <II = 1> <Delay = 2.32> <Storage> <Opcode : 'load' 'store'> <Ports = 2> <Width = 32> <Depth = 16> <RAM>
ST_1 : Operation 56 [1/1] (2.32ns)   --->   "%store_ln32 = store i32 %tmp_26, i4 %A_2_addr" [Matrix_mul/mat_mul.cpp:32]   --->   Operation 56 'store' 'store_ln32' <Predicate = (!icmp_ln26)> <Delay = 2.32> <CoreInst = "RAM">   --->   Core 82 'RAM' <Latency = 1> <II = 1> <Delay = 2.32> <Storage> <Opcode : 'load' 'store'> <Ports = 2> <Width = 32> <Depth = 16> <RAM>
ST_1 : Operation 57 [1/1] (2.32ns)   --->   "%store_ln32 = store i32 %tmp_s, i4 %A_3_addr" [Matrix_mul/mat_mul.cpp:32]   --->   Operation 57 'store' 'store_ln32' <Predicate = (!icmp_ln26)> <Delay = 2.32> <CoreInst = "RAM">   --->   Core 82 'RAM' <Latency = 1> <II = 1> <Delay = 2.32> <Storage> <Opcode : 'load' 'store'> <Ports = 2> <Width = 32> <Depth = 16> <RAM>
ST_1 : Operation 58 [1/1] (2.32ns)   --->   "%store_ln32 = store i32 %tmp_30, i4 %A_4_addr" [Matrix_mul/mat_mul.cpp:32]   --->   Operation 58 'store' 'store_ln32' <Predicate = (!icmp_ln26)> <Delay = 2.32> <CoreInst = "RAM">   --->   Core 82 'RAM' <Latency = 1> <II = 1> <Delay = 2.32> <Storage> <Opcode : 'load' 'store'> <Ports = 2> <Width = 32> <Depth = 16> <RAM>
ST_1 : Operation 59 [1/1] (2.32ns)   --->   "%store_ln32 = store i32 %tmp_31, i4 %A_5_addr" [Matrix_mul/mat_mul.cpp:32]   --->   Operation 59 'store' 'store_ln32' <Predicate = (!icmp_ln26)> <Delay = 2.32> <CoreInst = "RAM">   --->   Core 82 'RAM' <Latency = 1> <II = 1> <Delay = 2.32> <Storage> <Opcode : 'load' 'store'> <Ports = 2> <Width = 32> <Depth = 16> <RAM>
ST_1 : Operation 60 [1/1] (2.32ns)   --->   "%store_ln32 = store i32 %tmp_32, i4 %A_6_addr" [Matrix_mul/mat_mul.cpp:32]   --->   Operation 60 'store' 'store_ln32' <Predicate = (!icmp_ln26)> <Delay = 2.32> <CoreInst = "RAM">   --->   Core 82 'RAM' <Latency = 1> <II = 1> <Delay = 2.32> <Storage> <Opcode : 'load' 'store'> <Ports = 2> <Width = 32> <Depth = 16> <RAM>
ST_1 : Operation 61 [1/1] (2.32ns)   --->   "%store_ln32 = store i32 %tmp_33, i4 %A_7_addr" [Matrix_mul/mat_mul.cpp:32]   --->   Operation 61 'store' 'store_ln32' <Predicate = (!icmp_ln26)> <Delay = 2.32> <CoreInst = "RAM">   --->   Core 82 'RAM' <Latency = 1> <II = 1> <Delay = 2.32> <Storage> <Opcode : 'load' 'store'> <Ports = 2> <Width = 32> <Depth = 16> <RAM>
ST_1 : Operation 62 [1/1] (2.32ns)   --->   "%store_ln32 = store i32 %tmp_34, i4 %A_8_addr" [Matrix_mul/mat_mul.cpp:32]   --->   Operation 62 'store' 'store_ln32' <Predicate = (!icmp_ln26)> <Delay = 2.32> <CoreInst = "RAM">   --->   Core 82 'RAM' <Latency = 1> <II = 1> <Delay = 2.32> <Storage> <Opcode : 'load' 'store'> <Ports = 2> <Width = 32> <Depth = 16> <RAM>
ST_1 : Operation 63 [1/1] (2.32ns)   --->   "%store_ln32 = store i32 %tmp_35, i4 %A_9_addr" [Matrix_mul/mat_mul.cpp:32]   --->   Operation 63 'store' 'store_ln32' <Predicate = (!icmp_ln26)> <Delay = 2.32> <CoreInst = "RAM">   --->   Core 82 'RAM' <Latency = 1> <II = 1> <Delay = 2.32> <Storage> <Opcode : 'load' 'store'> <Ports = 2> <Width = 32> <Depth = 16> <RAM>
ST_1 : Operation 64 [1/1] (2.32ns)   --->   "%store_ln32 = store i32 %tmp_16, i4 %A_10_addr" [Matrix_mul/mat_mul.cpp:32]   --->   Operation 64 'store' 'store_ln32' <Predicate = (!icmp_ln26)> <Delay = 2.32> <CoreInst = "RAM">   --->   Core 82 'RAM' <Latency = 1> <II = 1> <Delay = 2.32> <Storage> <Opcode : 'load' 'store'> <Ports = 2> <Width = 32> <Depth = 16> <RAM>
ST_1 : Operation 65 [1/1] (2.32ns)   --->   "%store_ln32 = store i32 %tmp_36, i4 %A_11_addr" [Matrix_mul/mat_mul.cpp:32]   --->   Operation 65 'store' 'store_ln32' <Predicate = (!icmp_ln26)> <Delay = 2.32> <CoreInst = "RAM">   --->   Core 82 'RAM' <Latency = 1> <II = 1> <Delay = 2.32> <Storage> <Opcode : 'load' 'store'> <Ports = 2> <Width = 32> <Depth = 16> <RAM>
ST_1 : Operation 66 [1/1] (2.32ns)   --->   "%store_ln32 = store i32 %tmp_37, i4 %A_12_addr" [Matrix_mul/mat_mul.cpp:32]   --->   Operation 66 'store' 'store_ln32' <Predicate = (!icmp_ln26)> <Delay = 2.32> <CoreInst = "RAM">   --->   Core 82 'RAM' <Latency = 1> <II = 1> <Delay = 2.32> <Storage> <Opcode : 'load' 'store'> <Ports = 2> <Width = 32> <Depth = 16> <RAM>
ST_1 : Operation 67 [1/1] (2.32ns)   --->   "%store_ln32 = store i32 %tmp_38, i4 %A_13_addr" [Matrix_mul/mat_mul.cpp:32]   --->   Operation 67 'store' 'store_ln32' <Predicate = (!icmp_ln26)> <Delay = 2.32> <CoreInst = "RAM">   --->   Core 82 'RAM' <Latency = 1> <II = 1> <Delay = 2.32> <Storage> <Opcode : 'load' 'store'> <Ports = 2> <Width = 32> <Depth = 16> <RAM>
ST_1 : Operation 68 [1/1] (2.32ns)   --->   "%store_ln32 = store i32 %tmp_39, i4 %A_14_addr" [Matrix_mul/mat_mul.cpp:32]   --->   Operation 68 'store' 'store_ln32' <Predicate = (!icmp_ln26)> <Delay = 2.32> <CoreInst = "RAM">   --->   Core 82 'RAM' <Latency = 1> <II = 1> <Delay = 2.32> <Storage> <Opcode : 'load' 'store'> <Ports = 2> <Width = 32> <Depth = 16> <RAM>
ST_1 : Operation 69 [1/1] (2.32ns)   --->   "%store_ln32 = store i32 %tmp_40, i4 %A_15_addr" [Matrix_mul/mat_mul.cpp:32]   --->   Operation 69 'store' 'store_ln32' <Predicate = (!icmp_ln26)> <Delay = 2.32> <CoreInst = "RAM">   --->   Core 82 'RAM' <Latency = 1> <II = 1> <Delay = 2.32> <Storage> <Opcode : 'load' 'store'> <Ports = 2> <Width = 32> <Depth = 16> <RAM>
ST_1 : Operation 70 [1/1] (1.58ns)   --->   "%store_ln26 = store i5 %add_ln26, i5 %i" [Matrix_mul/mat_mul.cpp:26]   --->   Operation 70 'store' 'store_ln26' <Predicate = (!icmp_ln26)> <Delay = 1.58>
ST_1 : Operation 71 [1/1] (0.00ns)   --->   "%br_ln26 = br void %for.inc" [Matrix_mul/mat_mul.cpp:26]   --->   Operation 71 'br' 'br_ln26' <Predicate = (!icmp_ln26)> <Delay = 0.00>
ST_1 : Operation 72 [1/1] (0.00ns)   --->   "%ret_ln0 = ret"   --->   Operation 72 'ret' 'ret_ln0' <Predicate = (icmp_ln26)> <Delay = 0.00>


============================================================
+ Verbose Summary: Binding
============================================================
STG Binding: 
---------------- STG Properties BEGIN ----------------
- Is combinational: 0
- Is one-state seq: 0
- Is datapath-only: 0
- Is pipelined: 0
- Is top level: 0
Port [ Return ] is wired: 1; IO mode=ap_ctrl_hs:ce=0
Port [ A_15]:  wired=1; compound=1; hidden=0; nouse=0; global=0; static=0; extern=0; dir=1; type=1; pingpong=0; private_global=0; MemPort=[03]; IO mode=ap_memory:ce=0
Port [ A_14]:  wired=1; compound=1; hidden=0; nouse=0; global=0; static=0; extern=0; dir=1; type=1; pingpong=0; private_global=0; MemPort=[03]; IO mode=ap_memory:ce=0
Port [ A_13]:  wired=1; compound=1; hidden=0; nouse=0; global=0; static=0; extern=0; dir=1; type=1; pingpong=0; private_global=0; MemPort=[03]; IO mode=ap_memory:ce=0
Port [ A_12]:  wired=1; compound=1; hidden=0; nouse=0; global=0; static=0; extern=0; dir=1; type=1; pingpong=0; private_global=0; MemPort=[03]; IO mode=ap_memory:ce=0
Port [ A_11]:  wired=1; compound=1; hidden=0; nouse=0; global=0; static=0; extern=0; dir=1; type=1; pingpong=0; private_global=0; MemPort=[03]; IO mode=ap_memory:ce=0
Port [ A_10]:  wired=1; compound=1; hidden=0; nouse=0; global=0; static=0; extern=0; dir=1; type=1; pingpong=0; private_global=0; MemPort=[03]; IO mode=ap_memory:ce=0
Port [ A_9]:  wired=1; compound=1; hidden=0; nouse=0; global=0; static=0; extern=0; dir=1; type=1; pingpong=0; private_global=0; MemPort=[03]; IO mode=ap_memory:ce=0
Port [ A_8]:  wired=1; compound=1; hidden=0; nouse=0; global=0; static=0; extern=0; dir=1; type=1; pingpong=0; private_global=0; MemPort=[03]; IO mode=ap_memory:ce=0
Port [ A_7]:  wired=1; compound=1; hidden=0; nouse=0; global=0; static=0; extern=0; dir=1; type=1; pingpong=0; private_global=0; MemPort=[03]; IO mode=ap_memory:ce=0
Port [ A_6]:  wired=1; compound=1; hidden=0; nouse=0; global=0; static=0; extern=0; dir=1; type=1; pingpong=0; private_global=0; MemPort=[03]; IO mode=ap_memory:ce=0
Port [ A_5]:  wired=1; compound=1; hidden=0; nouse=0; global=0; static=0; extern=0; dir=1; type=1; pingpong=0; private_global=0; MemPort=[03]; IO mode=ap_memory:ce=0
Port [ A_4]:  wired=1; compound=1; hidden=0; nouse=0; global=0; static=0; extern=0; dir=1; type=1; pingpong=0; private_global=0; MemPort=[03]; IO mode=ap_memory:ce=0
Port [ A_3]:  wired=1; compound=1; hidden=0; nouse=0; global=0; static=0; extern=0; dir=1; type=1; pingpong=0; private_global=0; MemPort=[03]; IO mode=ap_memory:ce=0
Port [ A_2]:  wired=1; compound=1; hidden=0; nouse=0; global=0; static=0; extern=0; dir=1; type=1; pingpong=0; private_global=0; MemPort=[03]; IO mode=ap_memory:ce=0
Port [ A_1]:  wired=1; compound=1; hidden=0; nouse=0; global=0; static=0; extern=0; dir=1; type=1; pingpong=0; private_global=0; MemPort=[03]; IO mode=ap_memory:ce=0
Port [ A]:  wired=1; compound=1; hidden=0; nouse=0; global=0; static=0; extern=0; dir=1; type=1; pingpong=0; private_global=0; MemPort=[03]; IO mode=ap_memory:ce=0
Port [ s_axis_V_data_V]:  wired=1; compound=1; hidden=0; nouse=0; global=0; static=0; extern=0; dir=0; type=0; pingpong=0; private_global=0; IO mode=axis:ce=0
Port [ s_axis_V_keep_V]:  wired=1; compound=1; hidden=0; nouse=0; global=0; static=0; extern=0; dir=0; type=0; pingpong=0; private_global=0; IO mode=axis:ce=0
Port [ s_axis_V_strb_V]:  wired=1; compound=1; hidden=0; nouse=0; global=0; static=0; extern=0; dir=0; type=0; pingpong=0; private_global=0; IO mode=axis:ce=0
Port [ s_axis_V_last_V]:  wired=1; compound=1; hidden=0; nouse=0; global=0; static=0; extern=0; dir=0; type=0; pingpong=0; private_global=0; IO mode=axis:ce=0
---------------- STG Properties END ------------------

---------------- Datapath Model BEGIN ----------------

<LifeTime>
<method=bitvector/>
i                       (alloca             ) [ 01]
specaxissidechannel_ln0 (specaxissidechannel) [ 00]
specinterface_ln0       (specinterface      ) [ 00]
specinterface_ln0       (specinterface      ) [ 00]
specinterface_ln0       (specinterface      ) [ 00]
specinterface_ln0       (specinterface      ) [ 00]
store_ln0               (store              ) [ 00]
br_ln0                  (br                 ) [ 00]
i_3                     (load               ) [ 00]
icmp_ln26               (icmp               ) [ 01]
add_ln26                (add                ) [ 00]
br_ln26                 (br                 ) [ 00]
zext_ln26               (zext               ) [ 00]
specpipeline_ln27       (specpipeline       ) [ 00]
speclooptripcount_ln28  (speclooptripcount  ) [ 00]
specloopname_ln26       (specloopname       ) [ 00]
empty                   (read               ) [ 00]
pkt_data_V              (extractvalue       ) [ 00]
trunc_ln32              (trunc              ) [ 00]
A_addr                  (getelementptr      ) [ 00]
tmp_15                  (partselect         ) [ 00]
A_1_addr                (getelementptr      ) [ 00]
tmp_26                  (partselect         ) [ 00]
A_2_addr                (getelementptr      ) [ 00]
tmp_s                   (partselect         ) [ 00]
A_3_addr                (getelementptr      ) [ 00]
tmp_30                  (partselect         ) [ 00]
A_4_addr                (getelementptr      ) [ 00]
tmp_31                  (partselect         ) [ 00]
A_5_addr                (getelementptr      ) [ 00]
tmp_32                  (partselect         ) [ 00]
A_6_addr                (getelementptr      ) [ 00]
tmp_33                  (partselect         ) [ 00]
A_7_addr                (getelementptr      ) [ 00]
tmp_34                  (partselect         ) [ 00]
A_8_addr                (getelementptr      ) [ 00]
tmp_35                  (partselect         ) [ 00]
A_9_addr                (getelementptr      ) [ 00]
tmp_16                  (partselect         ) [ 00]
A_10_addr               (getelementptr      ) [ 00]
tmp_36                  (partselect         ) [ 00]
A_11_addr               (getelementptr      ) [ 00]
tmp_37                  (partselect         ) [ 00]
A_12_addr               (getelementptr      ) [ 00]
tmp_38                  (partselect         ) [ 00]
A_13_addr               (getelementptr      ) [ 00]
tmp_39                  (partselect         ) [ 00]
A_14_addr               (getelementptr      ) [ 00]
tmp_40                  (partselect         ) [ 00]
A_15_addr               (getelementptr      ) [ 00]
store_ln32              (store              ) [ 00]
store_ln32              (store              ) [ 00]
store_ln32              (store              ) [ 00]
store_ln32              (store              ) [ 00]
store_ln32              (store              ) [ 00]
store_ln32              (store              ) [ 00]
store_ln32              (store              ) [ 00]
store_ln32              (store              ) [ 00]
store_ln32              (store              ) [ 00]
store_ln32              (store              ) [ 00]
store_ln32              (store              ) [ 00]
store_ln32              (store              ) [ 00]
store_ln32              (store              ) [ 00]
store_ln32              (store              ) [ 00]
store_ln32              (store              ) [ 00]
store_ln32              (store              ) [ 00]
store_ln26              (store              ) [ 00]
br_ln26                 (br                 ) [ 00]
ret_ln0                 (ret                ) [ 00]
</LifeTime>

<model>

<comp_list>
<comp id="0" class="1000" name="A_15">
<pin_list>
<pin id="1" dir="1" index="0" bw="1" slack="0"/>
</pin_list>
<bind>
<StgValue><ssdm name="A_15"/><MemPortTyVec>0 3 </MemPortTyVec>
</StgValue>
</bind>
</comp>

<comp id="2" class="1000" name="A_14">
<pin_list>
<pin id="3" dir="1" index="0" bw="1" slack="0"/>
</pin_list>
<bind>
<StgValue><ssdm name="A_14"/><MemPortTyVec>0 3 </MemPortTyVec>
</StgValue>
</bind>
</comp>

<comp id="4" class="1000" name="A_13">
<pin_list>
<pin id="5" dir="1" index="0" bw="1" slack="0"/>
</pin_list>
<bind>
<StgValue><ssdm name="A_13"/><MemPortTyVec>0 3 </MemPortTyVec>
</StgValue>
</bind>
</comp>

<comp id="6" class="1000" name="A_12">
<pin_list>
<pin id="7" dir="1" index="0" bw="1" slack="0"/>
</pin_list>
<bind>
<StgValue><ssdm name="A_12"/><MemPortTyVec>0 3 </MemPortTyVec>
</StgValue>
</bind>
</comp>

<comp id="8" class="1000" name="A_11">
<pin_list>
<pin id="9" dir="1" index="0" bw="1" slack="0"/>
</pin_list>
<bind>
<StgValue><ssdm name="A_11"/><MemPortTyVec>0 3 </MemPortTyVec>
</StgValue>
</bind>
</comp>

<comp id="10" class="1000" name="A_10">
<pin_list>
<pin id="11" dir="1" index="0" bw="1" slack="0"/>
</pin_list>
<bind>
<StgValue><ssdm name="A_10"/><MemPortTyVec>0 3 </MemPortTyVec>
</StgValue>
</bind>
</comp>

<comp id="12" class="1000" name="A_9">
<pin_list>
<pin id="13" dir="1" index="0" bw="1" slack="0"/>
</pin_list>
<bind>
<StgValue><ssdm name="A_9"/><MemPortTyVec>0 3 </MemPortTyVec>
</StgValue>
</bind>
</comp>

<comp id="14" class="1000" name="A_8">
<pin_list>
<pin id="15" dir="1" index="0" bw="1" slack="0"/>
</pin_list>
<bind>
<StgValue><ssdm name="A_8"/><MemPortTyVec>0 3 </MemPortTyVec>
</StgValue>
</bind>
</comp>

<comp id="16" class="1000" name="A_7">
<pin_list>
<pin id="17" dir="1" index="0" bw="1" slack="0"/>
</pin_list>
<bind>
<StgValue><ssdm name="A_7"/><MemPortTyVec>0 3 </MemPortTyVec>
</StgValue>
</bind>
</comp>

<comp id="18" class="1000" name="A_6">
<pin_list>
<pin id="19" dir="1" index="0" bw="1" slack="0"/>
</pin_list>
<bind>
<StgValue><ssdm name="A_6"/><MemPortTyVec>0 3 </MemPortTyVec>
</StgValue>
</bind>
</comp>

<comp id="20" class="1000" name="A_5">
<pin_list>
<pin id="21" dir="1" index="0" bw="1" slack="0"/>
</pin_list>
<bind>
<StgValue><ssdm name="A_5"/><MemPortTyVec>0 3 </MemPortTyVec>
</StgValue>
</bind>
</comp>

<comp id="22" class="1000" name="A_4">
<pin_list>
<pin id="23" dir="1" index="0" bw="1" slack="0"/>
</pin_list>
<bind>
<StgValue><ssdm name="A_4"/><MemPortTyVec>0 3 </MemPortTyVec>
</StgValue>
</bind>
</comp>

<comp id="24" class="1000" name="A_3">
<pin_list>
<pin id="25" dir="1" index="0" bw="1" slack="0"/>
</pin_list>
<bind>
<StgValue><ssdm name="A_3"/><MemPortTyVec>0 3 </MemPortTyVec>
</StgValue>
</bind>
</comp>

<comp id="26" class="1000" name="A_2">
<pin_list>
<pin id="27" dir="1" index="0" bw="1" slack="0"/>
</pin_list>
<bind>
<StgValue><ssdm name="A_2"/><MemPortTyVec>0 3 </MemPortTyVec>
</StgValue>
</bind>
</comp>

<comp id="28" class="1000" name="A_1">
<pin_list>
<pin id="29" dir="1" index="0" bw="1" slack="0"/>
</pin_list>
<bind>
<StgValue><ssdm name="A_1"/><MemPortTyVec>0 3 </MemPortTyVec>
</StgValue>
</bind>
</comp>

<comp id="30" class="1000" name="A">
<pin_list>
<pin id="31" dir="1" index="0" bw="1" slack="0"/>
</pin_list>
<bind>
<StgValue><ssdm name="A"/><MemPortTyVec>0 3 </MemPortTyVec>
</StgValue>
</bind>
</comp>

<comp id="32" class="1000" name="s_axis_V_data_V">
<pin_list>
<pin id="33" dir="1" index="0" bw="1" slack="0"/>
</pin_list>
<bind>
<StgValue><ssdm name="s_axis_V_data_V"/></StgValue>
</bind>
</comp>

<comp id="34" class="1000" name="s_axis_V_keep_V">
<pin_list>
<pin id="35" dir="1" index="0" bw="1" slack="0"/>
</pin_list>
<bind>
<StgValue><ssdm name="s_axis_V_keep_V"/></StgValue>
</bind>
</comp>

<comp id="36" class="1000" name="s_axis_V_strb_V">
<pin_list>
<pin id="37" dir="1" index="0" bw="1" slack="0"/>
</pin_list>
<bind>
<StgValue><ssdm name="s_axis_V_strb_V"/></StgValue>
</bind>
</comp>

<comp id="38" class="1000" name="s_axis_V_last_V">
<pin_list>
<pin id="39" dir="1" index="0" bw="1" slack="0"/>
</pin_list>
<bind>
<StgValue><ssdm name="s_axis_V_last_V"/></StgValue>
</bind>
</comp>

<comp id="40" class="1001" name="const_40">
<pin_list>
<pin id="41" dir="1" index="0" bw="1" slack="0"/>
</pin_list>
<bind>
<StgValue><ssdm name=""/></StgValue>
</bind>
</comp>

<comp id="42" class="1001" name="const_42">
<pin_list>
<pin id="43" dir="1" index="0" bw="1" slack="2147483647"/>
</pin_list>
<bind>
<StgValue><ssdm name="_ssdm_op_SpecAXISSideChannel"/></StgValue>
</bind>
</comp>

<comp id="44" class="1001" name="const_44">
<pin_list>
<pin id="45" dir="1" index="0" bw="1" slack="2147483647"/>
</pin_list>
<bind>
<StgValue><ssdm name=""/></StgValue>
</bind>
</comp>

<comp id="46" class="1001" name="const_46">
<pin_list>
<pin id="47" dir="1" index="0" bw="1" slack="2147483647"/>
</pin_list>
<bind>
<StgValue><ssdm name="empty_3"/></StgValue>
</bind>
</comp>

<comp id="48" class="1001" name="const_48">
<pin_list>
<pin id="49" dir="1" index="0" bw="1" slack="2147483647"/>
</pin_list>
<bind>
<StgValue><ssdm name="_ssdm_op_SpecInterface"/></StgValue>
</bind>
</comp>

<comp id="50" class="1001" name="const_50">
<pin_list>
<pin id="51" dir="1" index="0" bw="1" slack="2147483647"/>
</pin_list>
<bind>
<StgValue><ssdm name="empty"/></StgValue>
</bind>
</comp>

<comp id="52" class="1001" name="const_52">
<pin_list>
<pin id="53" dir="1" index="0" bw="1" slack="2147483647"/>
</pin_list>
<bind>
<StgValue><ssdm name=""/></StgValue>
</bind>
</comp>

<comp id="54" class="1001" name="const_54">
<pin_list>
<pin id="55" dir="1" index="0" bw="1" slack="2147483647"/>
</pin_list>
<bind>
<StgValue><ssdm name="empty_0"/></StgValue>
</bind>
</comp>

<comp id="56" class="1001" name="const_56">
<pin_list>
<pin id="57" dir="1" index="0" bw="1" slack="2147483647"/>
</pin_list>
<bind>
<StgValue><ssdm name="empty_1"/></StgValue>
</bind>
</comp>

<comp id="58" class="1001" name="const_58">
<pin_list>
<pin id="59" dir="1" index="0" bw="1" slack="2147483647"/>
</pin_list>
<bind>
<StgValue><ssdm name=""/></StgValue>
</bind>
</comp>

<comp id="60" class="1001" name="const_60">
<pin_list>
<pin id="61" dir="1" index="0" bw="1" slack="0"/>
</pin_list>
<bind>
<StgValue><ssdm name=""/></StgValue>
</bind>
</comp>

<comp id="62" class="1001" name="const_62">
<pin_list>
<pin id="63" dir="1" index="0" bw="1" slack="0"/>
</pin_list>
<bind>
<StgValue><ssdm name=""/></StgValue>
</bind>
</comp>

<comp id="64" class="1001" name="const_64">
<pin_list>
<pin id="65" dir="1" index="0" bw="1" slack="0"/>
</pin_list>
<bind>
<StgValue><ssdm name=""/></StgValue>
</bind>
</comp>

<comp id="66" class="1001" name="const_66">
<pin_list>
<pin id="67" dir="1" index="0" bw="1" slack="2147483647"/>
</pin_list>
<bind>
<StgValue><ssdm name="_ssdm_op_SpecPipeline"/></StgValue>
</bind>
</comp>

<comp id="68" class="1001" name="const_68">
<pin_list>
<pin id="69" dir="1" index="0" bw="1" slack="2147483647"/>
</pin_list>
<bind>
<StgValue><ssdm name="_ssdm_op_SpecLoopTripCount"/></StgValue>
</bind>
</comp>

<comp id="70" class="1001" name="const_70">
<pin_list>
<pin id="71" dir="1" index="0" bw="1" slack="2147483647"/>
</pin_list>
<bind>
<StgValue><ssdm name=""/></StgValue>
</bind>
</comp>

<comp id="72" class="1001" name="const_72">
<pin_list>
<pin id="73" dir="1" index="0" bw="1" slack="2147483647"/>
</pin_list>
<bind>
<StgValue><ssdm name="_ssdm_op_SpecLoopName"/></StgValue>
</bind>
</comp>

<comp id="74" class="1001" name="const_74">
<pin_list>
<pin id="75" dir="1" index="0" bw="1" slack="2147483647"/>
</pin_list>
<bind>
<StgValue><ssdm name="empty_9"/></StgValue>
</bind>
</comp>

<comp id="76" class="1001" name="const_76">
<pin_list>
<pin id="77" dir="1" index="0" bw="1" slack="0"/>
</pin_list>
<bind>
<StgValue><ssdm name="_ssdm_op_Read.axis.volatile.i512P0A.i64P0A.i64P0A.i1P0A"/></StgValue>
</bind>
</comp>

<comp id="78" class="1001" name="const_78">
<pin_list>
<pin id="79" dir="1" index="0" bw="1" slack="0"/>
</pin_list>
<bind>
<StgValue><ssdm name=""/></StgValue>
</bind>
</comp>

<comp id="80" class="1001" name="const_80">
<pin_list>
<pin id="81" dir="1" index="0" bw="1" slack="0"/>
</pin_list>
<bind>
<StgValue><ssdm name="_ssdm_op_PartSelect.i32.i512.i32.i32"/></StgValue>
</bind>
</comp>

<comp id="82" class="1001" name="const_82">
<pin_list>
<pin id="83" dir="1" index="0" bw="1" slack="0"/>
</pin_list>
<bind>
<StgValue><ssdm name=""/></StgValue>
</bind>
</comp>

<comp id="84" class="1001" name="const_84">
<pin_list>
<pin id="85" dir="1" index="0" bw="1" slack="0"/>
</pin_list>
<bind>
<StgValue><ssdm name=""/></StgValue>
</bind>
</comp>

<comp id="86" class="1001" name="const_86">
<pin_list>
<pin id="87" dir="1" index="0" bw="1" slack="0"/>
</pin_list>
<bind>
<StgValue><ssdm name=""/></StgValue>
</bind>
</comp>

<comp id="88" class="1001" name="const_88">
<pin_list>
<pin id="89" dir="1" index="0" bw="1" slack="0"/>
</pin_list>
<bind>
<StgValue><ssdm name=""/></StgValue>
</bind>
</comp>

<comp id="90" class="1001" name="const_90">
<pin_list>
<pin id="91" dir="1" index="0" bw="1" slack="0"/>
</pin_list>
<bind>
<StgValue><ssdm name=""/></StgValue>
</bind>
</comp>

<comp id="92" class="1001" name="const_92">
<pin_list>
<pin id="93" dir="1" index="0" bw="1" slack="0"/>
</pin_list>
<bind>
<StgValue><ssdm name=""/></StgValue>
</bind>
</comp>

<comp id="94" class="1001" name="const_94">
<pin_list>
<pin id="95" dir="1" index="0" bw="1" slack="0"/>
</pin_list>
<bind>
<StgValue><ssdm name=""/></StgValue>
</bind>
</comp>

<comp id="96" class="1001" name="const_96">
<pin_list>
<pin id="97" dir="1" index="0" bw="1" slack="0"/>
</pin_list>
<bind>
<StgValue><ssdm name=""/></StgValue>
</bind>
</comp>

<comp id="98" class="1001" name="const_98">
<pin_list>
<pin id="99" dir="1" index="0" bw="1" slack="0"/>
</pin_list>
<bind>
<StgValue><ssdm name=""/></StgValue>
</bind>
</comp>

<comp id="100" class="1001" name="const_100">
<pin_list>
<pin id="101" dir="1" index="0" bw="1" slack="0"/>
</pin_list>
<bind>
<StgValue><ssdm name=""/></StgValue>
</bind>
</comp>

<comp id="102" class="1001" name="const_102">
<pin_list>
<pin id="103" dir="1" index="0" bw="1" slack="0"/>
</pin_list>
<bind>
<StgValue><ssdm name=""/></StgValue>
</bind>
</comp>

<comp id="104" class="1001" name="const_104">
<pin_list>
<pin id="105" dir="1" index="0" bw="1" slack="0"/>
</pin_list>
<bind>
<StgValue><ssdm name=""/></StgValue>
</bind>
</comp>

<comp id="106" class="1001" name="const_106">
<pin_list>
<pin id="107" dir="1" index="0" bw="1" slack="0"/>
</pin_list>
<bind>
<StgValue><ssdm name=""/></StgValue>
</bind>
</comp>

<comp id="108" class="1001" name="const_108">
<pin_list>
<pin id="109" dir="1" index="0" bw="1" slack="0"/>
</pin_list>
<bind>
<StgValue><ssdm name=""/></StgValue>
</bind>
</comp>

<comp id="110" class="1001" name="const_110">
<pin_list>
<pin id="111" dir="1" index="0" bw="1" slack="0"/>
</pin_list>
<bind>
<StgValue><ssdm name=""/></StgValue>
</bind>
</comp>

<comp id="112" class="1001" name="const_112">
<pin_list>
<pin id="113" dir="1" index="0" bw="1" slack="0"/>
</pin_list>
<bind>
<StgValue><ssdm name=""/></StgValue>
</bind>
</comp>

<comp id="114" class="1001" name="const_114">
<pin_list>
<pin id="115" dir="1" index="0" bw="1" slack="0"/>
</pin_list>
<bind>
<StgValue><ssdm name=""/></StgValue>
</bind>
</comp>

<comp id="116" class="1001" name="const_116">
<pin_list>
<pin id="117" dir="1" index="0" bw="1" slack="0"/>
</pin_list>
<bind>
<StgValue><ssdm name=""/></StgValue>
</bind>
</comp>

<comp id="118" class="1001" name="const_118">
<pin_list>
<pin id="119" dir="1" index="0" bw="1" slack="0"/>
</pin_list>
<bind>
<StgValue><ssdm name=""/></StgValue>
</bind>
</comp>

<comp id="120" class="1001" name="const_120">
<pin_list>
<pin id="121" dir="1" index="0" bw="1" slack="0"/>
</pin_list>
<bind>
<StgValue><ssdm name=""/></StgValue>
</bind>
</comp>

<comp id="122" class="1001" name="const_122">
<pin_list>
<pin id="123" dir="1" index="0" bw="1" slack="0"/>
</pin_list>
<bind>
<StgValue><ssdm name=""/></StgValue>
</bind>
</comp>

<comp id="124" class="1001" name="const_124">
<pin_list>
<pin id="125" dir="1" index="0" bw="1" slack="0"/>
</pin_list>
<bind>
<StgValue><ssdm name=""/></StgValue>
</bind>
</comp>

<comp id="126" class="1001" name="const_126">
<pin_list>
<pin id="127" dir="1" index="0" bw="1" slack="0"/>
</pin_list>
<bind>
<StgValue><ssdm name=""/></StgValue>
</bind>
</comp>

<comp id="128" class="1001" name="const_128">
<pin_list>
<pin id="129" dir="1" index="0" bw="1" slack="0"/>
</pin_list>
<bind>
<StgValue><ssdm name=""/></StgValue>
</bind>
</comp>

<comp id="130" class="1001" name="const_130">
<pin_list>
<pin id="131" dir="1" index="0" bw="1" slack="0"/>
</pin_list>
<bind>
<StgValue><ssdm name=""/></StgValue>
</bind>
</comp>

<comp id="132" class="1001" name="const_132">
<pin_list>
<pin id="133" dir="1" index="0" bw="1" slack="0"/>
</pin_list>
<bind>
<StgValue><ssdm name=""/></StgValue>
</bind>
</comp>

<comp id="134" class="1001" name="const_134">
<pin_list>
<pin id="135" dir="1" index="0" bw="1" slack="0"/>
</pin_list>
<bind>
<StgValue><ssdm name=""/></StgValue>
</bind>
</comp>

<comp id="136" class="1001" name="const_136">
<pin_list>
<pin id="137" dir="1" index="0" bw="1" slack="0"/>
</pin_list>
<bind>
<StgValue><ssdm name=""/></StgValue>
</bind>
</comp>

<comp id="138" class="1001" name="const_138">
<pin_list>
<pin id="139" dir="1" index="0" bw="1" slack="0"/>
</pin_list>
<bind>
<StgValue><ssdm name=""/></StgValue>
</bind>
</comp>

<comp id="140" class="1001" name="const_140">
<pin_list>
<pin id="141" dir="1" index="0" bw="1" slack="0"/>
</pin_list>
<bind>
<StgValue><ssdm name=""/></StgValue>
</bind>
</comp>

<comp id="142" class="1004" name="i_fu_142">
<pin_list>
<pin id="143" dir="0" index="0" bw="1" slack="0"/>
<pin id="144" dir="1" index="1" bw="5" slack="0"/>
</pin_list>
<bind>
<opcode="alloca(26) " fcode="alloca"/>
<opset="i/1 "/>
</bind>
</comp>

<comp id="146" class="1004" name="empty_read_fu_146">
<pin_list>
<pin id="147" dir="0" index="0" bw="641" slack="0"/>
<pin id="148" dir="0" index="1" bw="512" slack="0"/>
<pin id="149" dir="0" index="2" bw="64" slack="0"/>
<pin id="150" dir="0" index="3" bw="64" slack="0"/>
<pin id="151" dir="0" index="4" bw="1" slack="0"/>
<pin id="152" dir="1" index="5" bw="641" slack="0"/>
</pin_list>
<bind>
<opcode="read(1150) " fcode="read"/>
<opset="empty/1 "/>
</bind>
</comp>

<comp id="158" class="1004" name="A_addr_gep_fu_158">
<pin_list>
<pin id="159" dir="0" index="0" bw="32" slack="0"/>
<pin id="160" dir="0" index="1" bw="1" slack="0"/>
<pin id="161" dir="0" index="2" bw="5" slack="0"/>
<pin id="162" dir="1" index="3" bw="4" slack="0"/>
</pin_list>
<bind>
<opcode="getelementptr(29) " fcode="getelementptr"/>
<opset="A_addr/1 "/>
</bind>
</comp>

<comp id="165" class="1004" name="A_1_addr_gep_fu_165">
<pin_list>
<pin id="166" dir="0" index="0" bw="32" slack="0"/>
<pin id="167" dir="0" index="1" bw="1" slack="0"/>
<pin id="168" dir="0" index="2" bw="5" slack="0"/>
<pin id="169" dir="1" index="3" bw="4" slack="0"/>
</pin_list>
<bind>
<opcode="getelementptr(29) " fcode="getelementptr"/>
<opset="A_1_addr/1 "/>
</bind>
</comp>

<comp id="172" class="1004" name="A_2_addr_gep_fu_172">
<pin_list>
<pin id="173" dir="0" index="0" bw="32" slack="0"/>
<pin id="174" dir="0" index="1" bw="1" slack="0"/>
<pin id="175" dir="0" index="2" bw="5" slack="0"/>
<pin id="176" dir="1" index="3" bw="4" slack="0"/>
</pin_list>
<bind>
<opcode="getelementptr(29) " fcode="getelementptr"/>
<opset="A_2_addr/1 "/>
</bind>
</comp>

<comp id="179" class="1004" name="A_3_addr_gep_fu_179">
<pin_list>
<pin id="180" dir="0" index="0" bw="32" slack="0"/>
<pin id="181" dir="0" index="1" bw="1" slack="0"/>
<pin id="182" dir="0" index="2" bw="5" slack="0"/>
<pin id="183" dir="1" index="3" bw="4" slack="0"/>
</pin_list>
<bind>
<opcode="getelementptr(29) " fcode="getelementptr"/>
<opset="A_3_addr/1 "/>
</bind>
</comp>

<comp id="186" class="1004" name="A_4_addr_gep_fu_186">
<pin_list>
<pin id="187" dir="0" index="0" bw="32" slack="0"/>
<pin id="188" dir="0" index="1" bw="1" slack="0"/>
<pin id="189" dir="0" index="2" bw="5" slack="0"/>
<pin id="190" dir="1" index="3" bw="4" slack="0"/>
</pin_list>
<bind>
<opcode="getelementptr(29) " fcode="getelementptr"/>
<opset="A_4_addr/1 "/>
</bind>
</comp>

<comp id="193" class="1004" name="A_5_addr_gep_fu_193">
<pin_list>
<pin id="194" dir="0" index="0" bw="32" slack="0"/>
<pin id="195" dir="0" index="1" bw="1" slack="0"/>
<pin id="196" dir="0" index="2" bw="5" slack="0"/>
<pin id="197" dir="1" index="3" bw="4" slack="0"/>
</pin_list>
<bind>
<opcode="getelementptr(29) " fcode="getelementptr"/>
<opset="A_5_addr/1 "/>
</bind>
</comp>

<comp id="200" class="1004" name="A_6_addr_gep_fu_200">
<pin_list>
<pin id="201" dir="0" index="0" bw="32" slack="0"/>
<pin id="202" dir="0" index="1" bw="1" slack="0"/>
<pin id="203" dir="0" index="2" bw="5" slack="0"/>
<pin id="204" dir="1" index="3" bw="4" slack="0"/>
</pin_list>
<bind>
<opcode="getelementptr(29) " fcode="getelementptr"/>
<opset="A_6_addr/1 "/>
</bind>
</comp>

<comp id="207" class="1004" name="A_7_addr_gep_fu_207">
<pin_list>
<pin id="208" dir="0" index="0" bw="32" slack="0"/>
<pin id="209" dir="0" index="1" bw="1" slack="0"/>
<pin id="210" dir="0" index="2" bw="5" slack="0"/>
<pin id="211" dir="1" index="3" bw="4" slack="0"/>
</pin_list>
<bind>
<opcode="getelementptr(29) " fcode="getelementptr"/>
<opset="A_7_addr/1 "/>
</bind>
</comp>

<comp id="214" class="1004" name="A_8_addr_gep_fu_214">
<pin_list>
<pin id="215" dir="0" index="0" bw="32" slack="0"/>
<pin id="216" dir="0" index="1" bw="1" slack="0"/>
<pin id="217" dir="0" index="2" bw="5" slack="0"/>
<pin id="218" dir="1" index="3" bw="4" slack="0"/>
</pin_list>
<bind>
<opcode="getelementptr(29) " fcode="getelementptr"/>
<opset="A_8_addr/1 "/>
</bind>
</comp>

<comp id="221" class="1004" name="A_9_addr_gep_fu_221">
<pin_list>
<pin id="222" dir="0" index="0" bw="32" slack="0"/>
<pin id="223" dir="0" index="1" bw="1" slack="0"/>
<pin id="224" dir="0" index="2" bw="5" slack="0"/>
<pin id="225" dir="1" index="3" bw="4" slack="0"/>
</pin_list>
<bind>
<opcode="getelementptr(29) " fcode="getelementptr"/>
<opset="A_9_addr/1 "/>
</bind>
</comp>

<comp id="228" class="1004" name="A_10_addr_gep_fu_228">
<pin_list>
<pin id="229" dir="0" index="0" bw="32" slack="0"/>
<pin id="230" dir="0" index="1" bw="1" slack="0"/>
<pin id="231" dir="0" index="2" bw="5" slack="0"/>
<pin id="232" dir="1" index="3" bw="4" slack="0"/>
</pin_list>
<bind>
<opcode="getelementptr(29) " fcode="getelementptr"/>
<opset="A_10_addr/1 "/>
</bind>
</comp>

<comp id="235" class="1004" name="A_11_addr_gep_fu_235">
<pin_list>
<pin id="236" dir="0" index="0" bw="32" slack="0"/>
<pin id="237" dir="0" index="1" bw="1" slack="0"/>
<pin id="238" dir="0" index="2" bw="5" slack="0"/>
<pin id="239" dir="1" index="3" bw="4" slack="0"/>
</pin_list>
<bind>
<opcode="getelementptr(29) " fcode="getelementptr"/>
<opset="A_11_addr/1 "/>
</bind>
</comp>

<comp id="242" class="1004" name="A_12_addr_gep_fu_242">
<pin_list>
<pin id="243" dir="0" index="0" bw="32" slack="0"/>
<pin id="244" dir="0" index="1" bw="1" slack="0"/>
<pin id="245" dir="0" index="2" bw="5" slack="0"/>
<pin id="246" dir="1" index="3" bw="4" slack="0"/>
</pin_list>
<bind>
<opcode="getelementptr(29) " fcode="getelementptr"/>
<opset="A_12_addr/1 "/>
</bind>
</comp>

<comp id="249" class="1004" name="A_13_addr_gep_fu_249">
<pin_list>
<pin id="250" dir="0" index="0" bw="32" slack="0"/>
<pin id="251" dir="0" index="1" bw="1" slack="0"/>
<pin id="252" dir="0" index="2" bw="5" slack="0"/>
<pin id="253" dir="1" index="3" bw="4" slack="0"/>
</pin_list>
<bind>
<opcode="getelementptr(29) " fcode="getelementptr"/>
<opset="A_13_addr/1 "/>
</bind>
</comp>

<comp id="256" class="1004" name="A_14_addr_gep_fu_256">
<pin_list>
<pin id="257" dir="0" index="0" bw="32" slack="0"/>
<pin id="258" dir="0" index="1" bw="1" slack="0"/>
<pin id="259" dir="0" index="2" bw="5" slack="0"/>
<pin id="260" dir="1" index="3" bw="4" slack="0"/>
</pin_list>
<bind>
<opcode="getelementptr(29) " fcode="getelementptr"/>
<opset="A_14_addr/1 "/>
</bind>
</comp>

<comp id="263" class="1004" name="A_15_addr_gep_fu_263">
<pin_list>
<pin id="264" dir="0" index="0" bw="32" slack="0"/>
<pin id="265" dir="0" index="1" bw="1" slack="0"/>
<pin id="266" dir="0" index="2" bw="5" slack="0"/>
<pin id="267" dir="1" index="3" bw="4" slack="0"/>
</pin_list>
<bind>
<opcode="getelementptr(29) " fcode="getelementptr"/>
<opset="A_15_addr/1 "/>
</bind>
</comp>

<comp id="270" class="1004" name="store_ln32_access_fu_270">
<pin_list>
<pin id="271" dir="0" index="0" bw="4" slack="0"/>
<pin id="272" dir="0" index="1" bw="32" slack="0"/>
<pin id="273" dir="0" index="2" bw="0" slack="2147483647"/>
<pin id="274" dir="1" index="3" bw="32" slack="2147483647"/>
</pin_list>
<bind>
<opcode="store(28) " fcode="store"/>
<opset="store_ln32/1 "/>
</bind>
</comp>

<comp id="276" class="1004" name="store_ln32_access_fu_276">
<pin_list>
<pin id="277" dir="0" index="0" bw="4" slack="0"/>
<pin id="278" dir="0" index="1" bw="32" slack="0"/>
<pin id="279" dir="0" index="2" bw="0" slack="2147483647"/>
<pin id="280" dir="1" index="3" bw="32" slack="2147483647"/>
</pin_list>
<bind>
<opcode="store(28) " fcode="store"/>
<opset="store_ln32/1 "/>
</bind>
</comp>

<comp id="282" class="1004" name="store_ln32_access_fu_282">
<pin_list>
<pin id="283" dir="0" index="0" bw="4" slack="0"/>
<pin id="284" dir="0" index="1" bw="32" slack="0"/>
<pin id="285" dir="0" index="2" bw="0" slack="2147483647"/>
<pin id="286" dir="1" index="3" bw="32" slack="2147483647"/>
</pin_list>
<bind>
<opcode="store(28) " fcode="store"/>
<opset="store_ln32/1 "/>
</bind>
</comp>

<comp id="288" class="1004" name="store_ln32_access_fu_288">
<pin_list>
<pin id="289" dir="0" index="0" bw="4" slack="0"/>
<pin id="290" dir="0" index="1" bw="32" slack="0"/>
<pin id="291" dir="0" index="2" bw="0" slack="2147483647"/>
<pin id="292" dir="1" index="3" bw="32" slack="2147483647"/>
</pin_list>
<bind>
<opcode="store(28) " fcode="store"/>
<opset="store_ln32/1 "/>
</bind>
</comp>

<comp id="294" class="1004" name="store_ln32_access_fu_294">
<pin_list>
<pin id="295" dir="0" index="0" bw="4" slack="0"/>
<pin id="296" dir="0" index="1" bw="32" slack="0"/>
<pin id="297" dir="0" index="2" bw="0" slack="2147483647"/>
<pin id="298" dir="1" index="3" bw="32" slack="2147483647"/>
</pin_list>
<bind>
<opcode="store(28) " fcode="store"/>
<opset="store_ln32/1 "/>
</bind>
</comp>

<comp id="300" class="1004" name="store_ln32_access_fu_300">
<pin_list>
<pin id="301" dir="0" index="0" bw="4" slack="0"/>
<pin id="302" dir="0" index="1" bw="32" slack="0"/>
<pin id="303" dir="0" index="2" bw="0" slack="2147483647"/>
<pin id="304" dir="1" index="3" bw="32" slack="2147483647"/>
</pin_list>
<bind>
<opcode="store(28) " fcode="store"/>
<opset="store_ln32/1 "/>
</bind>
</comp>

<comp id="306" class="1004" name="store_ln32_access_fu_306">
<pin_list>
<pin id="307" dir="0" index="0" bw="4" slack="0"/>
<pin id="308" dir="0" index="1" bw="32" slack="0"/>
<pin id="309" dir="0" index="2" bw="0" slack="2147483647"/>
<pin id="310" dir="1" index="3" bw="32" slack="2147483647"/>
</pin_list>
<bind>
<opcode="store(28) " fcode="store"/>
<opset="store_ln32/1 "/>
</bind>
</comp>

<comp id="312" class="1004" name="store_ln32_access_fu_312">
<pin_list>
<pin id="313" dir="0" index="0" bw="4" slack="0"/>
<pin id="314" dir="0" index="1" bw="32" slack="0"/>
<pin id="315" dir="0" index="2" bw="0" slack="2147483647"/>
<pin id="316" dir="1" index="3" bw="32" slack="2147483647"/>
</pin_list>
<bind>
<opcode="store(28) " fcode="store"/>
<opset="store_ln32/1 "/>
</bind>
</comp>

<comp id="318" class="1004" name="store_ln32_access_fu_318">
<pin_list>
<pin id="319" dir="0" index="0" bw="4" slack="0"/>
<pin id="320" dir="0" index="1" bw="32" slack="0"/>
<pin id="321" dir="0" index="2" bw="0" slack="2147483647"/>
<pin id="322" dir="1" index="3" bw="32" slack="2147483647"/>
</pin_list>
<bind>
<opcode="store(28) " fcode="store"/>
<opset="store_ln32/1 "/>
</bind>
</comp>

<comp id="324" class="1004" name="store_ln32_access_fu_324">
<pin_list>
<pin id="325" dir="0" index="0" bw="4" slack="0"/>
<pin id="326" dir="0" index="1" bw="32" slack="0"/>
<pin id="327" dir="0" index="2" bw="0" slack="2147483647"/>
<pin id="328" dir="1" index="3" bw="32" slack="2147483647"/>
</pin_list>
<bind>
<opcode="store(28) " fcode="store"/>
<opset="store_ln32/1 "/>
</bind>
</comp>

<comp id="330" class="1004" name="store_ln32_access_fu_330">
<pin_list>
<pin id="331" dir="0" index="0" bw="4" slack="0"/>
<pin id="332" dir="0" index="1" bw="32" slack="0"/>
<pin id="333" dir="0" index="2" bw="0" slack="2147483647"/>
<pin id="334" dir="1" index="3" bw="32" slack="2147483647"/>
</pin_list>
<bind>
<opcode="store(28) " fcode="store"/>
<opset="store_ln32/1 "/>
</bind>
</comp>

<comp id="336" class="1004" name="store_ln32_access_fu_336">
<pin_list>
<pin id="337" dir="0" index="0" bw="4" slack="0"/>
<pin id="338" dir="0" index="1" bw="32" slack="0"/>
<pin id="339" dir="0" index="2" bw="0" slack="2147483647"/>
<pin id="340" dir="1" index="3" bw="32" slack="2147483647"/>
</pin_list>
<bind>
<opcode="store(28) " fcode="store"/>
<opset="store_ln32/1 "/>
</bind>
</comp>

<comp id="342" class="1004" name="store_ln32_access_fu_342">
<pin_list>
<pin id="343" dir="0" index="0" bw="4" slack="0"/>
<pin id="344" dir="0" index="1" bw="32" slack="0"/>
<pin id="345" dir="0" index="2" bw="0" slack="2147483647"/>
<pin id="346" dir="1" index="3" bw="32" slack="2147483647"/>
</pin_list>
<bind>
<opcode="store(28) " fcode="store"/>
<opset="store_ln32/1 "/>
</bind>
</comp>

<comp id="348" class="1004" name="store_ln32_access_fu_348">
<pin_list>
<pin id="349" dir="0" index="0" bw="4" slack="0"/>
<pin id="350" dir="0" index="1" bw="32" slack="0"/>
<pin id="351" dir="0" index="2" bw="0" slack="2147483647"/>
<pin id="352" dir="1" index="3" bw="32" slack="2147483647"/>
</pin_list>
<bind>
<opcode="store(28) " fcode="store"/>
<opset="store_ln32/1 "/>
</bind>
</comp>

<comp id="354" class="1004" name="store_ln32_access_fu_354">
<pin_list>
<pin id="355" dir="0" index="0" bw="4" slack="0"/>
<pin id="356" dir="0" index="1" bw="32" slack="0"/>
<pin id="357" dir="0" index="2" bw="0" slack="2147483647"/>
<pin id="358" dir="1" index="3" bw="32" slack="2147483647"/>
</pin_list>
<bind>
<opcode="store(28) " fcode="store"/>
<opset="store_ln32/1 "/>
</bind>
</comp>

<comp id="360" class="1004" name="store_ln32_access_fu_360">
<pin_list>
<pin id="361" dir="0" index="0" bw="4" slack="0"/>
<pin id="362" dir="0" index="1" bw="32" slack="0"/>
<pin id="363" dir="0" index="2" bw="0" slack="2147483647"/>
<pin id="364" dir="1" index="3" bw="32" slack="2147483647"/>
</pin_list>
<bind>
<opcode="store(28) " fcode="store"/>
<opset="store_ln32/1 "/>
</bind>
</comp>

<comp id="366" class="1004" name="store_ln0_store_fu_366">
<pin_list>
<pin id="367" dir="0" index="0" bw="1" slack="0"/>
<pin id="368" dir="0" index="1" bw="5" slack="0"/>
<pin id="369" dir="1" index="2" bw="0" slack="2147483647"/>
</pin_list>
<bind>
<opcode="store(28) " fcode="store"/>
<opset="store_ln0/1 "/>
</bind>
</comp>

<comp id="371" class="1004" name="i_3_load_fu_371">
<pin_list>
<pin id="372" dir="0" index="0" bw="5" slack="0"/>
<pin id="373" dir="1" index="1" bw="5" slack="0"/>
</pin_list>
<bind>
<opcode="load(27) " fcode="load"/>
<opset="i_3/1 "/>
</bind>
</comp>

<comp id="374" class="1004" name="icmp_ln26_fu_374">
<pin_list>
<pin id="375" dir="0" index="0" bw="5" slack="0"/>
<pin id="376" dir="0" index="1" bw="5" slack="0"/>
<pin id="377" dir="1" index="2" bw="1" slack="2147483647"/>
</pin_list>
<bind>
<opcode="icmp(45) " fcode="icmp"/>
<opset="icmp_ln26/1 "/>
</bind>
</comp>

<comp id="380" class="1004" name="add_ln26_fu_380">
<pin_list>
<pin id="381" dir="0" index="0" bw="5" slack="0"/>
<pin id="382" dir="0" index="1" bw="1" slack="0"/>
<pin id="383" dir="1" index="2" bw="5" slack="0"/>
</pin_list>
<bind>
<opcode="add(8) " fcode="add"/>
<opset="add_ln26/1 "/>
</bind>
</comp>

<comp id="386" class="1004" name="zext_ln26_fu_386">
<pin_list>
<pin id="387" dir="0" index="0" bw="5" slack="0"/>
<pin id="388" dir="1" index="1" bw="64" slack="0"/>
</pin_list>
<bind>
<opcode="zext(34) " fcode="zext"/>
<opset="zext_ln26/1 "/>
</bind>
</comp>

<comp id="406" class="1004" name="pkt_data_V_fu_406">
<pin_list>
<pin id="407" dir="0" index="0" bw="641" slack="0"/>
<pin id="408" dir="1" index="1" bw="512" slack="0"/>
</pin_list>
<bind>
<opcode="extractvalue(56) " fcode="extractvalue"/>
<opset="pkt_data_V/1 "/>
</bind>
</comp>

<comp id="410" class="1004" name="trunc_ln32_fu_410">
<pin_list>
<pin id="411" dir="0" index="0" bw="512" slack="0"/>
<pin id="412" dir="1" index="1" bw="32" slack="0"/>
</pin_list>
<bind>
<opcode="trunc(33) " fcode="trunc"/>
<opset="trunc_ln32/1 "/>
</bind>
</comp>

<comp id="415" class="1004" name="tmp_15_fu_415">
<pin_list>
<pin id="416" dir="0" index="0" bw="32" slack="0"/>
<pin id="417" dir="0" index="1" bw="512" slack="0"/>
<pin id="418" dir="0" index="2" bw="7" slack="0"/>
<pin id="419" dir="0" index="3" bw="7" slack="0"/>
<pin id="420" dir="1" index="4" bw="32" slack="0"/>
</pin_list>
<bind>
<opcode="partselect(1002) " fcode="partselect"/>
<opset="tmp_15/1 "/>
</bind>
</comp>

<comp id="426" class="1004" name="tmp_26_fu_426">
<pin_list>
<pin id="427" dir="0" index="0" bw="32" slack="0"/>
<pin id="428" dir="0" index="1" bw="512" slack="0"/>
<pin id="429" dir="0" index="2" bw="8" slack="0"/>
<pin id="430" dir="0" index="3" bw="8" slack="0"/>
<pin id="431" dir="1" index="4" bw="32" slack="0"/>
</pin_list>
<bind>
<opcode="partselect(1002) " fcode="partselect"/>
<opset="tmp_26/1 "/>
</bind>
</comp>

<comp id="437" class="1004" name="tmp_s_fu_437">
<pin_list>
<pin id="438" dir="0" index="0" bw="32" slack="0"/>
<pin id="439" dir="0" index="1" bw="512" slack="0"/>
<pin id="440" dir="0" index="2" bw="8" slack="0"/>
<pin id="441" dir="0" index="3" bw="8" slack="0"/>
<pin id="442" dir="1" index="4" bw="32" slack="0"/>
</pin_list>
<bind>
<opcode="partselect(1002) " fcode="partselect"/>
<opset="tmp_s/1 "/>
</bind>
</comp>

<comp id="448" class="1004" name="tmp_30_fu_448">
<pin_list>
<pin id="449" dir="0" index="0" bw="32" slack="0"/>
<pin id="450" dir="0" index="1" bw="512" slack="0"/>
<pin id="451" dir="0" index="2" bw="9" slack="0"/>
<pin id="452" dir="0" index="3" bw="9" slack="0"/>
<pin id="453" dir="1" index="4" bw="32" slack="0"/>
</pin_list>
<bind>
<opcode="partselect(1002) " fcode="partselect"/>
<opset="tmp_30/1 "/>
</bind>
</comp>

<comp id="459" class="1004" name="tmp_31_fu_459">
<pin_list>
<pin id="460" dir="0" index="0" bw="32" slack="0"/>
<pin id="461" dir="0" index="1" bw="512" slack="0"/>
<pin id="462" dir="0" index="2" bw="9" slack="0"/>
<pin id="463" dir="0" index="3" bw="9" slack="0"/>
<pin id="464" dir="1" index="4" bw="32" slack="0"/>
</pin_list>
<bind>
<opcode="partselect(1002) " fcode="partselect"/>
<opset="tmp_31/1 "/>
</bind>
</comp>

<comp id="470" class="1004" name="tmp_32_fu_470">
<pin_list>
<pin id="471" dir="0" index="0" bw="32" slack="0"/>
<pin id="472" dir="0" index="1" bw="512" slack="0"/>
<pin id="473" dir="0" index="2" bw="9" slack="0"/>
<pin id="474" dir="0" index="3" bw="9" slack="0"/>
<pin id="475" dir="1" index="4" bw="32" slack="0"/>
</pin_list>
<bind>
<opcode="partselect(1002) " fcode="partselect"/>
<opset="tmp_32/1 "/>
</bind>
</comp>

<comp id="481" class="1004" name="tmp_33_fu_481">
<pin_list>
<pin id="482" dir="0" index="0" bw="32" slack="0"/>
<pin id="483" dir="0" index="1" bw="512" slack="0"/>
<pin id="484" dir="0" index="2" bw="9" slack="0"/>
<pin id="485" dir="0" index="3" bw="9" slack="0"/>
<pin id="486" dir="1" index="4" bw="32" slack="0"/>
</pin_list>
<bind>
<opcode="partselect(1002) " fcode="partselect"/>
<opset="tmp_33/1 "/>
</bind>
</comp>

<comp id="492" class="1004" name="tmp_34_fu_492">
<pin_list>
<pin id="493" dir="0" index="0" bw="32" slack="0"/>
<pin id="494" dir="0" index="1" bw="512" slack="0"/>
<pin id="495" dir="0" index="2" bw="10" slack="0"/>
<pin id="496" dir="0" index="3" bw="10" slack="0"/>
<pin id="497" dir="1" index="4" bw="32" slack="0"/>
</pin_list>
<bind>
<opcode="partselect(1002) " fcode="partselect"/>
<opset="tmp_34/1 "/>
</bind>
</comp>

<comp id="503" class="1004" name="tmp_35_fu_503">
<pin_list>
<pin id="504" dir="0" index="0" bw="32" slack="0"/>
<pin id="505" dir="0" index="1" bw="512" slack="0"/>
<pin id="506" dir="0" index="2" bw="10" slack="0"/>
<pin id="507" dir="0" index="3" bw="10" slack="0"/>
<pin id="508" dir="1" index="4" bw="32" slack="0"/>
</pin_list>
<bind>
<opcode="partselect(1002) " fcode="partselect"/>
<opset="tmp_35/1 "/>
</bind>
</comp>

<comp id="514" class="1004" name="tmp_16_fu_514">
<pin_list>
<pin id="515" dir="0" index="0" bw="32" slack="0"/>
<pin id="516" dir="0" index="1" bw="512" slack="0"/>
<pin id="517" dir="0" index="2" bw="10" slack="0"/>
<pin id="518" dir="0" index="3" bw="10" slack="0"/>
<pin id="519" dir="1" index="4" bw="32" slack="0"/>
</pin_list>
<bind>
<opcode="partselect(1002) " fcode="partselect"/>
<opset="tmp_16/1 "/>
</bind>
</comp>

<comp id="525" class="1004" name="tmp_36_fu_525">
<pin_list>
<pin id="526" dir="0" index="0" bw="32" slack="0"/>
<pin id="527" dir="0" index="1" bw="512" slack="0"/>
<pin id="528" dir="0" index="2" bw="10" slack="0"/>
<pin id="529" dir="0" index="3" bw="10" slack="0"/>
<pin id="530" dir="1" index="4" bw="32" slack="0"/>
</pin_list>
<bind>
<opcode="partselect(1002) " fcode="partselect"/>
<opset="tmp_36/1 "/>
</bind>
</comp>

<comp id="536" class="1004" name="tmp_37_fu_536">
<pin_list>
<pin id="537" dir="0" index="0" bw="32" slack="0"/>
<pin id="538" dir="0" index="1" bw="512" slack="0"/>
<pin id="539" dir="0" index="2" bw="10" slack="0"/>
<pin id="540" dir="0" index="3" bw="10" slack="0"/>
<pin id="541" dir="1" index="4" bw="32" slack="0"/>
</pin_list>
<bind>
<opcode="partselect(1002) " fcode="partselect"/>
<opset="tmp_37/1 "/>
</bind>
</comp>

<comp id="547" class="1004" name="tmp_38_fu_547">
<pin_list>
<pin id="548" dir="0" index="0" bw="32" slack="0"/>
<pin id="549" dir="0" index="1" bw="512" slack="0"/>
<pin id="550" dir="0" index="2" bw="10" slack="0"/>
<pin id="551" dir="0" index="3" bw="10" slack="0"/>
<pin id="552" dir="1" index="4" bw="32" slack="0"/>
</pin_list>
<bind>
<opcode="partselect(1002) " fcode="partselect"/>
<opset="tmp_38/1 "/>
</bind>
</comp>

<comp id="558" class="1004" name="tmp_39_fu_558">
<pin_list>
<pin id="559" dir="0" index="0" bw="32" slack="0"/>
<pin id="560" dir="0" index="1" bw="512" slack="0"/>
<pin id="561" dir="0" index="2" bw="10" slack="0"/>
<pin id="562" dir="0" index="3" bw="10" slack="0"/>
<pin id="563" dir="1" index="4" bw="32" slack="0"/>
</pin_list>
<bind>
<opcode="partselect(1002) " fcode="partselect"/>
<opset="tmp_39/1 "/>
</bind>
</comp>

<comp id="569" class="1004" name="tmp_40_fu_569">
<pin_list>
<pin id="570" dir="0" index="0" bw="32" slack="0"/>
<pin id="571" dir="0" index="1" bw="512" slack="0"/>
<pin id="572" dir="0" index="2" bw="10" slack="0"/>
<pin id="573" dir="0" index="3" bw="10" slack="0"/>
<pin id="574" dir="1" index="4" bw="32" slack="0"/>
</pin_list>
<bind>
<opcode="partselect(1002) " fcode="partselect"/>
<opset="tmp_40/1 "/>
</bind>
</comp>

<comp id="580" class="1004" name="store_ln26_store_fu_580">
<pin_list>
<pin id="581" dir="0" index="0" bw="5" slack="0"/>
<pin id="582" dir="0" index="1" bw="5" slack="0"/>
<pin id="583" dir="1" index="2" bw="0" slack="2147483647"/>
</pin_list>
<bind>
<opcode="store(28) " fcode="store"/>
<opset="store_ln26/1 "/>
</bind>
</comp>

<comp id="585" class="1005" name="i_reg_585">
<pin_list>
<pin id="586" dir="0" index="0" bw="5" slack="0"/>
<pin id="587" dir="1" index="1" bw="5" slack="0"/>
</pin_list>
<bind>
<opset="i "/>
</bind>
</comp>

</comp_list>

<net_list>
<net id="145"><net_src comp="40" pin="0"/><net_sink comp="142" pin=0"/></net>

<net id="153"><net_src comp="76" pin="0"/><net_sink comp="146" pin=0"/></net>

<net id="154"><net_src comp="32" pin="0"/><net_sink comp="146" pin=1"/></net>

<net id="155"><net_src comp="34" pin="0"/><net_sink comp="146" pin=2"/></net>

<net id="156"><net_src comp="36" pin="0"/><net_sink comp="146" pin=3"/></net>

<net id="157"><net_src comp="38" pin="0"/><net_sink comp="146" pin=4"/></net>

<net id="163"><net_src comp="30" pin="0"/><net_sink comp="158" pin=0"/></net>

<net id="164"><net_src comp="78" pin="0"/><net_sink comp="158" pin=1"/></net>

<net id="170"><net_src comp="28" pin="0"/><net_sink comp="165" pin=0"/></net>

<net id="171"><net_src comp="78" pin="0"/><net_sink comp="165" pin=1"/></net>

<net id="177"><net_src comp="26" pin="0"/><net_sink comp="172" pin=0"/></net>

<net id="178"><net_src comp="78" pin="0"/><net_sink comp="172" pin=1"/></net>

<net id="184"><net_src comp="24" pin="0"/><net_sink comp="179" pin=0"/></net>

<net id="185"><net_src comp="78" pin="0"/><net_sink comp="179" pin=1"/></net>

<net id="191"><net_src comp="22" pin="0"/><net_sink comp="186" pin=0"/></net>

<net id="192"><net_src comp="78" pin="0"/><net_sink comp="186" pin=1"/></net>

<net id="198"><net_src comp="20" pin="0"/><net_sink comp="193" pin=0"/></net>

<net id="199"><net_src comp="78" pin="0"/><net_sink comp="193" pin=1"/></net>

<net id="205"><net_src comp="18" pin="0"/><net_sink comp="200" pin=0"/></net>

<net id="206"><net_src comp="78" pin="0"/><net_sink comp="200" pin=1"/></net>

<net id="212"><net_src comp="16" pin="0"/><net_sink comp="207" pin=0"/></net>

<net id="213"><net_src comp="78" pin="0"/><net_sink comp="207" pin=1"/></net>

<net id="219"><net_src comp="14" pin="0"/><net_sink comp="214" pin=0"/></net>

<net id="220"><net_src comp="78" pin="0"/><net_sink comp="214" pin=1"/></net>

<net id="226"><net_src comp="12" pin="0"/><net_sink comp="221" pin=0"/></net>

<net id="227"><net_src comp="78" pin="0"/><net_sink comp="221" pin=1"/></net>

<net id="233"><net_src comp="10" pin="0"/><net_sink comp="228" pin=0"/></net>

<net id="234"><net_src comp="78" pin="0"/><net_sink comp="228" pin=1"/></net>

<net id="240"><net_src comp="8" pin="0"/><net_sink comp="235" pin=0"/></net>

<net id="241"><net_src comp="78" pin="0"/><net_sink comp="235" pin=1"/></net>

<net id="247"><net_src comp="6" pin="0"/><net_sink comp="242" pin=0"/></net>

<net id="248"><net_src comp="78" pin="0"/><net_sink comp="242" pin=1"/></net>

<net id="254"><net_src comp="4" pin="0"/><net_sink comp="249" pin=0"/></net>

<net id="255"><net_src comp="78" pin="0"/><net_sink comp="249" pin=1"/></net>

<net id="261"><net_src comp="2" pin="0"/><net_sink comp="256" pin=0"/></net>

<net id="262"><net_src comp="78" pin="0"/><net_sink comp="256" pin=1"/></net>

<net id="268"><net_src comp="0" pin="0"/><net_sink comp="263" pin=0"/></net>

<net id="269"><net_src comp="78" pin="0"/><net_sink comp="263" pin=1"/></net>

<net id="275"><net_src comp="158" pin="3"/><net_sink comp="270" pin=0"/></net>

<net id="281"><net_src comp="165" pin="3"/><net_sink comp="276" pin=0"/></net>

<net id="287"><net_src comp="172" pin="3"/><net_sink comp="282" pin=0"/></net>

<net id="293"><net_src comp="179" pin="3"/><net_sink comp="288" pin=0"/></net>

<net id="299"><net_src comp="186" pin="3"/><net_sink comp="294" pin=0"/></net>

<net id="305"><net_src comp="193" pin="3"/><net_sink comp="300" pin=0"/></net>

<net id="311"><net_src comp="200" pin="3"/><net_sink comp="306" pin=0"/></net>

<net id="317"><net_src comp="207" pin="3"/><net_sink comp="312" pin=0"/></net>

<net id="323"><net_src comp="214" pin="3"/><net_sink comp="318" pin=0"/></net>

<net id="329"><net_src comp="221" pin="3"/><net_sink comp="324" pin=0"/></net>

<net id="335"><net_src comp="228" pin="3"/><net_sink comp="330" pin=0"/></net>

<net id="341"><net_src comp="235" pin="3"/><net_sink comp="336" pin=0"/></net>

<net id="347"><net_src comp="242" pin="3"/><net_sink comp="342" pin=0"/></net>

<net id="353"><net_src comp="249" pin="3"/><net_sink comp="348" pin=0"/></net>

<net id="359"><net_src comp="256" pin="3"/><net_sink comp="354" pin=0"/></net>

<net id="365"><net_src comp="263" pin="3"/><net_sink comp="360" pin=0"/></net>

<net id="370"><net_src comp="60" pin="0"/><net_sink comp="366" pin=0"/></net>

<net id="378"><net_src comp="371" pin="1"/><net_sink comp="374" pin=0"/></net>

<net id="379"><net_src comp="62" pin="0"/><net_sink comp="374" pin=1"/></net>

<net id="384"><net_src comp="371" pin="1"/><net_sink comp="380" pin=0"/></net>

<net id="385"><net_src comp="64" pin="0"/><net_sink comp="380" pin=1"/></net>

<net id="389"><net_src comp="371" pin="1"/><net_sink comp="386" pin=0"/></net>

<net id="390"><net_src comp="386" pin="1"/><net_sink comp="158" pin=2"/></net>

<net id="391"><net_src comp="386" pin="1"/><net_sink comp="165" pin=2"/></net>

<net id="392"><net_src comp="386" pin="1"/><net_sink comp="172" pin=2"/></net>

<net id="393"><net_src comp="386" pin="1"/><net_sink comp="179" pin=2"/></net>

<net id="394"><net_src comp="386" pin="1"/><net_sink comp="186" pin=2"/></net>

<net id="395"><net_src comp="386" pin="1"/><net_sink comp="193" pin=2"/></net>

<net id="396"><net_src comp="386" pin="1"/><net_sink comp="200" pin=2"/></net>

<net id="397"><net_src comp="386" pin="1"/><net_sink comp="207" pin=2"/></net>

<net id="398"><net_src comp="386" pin="1"/><net_sink comp="214" pin=2"/></net>

<net id="399"><net_src comp="386" pin="1"/><net_sink comp="221" pin=2"/></net>

<net id="400"><net_src comp="386" pin="1"/><net_sink comp="228" pin=2"/></net>

<net id="401"><net_src comp="386" pin="1"/><net_sink comp="235" pin=2"/></net>

<net id="402"><net_src comp="386" pin="1"/><net_sink comp="242" pin=2"/></net>

<net id="403"><net_src comp="386" pin="1"/><net_sink comp="249" pin=2"/></net>

<net id="404"><net_src comp="386" pin="1"/><net_sink comp="256" pin=2"/></net>

<net id="405"><net_src comp="386" pin="1"/><net_sink comp="263" pin=2"/></net>

<net id="409"><net_src comp="146" pin="5"/><net_sink comp="406" pin=0"/></net>

<net id="413"><net_src comp="406" pin="1"/><net_sink comp="410" pin=0"/></net>

<net id="414"><net_src comp="410" pin="1"/><net_sink comp="270" pin=1"/></net>

<net id="421"><net_src comp="80" pin="0"/><net_sink comp="415" pin=0"/></net>

<net id="422"><net_src comp="406" pin="1"/><net_sink comp="415" pin=1"/></net>

<net id="423"><net_src comp="82" pin="0"/><net_sink comp="415" pin=2"/></net>

<net id="424"><net_src comp="84" pin="0"/><net_sink comp="415" pin=3"/></net>

<net id="425"><net_src comp="415" pin="4"/><net_sink comp="276" pin=1"/></net>

<net id="432"><net_src comp="80" pin="0"/><net_sink comp="426" pin=0"/></net>

<net id="433"><net_src comp="406" pin="1"/><net_sink comp="426" pin=1"/></net>

<net id="434"><net_src comp="86" pin="0"/><net_sink comp="426" pin=2"/></net>

<net id="435"><net_src comp="88" pin="0"/><net_sink comp="426" pin=3"/></net>

<net id="436"><net_src comp="426" pin="4"/><net_sink comp="282" pin=1"/></net>

<net id="443"><net_src comp="80" pin="0"/><net_sink comp="437" pin=0"/></net>

<net id="444"><net_src comp="406" pin="1"/><net_sink comp="437" pin=1"/></net>

<net id="445"><net_src comp="90" pin="0"/><net_sink comp="437" pin=2"/></net>

<net id="446"><net_src comp="92" pin="0"/><net_sink comp="437" pin=3"/></net>

<net id="447"><net_src comp="437" pin="4"/><net_sink comp="288" pin=1"/></net>

<net id="454"><net_src comp="80" pin="0"/><net_sink comp="448" pin=0"/></net>

<net id="455"><net_src comp="406" pin="1"/><net_sink comp="448" pin=1"/></net>

<net id="456"><net_src comp="94" pin="0"/><net_sink comp="448" pin=2"/></net>

<net id="457"><net_src comp="96" pin="0"/><net_sink comp="448" pin=3"/></net>

<net id="458"><net_src comp="448" pin="4"/><net_sink comp="294" pin=1"/></net>

<net id="465"><net_src comp="80" pin="0"/><net_sink comp="459" pin=0"/></net>

<net id="466"><net_src comp="406" pin="1"/><net_sink comp="459" pin=1"/></net>

<net id="467"><net_src comp="98" pin="0"/><net_sink comp="459" pin=2"/></net>

<net id="468"><net_src comp="100" pin="0"/><net_sink comp="459" pin=3"/></net>

<net id="469"><net_src comp="459" pin="4"/><net_sink comp="300" pin=1"/></net>

<net id="476"><net_src comp="80" pin="0"/><net_sink comp="470" pin=0"/></net>

<net id="477"><net_src comp="406" pin="1"/><net_sink comp="470" pin=1"/></net>

<net id="478"><net_src comp="102" pin="0"/><net_sink comp="470" pin=2"/></net>

<net id="479"><net_src comp="104" pin="0"/><net_sink comp="470" pin=3"/></net>

<net id="480"><net_src comp="470" pin="4"/><net_sink comp="306" pin=1"/></net>

<net id="487"><net_src comp="80" pin="0"/><net_sink comp="481" pin=0"/></net>

<net id="488"><net_src comp="406" pin="1"/><net_sink comp="481" pin=1"/></net>

<net id="489"><net_src comp="106" pin="0"/><net_sink comp="481" pin=2"/></net>

<net id="490"><net_src comp="108" pin="0"/><net_sink comp="481" pin=3"/></net>

<net id="491"><net_src comp="481" pin="4"/><net_sink comp="312" pin=1"/></net>

<net id="498"><net_src comp="80" pin="0"/><net_sink comp="492" pin=0"/></net>

<net id="499"><net_src comp="406" pin="1"/><net_sink comp="492" pin=1"/></net>

<net id="500"><net_src comp="110" pin="0"/><net_sink comp="492" pin=2"/></net>

<net id="501"><net_src comp="112" pin="0"/><net_sink comp="492" pin=3"/></net>

<net id="502"><net_src comp="492" pin="4"/><net_sink comp="318" pin=1"/></net>

<net id="509"><net_src comp="80" pin="0"/><net_sink comp="503" pin=0"/></net>

<net id="510"><net_src comp="406" pin="1"/><net_sink comp="503" pin=1"/></net>

<net id="511"><net_src comp="114" pin="0"/><net_sink comp="503" pin=2"/></net>

<net id="512"><net_src comp="116" pin="0"/><net_sink comp="503" pin=3"/></net>

<net id="513"><net_src comp="503" pin="4"/><net_sink comp="324" pin=1"/></net>

<net id="520"><net_src comp="80" pin="0"/><net_sink comp="514" pin=0"/></net>

<net id="521"><net_src comp="406" pin="1"/><net_sink comp="514" pin=1"/></net>

<net id="522"><net_src comp="118" pin="0"/><net_sink comp="514" pin=2"/></net>

<net id="523"><net_src comp="120" pin="0"/><net_sink comp="514" pin=3"/></net>

<net id="524"><net_src comp="514" pin="4"/><net_sink comp="330" pin=1"/></net>

<net id="531"><net_src comp="80" pin="0"/><net_sink comp="525" pin=0"/></net>

<net id="532"><net_src comp="406" pin="1"/><net_sink comp="525" pin=1"/></net>

<net id="533"><net_src comp="122" pin="0"/><net_sink comp="525" pin=2"/></net>

<net id="534"><net_src comp="124" pin="0"/><net_sink comp="525" pin=3"/></net>

<net id="535"><net_src comp="525" pin="4"/><net_sink comp="336" pin=1"/></net>

<net id="542"><net_src comp="80" pin="0"/><net_sink comp="536" pin=0"/></net>

<net id="543"><net_src comp="406" pin="1"/><net_sink comp="536" pin=1"/></net>

<net id="544"><net_src comp="126" pin="0"/><net_sink comp="536" pin=2"/></net>

<net id="545"><net_src comp="128" pin="0"/><net_sink comp="536" pin=3"/></net>

<net id="546"><net_src comp="536" pin="4"/><net_sink comp="342" pin=1"/></net>

<net id="553"><net_src comp="80" pin="0"/><net_sink comp="547" pin=0"/></net>

<net id="554"><net_src comp="406" pin="1"/><net_sink comp="547" pin=1"/></net>

<net id="555"><net_src comp="130" pin="0"/><net_sink comp="547" pin=2"/></net>

<net id="556"><net_src comp="132" pin="0"/><net_sink comp="547" pin=3"/></net>

<net id="557"><net_src comp="547" pin="4"/><net_sink comp="348" pin=1"/></net>

<net id="564"><net_src comp="80" pin="0"/><net_sink comp="558" pin=0"/></net>

<net id="565"><net_src comp="406" pin="1"/><net_sink comp="558" pin=1"/></net>

<net id="566"><net_src comp="134" pin="0"/><net_sink comp="558" pin=2"/></net>

<net id="567"><net_src comp="136" pin="0"/><net_sink comp="558" pin=3"/></net>

<net id="568"><net_src comp="558" pin="4"/><net_sink comp="354" pin=1"/></net>

<net id="575"><net_src comp="80" pin="0"/><net_sink comp="569" pin=0"/></net>

<net id="576"><net_src comp="406" pin="1"/><net_sink comp="569" pin=1"/></net>

<net id="577"><net_src comp="138" pin="0"/><net_sink comp="569" pin=2"/></net>

<net id="578"><net_src comp="140" pin="0"/><net_sink comp="569" pin=3"/></net>

<net id="579"><net_src comp="569" pin="4"/><net_sink comp="360" pin=1"/></net>

<net id="584"><net_src comp="380" pin="2"/><net_sink comp="580" pin=0"/></net>

<net id="588"><net_src comp="142" pin="1"/><net_sink comp="585" pin=0"/></net>

<net id="589"><net_src comp="585" pin="1"/><net_sink comp="366" pin=1"/></net>

<net id="590"><net_src comp="585" pin="1"/><net_sink comp="371" pin=0"/></net>

<net id="591"><net_src comp="585" pin="1"/><net_sink comp="580" pin=1"/></net>

</net_list>

</model> 
---------------- Datapath Model END ------------------

* FSMD analyzer results:
  - Output states:
	Port: A_15 | {1 }
	Port: A_14 | {1 }
	Port: A_13 | {1 }
	Port: A_12 | {1 }
	Port: A_11 | {1 }
	Port: A_10 | {1 }
	Port: A_9 | {1 }
	Port: A_8 | {1 }
	Port: A_7 | {1 }
	Port: A_6 | {1 }
	Port: A_5 | {1 }
	Port: A_4 | {1 }
	Port: A_3 | {1 }
	Port: A_2 | {1 }
	Port: A_1 | {1 }
	Port: A | {1 }
 - Input state : 
	Port: MATMUL_Pipeline_load_A : s_axis_V_data_V | {1 }
	Port: MATMUL_Pipeline_load_A : s_axis_V_keep_V | {1 }
	Port: MATMUL_Pipeline_load_A : s_axis_V_strb_V | {1 }
	Port: MATMUL_Pipeline_load_A : s_axis_V_last_V | {1 }
  - Chain level:
	State 1
		store_ln0 : 1
		i_3 : 1
		icmp_ln26 : 2
		add_ln26 : 2
		br_ln26 : 3
		zext_ln26 : 2
		trunc_ln32 : 1
		A_addr : 3
		tmp_15 : 1
		A_1_addr : 3
		tmp_26 : 1
		A_2_addr : 3
		tmp_s : 1
		A_3_addr : 3
		tmp_30 : 1
		A_4_addr : 3
		tmp_31 : 1
		A_5_addr : 3
		tmp_32 : 1
		A_6_addr : 3
		tmp_33 : 1
		A_7_addr : 3
		tmp_34 : 1
		A_8_addr : 3
		tmp_35 : 1
		A_9_addr : 3
		tmp_16 : 1
		A_10_addr : 3
		tmp_36 : 1
		A_11_addr : 3
		tmp_37 : 1
		A_12_addr : 3
		tmp_38 : 1
		A_13_addr : 3
		tmp_39 : 1
		A_14_addr : 3
		tmp_40 : 1
		A_15_addr : 3
		store_ln32 : 4
		store_ln32 : 4
		store_ln32 : 4
		store_ln32 : 4
		store_ln32 : 4
		store_ln32 : 4
		store_ln32 : 4
		store_ln32 : 4
		store_ln32 : 4
		store_ln32 : 4
		store_ln32 : 4
		store_ln32 : 4
		store_ln32 : 4
		store_ln32 : 4
		store_ln32 : 4
		store_ln32 : 4
		store_ln26 : 3


============================================================
+ Verbose Summary: Datapath Resource usage 
============================================================

* Functional unit list:
|----------|-------------------|---------|---------|
| Operation|  Functional Unit  |    FF   |   LUT   |
|----------|-------------------|---------|---------|
|   icmp   |  icmp_ln26_fu_374 |    0    |    13   |
|----------|-------------------|---------|---------|
|    add   |  add_ln26_fu_380  |    0    |    13   |
|----------|-------------------|---------|---------|
|   read   | empty_read_fu_146 |    0    |    0    |
|----------|-------------------|---------|---------|
|   zext   |  zext_ln26_fu_386 |    0    |    0    |
|----------|-------------------|---------|---------|
|extractvalue| pkt_data_V_fu_406 |    0    |    0    |
|----------|-------------------|---------|---------|
|   trunc  | trunc_ln32_fu_410 |    0    |    0    |
|----------|-------------------|---------|---------|
|          |   tmp_15_fu_415   |    0    |    0    |
|          |   tmp_26_fu_426   |    0    |    0    |
|          |    tmp_s_fu_437   |    0    |    0    |
|          |   tmp_30_fu_448   |    0    |    0    |
|          |   tmp_31_fu_459   |    0    |    0    |
|          |   tmp_32_fu_470   |    0    |    0    |
|          |   tmp_33_fu_481   |    0    |    0    |
|partselect|   tmp_34_fu_492   |    0    |    0    |
|          |   tmp_35_fu_503   |    0    |    0    |
|          |   tmp_16_fu_514   |    0    |    0    |
|          |   tmp_36_fu_525   |    0    |    0    |
|          |   tmp_37_fu_536   |    0    |    0    |
|          |   tmp_38_fu_547   |    0    |    0    |
|          |   tmp_39_fu_558   |    0    |    0    |
|          |   tmp_40_fu_569   |    0    |    0    |
|----------|-------------------|---------|---------|
|   Total  |                   |    0    |    26   |
|----------|-------------------|---------|---------|

Memories:
N/A

* Register list:
+---------+--------+
|         |   FF   |
+---------+--------+
|i_reg_585|    5   |
+---------+--------+
|  Total  |    5   |
+---------+--------+

* Multiplexer (MUX) list: 
|--------|------|------|------|--------|
|  Comp  |  Pin | Size |  BW  | S x BW |
|--------|------|------|------|--------|
|  Total |      |      |      |    0   |
|--------|------|------|------|--------|



* Summary:
+-----------+--------+--------+
|           |   FF   |   LUT  |
+-----------+--------+--------+
|  Function |    0   |   26   |
|   Memory  |    -   |    -   |
|Multiplexer|    -   |    -   |
|  Register |    5   |    -   |
+-----------+--------+--------+
|   Total   |    5   |   26   |
+-----------+--------+--------+
