

================================================================
== Vitis HLS Report for 'MATMUL_Pipeline_store'
================================================================
* Date:           Wed Mar  4 23:06:56 2026

* Version:        2023.1 (Build 3854077 on May  4 2023)
* Project:        Matrix_mul
* Solution:       solution1 (Vivado IP Flow Target)
* Product family: zynq
* Target device:  xc7z020-clg484-1


================================================================
== Performance Estimates
================================================================
+ Timing: 
    * Summary: 
    +--------+----------+----------+------------+
    |  Clock |  Target  | Estimated| Uncertainty|
    +--------+----------+----------+------------+
    |ap_clk  |  10.00 ns|  3.368 ns|     2.70 ns|
    +--------+----------+----------+------------+

+ Latency: 
    * Summary: 
    +---------+---------+----------+----------+-----+-----+---------+
    |  Latency (cycles) |  Latency (absolute) |  Interval | Pipeline|
    |   min   |   max   |    min   |    max   | min | max |   Type  |
    +---------+---------+----------+----------+-----+-----+---------+
    |       18|       18|  0.180 us|  0.180 us|   18|   18|       no|
    +---------+---------+----------+----------+-----+-----+---------+

    + Detail: 
        * Instance: 
        N/A

        * Loop: 
        +----------+---------+---------+----------+-----------+-----------+------+----------+
        |          |  Latency (cycles) | Iteration|  Initiation Interval  | Trip |          |
        | Loop Name|   min   |   max   |  Latency |  achieved |   target  | Count| Pipelined|
        +----------+---------+---------+----------+-----------+-----------+------+----------+
        |- store   |       16|       16|         2|          1|          1|    16|       yes|
        +----------+---------+---------+----------+-----------+-----------+------+----------+

============================================================
+ Verbose Summary: Synthesis Manager
============================================================
InlineROM: 1
ExposeGlobal: 0
============================================================
+ Verbose Summary: CDFG Model
============================================================
IsTopModel: 0
ResetActiveHigh: 1
IsCombinational: 0
IsDatapathOnly: 0
HasWiredReturn: 1
HasMFsm: 2
HasVarLatency: 1
IsPipeline: 0
IsRtlPipelined: 0
IsInstanceOverlapped: 0
IsDontTouch: 0
HasImplIP: 0
IsGatedGlobalClock: 0

+ Individual pipeline summary: 
  * Pipeline-0: initiation interval (II) = 1, depth = 2


============================================================
+ Verbose Summary: Schedule
============================================================
* Number of FSM states : 2
* Pipeline : 1
  Pipeline-0 : II = 1, D = 2, States = { 1 2 }
* Dataflow Pipeline: 0

* FSM state transitions: 
1 --> 2 
2 --> 

* FSM state operations: 

State 1 <SV = 0> <Delay = 3.36>
ST_1 : Operation 5 [1/1] (0.00ns)   --->   "%i = alloca i32 1"   --->   Operation 5 'alloca' 'i' <Predicate = true> <Delay = 0.00>
ST_1 : Operation 6 [1/1] (0.00ns)   --->   "%specaxissidechannel_ln0 = specaxissidechannel void @_ssdm_op_SpecAXISSideChannel, i512 %m_axis_V_data_V, i64 %m_axis_V_keep_V, i64 %m_axis_V_strb_V, i1 0, i1 %m_axis_V_last_V, i1 0, i1 0, void @empty_2"   --->   Operation 6 'specaxissidechannel' 'specaxissidechannel_ln0' <Predicate = true> <Delay = 0.00>
ST_1 : Operation 7 [1/1] (0.00ns)   --->   "%specinterface_ln0 = specinterface void @_ssdm_op_SpecInterface, i1 %m_axis_V_last_V, i64 %m_axis_V_strb_V, i64 %m_axis_V_keep_V, i512 %m_axis_V_data_V, void @empty, i32 0, i32 0, void @empty_0, i32 0, i32 0, void @empty_1, void @empty_1, void @empty_1, i32 0, i32 0, i32 0, i32 0, void @empty_1, void @empty_1, i32 4294967295, i32 0"   --->   Operation 7 'specinterface' 'specinterface_ln0' <Predicate = true> <Delay = 0.00>
ST_1 : Operation 8 [1/1] (0.00ns)   --->   "%AB_255_load_reload_read = read i32 @_ssdm_op_Read.ap_auto.i32, i32 %AB_255_load_reload"   --->   Operation 8 'read' 'AB_255_load_reload_read' <Predicate = true> <Delay = 0.00>
ST_1 : Operation 9 [1/1] (0.00ns)   --->   "%AB_239_load_reload_read = read i32 @_ssdm_op_Read.ap_auto.i32, i32 %AB_239_load_reload"   --->   Operation 9 'read' 'AB_239_load_reload_read' <Predicate = true> <Delay = 0.00>
ST_1 : Operation 10 [1/1] (0.00ns)   --->   "%AB_223_load_reload_read = read i32 @_ssdm_op_Read.ap_auto.i32, i32 %AB_223_load_reload"   --->   Operation 10 'read' 'AB_223_load_reload_read' <Predicate = true> <Delay = 0.00>
ST_1 : Operation 11 [1/1] (0.00ns)   --->   "%AB_207_load_reload_read = read i32 @_ssdm_op_Read.ap_auto.i32, i32 %AB_207_load_reload"   --->   Operation 11 'read' 'AB_207_load_reload_read' <Predicate = true> <Delay = 0.00>
ST_1 : Operation 12 [1/1] (0.00ns)   --->   "%AB_191_load_reload_read = read i32 @_ssdm_op_Read.ap_auto.i32, i32 %AB_191_load_reload"   --->   Operation 12 'read' 'AB_191_load_reload_read' <Predicate = true> <Delay = 0.00>
ST_1 : Operation 13 [1/1] (0.00ns)   --->   "%AB_175_load_reload_read = read i32 @_ssdm_op_Read.ap_auto.i32, i32 %AB_175_load_reload"   --->   Operation 13 'read' 'AB_175_load_reload_read' <Predicate = true> <Delay = 0.00>
ST_1 : Operation 14 [1/1] (0.00ns)   --->   "%AB_159_load_reload_read = read i32 @_ssdm_op_Read.ap_auto.i32, i32 %AB_159_load_reload"   --->   Operation 14 'read' 'AB_159_load_reload_read' <Predicate = true> <Delay = 0.00>
ST_1 : Operation 15 [1/1] (0.00ns)   --->   "%AB_143_load_reload_read = read i32 @_ssdm_op_Read.ap_auto.i32, i32 %AB_143_load_reload"   --->   Operation 15 'read' 'AB_143_load_reload_read' <Predicate = true> <Delay = 0.00>
ST_1 : Operation 16 [1/1] (0.00ns)   --->   "%AB_127_load_reload_read = read i32 @_ssdm_op_Read.ap_auto.i32, i32 %AB_127_load_reload"   --->   Operation 16 'read' 'AB_127_load_reload_read' <Predicate = true> <Delay = 0.00>
ST_1 : Operation 17 [1/1] (0.00ns)   --->   "%AB_111_load_reload_read = read i32 @_ssdm_op_Read.ap_auto.i32, i32 %AB_111_load_reload"   --->   Operation 17 'read' 'AB_111_load_reload_read' <Predicate = true> <Delay = 0.00>
ST_1 : Operation 18 [1/1] (0.00ns)   --->   "%AB_95_load_reload_read = read i32 @_ssdm_op_Read.ap_auto.i32, i32 %AB_95_load_reload"   --->   Operation 18 'read' 'AB_95_load_reload_read' <Predicate = true> <Delay = 0.00>
ST_1 : Operation 19 [1/1] (0.00ns)   --->   "%AB_79_load_reload_read = read i32 @_ssdm_op_Read.ap_auto.i32, i32 %AB_79_load_reload"   --->   Operation 19 'read' 'AB_79_load_reload_read' <Predicate = true> <Delay = 0.00>
ST_1 : Operation 20 [1/1] (0.00ns)   --->   "%AB_63_load_reload_read = read i32 @_ssdm_op_Read.ap_auto.i32, i32 %AB_63_load_reload"   --->   Operation 20 'read' 'AB_63_load_reload_read' <Predicate = true> <Delay = 0.00>
ST_1 : Operation 21 [1/1] (0.00ns)   --->   "%AB_47_load_reload_read = read i32 @_ssdm_op_Read.ap_auto.i32, i32 %AB_47_load_reload"   --->   Operation 21 'read' 'AB_47_load_reload_read' <Predicate = true> <Delay = 0.00>
ST_1 : Operation 22 [1/1] (0.00ns)   --->   "%AB_31_load_reload_read = read i32 @_ssdm_op_Read.ap_auto.i32, i32 %AB_31_load_reload"   --->   Operation 22 'read' 'AB_31_load_reload_read' <Predicate = true> <Delay = 0.00>
ST_1 : Operation 23 [1/1] (0.00ns)   --->   "%AB_15_load_reload_read = read i32 @_ssdm_op_Read.ap_auto.i32, i32 %AB_15_load_reload"   --->   Operation 23 'read' 'AB_15_load_reload_read' <Predicate = true> <Delay = 0.00>
ST_1 : Operation 24 [1/1] (0.00ns)   --->   "%AB_254_load_reload_read = read i32 @_ssdm_op_Read.ap_auto.i32, i32 %AB_254_load_reload"   --->   Operation 24 'read' 'AB_254_load_reload_read' <Predicate = true> <Delay = 0.00>
ST_1 : Operation 25 [1/1] (0.00ns)   --->   "%AB_238_load_reload_read = read i32 @_ssdm_op_Read.ap_auto.i32, i32 %AB_238_load_reload"   --->   Operation 25 'read' 'AB_238_load_reload_read' <Predicate = true> <Delay = 0.00>
ST_1 : Operation 26 [1/1] (0.00ns)   --->   "%AB_222_load_reload_read = read i32 @_ssdm_op_Read.ap_auto.i32, i32 %AB_222_load_reload"   --->   Operation 26 'read' 'AB_222_load_reload_read' <Predicate = true> <Delay = 0.00>
ST_1 : Operation 27 [1/1] (0.00ns)   --->   "%AB_206_load_reload_read = read i32 @_ssdm_op_Read.ap_auto.i32, i32 %AB_206_load_reload"   --->   Operation 27 'read' 'AB_206_load_reload_read' <Predicate = true> <Delay = 0.00>
ST_1 : Operation 28 [1/1] (0.00ns)   --->   "%AB_190_load_reload_read = read i32 @_ssdm_op_Read.ap_auto.i32, i32 %AB_190_load_reload"   --->   Operation 28 'read' 'AB_190_load_reload_read' <Predicate = true> <Delay = 0.00>
ST_1 : Operation 29 [1/1] (0.00ns)   --->   "%AB_174_load_reload_read = read i32 @_ssdm_op_Read.ap_auto.i32, i32 %AB_174_load_reload"   --->   Operation 29 'read' 'AB_174_load_reload_read' <Predicate = true> <Delay = 0.00>
ST_1 : Operation 30 [1/1] (0.00ns)   --->   "%AB_158_load_reload_read = read i32 @_ssdm_op_Read.ap_auto.i32, i32 %AB_158_load_reload"   --->   Operation 30 'read' 'AB_158_load_reload_read' <Predicate = true> <Delay = 0.00>
ST_1 : Operation 31 [1/1] (0.00ns)   --->   "%AB_142_load_reload_read = read i32 @_ssdm_op_Read.ap_auto.i32, i32 %AB_142_load_reload"   --->   Operation 31 'read' 'AB_142_load_reload_read' <Predicate = true> <Delay = 0.00>
ST_1 : Operation 32 [1/1] (0.00ns)   --->   "%AB_126_load_reload_read = read i32 @_ssdm_op_Read.ap_auto.i32, i32 %AB_126_load_reload"   --->   Operation 32 'read' 'AB_126_load_reload_read' <Predicate = true> <Delay = 0.00>
ST_1 : Operation 33 [1/1] (0.00ns)   --->   "%AB_110_load_reload_read = read i32 @_ssdm_op_Read.ap_auto.i32, i32 %AB_110_load_reload"   --->   Operation 33 'read' 'AB_110_load_reload_read' <Predicate = true> <Delay = 0.00>
ST_1 : Operation 34 [1/1] (0.00ns)   --->   "%AB_94_load_reload_read = read i32 @_ssdm_op_Read.ap_auto.i32, i32 %AB_94_load_reload"   --->   Operation 34 'read' 'AB_94_load_reload_read' <Predicate = true> <Delay = 0.00>
ST_1 : Operation 35 [1/1] (0.00ns)   --->   "%AB_78_load_reload_read = read i32 @_ssdm_op_Read.ap_auto.i32, i32 %AB_78_load_reload"   --->   Operation 35 'read' 'AB_78_load_reload_read' <Predicate = true> <Delay = 0.00>
ST_1 : Operation 36 [1/1] (0.00ns)   --->   "%AB_62_load_reload_read = read i32 @_ssdm_op_Read.ap_auto.i32, i32 %AB_62_load_reload"   --->   Operation 36 'read' 'AB_62_load_reload_read' <Predicate = true> <Delay = 0.00>
ST_1 : Operation 37 [1/1] (0.00ns)   --->   "%AB_46_load_reload_read = read i32 @_ssdm_op_Read.ap_auto.i32, i32 %AB_46_load_reload"   --->   Operation 37 'read' 'AB_46_load_reload_read' <Predicate = true> <Delay = 0.00>
ST_1 : Operation 38 [1/1] (0.00ns)   --->   "%AB_30_load_reload_read = read i32 @_ssdm_op_Read.ap_auto.i32, i32 %AB_30_load_reload"   --->   Operation 38 'read' 'AB_30_load_reload_read' <Predicate = true> <Delay = 0.00>
ST_1 : Operation 39 [1/1] (0.00ns)   --->   "%AB_14_load_reload_read = read i32 @_ssdm_op_Read.ap_auto.i32, i32 %AB_14_load_reload"   --->   Operation 39 'read' 'AB_14_load_reload_read' <Predicate = true> <Delay = 0.00>
ST_1 : Operation 40 [1/1] (0.00ns)   --->   "%AB_253_load_reload_read = read i32 @_ssdm_op_Read.ap_auto.i32, i32 %AB_253_load_reload"   --->   Operation 40 'read' 'AB_253_load_reload_read' <Predicate = true> <Delay = 0.00>
ST_1 : Operation 41 [1/1] (0.00ns)   --->   "%AB_237_load_reload_read = read i32 @_ssdm_op_Read.ap_auto.i32, i32 %AB_237_load_reload"   --->   Operation 41 'read' 'AB_237_load_reload_read' <Predicate = true> <Delay = 0.00>
ST_1 : Operation 42 [1/1] (0.00ns)   --->   "%AB_221_load_reload_read = read i32 @_ssdm_op_Read.ap_auto.i32, i32 %AB_221_load_reload"   --->   Operation 42 'read' 'AB_221_load_reload_read' <Predicate = true> <Delay = 0.00>
ST_1 : Operation 43 [1/1] (0.00ns)   --->   "%AB_205_load_reload_read = read i32 @_ssdm_op_Read.ap_auto.i32, i32 %AB_205_load_reload"   --->   Operation 43 'read' 'AB_205_load_reload_read' <Predicate = true> <Delay = 0.00>
ST_1 : Operation 44 [1/1] (0.00ns)   --->   "%AB_189_load_reload_read = read i32 @_ssdm_op_Read.ap_auto.i32, i32 %AB_189_load_reload"   --->   Operation 44 'read' 'AB_189_load_reload_read' <Predicate = true> <Delay = 0.00>
ST_1 : Operation 45 [1/1] (0.00ns)   --->   "%AB_173_load_reload_read = read i32 @_ssdm_op_Read.ap_auto.i32, i32 %AB_173_load_reload"   --->   Operation 45 'read' 'AB_173_load_reload_read' <Predicate = true> <Delay = 0.00>
ST_1 : Operation 46 [1/1] (0.00ns)   --->   "%AB_157_load_reload_read = read i32 @_ssdm_op_Read.ap_auto.i32, i32 %AB_157_load_reload"   --->   Operation 46 'read' 'AB_157_load_reload_read' <Predicate = true> <Delay = 0.00>
ST_1 : Operation 47 [1/1] (0.00ns)   --->   "%AB_141_load_reload_read = read i32 @_ssdm_op_Read.ap_auto.i32, i32 %AB_141_load_reload"   --->   Operation 47 'read' 'AB_141_load_reload_read' <Predicate = true> <Delay = 0.00>
ST_1 : Operation 48 [1/1] (0.00ns)   --->   "%AB_125_load_reload_read = read i32 @_ssdm_op_Read.ap_auto.i32, i32 %AB_125_load_reload"   --->   Operation 48 'read' 'AB_125_load_reload_read' <Predicate = true> <Delay = 0.00>
ST_1 : Operation 49 [1/1] (0.00ns)   --->   "%AB_109_load_reload_read = read i32 @_ssdm_op_Read.ap_auto.i32, i32 %AB_109_load_reload"   --->   Operation 49 'read' 'AB_109_load_reload_read' <Predicate = true> <Delay = 0.00>
ST_1 : Operation 50 [1/1] (0.00ns)   --->   "%AB_93_load_reload_read = read i32 @_ssdm_op_Read.ap_auto.i32, i32 %AB_93_load_reload"   --->   Operation 50 'read' 'AB_93_load_reload_read' <Predicate = true> <Delay = 0.00>
ST_1 : Operation 51 [1/1] (0.00ns)   --->   "%mux_case_43752028_reload_read = read i32 @_ssdm_op_Read.ap_auto.i32, i32 %mux_case_43752028_reload"   --->   Operation 51 'read' 'mux_case_43752028_reload_read' <Predicate = true> <Delay = 0.00>
ST_1 : Operation 52 [1/1] (0.00ns)   --->   "%mux_case_33742026_reload_read = read i32 @_ssdm_op_Read.ap_auto.i32, i32 %mux_case_33742026_reload"   --->   Operation 52 'read' 'mux_case_33742026_reload_read' <Predicate = true> <Delay = 0.00>
ST_1 : Operation 53 [1/1] (0.00ns)   --->   "%mux_case_23732024_reload_read = read i32 @_ssdm_op_Read.ap_auto.i32, i32 %mux_case_23732024_reload"   --->   Operation 53 'read' 'mux_case_23732024_reload_read' <Predicate = true> <Delay = 0.00>
ST_1 : Operation 54 [1/1] (0.00ns)   --->   "%mux_case_13722022_reload_read = read i32 @_ssdm_op_Read.ap_auto.i32, i32 %mux_case_13722022_reload"   --->   Operation 54 'read' 'mux_case_13722022_reload_read' <Predicate = true> <Delay = 0.00>
ST_1 : Operation 55 [1/1] (0.00ns)   --->   "%mux_case_03712020_reload_read = read i32 @_ssdm_op_Read.ap_auto.i32, i32 %mux_case_03712020_reload"   --->   Operation 55 'read' 'mux_case_03712020_reload_read' <Predicate = true> <Delay = 0.00>
ST_1 : Operation 56 [1/1] (0.00ns)   --->   "%mux_case_153702018_reload_read = read i32 @_ssdm_op_Read.ap_auto.i32, i32 %mux_case_153702018_reload"   --->   Operation 56 'read' 'mux_case_153702018_reload_read' <Predicate = true> <Delay = 0.00>
ST_1 : Operation 57 [1/1] (0.00ns)   --->   "%mux_case_143692016_reload_read = read i32 @_ssdm_op_Read.ap_auto.i32, i32 %mux_case_143692016_reload"   --->   Operation 57 'read' 'mux_case_143692016_reload_read' <Predicate = true> <Delay = 0.00>
ST_1 : Operation 58 [1/1] (0.00ns)   --->   "%mux_case_133682014_reload_read = read i32 @_ssdm_op_Read.ap_auto.i32, i32 %mux_case_133682014_reload"   --->   Operation 58 'read' 'mux_case_133682014_reload_read' <Predicate = true> <Delay = 0.00>
ST_1 : Operation 59 [1/1] (0.00ns)   --->   "%mux_case_123672012_reload_read = read i32 @_ssdm_op_Read.ap_auto.i32, i32 %mux_case_123672012_reload"   --->   Operation 59 'read' 'mux_case_123672012_reload_read' <Predicate = true> <Delay = 0.00>
ST_1 : Operation 60 [1/1] (0.00ns)   --->   "%mux_case_113662010_reload_read = read i32 @_ssdm_op_Read.ap_auto.i32, i32 %mux_case_113662010_reload"   --->   Operation 60 'read' 'mux_case_113662010_reload_read' <Predicate = true> <Delay = 0.00>
ST_1 : Operation 61 [1/1] (0.00ns)   --->   "%mux_case_103652008_reload_read = read i32 @_ssdm_op_Read.ap_auto.i32, i32 %mux_case_103652008_reload"   --->   Operation 61 'read' 'mux_case_103652008_reload_read' <Predicate = true> <Delay = 0.00>
ST_1 : Operation 62 [1/1] (0.00ns)   --->   "%mux_case_93642006_reload_read = read i32 @_ssdm_op_Read.ap_auto.i32, i32 %mux_case_93642006_reload"   --->   Operation 62 'read' 'mux_case_93642006_reload_read' <Predicate = true> <Delay = 0.00>
ST_1 : Operation 63 [1/1] (0.00ns)   --->   "%mux_case_83632004_reload_read = read i32 @_ssdm_op_Read.ap_auto.i32, i32 %mux_case_83632004_reload"   --->   Operation 63 'read' 'mux_case_83632004_reload_read' <Predicate = true> <Delay = 0.00>
ST_1 : Operation 64 [1/1] (0.00ns)   --->   "%mux_case_73622002_reload_read = read i32 @_ssdm_op_Read.ap_auto.i32, i32 %mux_case_73622002_reload"   --->   Operation 64 'read' 'mux_case_73622002_reload_read' <Predicate = true> <Delay = 0.00>
ST_1 : Operation 65 [1/1] (0.00ns)   --->   "%mux_case_63612000_reload_read = read i32 @_ssdm_op_Read.ap_auto.i32, i32 %mux_case_63612000_reload"   --->   Operation 65 'read' 'mux_case_63612000_reload_read' <Predicate = true> <Delay = 0.00>
ST_1 : Operation 66 [1/1] (0.00ns)   --->   "%mux_case_53601998_reload_read = read i32 @_ssdm_op_Read.ap_auto.i32, i32 %mux_case_53601998_reload"   --->   Operation 66 'read' 'mux_case_53601998_reload_read' <Predicate = true> <Delay = 0.00>
ST_1 : Operation 67 [1/1] (0.00ns)   --->   "%mux_case_43591996_reload_read = read i32 @_ssdm_op_Read.ap_auto.i32, i32 %mux_case_43591996_reload"   --->   Operation 67 'read' 'mux_case_43591996_reload_read' <Predicate = true> <Delay = 0.00>
ST_1 : Operation 68 [1/1] (0.00ns)   --->   "%mux_case_33581994_reload_read = read i32 @_ssdm_op_Read.ap_auto.i32, i32 %mux_case_33581994_reload"   --->   Operation 68 'read' 'mux_case_33581994_reload_read' <Predicate = true> <Delay = 0.00>
ST_1 : Operation 69 [1/1] (0.00ns)   --->   "%mux_case_23571992_reload_read = read i32 @_ssdm_op_Read.ap_auto.i32, i32 %mux_case_23571992_reload"   --->   Operation 69 'read' 'mux_case_23571992_reload_read' <Predicate = true> <Delay = 0.00>
ST_1 : Operation 70 [1/1] (0.00ns)   --->   "%mux_case_13561990_reload_read = read i32 @_ssdm_op_Read.ap_auto.i32, i32 %mux_case_13561990_reload"   --->   Operation 70 'read' 'mux_case_13561990_reload_read' <Predicate = true> <Delay = 0.00>
ST_1 : Operation 71 [1/1] (0.00ns)   --->   "%mux_case_03551988_reload_read = read i32 @_ssdm_op_Read.ap_auto.i32, i32 %mux_case_03551988_reload"   --->   Operation 71 'read' 'mux_case_03551988_reload_read' <Predicate = true> <Delay = 0.00>
ST_1 : Operation 72 [1/1] (0.00ns)   --->   "%mux_case_153541986_reload_read = read i32 @_ssdm_op_Read.ap_auto.i32, i32 %mux_case_153541986_reload"   --->   Operation 72 'read' 'mux_case_153541986_reload_read' <Predicate = true> <Delay = 0.00>
ST_1 : Operation 73 [1/1] (0.00ns)   --->   "%mux_case_143531984_reload_read = read i32 @_ssdm_op_Read.ap_auto.i32, i32 %mux_case_143531984_reload"   --->   Operation 73 'read' 'mux_case_143531984_reload_read' <Predicate = true> <Delay = 0.00>
ST_1 : Operation 74 [1/1] (0.00ns)   --->   "%mux_case_133521982_reload_read = read i32 @_ssdm_op_Read.ap_auto.i32, i32 %mux_case_133521982_reload"   --->   Operation 74 'read' 'mux_case_133521982_reload_read' <Predicate = true> <Delay = 0.00>
ST_1 : Operation 75 [1/1] (0.00ns)   --->   "%mux_case_123511980_reload_read = read i32 @_ssdm_op_Read.ap_auto.i32, i32 %mux_case_123511980_reload"   --->   Operation 75 'read' 'mux_case_123511980_reload_read' <Predicate = true> <Delay = 0.00>
ST_1 : Operation 76 [1/1] (0.00ns)   --->   "%mux_case_113501978_reload_read = read i32 @_ssdm_op_Read.ap_auto.i32, i32 %mux_case_113501978_reload"   --->   Operation 76 'read' 'mux_case_113501978_reload_read' <Predicate = true> <Delay = 0.00>
ST_1 : Operation 77 [1/1] (0.00ns)   --->   "%mux_case_103491976_reload_read = read i32 @_ssdm_op_Read.ap_auto.i32, i32 %mux_case_103491976_reload"   --->   Operation 77 'read' 'mux_case_103491976_reload_read' <Predicate = true> <Delay = 0.00>
ST_1 : Operation 78 [1/1] (0.00ns)   --->   "%mux_case_93481974_reload_read = read i32 @_ssdm_op_Read.ap_auto.i32, i32 %mux_case_93481974_reload"   --->   Operation 78 'read' 'mux_case_93481974_reload_read' <Predicate = true> <Delay = 0.00>
ST_1 : Operation 79 [1/1] (0.00ns)   --->   "%mux_case_83471972_reload_read = read i32 @_ssdm_op_Read.ap_auto.i32, i32 %mux_case_83471972_reload"   --->   Operation 79 'read' 'mux_case_83471972_reload_read' <Predicate = true> <Delay = 0.00>
ST_1 : Operation 80 [1/1] (0.00ns)   --->   "%mux_case_73461970_reload_read = read i32 @_ssdm_op_Read.ap_auto.i32, i32 %mux_case_73461970_reload"   --->   Operation 80 'read' 'mux_case_73461970_reload_read' <Predicate = true> <Delay = 0.00>
ST_1 : Operation 81 [1/1] (0.00ns)   --->   "%mux_case_63451968_reload_read = read i32 @_ssdm_op_Read.ap_auto.i32, i32 %mux_case_63451968_reload"   --->   Operation 81 'read' 'mux_case_63451968_reload_read' <Predicate = true> <Delay = 0.00>
ST_1 : Operation 82 [1/1] (0.00ns)   --->   "%mux_case_53441966_reload_read = read i32 @_ssdm_op_Read.ap_auto.i32, i32 %mux_case_53441966_reload"   --->   Operation 82 'read' 'mux_case_53441966_reload_read' <Predicate = true> <Delay = 0.00>
ST_1 : Operation 83 [1/1] (0.00ns)   --->   "%mux_case_43431964_reload_read = read i32 @_ssdm_op_Read.ap_auto.i32, i32 %mux_case_43431964_reload"   --->   Operation 83 'read' 'mux_case_43431964_reload_read' <Predicate = true> <Delay = 0.00>
ST_1 : Operation 84 [1/1] (0.00ns)   --->   "%mux_case_33421962_reload_read = read i32 @_ssdm_op_Read.ap_auto.i32, i32 %mux_case_33421962_reload"   --->   Operation 84 'read' 'mux_case_33421962_reload_read' <Predicate = true> <Delay = 0.00>
ST_1 : Operation 85 [1/1] (0.00ns)   --->   "%mux_case_23411960_reload_read = read i32 @_ssdm_op_Read.ap_auto.i32, i32 %mux_case_23411960_reload"   --->   Operation 85 'read' 'mux_case_23411960_reload_read' <Predicate = true> <Delay = 0.00>
ST_1 : Operation 86 [1/1] (0.00ns)   --->   "%mux_case_13401958_reload_read = read i32 @_ssdm_op_Read.ap_auto.i32, i32 %mux_case_13401958_reload"   --->   Operation 86 'read' 'mux_case_13401958_reload_read' <Predicate = true> <Delay = 0.00>
ST_1 : Operation 87 [1/1] (0.00ns)   --->   "%mux_case_03391956_reload_read = read i32 @_ssdm_op_Read.ap_auto.i32, i32 %mux_case_03391956_reload"   --->   Operation 87 'read' 'mux_case_03391956_reload_read' <Predicate = true> <Delay = 0.00>
ST_1 : Operation 88 [1/1] (0.00ns)   --->   "%mux_case_153381954_reload_read = read i32 @_ssdm_op_Read.ap_auto.i32, i32 %mux_case_153381954_reload"   --->   Operation 88 'read' 'mux_case_153381954_reload_read' <Predicate = true> <Delay = 0.00>
ST_1 : Operation 89 [1/1] (0.00ns)   --->   "%mux_case_143371952_reload_read = read i32 @_ssdm_op_Read.ap_auto.i32, i32 %mux_case_143371952_reload"   --->   Operation 89 'read' 'mux_case_143371952_reload_read' <Predicate = true> <Delay = 0.00>
ST_1 : Operation 90 [1/1] (0.00ns)   --->   "%mux_case_133361950_reload_read = read i32 @_ssdm_op_Read.ap_auto.i32, i32 %mux_case_133361950_reload"   --->   Operation 90 'read' 'mux_case_133361950_reload_read' <Predicate = true> <Delay = 0.00>
ST_1 : Operation 91 [1/1] (0.00ns)   --->   "%mux_case_123351948_reload_read = read i32 @_ssdm_op_Read.ap_auto.i32, i32 %mux_case_123351948_reload"   --->   Operation 91 'read' 'mux_case_123351948_reload_read' <Predicate = true> <Delay = 0.00>
ST_1 : Operation 92 [1/1] (0.00ns)   --->   "%mux_case_113341946_reload_read = read i32 @_ssdm_op_Read.ap_auto.i32, i32 %mux_case_113341946_reload"   --->   Operation 92 'read' 'mux_case_113341946_reload_read' <Predicate = true> <Delay = 0.00>
ST_1 : Operation 93 [1/1] (0.00ns)   --->   "%mux_case_103331944_reload_read = read i32 @_ssdm_op_Read.ap_auto.i32, i32 %mux_case_103331944_reload"   --->   Operation 93 'read' 'mux_case_103331944_reload_read' <Predicate = true> <Delay = 0.00>
ST_1 : Operation 94 [1/1] (0.00ns)   --->   "%mux_case_93321942_reload_read = read i32 @_ssdm_op_Read.ap_auto.i32, i32 %mux_case_93321942_reload"   --->   Operation 94 'read' 'mux_case_93321942_reload_read' <Predicate = true> <Delay = 0.00>
ST_1 : Operation 95 [1/1] (0.00ns)   --->   "%mux_case_83311940_reload_read = read i32 @_ssdm_op_Read.ap_auto.i32, i32 %mux_case_83311940_reload"   --->   Operation 95 'read' 'mux_case_83311940_reload_read' <Predicate = true> <Delay = 0.00>
ST_1 : Operation 96 [1/1] (0.00ns)   --->   "%mux_case_73301938_reload_read = read i32 @_ssdm_op_Read.ap_auto.i32, i32 %mux_case_73301938_reload"   --->   Operation 96 'read' 'mux_case_73301938_reload_read' <Predicate = true> <Delay = 0.00>
ST_1 : Operation 97 [1/1] (0.00ns)   --->   "%mux_case_63291936_reload_read = read i32 @_ssdm_op_Read.ap_auto.i32, i32 %mux_case_63291936_reload"   --->   Operation 97 'read' 'mux_case_63291936_reload_read' <Predicate = true> <Delay = 0.00>
ST_1 : Operation 98 [1/1] (0.00ns)   --->   "%mux_case_53281934_reload_read = read i32 @_ssdm_op_Read.ap_auto.i32, i32 %mux_case_53281934_reload"   --->   Operation 98 'read' 'mux_case_53281934_reload_read' <Predicate = true> <Delay = 0.00>
ST_1 : Operation 99 [1/1] (0.00ns)   --->   "%mux_case_43271932_reload_read = read i32 @_ssdm_op_Read.ap_auto.i32, i32 %mux_case_43271932_reload"   --->   Operation 99 'read' 'mux_case_43271932_reload_read' <Predicate = true> <Delay = 0.00>
ST_1 : Operation 100 [1/1] (0.00ns)   --->   "%mux_case_33261930_reload_read = read i32 @_ssdm_op_Read.ap_auto.i32, i32 %mux_case_33261930_reload"   --->   Operation 100 'read' 'mux_case_33261930_reload_read' <Predicate = true> <Delay = 0.00>
ST_1 : Operation 101 [1/1] (0.00ns)   --->   "%mux_case_23251928_reload_read = read i32 @_ssdm_op_Read.ap_auto.i32, i32 %mux_case_23251928_reload"   --->   Operation 101 'read' 'mux_case_23251928_reload_read' <Predicate = true> <Delay = 0.00>
ST_1 : Operation 102 [1/1] (0.00ns)   --->   "%mux_case_13241926_reload_read = read i32 @_ssdm_op_Read.ap_auto.i32, i32 %mux_case_13241926_reload"   --->   Operation 102 'read' 'mux_case_13241926_reload_read' <Predicate = true> <Delay = 0.00>
ST_1 : Operation 103 [1/1] (0.00ns)   --->   "%mux_case_03231924_reload_read = read i32 @_ssdm_op_Read.ap_auto.i32, i32 %mux_case_03231924_reload"   --->   Operation 103 'read' 'mux_case_03231924_reload_read' <Predicate = true> <Delay = 0.00>
ST_1 : Operation 104 [1/1] (0.00ns)   --->   "%mux_case_153221922_reload_read = read i32 @_ssdm_op_Read.ap_auto.i32, i32 %mux_case_153221922_reload"   --->   Operation 104 'read' 'mux_case_153221922_reload_read' <Predicate = true> <Delay = 0.00>
ST_1 : Operation 105 [1/1] (0.00ns)   --->   "%mux_case_143211920_reload_read = read i32 @_ssdm_op_Read.ap_auto.i32, i32 %mux_case_143211920_reload"   --->   Operation 105 'read' 'mux_case_143211920_reload_read' <Predicate = true> <Delay = 0.00>
ST_1 : Operation 106 [1/1] (0.00ns)   --->   "%mux_case_133201918_reload_read = read i32 @_ssdm_op_Read.ap_auto.i32, i32 %mux_case_133201918_reload"   --->   Operation 106 'read' 'mux_case_133201918_reload_read' <Predicate = true> <Delay = 0.00>
ST_1 : Operation 107 [1/1] (0.00ns)   --->   "%mux_case_123191916_reload_read = read i32 @_ssdm_op_Read.ap_auto.i32, i32 %mux_case_123191916_reload"   --->   Operation 107 'read' 'mux_case_123191916_reload_read' <Predicate = true> <Delay = 0.00>
ST_1 : Operation 108 [1/1] (0.00ns)   --->   "%mux_case_113181914_reload_read = read i32 @_ssdm_op_Read.ap_auto.i32, i32 %mux_case_113181914_reload"   --->   Operation 108 'read' 'mux_case_113181914_reload_read' <Predicate = true> <Delay = 0.00>
ST_1 : Operation 109 [1/1] (0.00ns)   --->   "%mux_case_103171912_reload_read = read i32 @_ssdm_op_Read.ap_auto.i32, i32 %mux_case_103171912_reload"   --->   Operation 109 'read' 'mux_case_103171912_reload_read' <Predicate = true> <Delay = 0.00>
ST_1 : Operation 110 [1/1] (0.00ns)   --->   "%mux_case_93161910_reload_read = read i32 @_ssdm_op_Read.ap_auto.i32, i32 %mux_case_93161910_reload"   --->   Operation 110 'read' 'mux_case_93161910_reload_read' <Predicate = true> <Delay = 0.00>
ST_1 : Operation 111 [1/1] (0.00ns)   --->   "%mux_case_83151908_reload_read = read i32 @_ssdm_op_Read.ap_auto.i32, i32 %mux_case_83151908_reload"   --->   Operation 111 'read' 'mux_case_83151908_reload_read' <Predicate = true> <Delay = 0.00>
ST_1 : Operation 112 [1/1] (0.00ns)   --->   "%mux_case_73141906_reload_read = read i32 @_ssdm_op_Read.ap_auto.i32, i32 %mux_case_73141906_reload"   --->   Operation 112 'read' 'mux_case_73141906_reload_read' <Predicate = true> <Delay = 0.00>
ST_1 : Operation 113 [1/1] (0.00ns)   --->   "%mux_case_63131904_reload_read = read i32 @_ssdm_op_Read.ap_auto.i32, i32 %mux_case_63131904_reload"   --->   Operation 113 'read' 'mux_case_63131904_reload_read' <Predicate = true> <Delay = 0.00>
ST_1 : Operation 114 [1/1] (0.00ns)   --->   "%mux_case_53121902_reload_read = read i32 @_ssdm_op_Read.ap_auto.i32, i32 %mux_case_53121902_reload"   --->   Operation 114 'read' 'mux_case_53121902_reload_read' <Predicate = true> <Delay = 0.00>
ST_1 : Operation 115 [1/1] (0.00ns)   --->   "%mux_case_43111900_reload_read = read i32 @_ssdm_op_Read.ap_auto.i32, i32 %mux_case_43111900_reload"   --->   Operation 115 'read' 'mux_case_43111900_reload_read' <Predicate = true> <Delay = 0.00>
ST_1 : Operation 116 [1/1] (0.00ns)   --->   "%mux_case_33101898_reload_read = read i32 @_ssdm_op_Read.ap_auto.i32, i32 %mux_case_33101898_reload"   --->   Operation 116 'read' 'mux_case_33101898_reload_read' <Predicate = true> <Delay = 0.00>
ST_1 : Operation 117 [1/1] (0.00ns)   --->   "%mux_case_23091896_reload_read = read i32 @_ssdm_op_Read.ap_auto.i32, i32 %mux_case_23091896_reload"   --->   Operation 117 'read' 'mux_case_23091896_reload_read' <Predicate = true> <Delay = 0.00>
ST_1 : Operation 118 [1/1] (0.00ns)   --->   "%mux_case_13081894_reload_read = read i32 @_ssdm_op_Read.ap_auto.i32, i32 %mux_case_13081894_reload"   --->   Operation 118 'read' 'mux_case_13081894_reload_read' <Predicate = true> <Delay = 0.00>
ST_1 : Operation 119 [1/1] (0.00ns)   --->   "%mux_case_03071892_reload_read = read i32 @_ssdm_op_Read.ap_auto.i32, i32 %mux_case_03071892_reload"   --->   Operation 119 'read' 'mux_case_03071892_reload_read' <Predicate = true> <Delay = 0.00>
ST_1 : Operation 120 [1/1] (0.00ns)   --->   "%mux_case_153061890_reload_read = read i32 @_ssdm_op_Read.ap_auto.i32, i32 %mux_case_153061890_reload"   --->   Operation 120 'read' 'mux_case_153061890_reload_read' <Predicate = true> <Delay = 0.00>
ST_1 : Operation 121 [1/1] (0.00ns)   --->   "%mux_case_143051888_reload_read = read i32 @_ssdm_op_Read.ap_auto.i32, i32 %mux_case_143051888_reload"   --->   Operation 121 'read' 'mux_case_143051888_reload_read' <Predicate = true> <Delay = 0.00>
ST_1 : Operation 122 [1/1] (0.00ns)   --->   "%mux_case_133041886_reload_read = read i32 @_ssdm_op_Read.ap_auto.i32, i32 %mux_case_133041886_reload"   --->   Operation 122 'read' 'mux_case_133041886_reload_read' <Predicate = true> <Delay = 0.00>
ST_1 : Operation 123 [1/1] (0.00ns)   --->   "%mux_case_123031884_reload_read = read i32 @_ssdm_op_Read.ap_auto.i32, i32 %mux_case_123031884_reload"   --->   Operation 123 'read' 'mux_case_123031884_reload_read' <Predicate = true> <Delay = 0.00>
ST_1 : Operation 124 [1/1] (0.00ns)   --->   "%mux_case_113021882_reload_read = read i32 @_ssdm_op_Read.ap_auto.i32, i32 %mux_case_113021882_reload"   --->   Operation 124 'read' 'mux_case_113021882_reload_read' <Predicate = true> <Delay = 0.00>
ST_1 : Operation 125 [1/1] (0.00ns)   --->   "%mux_case_103011880_reload_read = read i32 @_ssdm_op_Read.ap_auto.i32, i32 %mux_case_103011880_reload"   --->   Operation 125 'read' 'mux_case_103011880_reload_read' <Predicate = true> <Delay = 0.00>
ST_1 : Operation 126 [1/1] (0.00ns)   --->   "%mux_case_93001878_reload_read = read i32 @_ssdm_op_Read.ap_auto.i32, i32 %mux_case_93001878_reload"   --->   Operation 126 'read' 'mux_case_93001878_reload_read' <Predicate = true> <Delay = 0.00>
ST_1 : Operation 127 [1/1] (0.00ns)   --->   "%mux_case_82991876_reload_read = read i32 @_ssdm_op_Read.ap_auto.i32, i32 %mux_case_82991876_reload"   --->   Operation 127 'read' 'mux_case_82991876_reload_read' <Predicate = true> <Delay = 0.00>
ST_1 : Operation 128 [1/1] (0.00ns)   --->   "%mux_case_72981874_reload_read = read i32 @_ssdm_op_Read.ap_auto.i32, i32 %mux_case_72981874_reload"   --->   Operation 128 'read' 'mux_case_72981874_reload_read' <Predicate = true> <Delay = 0.00>
ST_1 : Operation 129 [1/1] (0.00ns)   --->   "%mux_case_62971872_reload_read = read i32 @_ssdm_op_Read.ap_auto.i32, i32 %mux_case_62971872_reload"   --->   Operation 129 'read' 'mux_case_62971872_reload_read' <Predicate = true> <Delay = 0.00>
ST_1 : Operation 130 [1/1] (0.00ns)   --->   "%mux_case_52961870_reload_read = read i32 @_ssdm_op_Read.ap_auto.i32, i32 %mux_case_52961870_reload"   --->   Operation 130 'read' 'mux_case_52961870_reload_read' <Predicate = true> <Delay = 0.00>
ST_1 : Operation 131 [1/1] (0.00ns)   --->   "%mux_case_42951868_reload_read = read i32 @_ssdm_op_Read.ap_auto.i32, i32 %mux_case_42951868_reload"   --->   Operation 131 'read' 'mux_case_42951868_reload_read' <Predicate = true> <Delay = 0.00>
ST_1 : Operation 132 [1/1] (0.00ns)   --->   "%mux_case_32941866_reload_read = read i32 @_ssdm_op_Read.ap_auto.i32, i32 %mux_case_32941866_reload"   --->   Operation 132 'read' 'mux_case_32941866_reload_read' <Predicate = true> <Delay = 0.00>
ST_1 : Operation 133 [1/1] (0.00ns)   --->   "%mux_case_22931864_reload_read = read i32 @_ssdm_op_Read.ap_auto.i32, i32 %mux_case_22931864_reload"   --->   Operation 133 'read' 'mux_case_22931864_reload_read' <Predicate = true> <Delay = 0.00>
ST_1 : Operation 134 [1/1] (0.00ns)   --->   "%mux_case_12921862_reload_read = read i32 @_ssdm_op_Read.ap_auto.i32, i32 %mux_case_12921862_reload"   --->   Operation 134 'read' 'mux_case_12921862_reload_read' <Predicate = true> <Delay = 0.00>
ST_1 : Operation 135 [1/1] (0.00ns)   --->   "%mux_case_02911860_reload_read = read i32 @_ssdm_op_Read.ap_auto.i32, i32 %mux_case_02911860_reload"   --->   Operation 135 'read' 'mux_case_02911860_reload_read' <Predicate = true> <Delay = 0.00>
ST_1 : Operation 136 [1/1] (0.00ns)   --->   "%mux_case_152901858_reload_read = read i32 @_ssdm_op_Read.ap_auto.i32, i32 %mux_case_152901858_reload"   --->   Operation 136 'read' 'mux_case_152901858_reload_read' <Predicate = true> <Delay = 0.00>
ST_1 : Operation 137 [1/1] (0.00ns)   --->   "%mux_case_142891856_reload_read = read i32 @_ssdm_op_Read.ap_auto.i32, i32 %mux_case_142891856_reload"   --->   Operation 137 'read' 'mux_case_142891856_reload_read' <Predicate = true> <Delay = 0.00>
ST_1 : Operation 138 [1/1] (0.00ns)   --->   "%mux_case_132881854_reload_read = read i32 @_ssdm_op_Read.ap_auto.i32, i32 %mux_case_132881854_reload"   --->   Operation 138 'read' 'mux_case_132881854_reload_read' <Predicate = true> <Delay = 0.00>
ST_1 : Operation 139 [1/1] (0.00ns)   --->   "%mux_case_122871852_reload_read = read i32 @_ssdm_op_Read.ap_auto.i32, i32 %mux_case_122871852_reload"   --->   Operation 139 'read' 'mux_case_122871852_reload_read' <Predicate = true> <Delay = 0.00>
ST_1 : Operation 140 [1/1] (0.00ns)   --->   "%mux_case_112861850_reload_read = read i32 @_ssdm_op_Read.ap_auto.i32, i32 %mux_case_112861850_reload"   --->   Operation 140 'read' 'mux_case_112861850_reload_read' <Predicate = true> <Delay = 0.00>
ST_1 : Operation 141 [1/1] (0.00ns)   --->   "%mux_case_102851848_reload_read = read i32 @_ssdm_op_Read.ap_auto.i32, i32 %mux_case_102851848_reload"   --->   Operation 141 'read' 'mux_case_102851848_reload_read' <Predicate = true> <Delay = 0.00>
ST_1 : Operation 142 [1/1] (0.00ns)   --->   "%mux_case_92841846_reload_read = read i32 @_ssdm_op_Read.ap_auto.i32, i32 %mux_case_92841846_reload"   --->   Operation 142 'read' 'mux_case_92841846_reload_read' <Predicate = true> <Delay = 0.00>
ST_1 : Operation 143 [1/1] (0.00ns)   --->   "%mux_case_82831844_reload_read = read i32 @_ssdm_op_Read.ap_auto.i32, i32 %mux_case_82831844_reload"   --->   Operation 143 'read' 'mux_case_82831844_reload_read' <Predicate = true> <Delay = 0.00>
ST_1 : Operation 144 [1/1] (0.00ns)   --->   "%mux_case_72821842_reload_read = read i32 @_ssdm_op_Read.ap_auto.i32, i32 %mux_case_72821842_reload"   --->   Operation 144 'read' 'mux_case_72821842_reload_read' <Predicate = true> <Delay = 0.00>
ST_1 : Operation 145 [1/1] (0.00ns)   --->   "%mux_case_62811840_reload_read = read i32 @_ssdm_op_Read.ap_auto.i32, i32 %mux_case_62811840_reload"   --->   Operation 145 'read' 'mux_case_62811840_reload_read' <Predicate = true> <Delay = 0.00>
ST_1 : Operation 146 [1/1] (0.00ns)   --->   "%mux_case_52801838_reload_read = read i32 @_ssdm_op_Read.ap_auto.i32, i32 %mux_case_52801838_reload"   --->   Operation 146 'read' 'mux_case_52801838_reload_read' <Predicate = true> <Delay = 0.00>
ST_1 : Operation 147 [1/1] (0.00ns)   --->   "%mux_case_42791836_reload_read = read i32 @_ssdm_op_Read.ap_auto.i32, i32 %mux_case_42791836_reload"   --->   Operation 147 'read' 'mux_case_42791836_reload_read' <Predicate = true> <Delay = 0.00>
ST_1 : Operation 148 [1/1] (0.00ns)   --->   "%mux_case_32781834_reload_read = read i32 @_ssdm_op_Read.ap_auto.i32, i32 %mux_case_32781834_reload"   --->   Operation 148 'read' 'mux_case_32781834_reload_read' <Predicate = true> <Delay = 0.00>
ST_1 : Operation 149 [1/1] (0.00ns)   --->   "%mux_case_22771832_reload_read = read i32 @_ssdm_op_Read.ap_auto.i32, i32 %mux_case_22771832_reload"   --->   Operation 149 'read' 'mux_case_22771832_reload_read' <Predicate = true> <Delay = 0.00>
ST_1 : Operation 150 [1/1] (0.00ns)   --->   "%mux_case_12761830_reload_read = read i32 @_ssdm_op_Read.ap_auto.i32, i32 %mux_case_12761830_reload"   --->   Operation 150 'read' 'mux_case_12761830_reload_read' <Predicate = true> <Delay = 0.00>
ST_1 : Operation 151 [1/1] (0.00ns)   --->   "%mux_case_02751828_reload_read = read i32 @_ssdm_op_Read.ap_auto.i32, i32 %mux_case_02751828_reload"   --->   Operation 151 'read' 'mux_case_02751828_reload_read' <Predicate = true> <Delay = 0.00>
ST_1 : Operation 152 [1/1] (0.00ns)   --->   "%mux_case_152741826_reload_read = read i32 @_ssdm_op_Read.ap_auto.i32, i32 %mux_case_152741826_reload"   --->   Operation 152 'read' 'mux_case_152741826_reload_read' <Predicate = true> <Delay = 0.00>
ST_1 : Operation 153 [1/1] (0.00ns)   --->   "%mux_case_142731824_reload_read = read i32 @_ssdm_op_Read.ap_auto.i32, i32 %mux_case_142731824_reload"   --->   Operation 153 'read' 'mux_case_142731824_reload_read' <Predicate = true> <Delay = 0.00>
ST_1 : Operation 154 [1/1] (0.00ns)   --->   "%mux_case_132721822_reload_read = read i32 @_ssdm_op_Read.ap_auto.i32, i32 %mux_case_132721822_reload"   --->   Operation 154 'read' 'mux_case_132721822_reload_read' <Predicate = true> <Delay = 0.00>
ST_1 : Operation 155 [1/1] (0.00ns)   --->   "%mux_case_122711820_reload_read = read i32 @_ssdm_op_Read.ap_auto.i32, i32 %mux_case_122711820_reload"   --->   Operation 155 'read' 'mux_case_122711820_reload_read' <Predicate = true> <Delay = 0.00>
ST_1 : Operation 156 [1/1] (0.00ns)   --->   "%mux_case_112701818_reload_read = read i32 @_ssdm_op_Read.ap_auto.i32, i32 %mux_case_112701818_reload"   --->   Operation 156 'read' 'mux_case_112701818_reload_read' <Predicate = true> <Delay = 0.00>
ST_1 : Operation 157 [1/1] (0.00ns)   --->   "%mux_case_102691816_reload_read = read i32 @_ssdm_op_Read.ap_auto.i32, i32 %mux_case_102691816_reload"   --->   Operation 157 'read' 'mux_case_102691816_reload_read' <Predicate = true> <Delay = 0.00>
ST_1 : Operation 158 [1/1] (0.00ns)   --->   "%mux_case_92681814_reload_read = read i32 @_ssdm_op_Read.ap_auto.i32, i32 %mux_case_92681814_reload"   --->   Operation 158 'read' 'mux_case_92681814_reload_read' <Predicate = true> <Delay = 0.00>
ST_1 : Operation 159 [1/1] (0.00ns)   --->   "%mux_case_82671812_reload_read = read i32 @_ssdm_op_Read.ap_auto.i32, i32 %mux_case_82671812_reload"   --->   Operation 159 'read' 'mux_case_82671812_reload_read' <Predicate = true> <Delay = 0.00>
ST_1 : Operation 160 [1/1] (0.00ns)   --->   "%mux_case_72661810_reload_read = read i32 @_ssdm_op_Read.ap_auto.i32, i32 %mux_case_72661810_reload"   --->   Operation 160 'read' 'mux_case_72661810_reload_read' <Predicate = true> <Delay = 0.00>
ST_1 : Operation 161 [1/1] (0.00ns)   --->   "%mux_case_62651808_reload_read = read i32 @_ssdm_op_Read.ap_auto.i32, i32 %mux_case_62651808_reload"   --->   Operation 161 'read' 'mux_case_62651808_reload_read' <Predicate = true> <Delay = 0.00>
ST_1 : Operation 162 [1/1] (0.00ns)   --->   "%mux_case_52641806_reload_read = read i32 @_ssdm_op_Read.ap_auto.i32, i32 %mux_case_52641806_reload"   --->   Operation 162 'read' 'mux_case_52641806_reload_read' <Predicate = true> <Delay = 0.00>
ST_1 : Operation 163 [1/1] (0.00ns)   --->   "%mux_case_42631804_reload_read = read i32 @_ssdm_op_Read.ap_auto.i32, i32 %mux_case_42631804_reload"   --->   Operation 163 'read' 'mux_case_42631804_reload_read' <Predicate = true> <Delay = 0.00>
ST_1 : Operation 164 [1/1] (0.00ns)   --->   "%mux_case_32621802_reload_read = read i32 @_ssdm_op_Read.ap_auto.i32, i32 %mux_case_32621802_reload"   --->   Operation 164 'read' 'mux_case_32621802_reload_read' <Predicate = true> <Delay = 0.00>
ST_1 : Operation 165 [1/1] (0.00ns)   --->   "%mux_case_22611800_reload_read = read i32 @_ssdm_op_Read.ap_auto.i32, i32 %mux_case_22611800_reload"   --->   Operation 165 'read' 'mux_case_22611800_reload_read' <Predicate = true> <Delay = 0.00>
ST_1 : Operation 166 [1/1] (0.00ns)   --->   "%mux_case_12601798_reload_read = read i32 @_ssdm_op_Read.ap_auto.i32, i32 %mux_case_12601798_reload"   --->   Operation 166 'read' 'mux_case_12601798_reload_read' <Predicate = true> <Delay = 0.00>
ST_1 : Operation 167 [1/1] (0.00ns)   --->   "%mux_case_02591796_reload_read = read i32 @_ssdm_op_Read.ap_auto.i32, i32 %mux_case_02591796_reload"   --->   Operation 167 'read' 'mux_case_02591796_reload_read' <Predicate = true> <Delay = 0.00>
ST_1 : Operation 168 [1/1] (0.00ns)   --->   "%mux_case_152581794_reload_read = read i32 @_ssdm_op_Read.ap_auto.i32, i32 %mux_case_152581794_reload"   --->   Operation 168 'read' 'mux_case_152581794_reload_read' <Predicate = true> <Delay = 0.00>
ST_1 : Operation 169 [1/1] (0.00ns)   --->   "%mux_case_142571792_reload_read = read i32 @_ssdm_op_Read.ap_auto.i32, i32 %mux_case_142571792_reload"   --->   Operation 169 'read' 'mux_case_142571792_reload_read' <Predicate = true> <Delay = 0.00>
ST_1 : Operation 170 [1/1] (0.00ns)   --->   "%mux_case_132561790_reload_read = read i32 @_ssdm_op_Read.ap_auto.i32, i32 %mux_case_132561790_reload"   --->   Operation 170 'read' 'mux_case_132561790_reload_read' <Predicate = true> <Delay = 0.00>
ST_1 : Operation 171 [1/1] (0.00ns)   --->   "%mux_case_122551788_reload_read = read i32 @_ssdm_op_Read.ap_auto.i32, i32 %mux_case_122551788_reload"   --->   Operation 171 'read' 'mux_case_122551788_reload_read' <Predicate = true> <Delay = 0.00>
ST_1 : Operation 172 [1/1] (0.00ns)   --->   "%mux_case_112541786_reload_read = read i32 @_ssdm_op_Read.ap_auto.i32, i32 %mux_case_112541786_reload"   --->   Operation 172 'read' 'mux_case_112541786_reload_read' <Predicate = true> <Delay = 0.00>
ST_1 : Operation 173 [1/1] (0.00ns)   --->   "%mux_case_102531784_reload_read = read i32 @_ssdm_op_Read.ap_auto.i32, i32 %mux_case_102531784_reload"   --->   Operation 173 'read' 'mux_case_102531784_reload_read' <Predicate = true> <Delay = 0.00>
ST_1 : Operation 174 [1/1] (0.00ns)   --->   "%mux_case_92521782_reload_read = read i32 @_ssdm_op_Read.ap_auto.i32, i32 %mux_case_92521782_reload"   --->   Operation 174 'read' 'mux_case_92521782_reload_read' <Predicate = true> <Delay = 0.00>
ST_1 : Operation 175 [1/1] (0.00ns)   --->   "%mux_case_82511780_reload_read = read i32 @_ssdm_op_Read.ap_auto.i32, i32 %mux_case_82511780_reload"   --->   Operation 175 'read' 'mux_case_82511780_reload_read' <Predicate = true> <Delay = 0.00>
ST_1 : Operation 176 [1/1] (0.00ns)   --->   "%mux_case_72501778_reload_read = read i32 @_ssdm_op_Read.ap_auto.i32, i32 %mux_case_72501778_reload"   --->   Operation 176 'read' 'mux_case_72501778_reload_read' <Predicate = true> <Delay = 0.00>
ST_1 : Operation 177 [1/1] (0.00ns)   --->   "%mux_case_62491776_reload_read = read i32 @_ssdm_op_Read.ap_auto.i32, i32 %mux_case_62491776_reload"   --->   Operation 177 'read' 'mux_case_62491776_reload_read' <Predicate = true> <Delay = 0.00>
ST_1 : Operation 178 [1/1] (0.00ns)   --->   "%mux_case_52481774_reload_read = read i32 @_ssdm_op_Read.ap_auto.i32, i32 %mux_case_52481774_reload"   --->   Operation 178 'read' 'mux_case_52481774_reload_read' <Predicate = true> <Delay = 0.00>
ST_1 : Operation 179 [1/1] (0.00ns)   --->   "%mux_case_42471772_reload_read = read i32 @_ssdm_op_Read.ap_auto.i32, i32 %mux_case_42471772_reload"   --->   Operation 179 'read' 'mux_case_42471772_reload_read' <Predicate = true> <Delay = 0.00>
ST_1 : Operation 180 [1/1] (0.00ns)   --->   "%mux_case_32461770_reload_read = read i32 @_ssdm_op_Read.ap_auto.i32, i32 %mux_case_32461770_reload"   --->   Operation 180 'read' 'mux_case_32461770_reload_read' <Predicate = true> <Delay = 0.00>
ST_1 : Operation 181 [1/1] (0.00ns)   --->   "%mux_case_22451768_reload_read = read i32 @_ssdm_op_Read.ap_auto.i32, i32 %mux_case_22451768_reload"   --->   Operation 181 'read' 'mux_case_22451768_reload_read' <Predicate = true> <Delay = 0.00>
ST_1 : Operation 182 [1/1] (0.00ns)   --->   "%mux_case_12441766_reload_read = read i32 @_ssdm_op_Read.ap_auto.i32, i32 %mux_case_12441766_reload"   --->   Operation 182 'read' 'mux_case_12441766_reload_read' <Predicate = true> <Delay = 0.00>
ST_1 : Operation 183 [1/1] (0.00ns)   --->   "%mux_case_02431764_reload_read = read i32 @_ssdm_op_Read.ap_auto.i32, i32 %mux_case_02431764_reload"   --->   Operation 183 'read' 'mux_case_02431764_reload_read' <Predicate = true> <Delay = 0.00>
ST_1 : Operation 184 [1/1] (0.00ns)   --->   "%mux_case_152421762_reload_read = read i32 @_ssdm_op_Read.ap_auto.i32, i32 %mux_case_152421762_reload"   --->   Operation 184 'read' 'mux_case_152421762_reload_read' <Predicate = true> <Delay = 0.00>
ST_1 : Operation 185 [1/1] (0.00ns)   --->   "%mux_case_142411760_reload_read = read i32 @_ssdm_op_Read.ap_auto.i32, i32 %mux_case_142411760_reload"   --->   Operation 185 'read' 'mux_case_142411760_reload_read' <Predicate = true> <Delay = 0.00>
ST_1 : Operation 186 [1/1] (0.00ns)   --->   "%mux_case_132401758_reload_read = read i32 @_ssdm_op_Read.ap_auto.i32, i32 %mux_case_132401758_reload"   --->   Operation 186 'read' 'mux_case_132401758_reload_read' <Predicate = true> <Delay = 0.00>
ST_1 : Operation 187 [1/1] (0.00ns)   --->   "%mux_case_122391756_reload_read = read i32 @_ssdm_op_Read.ap_auto.i32, i32 %mux_case_122391756_reload"   --->   Operation 187 'read' 'mux_case_122391756_reload_read' <Predicate = true> <Delay = 0.00>
ST_1 : Operation 188 [1/1] (0.00ns)   --->   "%mux_case_112381754_reload_read = read i32 @_ssdm_op_Read.ap_auto.i32, i32 %mux_case_112381754_reload"   --->   Operation 188 'read' 'mux_case_112381754_reload_read' <Predicate = true> <Delay = 0.00>
ST_1 : Operation 189 [1/1] (0.00ns)   --->   "%mux_case_102371752_reload_read = read i32 @_ssdm_op_Read.ap_auto.i32, i32 %mux_case_102371752_reload"   --->   Operation 189 'read' 'mux_case_102371752_reload_read' <Predicate = true> <Delay = 0.00>
ST_1 : Operation 190 [1/1] (0.00ns)   --->   "%mux_case_92361750_reload_read = read i32 @_ssdm_op_Read.ap_auto.i32, i32 %mux_case_92361750_reload"   --->   Operation 190 'read' 'mux_case_92361750_reload_read' <Predicate = true> <Delay = 0.00>
ST_1 : Operation 191 [1/1] (0.00ns)   --->   "%mux_case_82351748_reload_read = read i32 @_ssdm_op_Read.ap_auto.i32, i32 %mux_case_82351748_reload"   --->   Operation 191 'read' 'mux_case_82351748_reload_read' <Predicate = true> <Delay = 0.00>
ST_1 : Operation 192 [1/1] (0.00ns)   --->   "%mux_case_72341746_reload_read = read i32 @_ssdm_op_Read.ap_auto.i32, i32 %mux_case_72341746_reload"   --->   Operation 192 'read' 'mux_case_72341746_reload_read' <Predicate = true> <Delay = 0.00>
ST_1 : Operation 193 [1/1] (0.00ns)   --->   "%mux_case_62331744_reload_read = read i32 @_ssdm_op_Read.ap_auto.i32, i32 %mux_case_62331744_reload"   --->   Operation 193 'read' 'mux_case_62331744_reload_read' <Predicate = true> <Delay = 0.00>
ST_1 : Operation 194 [1/1] (0.00ns)   --->   "%mux_case_52321742_reload_read = read i32 @_ssdm_op_Read.ap_auto.i32, i32 %mux_case_52321742_reload"   --->   Operation 194 'read' 'mux_case_52321742_reload_read' <Predicate = true> <Delay = 0.00>
ST_1 : Operation 195 [1/1] (0.00ns)   --->   "%mux_case_42311740_reload_read = read i32 @_ssdm_op_Read.ap_auto.i32, i32 %mux_case_42311740_reload"   --->   Operation 195 'read' 'mux_case_42311740_reload_read' <Predicate = true> <Delay = 0.00>
ST_1 : Operation 196 [1/1] (0.00ns)   --->   "%mux_case_32301738_reload_read = read i32 @_ssdm_op_Read.ap_auto.i32, i32 %mux_case_32301738_reload"   --->   Operation 196 'read' 'mux_case_32301738_reload_read' <Predicate = true> <Delay = 0.00>
ST_1 : Operation 197 [1/1] (0.00ns)   --->   "%mux_case_22291736_reload_read = read i32 @_ssdm_op_Read.ap_auto.i32, i32 %mux_case_22291736_reload"   --->   Operation 197 'read' 'mux_case_22291736_reload_read' <Predicate = true> <Delay = 0.00>
ST_1 : Operation 198 [1/1] (0.00ns)   --->   "%mux_case_12281734_reload_read = read i32 @_ssdm_op_Read.ap_auto.i32, i32 %mux_case_12281734_reload"   --->   Operation 198 'read' 'mux_case_12281734_reload_read' <Predicate = true> <Delay = 0.00>
ST_1 : Operation 199 [1/1] (0.00ns)   --->   "%mux_case_02271732_reload_read = read i32 @_ssdm_op_Read.ap_auto.i32, i32 %mux_case_02271732_reload"   --->   Operation 199 'read' 'mux_case_02271732_reload_read' <Predicate = true> <Delay = 0.00>
ST_1 : Operation 200 [1/1] (0.00ns)   --->   "%mux_case_152261730_reload_read = read i32 @_ssdm_op_Read.ap_auto.i32, i32 %mux_case_152261730_reload"   --->   Operation 200 'read' 'mux_case_152261730_reload_read' <Predicate = true> <Delay = 0.00>
ST_1 : Operation 201 [1/1] (0.00ns)   --->   "%mux_case_142251728_reload_read = read i32 @_ssdm_op_Read.ap_auto.i32, i32 %mux_case_142251728_reload"   --->   Operation 201 'read' 'mux_case_142251728_reload_read' <Predicate = true> <Delay = 0.00>
ST_1 : Operation 202 [1/1] (0.00ns)   --->   "%mux_case_132241726_reload_read = read i32 @_ssdm_op_Read.ap_auto.i32, i32 %mux_case_132241726_reload"   --->   Operation 202 'read' 'mux_case_132241726_reload_read' <Predicate = true> <Delay = 0.00>
ST_1 : Operation 203 [1/1] (0.00ns)   --->   "%mux_case_122231724_reload_read = read i32 @_ssdm_op_Read.ap_auto.i32, i32 %mux_case_122231724_reload"   --->   Operation 203 'read' 'mux_case_122231724_reload_read' <Predicate = true> <Delay = 0.00>
ST_1 : Operation 204 [1/1] (0.00ns)   --->   "%mux_case_112221722_reload_read = read i32 @_ssdm_op_Read.ap_auto.i32, i32 %mux_case_112221722_reload"   --->   Operation 204 'read' 'mux_case_112221722_reload_read' <Predicate = true> <Delay = 0.00>
ST_1 : Operation 205 [1/1] (0.00ns)   --->   "%mux_case_102211720_reload_read = read i32 @_ssdm_op_Read.ap_auto.i32, i32 %mux_case_102211720_reload"   --->   Operation 205 'read' 'mux_case_102211720_reload_read' <Predicate = true> <Delay = 0.00>
ST_1 : Operation 206 [1/1] (0.00ns)   --->   "%mux_case_92201718_reload_read = read i32 @_ssdm_op_Read.ap_auto.i32, i32 %mux_case_92201718_reload"   --->   Operation 206 'read' 'mux_case_92201718_reload_read' <Predicate = true> <Delay = 0.00>
ST_1 : Operation 207 [1/1] (0.00ns)   --->   "%mux_case_82191716_reload_read = read i32 @_ssdm_op_Read.ap_auto.i32, i32 %mux_case_82191716_reload"   --->   Operation 207 'read' 'mux_case_82191716_reload_read' <Predicate = true> <Delay = 0.00>
ST_1 : Operation 208 [1/1] (0.00ns)   --->   "%mux_case_72181714_reload_read = read i32 @_ssdm_op_Read.ap_auto.i32, i32 %mux_case_72181714_reload"   --->   Operation 208 'read' 'mux_case_72181714_reload_read' <Predicate = true> <Delay = 0.00>
ST_1 : Operation 209 [1/1] (0.00ns)   --->   "%mux_case_62171712_reload_read = read i32 @_ssdm_op_Read.ap_auto.i32, i32 %mux_case_62171712_reload"   --->   Operation 209 'read' 'mux_case_62171712_reload_read' <Predicate = true> <Delay = 0.00>
ST_1 : Operation 210 [1/1] (0.00ns)   --->   "%mux_case_52161710_reload_read = read i32 @_ssdm_op_Read.ap_auto.i32, i32 %mux_case_52161710_reload"   --->   Operation 210 'read' 'mux_case_52161710_reload_read' <Predicate = true> <Delay = 0.00>
ST_1 : Operation 211 [1/1] (0.00ns)   --->   "%mux_case_42151708_reload_read = read i32 @_ssdm_op_Read.ap_auto.i32, i32 %mux_case_42151708_reload"   --->   Operation 211 'read' 'mux_case_42151708_reload_read' <Predicate = true> <Delay = 0.00>
ST_1 : Operation 212 [1/1] (0.00ns)   --->   "%mux_case_32141706_reload_read = read i32 @_ssdm_op_Read.ap_auto.i32, i32 %mux_case_32141706_reload"   --->   Operation 212 'read' 'mux_case_32141706_reload_read' <Predicate = true> <Delay = 0.00>
ST_1 : Operation 213 [1/1] (0.00ns)   --->   "%mux_case_22131704_reload_read = read i32 @_ssdm_op_Read.ap_auto.i32, i32 %mux_case_22131704_reload"   --->   Operation 213 'read' 'mux_case_22131704_reload_read' <Predicate = true> <Delay = 0.00>
ST_1 : Operation 214 [1/1] (0.00ns)   --->   "%mux_case_12121702_reload_read = read i32 @_ssdm_op_Read.ap_auto.i32, i32 %mux_case_12121702_reload"   --->   Operation 214 'read' 'mux_case_12121702_reload_read' <Predicate = true> <Delay = 0.00>
ST_1 : Operation 215 [1/1] (0.00ns)   --->   "%mux_case_02111700_reload_read = read i32 @_ssdm_op_Read.ap_auto.i32, i32 %mux_case_02111700_reload"   --->   Operation 215 'read' 'mux_case_02111700_reload_read' <Predicate = true> <Delay = 0.00>
ST_1 : Operation 216 [1/1] (0.00ns)   --->   "%mux_case_152101698_reload_read = read i32 @_ssdm_op_Read.ap_auto.i32, i32 %mux_case_152101698_reload"   --->   Operation 216 'read' 'mux_case_152101698_reload_read' <Predicate = true> <Delay = 0.00>
ST_1 : Operation 217 [1/1] (0.00ns)   --->   "%mux_case_142091696_reload_read = read i32 @_ssdm_op_Read.ap_auto.i32, i32 %mux_case_142091696_reload"   --->   Operation 217 'read' 'mux_case_142091696_reload_read' <Predicate = true> <Delay = 0.00>
ST_1 : Operation 218 [1/1] (0.00ns)   --->   "%mux_case_132081694_reload_read = read i32 @_ssdm_op_Read.ap_auto.i32, i32 %mux_case_132081694_reload"   --->   Operation 218 'read' 'mux_case_132081694_reload_read' <Predicate = true> <Delay = 0.00>
ST_1 : Operation 219 [1/1] (0.00ns)   --->   "%mux_case_122071692_reload_read = read i32 @_ssdm_op_Read.ap_auto.i32, i32 %mux_case_122071692_reload"   --->   Operation 219 'read' 'mux_case_122071692_reload_read' <Predicate = true> <Delay = 0.00>
ST_1 : Operation 220 [1/1] (0.00ns)   --->   "%mux_case_112061690_reload_read = read i32 @_ssdm_op_Read.ap_auto.i32, i32 %mux_case_112061690_reload"   --->   Operation 220 'read' 'mux_case_112061690_reload_read' <Predicate = true> <Delay = 0.00>
ST_1 : Operation 221 [1/1] (0.00ns)   --->   "%mux_case_102051688_reload_read = read i32 @_ssdm_op_Read.ap_auto.i32, i32 %mux_case_102051688_reload"   --->   Operation 221 'read' 'mux_case_102051688_reload_read' <Predicate = true> <Delay = 0.00>
ST_1 : Operation 222 [1/1] (0.00ns)   --->   "%mux_case_92041686_reload_read = read i32 @_ssdm_op_Read.ap_auto.i32, i32 %mux_case_92041686_reload"   --->   Operation 222 'read' 'mux_case_92041686_reload_read' <Predicate = true> <Delay = 0.00>
ST_1 : Operation 223 [1/1] (0.00ns)   --->   "%mux_case_82031684_reload_read = read i32 @_ssdm_op_Read.ap_auto.i32, i32 %mux_case_82031684_reload"   --->   Operation 223 'read' 'mux_case_82031684_reload_read' <Predicate = true> <Delay = 0.00>
ST_1 : Operation 224 [1/1] (0.00ns)   --->   "%mux_case_72021682_reload_read = read i32 @_ssdm_op_Read.ap_auto.i32, i32 %mux_case_72021682_reload"   --->   Operation 224 'read' 'mux_case_72021682_reload_read' <Predicate = true> <Delay = 0.00>
ST_1 : Operation 225 [1/1] (0.00ns)   --->   "%mux_case_62011680_reload_read = read i32 @_ssdm_op_Read.ap_auto.i32, i32 %mux_case_62011680_reload"   --->   Operation 225 'read' 'mux_case_62011680_reload_read' <Predicate = true> <Delay = 0.00>
ST_1 : Operation 226 [1/1] (0.00ns)   --->   "%mux_case_52001678_reload_read = read i32 @_ssdm_op_Read.ap_auto.i32, i32 %mux_case_52001678_reload"   --->   Operation 226 'read' 'mux_case_52001678_reload_read' <Predicate = true> <Delay = 0.00>
ST_1 : Operation 227 [1/1] (0.00ns)   --->   "%mux_case_41991676_reload_read = read i32 @_ssdm_op_Read.ap_auto.i32, i32 %mux_case_41991676_reload"   --->   Operation 227 'read' 'mux_case_41991676_reload_read' <Predicate = true> <Delay = 0.00>
ST_1 : Operation 228 [1/1] (0.00ns)   --->   "%mux_case_31981674_reload_read = read i32 @_ssdm_op_Read.ap_auto.i32, i32 %mux_case_31981674_reload"   --->   Operation 228 'read' 'mux_case_31981674_reload_read' <Predicate = true> <Delay = 0.00>
ST_1 : Operation 229 [1/1] (0.00ns)   --->   "%mux_case_21971672_reload_read = read i32 @_ssdm_op_Read.ap_auto.i32, i32 %mux_case_21971672_reload"   --->   Operation 229 'read' 'mux_case_21971672_reload_read' <Predicate = true> <Delay = 0.00>
ST_1 : Operation 230 [1/1] (0.00ns)   --->   "%mux_case_11961670_reload_read = read i32 @_ssdm_op_Read.ap_auto.i32, i32 %mux_case_11961670_reload"   --->   Operation 230 'read' 'mux_case_11961670_reload_read' <Predicate = true> <Delay = 0.00>
ST_1 : Operation 231 [1/1] (0.00ns)   --->   "%mux_case_01951668_reload_read = read i32 @_ssdm_op_Read.ap_auto.i32, i32 %mux_case_01951668_reload"   --->   Operation 231 'read' 'mux_case_01951668_reload_read' <Predicate = true> <Delay = 0.00>
ST_1 : Operation 232 [1/1] (0.00ns)   --->   "%mux_case_151941666_reload_read = read i32 @_ssdm_op_Read.ap_auto.i32, i32 %mux_case_151941666_reload"   --->   Operation 232 'read' 'mux_case_151941666_reload_read' <Predicate = true> <Delay = 0.00>
ST_1 : Operation 233 [1/1] (0.00ns)   --->   "%mux_case_141931664_reload_read = read i32 @_ssdm_op_Read.ap_auto.i32, i32 %mux_case_141931664_reload"   --->   Operation 233 'read' 'mux_case_141931664_reload_read' <Predicate = true> <Delay = 0.00>
ST_1 : Operation 234 [1/1] (0.00ns)   --->   "%mux_case_131921662_reload_read = read i32 @_ssdm_op_Read.ap_auto.i32, i32 %mux_case_131921662_reload"   --->   Operation 234 'read' 'mux_case_131921662_reload_read' <Predicate = true> <Delay = 0.00>
ST_1 : Operation 235 [1/1] (0.00ns)   --->   "%mux_case_121911660_reload_read = read i32 @_ssdm_op_Read.ap_auto.i32, i32 %mux_case_121911660_reload"   --->   Operation 235 'read' 'mux_case_121911660_reload_read' <Predicate = true> <Delay = 0.00>
ST_1 : Operation 236 [1/1] (0.00ns)   --->   "%mux_case_111901658_reload_read = read i32 @_ssdm_op_Read.ap_auto.i32, i32 %mux_case_111901658_reload"   --->   Operation 236 'read' 'mux_case_111901658_reload_read' <Predicate = true> <Delay = 0.00>
ST_1 : Operation 237 [1/1] (0.00ns)   --->   "%mux_case_101891656_reload_read = read i32 @_ssdm_op_Read.ap_auto.i32, i32 %mux_case_101891656_reload"   --->   Operation 237 'read' 'mux_case_101891656_reload_read' <Predicate = true> <Delay = 0.00>
ST_1 : Operation 238 [1/1] (0.00ns)   --->   "%mux_case_91881654_reload_read = read i32 @_ssdm_op_Read.ap_auto.i32, i32 %mux_case_91881654_reload"   --->   Operation 238 'read' 'mux_case_91881654_reload_read' <Predicate = true> <Delay = 0.00>
ST_1 : Operation 239 [1/1] (0.00ns)   --->   "%mux_case_81871652_reload_read = read i32 @_ssdm_op_Read.ap_auto.i32, i32 %mux_case_81871652_reload"   --->   Operation 239 'read' 'mux_case_81871652_reload_read' <Predicate = true> <Delay = 0.00>
ST_1 : Operation 240 [1/1] (0.00ns)   --->   "%mux_case_71861650_reload_read = read i32 @_ssdm_op_Read.ap_auto.i32, i32 %mux_case_71861650_reload"   --->   Operation 240 'read' 'mux_case_71861650_reload_read' <Predicate = true> <Delay = 0.00>
ST_1 : Operation 241 [1/1] (0.00ns)   --->   "%mux_case_61851648_reload_read = read i32 @_ssdm_op_Read.ap_auto.i32, i32 %mux_case_61851648_reload"   --->   Operation 241 'read' 'mux_case_61851648_reload_read' <Predicate = true> <Delay = 0.00>
ST_1 : Operation 242 [1/1] (0.00ns)   --->   "%mux_case_51841646_reload_read = read i32 @_ssdm_op_Read.ap_auto.i32, i32 %mux_case_51841646_reload"   --->   Operation 242 'read' 'mux_case_51841646_reload_read' <Predicate = true> <Delay = 0.00>
ST_1 : Operation 243 [1/1] (0.00ns)   --->   "%mux_case_41831644_reload_read = read i32 @_ssdm_op_Read.ap_auto.i32, i32 %mux_case_41831644_reload"   --->   Operation 243 'read' 'mux_case_41831644_reload_read' <Predicate = true> <Delay = 0.00>
ST_1 : Operation 244 [1/1] (0.00ns)   --->   "%mux_case_31821642_reload_read = read i32 @_ssdm_op_Read.ap_auto.i32, i32 %mux_case_31821642_reload"   --->   Operation 244 'read' 'mux_case_31821642_reload_read' <Predicate = true> <Delay = 0.00>
ST_1 : Operation 245 [1/1] (0.00ns)   --->   "%mux_case_21811640_reload_read = read i32 @_ssdm_op_Read.ap_auto.i32, i32 %mux_case_21811640_reload"   --->   Operation 245 'read' 'mux_case_21811640_reload_read' <Predicate = true> <Delay = 0.00>
ST_1 : Operation 246 [1/1] (0.00ns)   --->   "%mux_case_11801638_reload_read = read i32 @_ssdm_op_Read.ap_auto.i32, i32 %mux_case_11801638_reload"   --->   Operation 246 'read' 'mux_case_11801638_reload_read' <Predicate = true> <Delay = 0.00>
ST_1 : Operation 247 [1/1] (0.00ns)   --->   "%mux_case_01791636_reload_read = read i32 @_ssdm_op_Read.ap_auto.i32, i32 %mux_case_01791636_reload"   --->   Operation 247 'read' 'mux_case_01791636_reload_read' <Predicate = true> <Delay = 0.00>
ST_1 : Operation 248 [1/1] (0.00ns)   --->   "%mux_case_151634_reload_read = read i32 @_ssdm_op_Read.ap_auto.i32, i32 %mux_case_151634_reload"   --->   Operation 248 'read' 'mux_case_151634_reload_read' <Predicate = true> <Delay = 0.00>
ST_1 : Operation 249 [1/1] (0.00ns)   --->   "%mux_case_141632_reload_read = read i32 @_ssdm_op_Read.ap_auto.i32, i32 %mux_case_141632_reload"   --->   Operation 249 'read' 'mux_case_141632_reload_read' <Predicate = true> <Delay = 0.00>
ST_1 : Operation 250 [1/1] (0.00ns)   --->   "%mux_case_131630_reload_read = read i32 @_ssdm_op_Read.ap_auto.i32, i32 %mux_case_131630_reload"   --->   Operation 250 'read' 'mux_case_131630_reload_read' <Predicate = true> <Delay = 0.00>
ST_1 : Operation 251 [1/1] (0.00ns)   --->   "%mux_case_121628_reload_read = read i32 @_ssdm_op_Read.ap_auto.i32, i32 %mux_case_121628_reload"   --->   Operation 251 'read' 'mux_case_121628_reload_read' <Predicate = true> <Delay = 0.00>
ST_1 : Operation 252 [1/1] (0.00ns)   --->   "%mux_case_111626_reload_read = read i32 @_ssdm_op_Read.ap_auto.i32, i32 %mux_case_111626_reload"   --->   Operation 252 'read' 'mux_case_111626_reload_read' <Predicate = true> <Delay = 0.00>
ST_1 : Operation 253 [1/1] (0.00ns)   --->   "%mux_case_101624_reload_read = read i32 @_ssdm_op_Read.ap_auto.i32, i32 %mux_case_101624_reload"   --->   Operation 253 'read' 'mux_case_101624_reload_read' <Predicate = true> <Delay = 0.00>
ST_1 : Operation 254 [1/1] (0.00ns)   --->   "%mux_case_91622_reload_read = read i32 @_ssdm_op_Read.ap_auto.i32, i32 %mux_case_91622_reload"   --->   Operation 254 'read' 'mux_case_91622_reload_read' <Predicate = true> <Delay = 0.00>
ST_1 : Operation 255 [1/1] (0.00ns)   --->   "%mux_case_81620_reload_read = read i32 @_ssdm_op_Read.ap_auto.i32, i32 %mux_case_81620_reload"   --->   Operation 255 'read' 'mux_case_81620_reload_read' <Predicate = true> <Delay = 0.00>
ST_1 : Operation 256 [1/1] (0.00ns)   --->   "%mux_case_71618_reload_read = read i32 @_ssdm_op_Read.ap_auto.i32, i32 %mux_case_71618_reload"   --->   Operation 256 'read' 'mux_case_71618_reload_read' <Predicate = true> <Delay = 0.00>
ST_1 : Operation 257 [1/1] (0.00ns)   --->   "%mux_case_61616_reload_read = read i32 @_ssdm_op_Read.ap_auto.i32, i32 %mux_case_61616_reload"   --->   Operation 257 'read' 'mux_case_61616_reload_read' <Predicate = true> <Delay = 0.00>
ST_1 : Operation 258 [1/1] (0.00ns)   --->   "%mux_case_51614_reload_read = read i32 @_ssdm_op_Read.ap_auto.i32, i32 %mux_case_51614_reload"   --->   Operation 258 'read' 'mux_case_51614_reload_read' <Predicate = true> <Delay = 0.00>
ST_1 : Operation 259 [1/1] (0.00ns)   --->   "%mux_case_41612_reload_read = read i32 @_ssdm_op_Read.ap_auto.i32, i32 %mux_case_41612_reload"   --->   Operation 259 'read' 'mux_case_41612_reload_read' <Predicate = true> <Delay = 0.00>
ST_1 : Operation 260 [1/1] (0.00ns)   --->   "%mux_case_31610_reload_read = read i32 @_ssdm_op_Read.ap_auto.i32, i32 %mux_case_31610_reload"   --->   Operation 260 'read' 'mux_case_31610_reload_read' <Predicate = true> <Delay = 0.00>
ST_1 : Operation 261 [1/1] (0.00ns)   --->   "%mux_case_21608_reload_read = read i32 @_ssdm_op_Read.ap_auto.i32, i32 %mux_case_21608_reload"   --->   Operation 261 'read' 'mux_case_21608_reload_read' <Predicate = true> <Delay = 0.00>
ST_1 : Operation 262 [1/1] (0.00ns)   --->   "%mux_case_11606_reload_read = read i32 @_ssdm_op_Read.ap_auto.i32, i32 %mux_case_11606_reload"   --->   Operation 262 'read' 'mux_case_11606_reload_read' <Predicate = true> <Delay = 0.00>
ST_1 : Operation 263 [1/1] (0.00ns)   --->   "%mux_case_01604_reload_read = read i32 @_ssdm_op_Read.ap_auto.i32, i32 %mux_case_01604_reload"   --->   Operation 263 'read' 'mux_case_01604_reload_read' <Predicate = true> <Delay = 0.00>
ST_1 : Operation 264 [1/1] (1.58ns)   --->   "%store_ln0 = store i5 0, i5 %i"   --->   Operation 264 'store' 'store_ln0' <Predicate = true> <Delay = 1.58>
ST_1 : Operation 265 [1/1] (0.00ns)   --->   "%br_ln0 = br void %for.inc95"   --->   Operation 265 'br' 'br_ln0' <Predicate = true> <Delay = 0.00>
ST_1 : Operation 266 [1/1] (0.00ns)   --->   "%i_1 = load i5 %i" [Matrix_mul/mat_mul.cpp:61]   --->   Operation 266 'load' 'i_1' <Predicate = true> <Delay = 0.00>
ST_1 : Operation 267 [1/1] (1.78ns)   --->   "%icmp_ln59 = icmp_eq  i5 %i_1, i5 16" [Matrix_mul/mat_mul.cpp:59]   --->   Operation 267 'icmp' 'icmp_ln59' <Predicate = true> <Delay = 1.78> <CoreInst = "Cmp">   --->   Core 9 'Cmp' <Latency = 0> <II = 1> <Delay = 1.78> <FuncUnit> <Opcode : 'icmp'> <InPorts = 2> <OutPorts = 1>
ST_1 : Operation 268 [1/1] (1.78ns)   --->   "%add_ln59 = add i5 %i_1, i5 1" [Matrix_mul/mat_mul.cpp:59]   --->   Operation 268 'add' 'add_ln59' <Predicate = true> <Delay = 1.78> <CoreInst = "Adder">   --->   Core 1 'Adder' <Latency = 0> <II = 1> <Delay = 1.78> <FuncUnit> <Opcode : 'add' 'sub'> <InPorts = 2> <OutPorts = 1>
ST_1 : Operation 269 [1/1] (0.00ns)   --->   "%br_ln59 = br i1 %icmp_ln59, void %for.inc95.split, void %for.end104.exitStub" [Matrix_mul/mat_mul.cpp:59]   --->   Operation 269 'br' 'br_ln59' <Predicate = true> <Delay = 0.00>
ST_1 : Operation 270 [1/1] (0.00ns)   --->   "%trunc_ln61 = trunc i5 %i_1" [Matrix_mul/mat_mul.cpp:61]   --->   Operation 270 'trunc' 'trunc_ln61' <Predicate = (!icmp_ln59)> <Delay = 0.00>
ST_1 : Operation 271 [1/1] (2.06ns)   --->   "%tmp_s = mux i32 @_ssdm_op_Mux.ap_auto.16i32.i4, i32 %mux_case_01604_reload_read, i32 %mux_case_11606_reload_read, i32 %mux_case_21608_reload_read, i32 %mux_case_31610_reload_read, i32 %mux_case_41612_reload_read, i32 %mux_case_51614_reload_read, i32 %mux_case_61616_reload_read, i32 %mux_case_71618_reload_read, i32 %mux_case_81620_reload_read, i32 %mux_case_91622_reload_read, i32 %mux_case_101624_reload_read, i32 %mux_case_111626_reload_read, i32 %mux_case_121628_reload_read, i32 %mux_case_131630_reload_read, i32 %mux_case_141632_reload_read, i32 %mux_case_151634_reload_read, i4 %trunc_ln61" [Matrix_mul/mat_mul.cpp:64]   --->   Operation 271 'mux' 'tmp_s' <Predicate = (!icmp_ln59)> <Delay = 2.06> <CoreInst = "Multiplexer">   --->   Core 76 'Multiplexer' <Latency = 0> <II = 1> <Delay = 2.06> <FuncUnit> <Opcode : 'mux'> <InPorts = 2> <OutPorts = 1>
ST_1 : Operation 272 [1/1] (2.06ns)   --->   "%tmp_1 = mux i32 @_ssdm_op_Mux.ap_auto.16i32.i4, i32 %mux_case_01791636_reload_read, i32 %mux_case_11801638_reload_read, i32 %mux_case_21811640_reload_read, i32 %mux_case_31821642_reload_read, i32 %mux_case_41831644_reload_read, i32 %mux_case_51841646_reload_read, i32 %mux_case_61851648_reload_read, i32 %mux_case_71861650_reload_read, i32 %mux_case_81871652_reload_read, i32 %mux_case_91881654_reload_read, i32 %mux_case_101891656_reload_read, i32 %mux_case_111901658_reload_read, i32 %mux_case_121911660_reload_read, i32 %mux_case_131921662_reload_read, i32 %mux_case_141931664_reload_read, i32 %mux_case_151941666_reload_read, i4 %trunc_ln61" [Matrix_mul/mat_mul.cpp:64]   --->   Operation 272 'mux' 'tmp_1' <Predicate = (!icmp_ln59)> <Delay = 2.06> <CoreInst = "Multiplexer">   --->   Core 76 'Multiplexer' <Latency = 0> <II = 1> <Delay = 2.06> <FuncUnit> <Opcode : 'mux'> <InPorts = 2> <OutPorts = 1>
ST_1 : Operation 273 [1/1] (2.06ns)   --->   "%tmp_2 = mux i32 @_ssdm_op_Mux.ap_auto.16i32.i4, i32 %mux_case_01951668_reload_read, i32 %mux_case_11961670_reload_read, i32 %mux_case_21971672_reload_read, i32 %mux_case_31981674_reload_read, i32 %mux_case_41991676_reload_read, i32 %mux_case_52001678_reload_read, i32 %mux_case_62011680_reload_read, i32 %mux_case_72021682_reload_read, i32 %mux_case_82031684_reload_read, i32 %mux_case_92041686_reload_read, i32 %mux_case_102051688_reload_read, i32 %mux_case_112061690_reload_read, i32 %mux_case_122071692_reload_read, i32 %mux_case_132081694_reload_read, i32 %mux_case_142091696_reload_read, i32 %mux_case_152101698_reload_read, i4 %trunc_ln61" [Matrix_mul/mat_mul.cpp:64]   --->   Operation 273 'mux' 'tmp_2' <Predicate = (!icmp_ln59)> <Delay = 2.06> <CoreInst = "Multiplexer">   --->   Core 76 'Multiplexer' <Latency = 0> <II = 1> <Delay = 2.06> <FuncUnit> <Opcode : 'mux'> <InPorts = 2> <OutPorts = 1>
ST_1 : Operation 274 [1/1] (2.06ns)   --->   "%tmp_3 = mux i32 @_ssdm_op_Mux.ap_auto.16i32.i4, i32 %mux_case_02111700_reload_read, i32 %mux_case_12121702_reload_read, i32 %mux_case_22131704_reload_read, i32 %mux_case_32141706_reload_read, i32 %mux_case_42151708_reload_read, i32 %mux_case_52161710_reload_read, i32 %mux_case_62171712_reload_read, i32 %mux_case_72181714_reload_read, i32 %mux_case_82191716_reload_read, i32 %mux_case_92201718_reload_read, i32 %mux_case_102211720_reload_read, i32 %mux_case_112221722_reload_read, i32 %mux_case_122231724_reload_read, i32 %mux_case_132241726_reload_read, i32 %mux_case_142251728_reload_read, i32 %mux_case_152261730_reload_read, i4 %trunc_ln61" [Matrix_mul/mat_mul.cpp:64]   --->   Operation 274 'mux' 'tmp_3' <Predicate = (!icmp_ln59)> <Delay = 2.06> <CoreInst = "Multiplexer">   --->   Core 76 'Multiplexer' <Latency = 0> <II = 1> <Delay = 2.06> <FuncUnit> <Opcode : 'mux'> <InPorts = 2> <OutPorts = 1>
ST_1 : Operation 275 [1/1] (2.06ns)   --->   "%tmp_4 = mux i32 @_ssdm_op_Mux.ap_auto.16i32.i4, i32 %mux_case_02271732_reload_read, i32 %mux_case_12281734_reload_read, i32 %mux_case_22291736_reload_read, i32 %mux_case_32301738_reload_read, i32 %mux_case_42311740_reload_read, i32 %mux_case_52321742_reload_read, i32 %mux_case_62331744_reload_read, i32 %mux_case_72341746_reload_read, i32 %mux_case_82351748_reload_read, i32 %mux_case_92361750_reload_read, i32 %mux_case_102371752_reload_read, i32 %mux_case_112381754_reload_read, i32 %mux_case_122391756_reload_read, i32 %mux_case_132401758_reload_read, i32 %mux_case_142411760_reload_read, i32 %mux_case_152421762_reload_read, i4 %trunc_ln61" [Matrix_mul/mat_mul.cpp:64]   --->   Operation 275 'mux' 'tmp_4' <Predicate = (!icmp_ln59)> <Delay = 2.06> <CoreInst = "Multiplexer">   --->   Core 76 'Multiplexer' <Latency = 0> <II = 1> <Delay = 2.06> <FuncUnit> <Opcode : 'mux'> <InPorts = 2> <OutPorts = 1>
ST_1 : Operation 276 [1/1] (2.06ns)   --->   "%tmp_5 = mux i32 @_ssdm_op_Mux.ap_auto.16i32.i4, i32 %mux_case_02431764_reload_read, i32 %mux_case_12441766_reload_read, i32 %mux_case_22451768_reload_read, i32 %mux_case_32461770_reload_read, i32 %mux_case_42471772_reload_read, i32 %mux_case_52481774_reload_read, i32 %mux_case_62491776_reload_read, i32 %mux_case_72501778_reload_read, i32 %mux_case_82511780_reload_read, i32 %mux_case_92521782_reload_read, i32 %mux_case_102531784_reload_read, i32 %mux_case_112541786_reload_read, i32 %mux_case_122551788_reload_read, i32 %mux_case_132561790_reload_read, i32 %mux_case_142571792_reload_read, i32 %mux_case_152581794_reload_read, i4 %trunc_ln61" [Matrix_mul/mat_mul.cpp:64]   --->   Operation 276 'mux' 'tmp_5' <Predicate = (!icmp_ln59)> <Delay = 2.06> <CoreInst = "Multiplexer">   --->   Core 76 'Multiplexer' <Latency = 0> <II = 1> <Delay = 2.06> <FuncUnit> <Opcode : 'mux'> <InPorts = 2> <OutPorts = 1>
ST_1 : Operation 277 [1/1] (2.06ns)   --->   "%tmp_6 = mux i32 @_ssdm_op_Mux.ap_auto.16i32.i4, i32 %mux_case_02591796_reload_read, i32 %mux_case_12601798_reload_read, i32 %mux_case_22611800_reload_read, i32 %mux_case_32621802_reload_read, i32 %mux_case_42631804_reload_read, i32 %mux_case_52641806_reload_read, i32 %mux_case_62651808_reload_read, i32 %mux_case_72661810_reload_read, i32 %mux_case_82671812_reload_read, i32 %mux_case_92681814_reload_read, i32 %mux_case_102691816_reload_read, i32 %mux_case_112701818_reload_read, i32 %mux_case_122711820_reload_read, i32 %mux_case_132721822_reload_read, i32 %mux_case_142731824_reload_read, i32 %mux_case_152741826_reload_read, i4 %trunc_ln61" [Matrix_mul/mat_mul.cpp:64]   --->   Operation 277 'mux' 'tmp_6' <Predicate = (!icmp_ln59)> <Delay = 2.06> <CoreInst = "Multiplexer">   --->   Core 76 'Multiplexer' <Latency = 0> <II = 1> <Delay = 2.06> <FuncUnit> <Opcode : 'mux'> <InPorts = 2> <OutPorts = 1>
ST_1 : Operation 278 [1/1] (2.06ns)   --->   "%tmp_7 = mux i32 @_ssdm_op_Mux.ap_auto.16i32.i4, i32 %mux_case_02751828_reload_read, i32 %mux_case_12761830_reload_read, i32 %mux_case_22771832_reload_read, i32 %mux_case_32781834_reload_read, i32 %mux_case_42791836_reload_read, i32 %mux_case_52801838_reload_read, i32 %mux_case_62811840_reload_read, i32 %mux_case_72821842_reload_read, i32 %mux_case_82831844_reload_read, i32 %mux_case_92841846_reload_read, i32 %mux_case_102851848_reload_read, i32 %mux_case_112861850_reload_read, i32 %mux_case_122871852_reload_read, i32 %mux_case_132881854_reload_read, i32 %mux_case_142891856_reload_read, i32 %mux_case_152901858_reload_read, i4 %trunc_ln61" [Matrix_mul/mat_mul.cpp:64]   --->   Operation 278 'mux' 'tmp_7' <Predicate = (!icmp_ln59)> <Delay = 2.06> <CoreInst = "Multiplexer">   --->   Core 76 'Multiplexer' <Latency = 0> <II = 1> <Delay = 2.06> <FuncUnit> <Opcode : 'mux'> <InPorts = 2> <OutPorts = 1>
ST_1 : Operation 279 [1/1] (2.06ns)   --->   "%tmp_8 = mux i32 @_ssdm_op_Mux.ap_auto.16i32.i4, i32 %mux_case_02911860_reload_read, i32 %mux_case_12921862_reload_read, i32 %mux_case_22931864_reload_read, i32 %mux_case_32941866_reload_read, i32 %mux_case_42951868_reload_read, i32 %mux_case_52961870_reload_read, i32 %mux_case_62971872_reload_read, i32 %mux_case_72981874_reload_read, i32 %mux_case_82991876_reload_read, i32 %mux_case_93001878_reload_read, i32 %mux_case_103011880_reload_read, i32 %mux_case_113021882_reload_read, i32 %mux_case_123031884_reload_read, i32 %mux_case_133041886_reload_read, i32 %mux_case_143051888_reload_read, i32 %mux_case_153061890_reload_read, i4 %trunc_ln61" [Matrix_mul/mat_mul.cpp:64]   --->   Operation 279 'mux' 'tmp_8' <Predicate = (!icmp_ln59)> <Delay = 2.06> <CoreInst = "Multiplexer">   --->   Core 76 'Multiplexer' <Latency = 0> <II = 1> <Delay = 2.06> <FuncUnit> <Opcode : 'mux'> <InPorts = 2> <OutPorts = 1>
ST_1 : Operation 280 [1/1] (2.06ns)   --->   "%tmp_9 = mux i32 @_ssdm_op_Mux.ap_auto.16i32.i4, i32 %mux_case_03071892_reload_read, i32 %mux_case_13081894_reload_read, i32 %mux_case_23091896_reload_read, i32 %mux_case_33101898_reload_read, i32 %mux_case_43111900_reload_read, i32 %mux_case_53121902_reload_read, i32 %mux_case_63131904_reload_read, i32 %mux_case_73141906_reload_read, i32 %mux_case_83151908_reload_read, i32 %mux_case_93161910_reload_read, i32 %mux_case_103171912_reload_read, i32 %mux_case_113181914_reload_read, i32 %mux_case_123191916_reload_read, i32 %mux_case_133201918_reload_read, i32 %mux_case_143211920_reload_read, i32 %mux_case_153221922_reload_read, i4 %trunc_ln61" [Matrix_mul/mat_mul.cpp:64]   --->   Operation 280 'mux' 'tmp_9' <Predicate = (!icmp_ln59)> <Delay = 2.06> <CoreInst = "Multiplexer">   --->   Core 76 'Multiplexer' <Latency = 0> <II = 1> <Delay = 2.06> <FuncUnit> <Opcode : 'mux'> <InPorts = 2> <OutPorts = 1>
ST_1 : Operation 281 [1/1] (2.06ns)   --->   "%tmp_10 = mux i32 @_ssdm_op_Mux.ap_auto.16i32.i4, i32 %mux_case_03231924_reload_read, i32 %mux_case_13241926_reload_read, i32 %mux_case_23251928_reload_read, i32 %mux_case_33261930_reload_read, i32 %mux_case_43271932_reload_read, i32 %mux_case_53281934_reload_read, i32 %mux_case_63291936_reload_read, i32 %mux_case_73301938_reload_read, i32 %mux_case_83311940_reload_read, i32 %mux_case_93321942_reload_read, i32 %mux_case_103331944_reload_read, i32 %mux_case_113341946_reload_read, i32 %mux_case_123351948_reload_read, i32 %mux_case_133361950_reload_read, i32 %mux_case_143371952_reload_read, i32 %mux_case_153381954_reload_read, i4 %trunc_ln61" [Matrix_mul/mat_mul.cpp:64]   --->   Operation 281 'mux' 'tmp_10' <Predicate = (!icmp_ln59)> <Delay = 2.06> <CoreInst = "Multiplexer">   --->   Core 76 'Multiplexer' <Latency = 0> <II = 1> <Delay = 2.06> <FuncUnit> <Opcode : 'mux'> <InPorts = 2> <OutPorts = 1>
ST_1 : Operation 282 [1/1] (2.06ns)   --->   "%tmp_11 = mux i32 @_ssdm_op_Mux.ap_auto.16i32.i4, i32 %mux_case_03391956_reload_read, i32 %mux_case_13401958_reload_read, i32 %mux_case_23411960_reload_read, i32 %mux_case_33421962_reload_read, i32 %mux_case_43431964_reload_read, i32 %mux_case_53441966_reload_read, i32 %mux_case_63451968_reload_read, i32 %mux_case_73461970_reload_read, i32 %mux_case_83471972_reload_read, i32 %mux_case_93481974_reload_read, i32 %mux_case_103491976_reload_read, i32 %mux_case_113501978_reload_read, i32 %mux_case_123511980_reload_read, i32 %mux_case_133521982_reload_read, i32 %mux_case_143531984_reload_read, i32 %mux_case_153541986_reload_read, i4 %trunc_ln61" [Matrix_mul/mat_mul.cpp:64]   --->   Operation 282 'mux' 'tmp_11' <Predicate = (!icmp_ln59)> <Delay = 2.06> <CoreInst = "Multiplexer">   --->   Core 76 'Multiplexer' <Latency = 0> <II = 1> <Delay = 2.06> <FuncUnit> <Opcode : 'mux'> <InPorts = 2> <OutPorts = 1>
ST_1 : Operation 283 [1/1] (2.06ns)   --->   "%tmp_12 = mux i32 @_ssdm_op_Mux.ap_auto.16i32.i4, i32 %mux_case_03551988_reload_read, i32 %mux_case_13561990_reload_read, i32 %mux_case_23571992_reload_read, i32 %mux_case_33581994_reload_read, i32 %mux_case_43591996_reload_read, i32 %mux_case_53601998_reload_read, i32 %mux_case_63612000_reload_read, i32 %mux_case_73622002_reload_read, i32 %mux_case_83632004_reload_read, i32 %mux_case_93642006_reload_read, i32 %mux_case_103652008_reload_read, i32 %mux_case_113662010_reload_read, i32 %mux_case_123672012_reload_read, i32 %mux_case_133682014_reload_read, i32 %mux_case_143692016_reload_read, i32 %mux_case_153702018_reload_read, i4 %trunc_ln61" [Matrix_mul/mat_mul.cpp:64]   --->   Operation 283 'mux' 'tmp_12' <Predicate = (!icmp_ln59)> <Delay = 2.06> <CoreInst = "Multiplexer">   --->   Core 76 'Multiplexer' <Latency = 0> <II = 1> <Delay = 2.06> <FuncUnit> <Opcode : 'mux'> <InPorts = 2> <OutPorts = 1>
ST_1 : Operation 284 [1/1] (2.06ns)   --->   "%tmp_13 = mux i32 @_ssdm_op_Mux.ap_auto.16i32.i4, i32 %mux_case_03712020_reload_read, i32 %mux_case_13722022_reload_read, i32 %mux_case_23732024_reload_read, i32 %mux_case_33742026_reload_read, i32 %mux_case_43752028_reload_read, i32 %AB_93_load_reload_read, i32 %AB_109_load_reload_read, i32 %AB_125_load_reload_read, i32 %AB_141_load_reload_read, i32 %AB_157_load_reload_read, i32 %AB_173_load_reload_read, i32 %AB_189_load_reload_read, i32 %AB_205_load_reload_read, i32 %AB_221_load_reload_read, i32 %AB_237_load_reload_read, i32 %AB_253_load_reload_read, i4 %trunc_ln61" [Matrix_mul/mat_mul.cpp:64]   --->   Operation 284 'mux' 'tmp_13' <Predicate = (!icmp_ln59)> <Delay = 2.06> <CoreInst = "Multiplexer">   --->   Core 76 'Multiplexer' <Latency = 0> <II = 1> <Delay = 2.06> <FuncUnit> <Opcode : 'mux'> <InPorts = 2> <OutPorts = 1>
ST_1 : Operation 285 [1/1] (2.06ns)   --->   "%tmp_14 = mux i32 @_ssdm_op_Mux.ap_auto.16i32.i4, i32 %AB_14_load_reload_read, i32 %AB_30_load_reload_read, i32 %AB_46_load_reload_read, i32 %AB_62_load_reload_read, i32 %AB_78_load_reload_read, i32 %AB_94_load_reload_read, i32 %AB_110_load_reload_read, i32 %AB_126_load_reload_read, i32 %AB_142_load_reload_read, i32 %AB_158_load_reload_read, i32 %AB_174_load_reload_read, i32 %AB_190_load_reload_read, i32 %AB_206_load_reload_read, i32 %AB_222_load_reload_read, i32 %AB_238_load_reload_read, i32 %AB_254_load_reload_read, i4 %trunc_ln61" [Matrix_mul/mat_mul.cpp:64]   --->   Operation 285 'mux' 'tmp_14' <Predicate = (!icmp_ln59)> <Delay = 2.06> <CoreInst = "Multiplexer">   --->   Core 76 'Multiplexer' <Latency = 0> <II = 1> <Delay = 2.06> <FuncUnit> <Opcode : 'mux'> <InPorts = 2> <OutPorts = 1>
ST_1 : Operation 286 [1/1] (2.06ns)   --->   "%tmp_15 = mux i32 @_ssdm_op_Mux.ap_auto.16i32.i4, i32 %AB_15_load_reload_read, i32 %AB_31_load_reload_read, i32 %AB_47_load_reload_read, i32 %AB_63_load_reload_read, i32 %AB_79_load_reload_read, i32 %AB_95_load_reload_read, i32 %AB_111_load_reload_read, i32 %AB_127_load_reload_read, i32 %AB_143_load_reload_read, i32 %AB_159_load_reload_read, i32 %AB_175_load_reload_read, i32 %AB_191_load_reload_read, i32 %AB_207_load_reload_read, i32 %AB_223_load_reload_read, i32 %AB_239_load_reload_read, i32 %AB_255_load_reload_read, i4 %trunc_ln61" [Matrix_mul/mat_mul.cpp:64]   --->   Operation 286 'mux' 'tmp_15' <Predicate = (!icmp_ln59)> <Delay = 2.06> <CoreInst = "Multiplexer">   --->   Core 76 'Multiplexer' <Latency = 0> <II = 1> <Delay = 2.06> <FuncUnit> <Opcode : 'mux'> <InPorts = 2> <OutPorts = 1>
ST_1 : Operation 287 [1/1] (1.78ns)   --->   "%out_pkt_last = icmp_eq  i5 %i_1, i5 15" [Matrix_mul/mat_mul.cpp:69]   --->   Operation 287 'icmp' 'out_pkt_last' <Predicate = (!icmp_ln59)> <Delay = 1.78> <CoreInst = "Cmp">   --->   Core 9 'Cmp' <Latency = 0> <II = 1> <Delay = 1.78> <FuncUnit> <Opcode : 'icmp'> <InPorts = 2> <OutPorts = 1>
ST_1 : Operation 288 [1/1] (1.58ns)   --->   "%store_ln59 = store i5 %add_ln59, i5 %i" [Matrix_mul/mat_mul.cpp:59]   --->   Operation 288 'store' 'store_ln59' <Predicate = (!icmp_ln59)> <Delay = 1.58>
ST_1 : Operation 295 [1/1] (0.00ns)   --->   "%ret_ln0 = ret"   --->   Operation 295 'ret' 'ret_ln0' <Predicate = (icmp_ln59)> <Delay = 0.00>

State 2 <SV = 1> <Delay = 0.00>
ST_2 : Operation 289 [1/1] (0.00ns)   --->   "%specpipeline_ln60 = specpipeline void @_ssdm_op_SpecPipeline, i32 1, i32 0, i32 0, i32 0, void @empty_1" [Matrix_mul/mat_mul.cpp:60]   --->   Operation 289 'specpipeline' 'specpipeline_ln60' <Predicate = true> <Delay = 0.00>
ST_2 : Operation 290 [1/1] (0.00ns)   --->   "%speclooptripcount_ln61 = speclooptripcount void @_ssdm_op_SpecLoopTripCount, i64 16, i64 16, i64 16" [Matrix_mul/mat_mul.cpp:61]   --->   Operation 290 'speclooptripcount' 'speclooptripcount_ln61' <Predicate = true> <Delay = 0.00>
ST_2 : Operation 291 [1/1] (0.00ns)   --->   "%specloopname_ln59 = specloopname void @_ssdm_op_SpecLoopName, void @empty_6" [Matrix_mul/mat_mul.cpp:59]   --->   Operation 291 'specloopname' 'specloopname_ln59' <Predicate = true> <Delay = 0.00>
ST_2 : Operation 292 [1/1] (0.00ns)   --->   "%result = bitconcatenate i512 @_ssdm_op_BitConcatenate.i512.i32.i32.i32.i32.i32.i32.i32.i32.i32.i32.i32.i32.i32.i32.i32.i32, i32 %tmp_15, i32 %tmp_14, i32 %tmp_13, i32 %tmp_12, i32 %tmp_11, i32 %tmp_10, i32 %tmp_9, i32 %tmp_8, i32 %tmp_7, i32 %tmp_6, i32 %tmp_5, i32 %tmp_4, i32 %tmp_3, i32 %tmp_2, i32 %tmp_1, i32 %tmp_s" [Matrix_mul/mat_mul.cpp:64]   --->   Operation 292 'bitconcatenate' 'result' <Predicate = true> <Delay = 0.00>
ST_2 : Operation 293 [1/1] (0.00ns)   --->   "%write_ln70 = write void @_ssdm_op_Write.axis.volatile.i512P0A.i64P0A.i64P0A.i1P0A, i512 %m_axis_V_data_V, i64 %m_axis_V_keep_V, i64 %m_axis_V_strb_V, i1 %m_axis_V_last_V, i512 %result, i64 18446744073709551615, i64 0, i1 %out_pkt_last" [Matrix_mul/mat_mul.cpp:70]   --->   Operation 293 'write' 'write_ln70' <Predicate = true> <Delay = 0.00> <CoreInst = "axis">   --->   Core 115 'axis' <Latency = 0> <II = 1> <Delay = 1.00> <Adapter> <Opcode : >
ST_2 : Operation 294 [1/1] (0.00ns)   --->   "%br_ln59 = br void %for.inc95" [Matrix_mul/mat_mul.cpp:59]   --->   Operation 294 'br' 'br_ln59' <Predicate = true> <Delay = 0.00>


============================================================
+ Verbose Summary: Timing violations
============================================================
Target clock period: 10.000ns, clock uncertainty: 2.700ns.

 <State 1>: 3.368ns
The critical path consists of the following:
	'alloca' operation ('i') [261]  (0.000 ns)
	'load' operation ('i', Matrix_mul/mat_mul.cpp:61) on local variable 'i' [523]  (0.000 ns)
	'add' operation ('add_ln59', Matrix_mul/mat_mul.cpp:59) [525]  (1.780 ns)
	'store' operation ('store_ln59', Matrix_mul/mat_mul.cpp:59) of variable 'add_ln59', Matrix_mul/mat_mul.cpp:59 on local variable 'i' [551]  (1.588 ns)

 <State 2>: 0.000ns
The critical path consists of the following:


============================================================
+ Verbose Summary: Binding
============================================================
N/A
* FSMD analyzer results:
  - Output states:
 - Input state : 
  - Chain level:
	State 1
	State 2


============================================================
+ Verbose Summary: Datapath Resource usage 
============================================================
N/A
