

================================================================
== Vitis HLS Report for 'insertion_sort_axis_Pipeline_VITIS_LOOP_43_3'
================================================================
* Date:           Thu Mar 19 00:55:55 2026

* Version:        2023.1 (Build 3854077 on May  4 2023)
* Project:        Insert_sort
* Solution:       solution1 (Vivado IP Flow Target)
* Product family: zynq
* Target device:  xc7z020-clg484-1


================================================================
== Performance Estimates
================================================================
+ Timing: 
    * Summary: 
    +--------+----------+----------+------------+
    |  Clock |  Target  | Estimated| Uncertainty|
    +--------+----------+----------+------------+
    |ap_clk  |  10.00 ns|  6.701 ns|     2.70 ns|
    +--------+----------+----------+------------+

+ Latency: 
    * Summary: 
    +---------+---------+----------+----------+-----+-----+---------+
    |  Latency (cycles) |  Latency (absolute) |  Interval | Pipeline|
    |   min   |   max   |    min   |    max   | min | max |   Type  |
    +---------+---------+----------+----------+-----+-----+---------+
    |        ?|        ?|         ?|         ?|    ?|    ?|       no|
    +---------+---------+----------+----------+-----+-----+---------+

    + Detail: 
        * Instance: 
        N/A

        * Loop: 
        +-------------------+---------+---------+----------+-----------+-----------+------+----------+
        |                   |  Latency (cycles) | Iteration|  Initiation Interval  | Trip |          |
        |     Loop Name     |   min   |   max   |  Latency |  achieved |   target  | Count| Pipelined|
        +-------------------+---------+---------+----------+-----------+-----------+------+----------+
        |- VITIS_LOOP_43_3  |        ?|        ?|         3|          3|          1|     ?|       yes|
        +-------------------+---------+---------+----------+-----------+-----------+------+----------+



================================================================
== Utilization Estimates
================================================================
* Summary: 
+-----------------+---------+-----+--------+-------+-----+
|       Name      | BRAM_18K| DSP |   FF   |  LUT  | URAM|
+-----------------+---------+-----+--------+-------+-----+
|DSP              |        -|    -|       -|      -|    -|
|Expression       |        -|    -|       0|     68|    -|
|FIFO             |        -|    -|       -|      -|    -|
|Instance         |        -|    -|       0|     20|    -|
|Memory           |        -|    -|       -|      -|    -|
|Multiplexer      |        -|    -|       -|    102|    -|
|Register         |        -|    -|      65|      -|    -|
+-----------------+---------+-----+--------+-------+-----+
|Total            |        0|    0|      65|    190|    0|
+-----------------+---------+-----+--------+-------+-----+
|Available        |      280|  220|  106400|  53200|    0|
+-----------------+---------+-----+--------+-------+-----+
|Utilization (%)  |        0|    0|      ~0|     ~0|    0|
+-----------------+---------+-----+--------+-------+-----+

+ Detail: 
    * Instance: 
    +--------------------+----------------+---------+----+---+----+-----+
    |      Instance      |     Module     | BRAM_18K| DSP| FF| LUT| URAM|
    +--------------------+----------------+---------+----+---+----+-----+
    |mux_4_2_32_1_1_U11  |mux_4_2_32_1_1  |        0|   0|  0|  20|    0|
    +--------------------+----------------+---------+----+---+----+-----+
    |Total               |                |        0|   0|  0|  20|    0|
    +--------------------+----------------+---------+----+---+----+-----+

    * DSP: 
    N/A

    * Memory: 
    N/A

    * FIFO: 
    N/A

    * Expression: 
    +---------------------+----------+----+---+----+------------+------------+
    |    Variable Name    | Operation| DSP| FF| LUT| Bitwidth P0| Bitwidth P1|
    +---------------------+----------+----+---+----+------------+------------+
    |add_ln44_fu_231_p2   |         +|   0|  0|  14|           7|           1|
    |add_ln45_fu_254_p2   |         +|   0|  0|  15|           8|           2|
    |icmp_ln43_fu_226_p2  |      icmp|   0|  0|  39|          32|          32|
    +---------------------+----------+----+---+----+------------+------------+
    |Total                |          |   0|  0|  68|          47|          35|
    +---------------------+----------+----+---+----+------------+------------+

    * Multiplexer: 
    +----------------+----+-----------+-----+-----------+
    |      Name      | LUT| Input Size| Bits| Total Bits|
    +----------------+----+-----------+-----+-----------+
    |ap_NS_fsm       |  37|          7|    1|          7|
    |arr_1_address0  |  14|          3|    5|         15|
    |arr_2_address0  |  14|          3|    5|         15|
    |arr_3_address0  |  14|          3|    5|         15|
    |arr_address0    |  14|          3|    5|         15|
    |j_fu_60         |   9|          2|    8|         16|
    +----------------+----+-----------+-----+-----------+
    |Total           | 102|         21|   29|         83|
    +----------------+----+-----------+-----+-----------+

    * Register: 
    +-------------------+----+----+-----+-----------+
    |        Name       | FF | LUT| Bits| Const Bits|
    +-------------------+----+----+-----+-----------+
    |ap_CS_fsm          |   6|   0|    6|          0|
    |empty_19_reg_312   |   2|   0|    2|          0|
    |empty_reg_282      |   7|   0|    7|          0|
    |icmp_ln43_reg_324  |   1|   0|    1|          0|
    |j_1_reg_276        |   8|   0|    8|          0|
    |j_fu_60            |   8|   0|    8|          0|
    |tmp_1_reg_288      |   1|   0|    1|          0|
    |tmp_reg_316        |  32|   0|   32|          0|
    +-------------------+----+----+-----+-----------+
    |Total              |  65|   0|   65|          0|
    +-------------------+----+----+-----+-----------+



================================================================
== Interface
================================================================
* Summary: 
+----------------+-----+-----+------------+----------------------------------------------+--------------+
|    RTL Ports   | Dir | Bits|  Protocol  |                 Source Object                |    C Type    |
+----------------+-----+-----+------------+----------------------------------------------+--------------+
|ap_clk          |   in|    1|  ap_ctrl_hs|  insertion_sort_axis_Pipeline_VITIS_LOOP_43_3|  return value|
|ap_rst          |   in|    1|  ap_ctrl_hs|  insertion_sort_axis_Pipeline_VITIS_LOOP_43_3|  return value|
|ap_start        |   in|    1|  ap_ctrl_hs|  insertion_sort_axis_Pipeline_VITIS_LOOP_43_3|  return value|
|ap_done         |  out|    1|  ap_ctrl_hs|  insertion_sort_axis_Pipeline_VITIS_LOOP_43_3|  return value|
|ap_idle         |  out|    1|  ap_ctrl_hs|  insertion_sort_axis_Pipeline_VITIS_LOOP_43_3|  return value|
|ap_ready        |  out|    1|  ap_ctrl_hs|  insertion_sort_axis_Pipeline_VITIS_LOOP_43_3|  return value|
|zext_ln39       |   in|    7|     ap_none|                                     zext_ln39|        scalar|
|arr_address0    |  out|    5|   ap_memory|                                           arr|         array|
|arr_ce0         |  out|    1|   ap_memory|                                           arr|         array|
|arr_we0         |  out|    1|   ap_memory|                                           arr|         array|
|arr_d0          |  out|   32|   ap_memory|                                           arr|         array|
|arr_q0          |   in|   32|   ap_memory|                                           arr|         array|
|arr_1_address0  |  out|    5|   ap_memory|                                         arr_1|         array|
|arr_1_ce0       |  out|    1|   ap_memory|                                         arr_1|         array|
|arr_1_we0       |  out|    1|   ap_memory|                                         arr_1|         array|
|arr_1_d0        |  out|   32|   ap_memory|                                         arr_1|         array|
|arr_1_q0        |   in|   32|   ap_memory|                                         arr_1|         array|
|arr_2_address0  |  out|    5|   ap_memory|                                         arr_2|         array|
|arr_2_ce0       |  out|    1|   ap_memory|                                         arr_2|         array|
|arr_2_we0       |  out|    1|   ap_memory|                                         arr_2|         array|
|arr_2_d0        |  out|   32|   ap_memory|                                         arr_2|         array|
|arr_2_q0        |   in|   32|   ap_memory|                                         arr_2|         array|
|arr_3_address0  |  out|    5|   ap_memory|                                         arr_3|         array|
|arr_3_ce0       |  out|    1|   ap_memory|                                         arr_3|         array|
|arr_3_we0       |  out|    1|   ap_memory|                                         arr_3|         array|
|arr_3_d0        |  out|   32|   ap_memory|                                         arr_3|         array|
|arr_3_q0        |   in|   32|   ap_memory|                                         arr_3|         array|
|key             |   in|   32|     ap_none|                                           key|        scalar|
|j_out           |  out|    7|      ap_vld|                                         j_out|       pointer|
|j_out_ap_vld    |  out|    1|      ap_vld|                                         j_out|       pointer|
+----------------+-----+-----+------------+----------------------------------------------+--------------+

